ERROR - 2022-01-03 09:00:58 --> Table 'dgmtools_hexeditor.share' doesn't exist
ERROR - 2022-01-03 09:00:58 --> Table 'dgmtools_hexeditor.share' doesn't exist
CRITICAL - 2022-01-03 09:00:58 --> Call to a member function getResult() on bool
#0 /home2/dgmtools/codeigniter/system/BaseModel.php(584): CodeIgniter\Model->doFindAll(10, 0)
#1 /home2/dgmtools/codeigniter/system/BaseModel.php(1088): CodeIgniter\BaseModel->findAll(10, 0)
#2 /home2/dgmtools/codeigniter/app/Models/ShareModel.php(44): CodeIgniter\BaseModel->paginate(10)
#3 /home2/dgmtools/codeigniter/app/Controllers/Library.php(25): App\Models\ShareModel->getPaged(10)
#4 /home2/dgmtools/codeigniter/system/CodeIgniter.php(824): App\Controllers\Library->index()
#5 /home2/dgmtools/codeigniter/system/CodeIgniter.php(410): CodeIgniter\CodeIgniter->runController(Object(App\Controllers\Library))
#6 /home2/dgmtools/codeigniter/system/CodeIgniter.php(318): CodeIgniter\CodeIgniter->handleRequest(NULL, Object(Config\Cache), false)
#7 /home2/dgmtools/public_html/flasheeprom.com/index.php(37): CodeIgniter\CodeIgniter->run()
#8 {main}
ERROR - 2022-01-03 09:03:11 --> Table 'dgmtools_hexeditor.share' doesn't exist
ERROR - 2022-01-03 09:03:11 --> Table 'dgmtools_hexeditor.share' doesn't exist
CRITICAL - 2022-01-03 09:03:11 --> Call to a member function getResult() on bool
#0 /home2/dgmtools/codeigniter/system/BaseModel.php(584): CodeIgniter\Model->doFindAll(10, 0)
#1 /home2/dgmtools/codeigniter/system/BaseModel.php(1088): CodeIgniter\BaseModel->findAll(10, 0)
#2 /home2/dgmtools/codeigniter/app/Models/ShareModel.php(44): CodeIgniter\BaseModel->paginate(10)
#3 /home2/dgmtools/codeigniter/app/Controllers/Library.php(25): App\Models\ShareModel->getPaged(10)
#4 /home2/dgmtools/codeigniter/system/CodeIgniter.php(824): App\Controllers\Library->index()
#5 /home2/dgmtools/codeigniter/system/CodeIgniter.php(410): CodeIgniter\CodeIgniter->runController(Object(App\Controllers\Library))
#6 /home2/dgmtools/codeigniter/system/CodeIgniter.php(318): CodeIgniter\CodeIgniter->handleRequest(NULL, Object(Config\Cache), false)
#7 /home2/dgmtools/public_html/flasheeprom.com/index.php(37): CodeIgniter\CodeIgniter->run()
#8 {main}
ERROR - 2022-01-03 09:03:40 --> Table 'dgmtools_hexeditor.share' doesn't exist
ERROR - 2022-01-03 09:03:40 --> Table 'dgmtools_hexeditor.share' doesn't exist
CRITICAL - 2022-01-03 09:03:40 --> Call to a member function getResult() on bool
#0 /home2/dgmtools/codeigniter/system/BaseModel.php(584): CodeIgniter\Model->doFindAll(10, 0)
#1 /home2/dgmtools/codeigniter/system/BaseModel.php(1088): CodeIgniter\BaseModel->findAll(10, 0)
#2 /home2/dgmtools/codeigniter/app/Models/ShareModel.php(44): CodeIgniter\BaseModel->paginate(10)
#3 /home2/dgmtools/codeigniter/app/Controllers/Library.php(25): App\Models\ShareModel->getPaged(10)
#4 /home2/dgmtools/codeigniter/system/CodeIgniter.php(824): App\Controllers\Library->index()
#5 /home2/dgmtools/codeigniter/system/CodeIgniter.php(410): CodeIgniter\CodeIgniter->runController(Object(App\Controllers\Library))
#6 /home2/dgmtools/codeigniter/system/CodeIgniter.php(318): CodeIgniter\CodeIgniter->handleRequest(NULL, Object(Config\Cache), false)
#7 /home2/dgmtools/public_html/flasheeprom.com/index.php(37): CodeIgniter\CodeIgniter->run()
#8 {main}
ERROR - 2022-01-03 09:14:58 --> Data too long for column 'name' at row 1
ERROR - 2022-01-03 09:15:27 --> Data too long for column 'name' at row 1
ERROR - 2022-01-03 09:16:02 --> Data too long for column 'name' at row 1
ERROR - 2022-01-03 09:17:25 --> Data too long for column 'name' at row 1
ERROR - 2022-01-03 09:33:18 --> Data too long for column 'name' at row 1
CRITICAL - 2022-01-03 16:25:17 --> Class '\App\Scripts\Ford_Explorer_2013' not found
#0 /home2/dgmtools/codeigniter/app/Controllers/Script.php(43): App\Scripts\Script::getScript('scripts/America...', '')
#1 /home2/dgmtools/codeigniter/system/CodeIgniter.php(824): App\Controllers\Script->run()
#2 /home2/dgmtools/codeigniter/system/CodeIgniter.php(410): CodeIgniter\CodeIgniter->runController(Object(App\Controllers\Script))
#3 /home2/dgmtools/codeigniter/system/CodeIgniter.php(318): CodeIgniter\CodeIgniter->handleRequest(NULL, Object(Config\Cache), false)
#4 /home2/dgmtools/public_html/flasheeprom.com/index.php(37): CodeIgniter\CodeIgniter->run()
#5 {main}
CRITICAL - 2022-01-03 16:25:22 --> Class '\App\Scripts\Ford_Explorer_2013' not found
#0 /home2/dgmtools/codeigniter/app/Controllers/Script.php(43): App\Scripts\Script::getScript('scripts/America...', '')
#1 /home2/dgmtools/codeigniter/system/CodeIgniter.php(824): App\Controllers\Script->run()
#2 /home2/dgmtools/codeigniter/system/CodeIgniter.php(410): CodeIgniter\CodeIgniter->runController(Object(App\Controllers\Script))
#3 /home2/dgmtools/codeigniter/system/CodeIgniter.php(318): CodeIgniter\CodeIgniter->handleRequest(NULL, Object(Config\Cache), false)
#4 /home2/dgmtools/public_html/flasheeprom.com/index.php(37): CodeIgniter\CodeIgniter->run()
#5 {main}
CRITICAL - 2022-01-03 17:08:17 --> Class '\App\Scripts\Ford_Escort_2000_11E9 ' not found
#0 /home2/dgmtools/codeigniter/app/Controllers/Script.php(43): App\Scripts\Script::getScript('scripts/America...', '')
#1 /home2/dgmtools/codeigniter/system/CodeIgniter.php(824): App\Controllers\Script->run()
#2 /home2/dgmtools/codeigniter/system/CodeIgniter.php(410): CodeIgniter\CodeIgniter->runController(Object(App\Controllers\Script))
#3 /home2/dgmtools/codeigniter/system/CodeIgniter.php(318): CodeIgniter\CodeIgniter->handleRequest(NULL, Object(Config\Cache), false)
#4 /home2/dgmtools/public_html/flasheeprom.com/index.php(37): CodeIgniter\CodeIgniter->run()
#5 {main}
