CRITICAL - 2022-05-26 12:48:43 --> syntax error, unexpected ';', expecting ']'
#0 /home/flasheep/codeigniter/app/Scripts/ScriptList.php(159): App\Scripts\Script::getScript('scripts/Suzuki/...', '1D0305F8FFF0FFF...')
#1 /home/flasheep/codeigniter/app/Controllers/Script.php(195): App\Scripts\ScriptList::getScriptByPathInformation(Array, '1D0305F8FFF0FFF...', Object(App\Entities\User))
#2 /home/flasheep/codeigniter/app/Controllers/Script.php(150): App\Controllers\Script->getScript(Array, '1D0305F8FFF0FFF...')
#3 /home/flasheep/codeigniter/system/CodeIgniter.php(824): App\Controllers\Script->run()
#4 /home/flasheep/codeigniter/system/CodeIgniter.php(410): CodeIgniter\CodeIgniter->runController(Object(App\Controllers\Script))
#5 /home/flasheep/codeigniter/system/CodeIgniter.php(318): CodeIgniter\CodeIgniter->handleRequest(NULL, Object(Config\Cache), false)
#6 /home/flasheep/public_html/index.php(37): CodeIgniter\CodeIgniter->run()
#7 {main}
CRITICAL - 2022-05-26 12:59:55 --> Class '\App\Scripts\Acura_CL_93c56' not found
#0 /home/flasheep/codeigniter/app/Scripts/ScriptList.php(159): App\Scripts\Script::getScript('scripts/Acura/A...', '80FF80FF80FF80F...')
#1 /home/flasheep/codeigniter/app/Controllers/Script.php(195): App\Scripts\ScriptList::getScriptByPathInformation(Array, '80FF80FF80FF80F...', Object(App\Entities\User))
#2 /home/flasheep/codeigniter/app/Controllers/Script.php(150): App\Controllers\Script->getScript(Array, '80FF80FF80FF80F...')
#3 /home/flasheep/codeigniter/system/CodeIgniter.php(824): App\Controllers\Script->run()
#4 /home/flasheep/codeigniter/system/CodeIgniter.php(410): CodeIgniter\CodeIgniter->runController(Object(App\Controllers\Script))
#5 /home/flasheep/codeigniter/system/CodeIgniter.php(318): CodeIgniter\CodeIgniter->handleRequest(NULL, Object(Config\Cache), false)
#6 /home/flasheep/public_html/index.php(37): CodeIgniter\CodeIgniter->run()
#7 {main}
CRITICAL - 2022-05-26 13:07:16 --> Class 'Script' not found
#0 /home/flasheep/codeigniter/app/Scripts/Script.php(90): require_once()
#1 /home/flasheep/codeigniter/app/Scripts/ScriptList.php(159): App\Scripts\Script::getScript('scripts/Suzuki/...', '80FF80FF80FF80F...')
#2 /home/flasheep/codeigniter/app/Controllers/Script.php(195): App\Scripts\ScriptList::getScriptByPathInformation(Array, '80FF80FF80FF80F...', Object(App\Entities\User))
#3 /home/flasheep/codeigniter/app/Controllers/Script.php(150): App\Controllers\Script->getScript(Array, '80FF80FF80FF80F...')
#4 /home/flasheep/codeigniter/system/CodeIgniter.php(824): App\Controllers\Script->run()
#5 /home/flasheep/codeigniter/system/CodeIgniter.php(410): CodeIgniter\CodeIgniter->runController(Object(App\Controllers\Script))
#6 /home/flasheep/codeigniter/system/CodeIgniter.php(318): CodeIgniter\CodeIgniter->handleRequest(NULL, Object(Config\Cache), false)
#7 /home/flasheep/public_html/index.php(37): CodeIgniter\CodeIgniter->run()
#8 {main}
CRITICAL - 2022-05-26 13:07:17 --> Class 'Script' not found
#0 /home/flasheep/codeigniter/app/Scripts/Script.php(90): require_once()
#1 /home/flasheep/codeigniter/app/Scripts/ScriptList.php(159): App\Scripts\Script::getScript('scripts/Suzuki/...', '80FF80FF80FF80F...')
#2 /home/flasheep/codeigniter/app/Controllers/Script.php(195): App\Scripts\ScriptList::getScriptByPathInformation(Array, '80FF80FF80FF80F...', Object(App\Entities\User))
#3 /home/flasheep/codeigniter/app/Controllers/Script.php(150): App\Controllers\Script->getScript(Array, '80FF80FF80FF80F...')
#4 /home/flasheep/codeigniter/system/CodeIgniter.php(824): App\Controllers\Script->run()
#5 /home/flasheep/codeigniter/system/CodeIgniter.php(410): CodeIgniter\CodeIgniter->runController(Object(App\Controllers\Script))
#6 /home/flasheep/codeigniter/system/CodeIgniter.php(318): CodeIgniter\CodeIgniter->handleRequest(NULL, Object(Config\Cache), false)
#7 /home/flasheep/public_html/index.php(37): CodeIgniter\CodeIgniter->run()
#8 {main}
CRITICAL - 2022-05-26 13:07:17 --> Class 'Script' not found
#0 /home/flasheep/codeigniter/app/Scripts/Script.php(90): require_once()
#1 /home/flasheep/codeigniter/app/Scripts/ScriptList.php(159): App\Scripts\Script::getScript('scripts/Suzuki/...', '80FF80FF80FF80F...')
#2 /home/flasheep/codeigniter/app/Controllers/Script.php(195): App\Scripts\ScriptList::getScriptByPathInformation(Array, '80FF80FF80FF80F...', Object(App\Entities\User))
#3 /home/flasheep/codeigniter/app/Controllers/Script.php(150): App\Controllers\Script->getScript(Array, '80FF80FF80FF80F...')
#4 /home/flasheep/codeigniter/system/CodeIgniter.php(824): App\Controllers\Script->run()
#5 /home/flasheep/codeigniter/system/CodeIgniter.php(410): CodeIgniter\CodeIgniter->runController(Object(App\Controllers\Script))
#6 /home/flasheep/codeigniter/system/CodeIgniter.php(318): CodeIgniter\CodeIgniter->handleRequest(NULL, Object(Config\Cache), false)
#7 /home/flasheep/public_html/index.php(37): CodeIgniter\CodeIgniter->run()
#8 {main}
CRITICAL - 2022-05-26 13:07:17 --> Class 'Script' not found
#0 /home/flasheep/codeigniter/app/Scripts/Script.php(90): require_once()
#1 /home/flasheep/codeigniter/app/Scripts/ScriptList.php(159): App\Scripts\Script::getScript('scripts/Suzuki/...', '80FF80FF80FF80F...')
#2 /home/flasheep/codeigniter/app/Controllers/Script.php(195): App\Scripts\ScriptList::getScriptByPathInformation(Array, '80FF80FF80FF80F...', Object(App\Entities\User))
#3 /home/flasheep/codeigniter/app/Controllers/Script.php(150): App\Controllers\Script->getScript(Array, '80FF80FF80FF80F...')
#4 /home/flasheep/codeigniter/system/CodeIgniter.php(824): App\Controllers\Script->run()
#5 /home/flasheep/codeigniter/system/CodeIgniter.php(410): CodeIgniter\CodeIgniter->runController(Object(App\Controllers\Script))
#6 /home/flasheep/codeigniter/system/CodeIgniter.php(318): CodeIgniter\CodeIgniter->handleRequest(NULL, Object(Config\Cache), false)
#7 /home/flasheep/public_html/index.php(37): CodeIgniter\CodeIgniter->run()
#8 {main}
CRITICAL - 2022-05-26 13:12:23 --> Use of undefined constant FF - assumed 'FF' (this will throw an Error in a future version of PHP)
#0 /home/flasheep/codeigniter/app/Scripts/scripts/Suzuki/Alto/suzuki_Alto_2017_93c86.php(43): CodeIgniter\Debug\Exceptions->errorHandler(2, 'Use of undefine...', '/home/flasheep/...', 43, Array)
#1 /home/flasheep/codeigniter/app/Controllers/Script.php(162): App\Scripts\suzuki_Alto_2017_93c86->calculate(91932)
#2 /home/flasheep/codeigniter/system/CodeIgniter.php(824): App\Controllers\Script->run()
#3 /home/flasheep/codeigniter/system/CodeIgniter.php(410): CodeIgniter\CodeIgniter->runController(Object(App\Controllers\Script))
#4 /home/flasheep/codeigniter/system/CodeIgniter.php(318): CodeIgniter\CodeIgniter->handleRequest(NULL, Object(Config\Cache), false)
#5 /home/flasheep/public_html/index.php(37): CodeIgniter\CodeIgniter->run()
#6 {main}
CRITICAL - 2022-05-26 15:03:28 --> Use of undefined constant FF - assumed 'FF' (this will throw an Error in a future version of PHP)
#0 /home/flasheep/codeigniter/app/Scripts/scripts/Suzuki/Alto/suzuki_Alto_2017_93c86.php(43): CodeIgniter\Debug\Exceptions->errorHandler(2, 'Use of undefine...', '/home/flasheep/...', 43, Array)
#1 /home/flasheep/codeigniter/app/Controllers/Script.php(162): App\Scripts\suzuki_Alto_2017_93c86->calculate(212550)
#2 /home/flasheep/codeigniter/system/CodeIgniter.php(824): App\Controllers\Script->run()
#3 /home/flasheep/codeigniter/system/CodeIgniter.php(410): CodeIgniter\CodeIgniter->runController(Object(App\Controllers\Script))
#4 /home/flasheep/codeigniter/system/CodeIgniter.php(318): CodeIgniter\CodeIgniter->handleRequest(NULL, Object(Config\Cache), false)
#5 /home/flasheep/public_html/index.php(37): CodeIgniter\CodeIgniter->run()
#6 {main}
CRITICAL - 2022-05-26 15:06:51 --> Use of undefined constant FF - assumed 'FF' (this will throw an Error in a future version of PHP)
#0 /home/flasheep/codeigniter/app/Scripts/scripts/Suzuki/Alto/suzuki_Alto_2017_93c86.php(44): CodeIgniter\Debug\Exceptions->errorHandler(2, 'Use of undefine...', '/home/flasheep/...', 44, Array)
#1 /home/flasheep/codeigniter/app/Controllers/Script.php(162): App\Scripts\suzuki_Alto_2017_93c86->calculate(10000)
#2 /home/flasheep/codeigniter/system/CodeIgniter.php(824): App\Controllers\Script->run()
#3 /home/flasheep/codeigniter/system/CodeIgniter.php(410): CodeIgniter\CodeIgniter->runController(Object(App\Controllers\Script))
#4 /home/flasheep/codeigniter/system/CodeIgniter.php(318): CodeIgniter\CodeIgniter->handleRequest(NULL, Object(Config\Cache), false)
#5 /home/flasheep/public_html/index.php(37): CodeIgniter\CodeIgniter->run()
#6 {main}
CRITICAL - 2022-05-26 15:34:36 --> Class '\App\Scripts\Yamaha_XT_24c02' not found
#0 /home/flasheep/codeigniter/app/Scripts/ScriptList.php(159): App\Scripts\Script::getScript('scripts/Motocic...', '0B0B0B383838C60...')
#1 /home/flasheep/codeigniter/app/Controllers/Script.php(195): App\Scripts\ScriptList::getScriptByPathInformation(Array, '0B0B0B383838C60...', Object(App\Entities\User))
#2 /home/flasheep/codeigniter/app/Controllers/Script.php(150): App\Controllers\Script->getScript(Array, '0B0B0B383838C60...')
#3 /home/flasheep/codeigniter/system/CodeIgniter.php(824): App\Controllers\Script->run()
#4 /home/flasheep/codeigniter/system/CodeIgniter.php(410): CodeIgniter\CodeIgniter->runController(Object(App\Controllers\Script))
#5 /home/flasheep/codeigniter/system/CodeIgniter.php(318): CodeIgniter\CodeIgniter->handleRequest(NULL, Object(Config\Cache), false)
#6 /home/flasheep/public_html/index.php(37): CodeIgniter\CodeIgniter->run()
#7 {main}
CRITICAL - 2022-05-26 16:07:21 --> A non-numeric value encountered
#0 /home/flasheep/codeigniter/app/Scripts/scripts/Motocicletas/Yamaha/Yamaha_XT_24c02.php(11): CodeIgniter\Debug\Exceptions->errorHandler(2, 'A non-numeric v...', '/home/flasheep/...', 11, Array)
#1 /home/flasheep/codeigniter/app/Controllers/Script.php(172): App\Scripts\Yamaha_XT_24c02->getResult()
#2 /home/flasheep/codeigniter/system/CodeIgniter.php(824): App\Controllers\Script->run()
#3 /home/flasheep/codeigniter/system/CodeIgniter.php(410): CodeIgniter\CodeIgniter->runController(Object(App\Controllers\Script))
#4 /home/flasheep/codeigniter/system/CodeIgniter.php(318): CodeIgniter\CodeIgniter->handleRequest(NULL, Object(Config\Cache), false)
#5 /home/flasheep/public_html/index.php(37): CodeIgniter\CodeIgniter->run()
#6 {main}
CRITICAL - 2022-05-26 16:07:22 --> A non-numeric value encountered
#0 /home/flasheep/codeigniter/app/Scripts/scripts/Motocicletas/Yamaha/Yamaha_XT_24c02.php(11): CodeIgniter\Debug\Exceptions->errorHandler(2, 'A non-numeric v...', '/home/flasheep/...', 11, Array)
#1 /home/flasheep/codeigniter/app/Controllers/Script.php(172): App\Scripts\Yamaha_XT_24c02->getResult()
#2 /home/flasheep/codeigniter/system/CodeIgniter.php(824): App\Controllers\Script->run()
#3 /home/flasheep/codeigniter/system/CodeIgniter.php(410): CodeIgniter\CodeIgniter->runController(Object(App\Controllers\Script))
#4 /home/flasheep/codeigniter/system/CodeIgniter.php(318): CodeIgniter\CodeIgniter->handleRequest(NULL, Object(Config\Cache), false)
#5 /home/flasheep/public_html/index.php(37): CodeIgniter\CodeIgniter->run()
#6 {main}
CRITICAL - 2022-05-26 16:07:22 --> A non-numeric value encountered
#0 /home/flasheep/codeigniter/app/Scripts/scripts/Motocicletas/Yamaha/Yamaha_XT_24c02.php(11): CodeIgniter\Debug\Exceptions->errorHandler(2, 'A non-numeric v...', '/home/flasheep/...', 11, Array)
#1 /home/flasheep/codeigniter/app/Controllers/Script.php(172): App\Scripts\Yamaha_XT_24c02->getResult()
#2 /home/flasheep/codeigniter/system/CodeIgniter.php(824): App\Controllers\Script->run()
#3 /home/flasheep/codeigniter/system/CodeIgniter.php(410): CodeIgniter\CodeIgniter->runController(Object(App\Controllers\Script))
#4 /home/flasheep/codeigniter/system/CodeIgniter.php(318): CodeIgniter\CodeIgniter->handleRequest(NULL, Object(Config\Cache), false)
#5 /home/flasheep/public_html/index.php(37): CodeIgniter\CodeIgniter->run()
#6 {main}
CRITICAL - 2022-05-26 16:07:23 --> A non-numeric value encountered
#0 /home/flasheep/codeigniter/app/Scripts/scripts/Motocicletas/Yamaha/Yamaha_XT_24c02.php(11): CodeIgniter\Debug\Exceptions->errorHandler(2, 'A non-numeric v...', '/home/flasheep/...', 11, Array)
#1 /home/flasheep/codeigniter/app/Controllers/Script.php(172): App\Scripts\Yamaha_XT_24c02->getResult()
#2 /home/flasheep/codeigniter/system/CodeIgniter.php(824): App\Controllers\Script->run()
#3 /home/flasheep/codeigniter/system/CodeIgniter.php(410): CodeIgniter\CodeIgniter->runController(Object(App\Controllers\Script))
#4 /home/flasheep/codeigniter/system/CodeIgniter.php(318): CodeIgniter\CodeIgniter->handleRequest(NULL, Object(Config\Cache), false)
#5 /home/flasheep/public_html/index.php(37): CodeIgniter\CodeIgniter->run()
#6 {main}
CRITICAL - 2022-05-26 16:07:23 --> A non-numeric value encountered
#0 /home/flasheep/codeigniter/app/Scripts/scripts/Motocicletas/Yamaha/Yamaha_XT_24c02.php(11): CodeIgniter\Debug\Exceptions->errorHandler(2, 'A non-numeric v...', '/home/flasheep/...', 11, Array)
#1 /home/flasheep/codeigniter/app/Controllers/Script.php(172): App\Scripts\Yamaha_XT_24c02->getResult()
#2 /home/flasheep/codeigniter/system/CodeIgniter.php(824): App\Controllers\Script->run()
#3 /home/flasheep/codeigniter/system/CodeIgniter.php(410): CodeIgniter\CodeIgniter->runController(Object(App\Controllers\Script))
#4 /home/flasheep/codeigniter/system/CodeIgniter.php(318): CodeIgniter\CodeIgniter->handleRequest(NULL, Object(Config\Cache), false)
#5 /home/flasheep/public_html/index.php(37): CodeIgniter\CodeIgniter->run()
#6 {main}
CRITICAL - 2022-05-26 16:07:23 --> A non-numeric value encountered
#0 /home/flasheep/codeigniter/app/Scripts/scripts/Motocicletas/Yamaha/Yamaha_XT_24c02.php(11): CodeIgniter\Debug\Exceptions->errorHandler(2, 'A non-numeric v...', '/home/flasheep/...', 11, Array)
#1 /home/flasheep/codeigniter/app/Controllers/Script.php(172): App\Scripts\Yamaha_XT_24c02->getResult()
#2 /home/flasheep/codeigniter/system/CodeIgniter.php(824): App\Controllers\Script->run()
#3 /home/flasheep/codeigniter/system/CodeIgniter.php(410): CodeIgniter\CodeIgniter->runController(Object(App\Controllers\Script))
#4 /home/flasheep/codeigniter/system/CodeIgniter.php(318): CodeIgniter\CodeIgniter->handleRequest(NULL, Object(Config\Cache), false)
#5 /home/flasheep/public_html/index.php(37): CodeIgniter\CodeIgniter->run()
#6 {main}
CRITICAL - 2022-05-26 16:07:23 --> A non-numeric value encountered
#0 /home/flasheep/codeigniter/app/Scripts/scripts/Motocicletas/Yamaha/Yamaha_XT_24c02.php(11): CodeIgniter\Debug\Exceptions->errorHandler(2, 'A non-numeric v...', '/home/flasheep/...', 11, Array)
#1 /home/flasheep/codeigniter/app/Controllers/Script.php(172): App\Scripts\Yamaha_XT_24c02->getResult()
#2 /home/flasheep/codeigniter/system/CodeIgniter.php(824): App\Controllers\Script->run()
#3 /home/flasheep/codeigniter/system/CodeIgniter.php(410): CodeIgniter\CodeIgniter->runController(Object(App\Controllers\Script))
#4 /home/flasheep/codeigniter/system/CodeIgniter.php(318): CodeIgniter\CodeIgniter->handleRequest(NULL, Object(Config\Cache), false)
#5 /home/flasheep/public_html/index.php(37): CodeIgniter\CodeIgniter->run()
#6 {main}
CRITICAL - 2022-05-26 16:07:24 --> A non-numeric value encountered
#0 /home/flasheep/codeigniter/app/Scripts/scripts/Motocicletas/Yamaha/Yamaha_XT_24c02.php(11): CodeIgniter\Debug\Exceptions->errorHandler(2, 'A non-numeric v...', '/home/flasheep/...', 11, Array)
#1 /home/flasheep/codeigniter/app/Controllers/Script.php(172): App\Scripts\Yamaha_XT_24c02->getResult()
#2 /home/flasheep/codeigniter/system/CodeIgniter.php(824): App\Controllers\Script->run()
#3 /home/flasheep/codeigniter/system/CodeIgniter.php(410): CodeIgniter\CodeIgniter->runController(Object(App\Controllers\Script))
#4 /home/flasheep/codeigniter/system/CodeIgniter.php(318): CodeIgniter\CodeIgniter->handleRequest(NULL, Object(Config\Cache), false)
#5 /home/flasheep/public_html/index.php(37): CodeIgniter\CodeIgniter->run()
#6 {main}
CRITICAL - 2022-05-26 16:07:28 --> A non-numeric value encountered
#0 /home/flasheep/codeigniter/app/Scripts/scripts/Motocicletas/Yamaha/Yamaha_XT_24c02.php(11): CodeIgniter\Debug\Exceptions->errorHandler(2, 'A non-numeric v...', '/home/flasheep/...', 11, Array)
#1 /home/flasheep/codeigniter/app/Controllers/Script.php(172): App\Scripts\Yamaha_XT_24c02->getResult()
#2 /home/flasheep/codeigniter/system/CodeIgniter.php(824): App\Controllers\Script->run()
#3 /home/flasheep/codeigniter/system/CodeIgniter.php(410): CodeIgniter\CodeIgniter->runController(Object(App\Controllers\Script))
#4 /home/flasheep/codeigniter/system/CodeIgniter.php(318): CodeIgniter\CodeIgniter->handleRequest(NULL, Object(Config\Cache), false)
#5 /home/flasheep/public_html/index.php(37): CodeIgniter\CodeIgniter->run()
#6 {main}
CRITICAL - 2022-05-26 16:07:29 --> A non-numeric value encountered
#0 /home/flasheep/codeigniter/app/Scripts/scripts/Motocicletas/Yamaha/Yamaha_XT_24c02.php(11): CodeIgniter\Debug\Exceptions->errorHandler(2, 'A non-numeric v...', '/home/flasheep/...', 11, Array)
#1 /home/flasheep/codeigniter/app/Controllers/Script.php(172): App\Scripts\Yamaha_XT_24c02->getResult()
#2 /home/flasheep/codeigniter/system/CodeIgniter.php(824): App\Controllers\Script->run()
#3 /home/flasheep/codeigniter/system/CodeIgniter.php(410): CodeIgniter\CodeIgniter->runController(Object(App\Controllers\Script))
#4 /home/flasheep/codeigniter/system/CodeIgniter.php(318): CodeIgniter\CodeIgniter->handleRequest(NULL, Object(Config\Cache), false)
#5 /home/flasheep/public_html/index.php(37): CodeIgniter\CodeIgniter->run()
#6 {main}
CRITICAL - 2022-05-26 16:07:30 --> A non-numeric value encountered
#0 /home/flasheep/codeigniter/app/Scripts/scripts/Motocicletas/Yamaha/Yamaha_XT_24c02.php(11): CodeIgniter\Debug\Exceptions->errorHandler(2, 'A non-numeric v...', '/home/flasheep/...', 11, Array)
#1 /home/flasheep/codeigniter/app/Controllers/Script.php(172): App\Scripts\Yamaha_XT_24c02->getResult()
#2 /home/flasheep/codeigniter/system/CodeIgniter.php(824): App\Controllers\Script->run()
#3 /home/flasheep/codeigniter/system/CodeIgniter.php(410): CodeIgniter\CodeIgniter->runController(Object(App\Controllers\Script))
#4 /home/flasheep/codeigniter/system/CodeIgniter.php(318): CodeIgniter\CodeIgniter->handleRequest(NULL, Object(Config\Cache), false)
#5 /home/flasheep/public_html/index.php(37): CodeIgniter\CodeIgniter->run()
#6 {main}
CRITICAL - 2022-05-26 16:07:30 --> A non-numeric value encountered
#0 /home/flasheep/codeigniter/app/Scripts/scripts/Motocicletas/Yamaha/Yamaha_XT_24c02.php(11): CodeIgniter\Debug\Exceptions->errorHandler(2, 'A non-numeric v...', '/home/flasheep/...', 11, Array)
#1 /home/flasheep/codeigniter/app/Controllers/Script.php(172): App\Scripts\Yamaha_XT_24c02->getResult()
#2 /home/flasheep/codeigniter/system/CodeIgniter.php(824): App\Controllers\Script->run()
#3 /home/flasheep/codeigniter/system/CodeIgniter.php(410): CodeIgniter\CodeIgniter->runController(Object(App\Controllers\Script))
#4 /home/flasheep/codeigniter/system/CodeIgniter.php(318): CodeIgniter\CodeIgniter->handleRequest(NULL, Object(Config\Cache), false)
#5 /home/flasheep/public_html/index.php(37): CodeIgniter\CodeIgniter->run()
#6 {main}
CRITICAL - 2022-05-26 16:07:30 --> A non-numeric value encountered
#0 /home/flasheep/codeigniter/app/Scripts/scripts/Motocicletas/Yamaha/Yamaha_XT_24c02.php(11): CodeIgniter\Debug\Exceptions->errorHandler(2, 'A non-numeric v...', '/home/flasheep/...', 11, Array)
#1 /home/flasheep/codeigniter/app/Controllers/Script.php(172): App\Scripts\Yamaha_XT_24c02->getResult()
#2 /home/flasheep/codeigniter/system/CodeIgniter.php(824): App\Controllers\Script->run()
#3 /home/flasheep/codeigniter/system/CodeIgniter.php(410): CodeIgniter\CodeIgniter->runController(Object(App\Controllers\Script))
#4 /home/flasheep/codeigniter/system/CodeIgniter.php(318): CodeIgniter\CodeIgniter->handleRequest(NULL, Object(Config\Cache), false)
#5 /home/flasheep/public_html/index.php(37): CodeIgniter\CodeIgniter->run()
#6 {main}
CRITICAL - 2022-05-26 16:07:30 --> A non-numeric value encountered
#0 /home/flasheep/codeigniter/app/Scripts/scripts/Motocicletas/Yamaha/Yamaha_XT_24c02.php(11): CodeIgniter\Debug\Exceptions->errorHandler(2, 'A non-numeric v...', '/home/flasheep/...', 11, Array)
#1 /home/flasheep/codeigniter/app/Controllers/Script.php(172): App\Scripts\Yamaha_XT_24c02->getResult()
#2 /home/flasheep/codeigniter/system/CodeIgniter.php(824): App\Controllers\Script->run()
#3 /home/flasheep/codeigniter/system/CodeIgniter.php(410): CodeIgniter\CodeIgniter->runController(Object(App\Controllers\Script))
#4 /home/flasheep/codeigniter/system/CodeIgniter.php(318): CodeIgniter\CodeIgniter->handleRequest(NULL, Object(Config\Cache), false)
#5 /home/flasheep/public_html/index.php(37): CodeIgniter\CodeIgniter->run()
#6 {main}
CRITICAL - 2022-05-26 16:07:30 --> A non-numeric value encountered
#0 /home/flasheep/codeigniter/app/Scripts/scripts/Motocicletas/Yamaha/Yamaha_XT_24c02.php(11): CodeIgniter\Debug\Exceptions->errorHandler(2, 'A non-numeric v...', '/home/flasheep/...', 11, Array)
#1 /home/flasheep/codeigniter/app/Controllers/Script.php(172): App\Scripts\Yamaha_XT_24c02->getResult()
#2 /home/flasheep/codeigniter/system/CodeIgniter.php(824): App\Controllers\Script->run()
#3 /home/flasheep/codeigniter/system/CodeIgniter.php(410): CodeIgniter\CodeIgniter->runController(Object(App\Controllers\Script))
#4 /home/flasheep/codeigniter/system/CodeIgniter.php(318): CodeIgniter\CodeIgniter->handleRequest(NULL, Object(Config\Cache), false)
#5 /home/flasheep/public_html/index.php(37): CodeIgniter\CodeIgniter->run()
#6 {main}
CRITICAL - 2022-05-26 16:07:45 --> A non-numeric value encountered
#0 /home/flasheep/codeigniter/app/Scripts/scripts/Motocicletas/Yamaha/Yamaha_XT_24c02.php(11): CodeIgniter\Debug\Exceptions->errorHandler(2, 'A non-numeric v...', '/home/flasheep/...', 11, Array)
#1 /home/flasheep/codeigniter/app/Controllers/Script.php(172): App\Scripts\Yamaha_XT_24c02->getResult()
#2 /home/flasheep/codeigniter/system/CodeIgniter.php(824): App\Controllers\Script->run()
#3 /home/flasheep/codeigniter/system/CodeIgniter.php(410): CodeIgniter\CodeIgniter->runController(Object(App\Controllers\Script))
#4 /home/flasheep/codeigniter/system/CodeIgniter.php(318): CodeIgniter\CodeIgniter->handleRequest(NULL, Object(Config\Cache), false)
#5 /home/flasheep/public_html/index.php(37): CodeIgniter\CodeIgniter->run()
#6 {main}
CRITICAL - 2022-05-26 16:07:46 --> A non-numeric value encountered
#0 /home/flasheep/codeigniter/app/Scripts/scripts/Motocicletas/Yamaha/Yamaha_XT_24c02.php(11): CodeIgniter\Debug\Exceptions->errorHandler(2, 'A non-numeric v...', '/home/flasheep/...', 11, Array)
#1 /home/flasheep/codeigniter/app/Controllers/Script.php(172): App\Scripts\Yamaha_XT_24c02->getResult()
#2 /home/flasheep/codeigniter/system/CodeIgniter.php(824): App\Controllers\Script->run()
#3 /home/flasheep/codeigniter/system/CodeIgniter.php(410): CodeIgniter\CodeIgniter->runController(Object(App\Controllers\Script))
#4 /home/flasheep/codeigniter/system/CodeIgniter.php(318): CodeIgniter\CodeIgniter->handleRequest(NULL, Object(Config\Cache), false)
#5 /home/flasheep/public_html/index.php(37): CodeIgniter\CodeIgniter->run()
#6 {main}
CRITICAL - 2022-05-26 16:07:46 --> A non-numeric value encountered
#0 /home/flasheep/codeigniter/app/Scripts/scripts/Motocicletas/Yamaha/Yamaha_XT_24c02.php(11): CodeIgniter\Debug\Exceptions->errorHandler(2, 'A non-numeric v...', '/home/flasheep/...', 11, Array)
#1 /home/flasheep/codeigniter/app/Controllers/Script.php(172): App\Scripts\Yamaha_XT_24c02->getResult()
#2 /home/flasheep/codeigniter/system/CodeIgniter.php(824): App\Controllers\Script->run()
#3 /home/flasheep/codeigniter/system/CodeIgniter.php(410): CodeIgniter\CodeIgniter->runController(Object(App\Controllers\Script))
#4 /home/flasheep/codeigniter/system/CodeIgniter.php(318): CodeIgniter\CodeIgniter->handleRequest(NULL, Object(Config\Cache), false)
#5 /home/flasheep/public_html/index.php(37): CodeIgniter\CodeIgniter->run()
#6 {main}
CRITICAL - 2022-05-26 16:07:46 --> A non-numeric value encountered
#0 /home/flasheep/codeigniter/app/Scripts/scripts/Motocicletas/Yamaha/Yamaha_XT_24c02.php(11): CodeIgniter\Debug\Exceptions->errorHandler(2, 'A non-numeric v...', '/home/flasheep/...', 11, Array)
#1 /home/flasheep/codeigniter/app/Controllers/Script.php(172): App\Scripts\Yamaha_XT_24c02->getResult()
#2 /home/flasheep/codeigniter/system/CodeIgniter.php(824): App\Controllers\Script->run()
#3 /home/flasheep/codeigniter/system/CodeIgniter.php(410): CodeIgniter\CodeIgniter->runController(Object(App\Controllers\Script))
#4 /home/flasheep/codeigniter/system/CodeIgniter.php(318): CodeIgniter\CodeIgniter->handleRequest(NULL, Object(Config\Cache), false)
#5 /home/flasheep/public_html/index.php(37): CodeIgniter\CodeIgniter->run()
#6 {main}
CRITICAL - 2022-05-26 16:07:46 --> A non-numeric value encountered
#0 /home/flasheep/codeigniter/app/Scripts/scripts/Motocicletas/Yamaha/Yamaha_XT_24c02.php(11): CodeIgniter\Debug\Exceptions->errorHandler(2, 'A non-numeric v...', '/home/flasheep/...', 11, Array)
#1 /home/flasheep/codeigniter/app/Controllers/Script.php(172): App\Scripts\Yamaha_XT_24c02->getResult()
#2 /home/flasheep/codeigniter/system/CodeIgniter.php(824): App\Controllers\Script->run()
#3 /home/flasheep/codeigniter/system/CodeIgniter.php(410): CodeIgniter\CodeIgniter->runController(Object(App\Controllers\Script))
#4 /home/flasheep/codeigniter/system/CodeIgniter.php(318): CodeIgniter\CodeIgniter->handleRequest(NULL, Object(Config\Cache), false)
#5 /home/flasheep/public_html/index.php(37): CodeIgniter\CodeIgniter->run()
#6 {main}
CRITICAL - 2022-05-26 16:07:46 --> A non-numeric value encountered
#0 /home/flasheep/codeigniter/app/Scripts/scripts/Motocicletas/Yamaha/Yamaha_XT_24c02.php(11): CodeIgniter\Debug\Exceptions->errorHandler(2, 'A non-numeric v...', '/home/flasheep/...', 11, Array)
#1 /home/flasheep/codeigniter/app/Controllers/Script.php(172): App\Scripts\Yamaha_XT_24c02->getResult()
#2 /home/flasheep/codeigniter/system/CodeIgniter.php(824): App\Controllers\Script->run()
#3 /home/flasheep/codeigniter/system/CodeIgniter.php(410): CodeIgniter\CodeIgniter->runController(Object(App\Controllers\Script))
#4 /home/flasheep/codeigniter/system/CodeIgniter.php(318): CodeIgniter\CodeIgniter->handleRequest(NULL, Object(Config\Cache), false)
#5 /home/flasheep/public_html/index.php(37): CodeIgniter\CodeIgniter->run()
#6 {main}
CRITICAL - 2022-05-26 16:07:47 --> A non-numeric value encountered
#0 /home/flasheep/codeigniter/app/Scripts/scripts/Motocicletas/Yamaha/Yamaha_XT_24c02.php(11): CodeIgniter\Debug\Exceptions->errorHandler(2, 'A non-numeric v...', '/home/flasheep/...', 11, Array)
#1 /home/flasheep/codeigniter/app/Controllers/Script.php(172): App\Scripts\Yamaha_XT_24c02->getResult()
#2 /home/flasheep/codeigniter/system/CodeIgniter.php(824): App\Controllers\Script->run()
#3 /home/flasheep/codeigniter/system/CodeIgniter.php(410): CodeIgniter\CodeIgniter->runController(Object(App\Controllers\Script))
#4 /home/flasheep/codeigniter/system/CodeIgniter.php(318): CodeIgniter\CodeIgniter->handleRequest(NULL, Object(Config\Cache), false)
#5 /home/flasheep/public_html/index.php(37): CodeIgniter\CodeIgniter->run()
#6 {main}
CRITICAL - 2022-05-26 16:07:47 --> A non-numeric value encountered
#0 /home/flasheep/codeigniter/app/Scripts/scripts/Motocicletas/Yamaha/Yamaha_XT_24c02.php(11): CodeIgniter\Debug\Exceptions->errorHandler(2, 'A non-numeric v...', '/home/flasheep/...', 11, Array)
#1 /home/flasheep/codeigniter/app/Controllers/Script.php(172): App\Scripts\Yamaha_XT_24c02->getResult()
#2 /home/flasheep/codeigniter/system/CodeIgniter.php(824): App\Controllers\Script->run()
#3 /home/flasheep/codeigniter/system/CodeIgniter.php(410): CodeIgniter\CodeIgniter->runController(Object(App\Controllers\Script))
#4 /home/flasheep/codeigniter/system/CodeIgniter.php(318): CodeIgniter\CodeIgniter->handleRequest(NULL, Object(Config\Cache), false)
#5 /home/flasheep/public_html/index.php(37): CodeIgniter\CodeIgniter->run()
#6 {main}
CRITICAL - 2022-05-26 16:07:47 --> A non-numeric value encountered
#0 /home/flasheep/codeigniter/app/Scripts/scripts/Motocicletas/Yamaha/Yamaha_XT_24c02.php(11): CodeIgniter\Debug\Exceptions->errorHandler(2, 'A non-numeric v...', '/home/flasheep/...', 11, Array)
#1 /home/flasheep/codeigniter/app/Controllers/Script.php(172): App\Scripts\Yamaha_XT_24c02->getResult()
#2 /home/flasheep/codeigniter/system/CodeIgniter.php(824): App\Controllers\Script->run()
#3 /home/flasheep/codeigniter/system/CodeIgniter.php(410): CodeIgniter\CodeIgniter->runController(Object(App\Controllers\Script))
#4 /home/flasheep/codeigniter/system/CodeIgniter.php(318): CodeIgniter\CodeIgniter->handleRequest(NULL, Object(Config\Cache), false)
#5 /home/flasheep/public_html/index.php(37): CodeIgniter\CodeIgniter->run()
#6 {main}
CRITICAL - 2022-05-26 16:07:47 --> A non-numeric value encountered
#0 /home/flasheep/codeigniter/app/Scripts/scripts/Motocicletas/Yamaha/Yamaha_XT_24c02.php(11): CodeIgniter\Debug\Exceptions->errorHandler(2, 'A non-numeric v...', '/home/flasheep/...', 11, Array)
#1 /home/flasheep/codeigniter/app/Controllers/Script.php(172): App\Scripts\Yamaha_XT_24c02->getResult()
#2 /home/flasheep/codeigniter/system/CodeIgniter.php(824): App\Controllers\Script->run()
#3 /home/flasheep/codeigniter/system/CodeIgniter.php(410): CodeIgniter\CodeIgniter->runController(Object(App\Controllers\Script))
#4 /home/flasheep/codeigniter/system/CodeIgniter.php(318): CodeIgniter\CodeIgniter->handleRequest(NULL, Object(Config\Cache), false)
#5 /home/flasheep/public_html/index.php(37): CodeIgniter\CodeIgniter->run()
#6 {main}
CRITICAL - 2022-05-26 16:07:47 --> A non-numeric value encountered
#0 /home/flasheep/codeigniter/app/Scripts/scripts/Motocicletas/Yamaha/Yamaha_XT_24c02.php(11): CodeIgniter\Debug\Exceptions->errorHandler(2, 'A non-numeric v...', '/home/flasheep/...', 11, Array)
#1 /home/flasheep/codeigniter/app/Controllers/Script.php(172): App\Scripts\Yamaha_XT_24c02->getResult()
#2 /home/flasheep/codeigniter/system/CodeIgniter.php(824): App\Controllers\Script->run()
#3 /home/flasheep/codeigniter/system/CodeIgniter.php(410): CodeIgniter\CodeIgniter->runController(Object(App\Controllers\Script))
#4 /home/flasheep/codeigniter/system/CodeIgniter.php(318): CodeIgniter\CodeIgniter->handleRequest(NULL, Object(Config\Cache), false)
#5 /home/flasheep/public_html/index.php(37): CodeIgniter\CodeIgniter->run()
#6 {main}
CRITICAL - 2022-05-26 16:07:47 --> A non-numeric value encountered
#0 /home/flasheep/codeigniter/app/Scripts/scripts/Motocicletas/Yamaha/Yamaha_XT_24c02.php(11): CodeIgniter\Debug\Exceptions->errorHandler(2, 'A non-numeric v...', '/home/flasheep/...', 11, Array)
#1 /home/flasheep/codeigniter/app/Controllers/Script.php(172): App\Scripts\Yamaha_XT_24c02->getResult()
#2 /home/flasheep/codeigniter/system/CodeIgniter.php(824): App\Controllers\Script->run()
#3 /home/flasheep/codeigniter/system/CodeIgniter.php(410): CodeIgniter\CodeIgniter->runController(Object(App\Controllers\Script))
#4 /home/flasheep/codeigniter/system/CodeIgniter.php(318): CodeIgniter\CodeIgniter->handleRequest(NULL, Object(Config\Cache), false)
#5 /home/flasheep/public_html/index.php(37): CodeIgniter\CodeIgniter->run()
#6 {main}
CRITICAL - 2022-05-26 16:08:18 --> A non-numeric value encountered
#0 /home/flasheep/codeigniter/app/Scripts/scripts/Motocicletas/Yamaha/Yamaha_XT_24c02.php(11): CodeIgniter\Debug\Exceptions->errorHandler(2, 'A non-numeric v...', '/home/flasheep/...', 11, Array)
#1 /home/flasheep/codeigniter/app/Controllers/Script.php(172): App\Scripts\Yamaha_XT_24c02->getResult()
#2 /home/flasheep/codeigniter/system/CodeIgniter.php(824): App\Controllers\Script->run()
#3 /home/flasheep/codeigniter/system/CodeIgniter.php(410): CodeIgniter\CodeIgniter->runController(Object(App\Controllers\Script))
#4 /home/flasheep/codeigniter/system/CodeIgniter.php(318): CodeIgniter\CodeIgniter->handleRequest(NULL, Object(Config\Cache), false)
#5 /home/flasheep/public_html/index.php(37): CodeIgniter\CodeIgniter->run()
#6 {main}
CRITICAL - 2022-05-26 16:08:19 --> A non-numeric value encountered
#0 /home/flasheep/codeigniter/app/Scripts/scripts/Motocicletas/Yamaha/Yamaha_XT_24c02.php(11): CodeIgniter\Debug\Exceptions->errorHandler(2, 'A non-numeric v...', '/home/flasheep/...', 11, Array)
#1 /home/flasheep/codeigniter/app/Controllers/Script.php(172): App\Scripts\Yamaha_XT_24c02->getResult()
#2 /home/flasheep/codeigniter/system/CodeIgniter.php(824): App\Controllers\Script->run()
#3 /home/flasheep/codeigniter/system/CodeIgniter.php(410): CodeIgniter\CodeIgniter->runController(Object(App\Controllers\Script))
#4 /home/flasheep/codeigniter/system/CodeIgniter.php(318): CodeIgniter\CodeIgniter->handleRequest(NULL, Object(Config\Cache), false)
#5 /home/flasheep/public_html/index.php(37): CodeIgniter\CodeIgniter->run()
#6 {main}
CRITICAL - 2022-05-26 16:08:59 --> A non-numeric value encountered
#0 /home/flasheep/codeigniter/app/Scripts/scripts/Motocicletas/Yamaha/Yamaha_XT_24c02.php(11): CodeIgniter\Debug\Exceptions->errorHandler(2, 'A non-numeric v...', '/home/flasheep/...', 11, Array)
#1 /home/flasheep/codeigniter/app/Controllers/Script.php(172): App\Scripts\Yamaha_XT_24c02->getResult()
#2 /home/flasheep/codeigniter/system/CodeIgniter.php(824): App\Controllers\Script->run()
#3 /home/flasheep/codeigniter/system/CodeIgniter.php(410): CodeIgniter\CodeIgniter->runController(Object(App\Controllers\Script))
#4 /home/flasheep/codeigniter/system/CodeIgniter.php(318): CodeIgniter\CodeIgniter->handleRequest(NULL, Object(Config\Cache), false)
#5 /home/flasheep/public_html/index.php(37): CodeIgniter\CodeIgniter->run()
#6 {main}
CRITICAL - 2022-05-26 16:09:24 --> A non-numeric value encountered
#0 /home/flasheep/codeigniter/app/Scripts/scripts/Motocicletas/Yamaha/Yamaha_XT_24c02.php(11): CodeIgniter\Debug\Exceptions->errorHandler(2, 'A non-numeric v...', '/home/flasheep/...', 11, Array)
#1 /home/flasheep/codeigniter/app/Controllers/Script.php(172): App\Scripts\Yamaha_XT_24c02->getResult()
#2 /home/flasheep/codeigniter/system/CodeIgniter.php(824): App\Controllers\Script->run()
#3 /home/flasheep/codeigniter/system/CodeIgniter.php(410): CodeIgniter\CodeIgniter->runController(Object(App\Controllers\Script))
#4 /home/flasheep/codeigniter/system/CodeIgniter.php(318): CodeIgniter\CodeIgniter->handleRequest(NULL, Object(Config\Cache), false)
#5 /home/flasheep/public_html/index.php(37): CodeIgniter\CodeIgniter->run()
#6 {main}
CRITICAL - 2022-05-26 16:09:56 --> A non-numeric value encountered
#0 /home/flasheep/codeigniter/app/Scripts/scripts/Motocicletas/Yamaha/Yamaha_XT_24c02.php(11): CodeIgniter\Debug\Exceptions->errorHandler(2, 'A non-numeric v...', '/home/flasheep/...', 11, Array)
#1 /home/flasheep/codeigniter/app/Controllers/Script.php(172): App\Scripts\Yamaha_XT_24c02->getResult()
#2 /home/flasheep/codeigniter/system/CodeIgniter.php(824): App\Controllers\Script->run()
#3 /home/flasheep/codeigniter/system/CodeIgniter.php(410): CodeIgniter\CodeIgniter->runController(Object(App\Controllers\Script))
#4 /home/flasheep/codeigniter/system/CodeIgniter.php(318): CodeIgniter\CodeIgniter->handleRequest(NULL, Object(Config\Cache), false)
#5 /home/flasheep/public_html/index.php(37): CodeIgniter\CodeIgniter->run()
#6 {main}
CRITICAL - 2022-05-26 16:10:23 --> A non-numeric value encountered
#0 /home/flasheep/codeigniter/app/Scripts/scripts/Motocicletas/Yamaha/Yamaha_XT_24c02.php(11): CodeIgniter\Debug\Exceptions->errorHandler(2, 'A non-numeric v...', '/home/flasheep/...', 11, Array)
#1 /home/flasheep/codeigniter/app/Controllers/Script.php(172): App\Scripts\Yamaha_XT_24c02->getResult()
#2 /home/flasheep/codeigniter/system/CodeIgniter.php(824): App\Controllers\Script->run()
#3 /home/flasheep/codeigniter/system/CodeIgniter.php(410): CodeIgniter\CodeIgniter->runController(Object(App\Controllers\Script))
#4 /home/flasheep/codeigniter/system/CodeIgniter.php(318): CodeIgniter\CodeIgniter->handleRequest(NULL, Object(Config\Cache), false)
#5 /home/flasheep/public_html/index.php(37): CodeIgniter\CodeIgniter->run()
#6 {main}
CRITICAL - 2022-05-26 16:13:26 --> A non-numeric value encountered
#0 /home/flasheep/codeigniter/app/Scripts/scripts/Motocicletas/Yamaha/Yamaha_XT_24c02.php(11): CodeIgniter\Debug\Exceptions->errorHandler(2, 'A non-numeric v...', '/home/flasheep/...', 11, Array)
#1 /home/flasheep/codeigniter/app/Controllers/Script.php(172): App\Scripts\Yamaha_XT_24c02->getResult()
#2 /home/flasheep/codeigniter/system/CodeIgniter.php(824): App\Controllers\Script->run()
#3 /home/flasheep/codeigniter/system/CodeIgniter.php(410): CodeIgniter\CodeIgniter->runController(Object(App\Controllers\Script))
#4 /home/flasheep/codeigniter/system/CodeIgniter.php(318): CodeIgniter\CodeIgniter->handleRequest(NULL, Object(Config\Cache), false)
#5 /home/flasheep/public_html/index.php(37): CodeIgniter\CodeIgniter->run()
#6 {main}
CRITICAL - 2022-05-26 16:13:57 --> A non-numeric value encountered
#0 /home/flasheep/codeigniter/app/Scripts/scripts/Motocicletas/Yamaha/Yamaha_XT_24c02.php(11): CodeIgniter\Debug\Exceptions->errorHandler(2, 'A non-numeric v...', '/home/flasheep/...', 11, Array)
#1 /home/flasheep/codeigniter/app/Controllers/Script.php(172): App\Scripts\Yamaha_XT_24c02->getResult()
#2 /home/flasheep/codeigniter/system/CodeIgniter.php(824): App\Controllers\Script->run()
#3 /home/flasheep/codeigniter/system/CodeIgniter.php(410): CodeIgniter\CodeIgniter->runController(Object(App\Controllers\Script))
#4 /home/flasheep/codeigniter/system/CodeIgniter.php(318): CodeIgniter\CodeIgniter->handleRequest(NULL, Object(Config\Cache), false)
#5 /home/flasheep/public_html/index.php(37): CodeIgniter\CodeIgniter->run()
#6 {main}
CRITICAL - 2022-05-26 16:14:01 --> A non-numeric value encountered
#0 /home/flasheep/codeigniter/app/Scripts/scripts/Motocicletas/Yamaha/Yamaha_XT_24c02.php(11): CodeIgniter\Debug\Exceptions->errorHandler(2, 'A non-numeric v...', '/home/flasheep/...', 11, Array)
#1 /home/flasheep/codeigniter/app/Controllers/Script.php(172): App\Scripts\Yamaha_XT_24c02->getResult()
#2 /home/flasheep/codeigniter/system/CodeIgniter.php(824): App\Controllers\Script->run()
#3 /home/flasheep/codeigniter/system/CodeIgniter.php(410): CodeIgniter\CodeIgniter->runController(Object(App\Controllers\Script))
#4 /home/flasheep/codeigniter/system/CodeIgniter.php(318): CodeIgniter\CodeIgniter->handleRequest(NULL, Object(Config\Cache), false)
#5 /home/flasheep/public_html/index.php(37): CodeIgniter\CodeIgniter->run()
#6 {main}
CRITICAL - 2022-05-26 16:14:20 --> A non-numeric value encountered
#0 /home/flasheep/codeigniter/app/Scripts/scripts/Motocicletas/Yamaha/Yamaha_XT_24c02.php(11): CodeIgniter\Debug\Exceptions->errorHandler(2, 'A non-numeric v...', '/home/flasheep/...', 11, Array)
#1 /home/flasheep/codeigniter/app/Controllers/Script.php(172): App\Scripts\Yamaha_XT_24c02->getResult()
#2 /home/flasheep/codeigniter/system/CodeIgniter.php(824): App\Controllers\Script->run()
#3 /home/flasheep/codeigniter/system/CodeIgniter.php(410): CodeIgniter\CodeIgniter->runController(Object(App\Controllers\Script))
#4 /home/flasheep/codeigniter/system/CodeIgniter.php(318): CodeIgniter\CodeIgniter->handleRequest(NULL, Object(Config\Cache), false)
#5 /home/flasheep/public_html/index.php(37): CodeIgniter\CodeIgniter->run()
#6 {main}
CRITICAL - 2022-05-26 16:23:28 --> A non-numeric value encountered
#0 /home/flasheep/codeigniter/app/Scripts/scripts/Motocicletas/Yamaha/Yamaha_XT_24c02.php(11): CodeIgniter\Debug\Exceptions->errorHandler(2, 'A non-numeric v...', '/home/flasheep/...', 11, Array)
#1 /home/flasheep/codeigniter/app/Controllers/Script.php(172): App\Scripts\Yamaha_XT_24c02->getResult()
#2 /home/flasheep/codeigniter/system/CodeIgniter.php(824): App\Controllers\Script->run()
#3 /home/flasheep/codeigniter/system/CodeIgniter.php(410): CodeIgniter\CodeIgniter->runController(Object(App\Controllers\Script))
#4 /home/flasheep/codeigniter/system/CodeIgniter.php(318): CodeIgniter\CodeIgniter->handleRequest(NULL, Object(Config\Cache), false)
#5 /home/flasheep/public_html/index.php(37): CodeIgniter\CodeIgniter->run()
#6 {main}
CRITICAL - 2022-05-26 17:26:01 --> A non-numeric value encountered
#0 /home/flasheep/codeigniter/app/Scripts/scripts/Motocicletas/Yamaha/Yamaha_XT_24c02.php(11): CodeIgniter\Debug\Exceptions->errorHandler(2, 'A non-numeric v...', '/home/flasheep/...', 11, Array)
#1 /home/flasheep/codeigniter/app/Controllers/Script.php(172): App\Scripts\Yamaha_XT_24c02->getResult()
#2 /home/flasheep/codeigniter/system/CodeIgniter.php(824): App\Controllers\Script->run()
#3 /home/flasheep/codeigniter/system/CodeIgniter.php(410): CodeIgniter\CodeIgniter->runController(Object(App\Controllers\Script))
#4 /home/flasheep/codeigniter/system/CodeIgniter.php(318): CodeIgniter\CodeIgniter->handleRequest(NULL, Object(Config\Cache), false)
#5 /home/flasheep/public_html/index.php(37): CodeIgniter\CodeIgniter->run()
#6 {main}
CRITICAL - 2022-05-26 18:40:41 --> A non-numeric value encountered
#0 /home/flasheep/codeigniter/app/Scripts/scripts/Motocicletas/Yamaha/Yamaha_XT_24c02.php(11): CodeIgniter\Debug\Exceptions->errorHandler(2, 'A non-numeric v...', '/home/flasheep/...', 11, Array)
#1 /home/flasheep/codeigniter/app/Controllers/Script.php(172): App\Scripts\Yamaha_XT_24c02->getResult()
#2 /home/flasheep/codeigniter/system/CodeIgniter.php(824): App\Controllers\Script->run()
#3 /home/flasheep/codeigniter/system/CodeIgniter.php(410): CodeIgniter\CodeIgniter->runController(Object(App\Controllers\Script))
#4 /home/flasheep/codeigniter/system/CodeIgniter.php(318): CodeIgniter\CodeIgniter->handleRequest(NULL, Object(Config\Cache), false)
#5 /home/flasheep/public_html/index.php(37): CodeIgniter\CodeIgniter->run()
#6 {main}
CRITICAL - 2022-05-26 20:36:15 --> A non-numeric value encountered
#0 /home/flasheep/codeigniter/app/Scripts/scripts/Motocicletas/Yamaha/Yamaha_XT_24c02.php(11): CodeIgniter\Debug\Exceptions->errorHandler(2, 'A non-numeric v...', '/home/flasheep/...', 11, Array)
#1 /home/flasheep/codeigniter/app/Controllers/Script.php(172): App\Scripts\Yamaha_XT_24c02->getResult()
#2 /home/flasheep/codeigniter/system/CodeIgniter.php(824): App\Controllers\Script->run()
#3 /home/flasheep/codeigniter/system/CodeIgniter.php(410): CodeIgniter\CodeIgniter->runController(Object(App\Controllers\Script))
#4 /home/flasheep/codeigniter/system/CodeIgniter.php(318): CodeIgniter\CodeIgniter->handleRequest(NULL, Object(Config\Cache), false)
#5 /home/flasheep/public_html/index.php(37): CodeIgniter\CodeIgniter->run()
#6 {main}
CRITICAL - 2022-05-26 22:17:52 --> A non-numeric value encountered
#0 /home/flasheep/codeigniter/app/Scripts/scripts/Motocicletas/Yamaha/Yamaha_XT_24c02.php(11): CodeIgniter\Debug\Exceptions->errorHandler(2, 'A non-numeric v...', '/home/flasheep/...', 11, Array)
#1 /home/flasheep/codeigniter/app/Controllers/Script.php(172): App\Scripts\Yamaha_XT_24c02->getResult()
#2 /home/flasheep/codeigniter/system/CodeIgniter.php(824): App\Controllers\Script->run()
#3 /home/flasheep/codeigniter/system/CodeIgniter.php(410): CodeIgniter\CodeIgniter->runController(Object(App\Controllers\Script))
#4 /home/flasheep/codeigniter/system/CodeIgniter.php(318): CodeIgniter\CodeIgniter->handleRequest(NULL, Object(Config\Cache), false)
#5 /home/flasheep/public_html/index.php(37): CodeIgniter\CodeIgniter->run()
#6 {main}
CRITICAL - 2022-05-26 22:34:22 --> A non-numeric value encountered
#0 /home/flasheep/codeigniter/app/Scripts/scripts/Motocicletas/Yamaha/Yamaha_XT_24c02.php(11): CodeIgniter\Debug\Exceptions->errorHandler(2, 'A non-numeric v...', '/home/flasheep/...', 11, Array)
#1 /home/flasheep/codeigniter/app/Controllers/Script.php(172): App\Scripts\Yamaha_XT_24c02->getResult()
#2 /home/flasheep/codeigniter/system/CodeIgniter.php(824): App\Controllers\Script->run()
#3 /home/flasheep/codeigniter/system/CodeIgniter.php(410): CodeIgniter\CodeIgniter->runController(Object(App\Controllers\Script))
#4 /home/flasheep/codeigniter/system/CodeIgniter.php(318): CodeIgniter\CodeIgniter->handleRequest(NULL, Object(Config\Cache), false)
#5 /home/flasheep/public_html/index.php(37): CodeIgniter\CodeIgniter->run()
#6 {main}
