CRITICAL - 2022-03-12 15:58:50 --> Class '\App\Scripts\Hyundai_Genesis_2011_24c16' not found
#0 /home2/dgmtools/codeigniter/app/Controllers/Script.php(53): App\Scripts\Script::getScript('scripts/Hyundai...', '14C300000000000...')
#1 /home2/dgmtools/codeigniter/system/CodeIgniter.php(824): App\Controllers\Script->run()
#2 /home2/dgmtools/codeigniter/system/CodeIgniter.php(410): CodeIgniter\CodeIgniter->runController(Object(App\Controllers\Script))
#3 /home2/dgmtools/codeigniter/system/CodeIgniter.php(318): CodeIgniter\CodeIgniter->handleRequest(NULL, Object(Config\Cache), false)
#4 /home2/dgmtools/public_html/flasheeprom.com/index.php(37): CodeIgniter\CodeIgniter->run()
#5 {main}
CRITICAL - 2022-03-12 15:58:53 --> Class '\App\Scripts\Hyundai_Genesis_2011_24c16' not found
#0 /home2/dgmtools/codeigniter/app/Controllers/Script.php(53): App\Scripts\Script::getScript('scripts/Hyundai...', '14C300000000000...')
#1 /home2/dgmtools/codeigniter/system/CodeIgniter.php(824): App\Controllers\Script->run()
#2 /home2/dgmtools/codeigniter/system/CodeIgniter.php(410): CodeIgniter\CodeIgniter->runController(Object(App\Controllers\Script))
#3 /home2/dgmtools/codeigniter/system/CodeIgniter.php(318): CodeIgniter\CodeIgniter->handleRequest(NULL, Object(Config\Cache), false)
#4 /home2/dgmtools/public_html/flasheeprom.com/index.php(37): CodeIgniter\CodeIgniter->run()
#5 {main}
CRITICAL - 2022-03-12 16:48:45 --> syntax error, unexpected ','
#0 /home2/dgmtools/codeigniter/app/Controllers/Script.php(53): App\Scripts\Script::getScript('scripts/Acura/A...', 'FFFFFFFFFFFFFFF...')
#1 /home2/dgmtools/codeigniter/system/CodeIgniter.php(824): App\Controllers\Script->run()
#2 /home2/dgmtools/codeigniter/system/CodeIgniter.php(410): CodeIgniter\CodeIgniter->runController(Object(App\Controllers\Script))
#3 /home2/dgmtools/codeigniter/system/CodeIgniter.php(318): CodeIgniter\CodeIgniter->handleRequest(NULL, Object(Config\Cache), false)
#4 /home2/dgmtools/public_html/flasheeprom.com/index.php(37): CodeIgniter\CodeIgniter->run()
#5 {main}
CRITICAL - 2022-03-12 16:48:47 --> syntax error, unexpected ','
#0 /home2/dgmtools/codeigniter/app/Controllers/Script.php(53): App\Scripts\Script::getScript('scripts/Acura/A...', 'FFFFFFFFFFFFFFF...')
#1 /home2/dgmtools/codeigniter/system/CodeIgniter.php(824): App\Controllers\Script->run()
#2 /home2/dgmtools/codeigniter/system/CodeIgniter.php(410): CodeIgniter\CodeIgniter->runController(Object(App\Controllers\Script))
#3 /home2/dgmtools/codeigniter/system/CodeIgniter.php(318): CodeIgniter\CodeIgniter->handleRequest(NULL, Object(Config\Cache), false)
#4 /home2/dgmtools/public_html/flasheeprom.com/index.php(37): CodeIgniter\CodeIgniter->run()
#5 {main}
ERROR - 2022-03-12 17:05:22 --> Incorrect string value: '\xC3o2020...' for column 'filename' at row 1
