CRITICAL - 2022-07-16 00:29:20 --> A non-numeric value encountered
#0 /home/flasheep/codeigniter/app/Scripts/scripts/Jeep/Jeep_Cherokee_Limited_1998_99_93c56.php(13): CodeIgniter\Debug\Exceptions->errorHandler(2, 'A non-numeric v...', '/home/flasheep/...', 13, Array)
#1 /home/flasheep/codeigniter/app/Controllers/Script.php(172): App\Scripts\Jeep_Cherokee_Limited_1998_99_93c56->getResult()
#2 /home/flasheep/codeigniter/system/CodeIgniter.php(824): App\Controllers\Script->run()
#3 /home/flasheep/codeigniter/system/CodeIgniter.php(410): CodeIgniter\CodeIgniter->runController(Object(App\Controllers\Script))
#4 /home/flasheep/codeigniter/system/CodeIgniter.php(318): CodeIgniter\CodeIgniter->handleRequest(NULL, Object(Config\Cache), false)
#5 /home/flasheep/public_html/index.php(37): CodeIgniter\CodeIgniter->run()
#6 {main}
CRITICAL - 2022-07-16 00:29:21 --> A non-numeric value encountered
#0 /home/flasheep/codeigniter/app/Scripts/scripts/Jeep/Jeep_Cherokee_Limited_1998_99_93c56.php(13): CodeIgniter\Debug\Exceptions->errorHandler(2, 'A non-numeric v...', '/home/flasheep/...', 13, Array)
#1 /home/flasheep/codeigniter/app/Controllers/Script.php(172): App\Scripts\Jeep_Cherokee_Limited_1998_99_93c56->getResult()
#2 /home/flasheep/codeigniter/system/CodeIgniter.php(824): App\Controllers\Script->run()
#3 /home/flasheep/codeigniter/system/CodeIgniter.php(410): CodeIgniter\CodeIgniter->runController(Object(App\Controllers\Script))
#4 /home/flasheep/codeigniter/system/CodeIgniter.php(318): CodeIgniter\CodeIgniter->handleRequest(NULL, Object(Config\Cache), false)
#5 /home/flasheep/public_html/index.php(37): CodeIgniter\CodeIgniter->run()
#6 {main}
CRITICAL - 2022-07-16 00:29:21 --> A non-numeric value encountered
#0 /home/flasheep/codeigniter/app/Scripts/scripts/Jeep/Jeep_Cherokee_Limited_1998_99_93c56.php(13): CodeIgniter\Debug\Exceptions->errorHandler(2, 'A non-numeric v...', '/home/flasheep/...', 13, Array)
#1 /home/flasheep/codeigniter/app/Controllers/Script.php(172): App\Scripts\Jeep_Cherokee_Limited_1998_99_93c56->getResult()
#2 /home/flasheep/codeigniter/system/CodeIgniter.php(824): App\Controllers\Script->run()
#3 /home/flasheep/codeigniter/system/CodeIgniter.php(410): CodeIgniter\CodeIgniter->runController(Object(App\Controllers\Script))
#4 /home/flasheep/codeigniter/system/CodeIgniter.php(318): CodeIgniter\CodeIgniter->handleRequest(NULL, Object(Config\Cache), false)
#5 /home/flasheep/public_html/index.php(37): CodeIgniter\CodeIgniter->run()
#6 {main}
CRITICAL - 2022-07-16 00:29:23 --> A non-numeric value encountered
#0 /home/flasheep/codeigniter/app/Scripts/scripts/Jeep/Jeep_Cherokee_Limited_1998_99_93c56.php(13): CodeIgniter\Debug\Exceptions->errorHandler(2, 'A non-numeric v...', '/home/flasheep/...', 13, Array)
#1 /home/flasheep/codeigniter/app/Controllers/Script.php(172): App\Scripts\Jeep_Cherokee_Limited_1998_99_93c56->getResult()
#2 /home/flasheep/codeigniter/system/CodeIgniter.php(824): App\Controllers\Script->run()
#3 /home/flasheep/codeigniter/system/CodeIgniter.php(410): CodeIgniter\CodeIgniter->runController(Object(App\Controllers\Script))
#4 /home/flasheep/codeigniter/system/CodeIgniter.php(318): CodeIgniter\CodeIgniter->handleRequest(NULL, Object(Config\Cache), false)
#5 /home/flasheep/public_html/index.php(37): CodeIgniter\CodeIgniter->run()
#6 {main}
