CRITICAL - 2022-04-09 11:11:04 --> Use of undefined constant number - assumed 'number' (this will throw an Error in a future version of PHP)
#0 /home/flasheep/codeigniter/app/Scripts/scripts/Chevrolet/Aveo/Chevrolet_Aveo_Emotion_2012_93Lc56.php(13): CodeIgniter\Debug\Exceptions->errorHandler(2, 'Use of undefine...', '/home/flasheep/...', 13, Array)
#1 /home/flasheep/codeigniter/app/Controllers/Script.php(101): App\Scripts\Chevrolet_Aveo_Emotion_2012_93Lc56->getResult()
#2 /home/flasheep/codeigniter/system/CodeIgniter.php(824): App\Controllers\Script->run()
#3 /home/flasheep/codeigniter/system/CodeIgniter.php(410): CodeIgniter\CodeIgniter->runController(Object(App\Controllers\Script))
#4 /home/flasheep/codeigniter/system/CodeIgniter.php(318): CodeIgniter\CodeIgniter->handleRequest(NULL, Object(Config\Cache), false)
#5 /home/flasheep/public_html/index.php(37): CodeIgniter\CodeIgniter->run()
#6 {main}
CRITICAL - 2022-04-09 11:11:05 --> Use of undefined constant number - assumed 'number' (this will throw an Error in a future version of PHP)
#0 /home/flasheep/codeigniter/app/Scripts/scripts/Chevrolet/Aveo/Chevrolet_Aveo_Emotion_2012_93Lc56.php(13): CodeIgniter\Debug\Exceptions->errorHandler(2, 'Use of undefine...', '/home/flasheep/...', 13, Array)
#1 /home/flasheep/codeigniter/app/Controllers/Script.php(101): App\Scripts\Chevrolet_Aveo_Emotion_2012_93Lc56->getResult()
#2 /home/flasheep/codeigniter/system/CodeIgniter.php(824): App\Controllers\Script->run()
#3 /home/flasheep/codeigniter/system/CodeIgniter.php(410): CodeIgniter\CodeIgniter->runController(Object(App\Controllers\Script))
#4 /home/flasheep/codeigniter/system/CodeIgniter.php(318): CodeIgniter\CodeIgniter->handleRequest(NULL, Object(Config\Cache), false)
#5 /home/flasheep/public_html/index.php(37): CodeIgniter\CodeIgniter->run()
#6 {main}
CRITICAL - 2022-04-09 11:11:06 --> Use of undefined constant number - assumed 'number' (this will throw an Error in a future version of PHP)
#0 /home/flasheep/codeigniter/app/Scripts/scripts/Chevrolet/Aveo/Chevrolet_Aveo_Emotion_2012_93Lc56.php(13): CodeIgniter\Debug\Exceptions->errorHandler(2, 'Use of undefine...', '/home/flasheep/...', 13, Array)
#1 /home/flasheep/codeigniter/app/Controllers/Script.php(101): App\Scripts\Chevrolet_Aveo_Emotion_2012_93Lc56->getResult()
#2 /home/flasheep/codeigniter/system/CodeIgniter.php(824): App\Controllers\Script->run()
#3 /home/flasheep/codeigniter/system/CodeIgniter.php(410): CodeIgniter\CodeIgniter->runController(Object(App\Controllers\Script))
#4 /home/flasheep/codeigniter/system/CodeIgniter.php(318): CodeIgniter\CodeIgniter->handleRequest(NULL, Object(Config\Cache), false)
#5 /home/flasheep/public_html/index.php(37): CodeIgniter\CodeIgniter->run()
#6 {main}
CRITICAL - 2022-04-09 11:11:07 --> Use of undefined constant number - assumed 'number' (this will throw an Error in a future version of PHP)
#0 /home/flasheep/codeigniter/app/Scripts/scripts/Chevrolet/Aveo/Chevrolet_Aveo_Emotion_2012_93Lc56.php(13): CodeIgniter\Debug\Exceptions->errorHandler(2, 'Use of undefine...', '/home/flasheep/...', 13, Array)
#1 /home/flasheep/codeigniter/app/Controllers/Script.php(101): App\Scripts\Chevrolet_Aveo_Emotion_2012_93Lc56->getResult()
#2 /home/flasheep/codeigniter/system/CodeIgniter.php(824): App\Controllers\Script->run()
#3 /home/flasheep/codeigniter/system/CodeIgniter.php(410): CodeIgniter\CodeIgniter->runController(Object(App\Controllers\Script))
#4 /home/flasheep/codeigniter/system/CodeIgniter.php(318): CodeIgniter\CodeIgniter->handleRequest(NULL, Object(Config\Cache), false)
#5 /home/flasheep/public_html/index.php(37): CodeIgniter\CodeIgniter->run()
#6 {main}
CRITICAL - 2022-04-09 11:11:07 --> Use of undefined constant number - assumed 'number' (this will throw an Error in a future version of PHP)
#0 /home/flasheep/codeigniter/app/Scripts/scripts/Chevrolet/Aveo/Chevrolet_Aveo_Emotion_2012_93Lc56.php(13): CodeIgniter\Debug\Exceptions->errorHandler(2, 'Use of undefine...', '/home/flasheep/...', 13, Array)
#1 /home/flasheep/codeigniter/app/Controllers/Script.php(101): App\Scripts\Chevrolet_Aveo_Emotion_2012_93Lc56->getResult()
#2 /home/flasheep/codeigniter/system/CodeIgniter.php(824): App\Controllers\Script->run()
#3 /home/flasheep/codeigniter/system/CodeIgniter.php(410): CodeIgniter\CodeIgniter->runController(Object(App\Controllers\Script))
#4 /home/flasheep/codeigniter/system/CodeIgniter.php(318): CodeIgniter\CodeIgniter->handleRequest(NULL, Object(Config\Cache), false)
#5 /home/flasheep/public_html/index.php(37): CodeIgniter\CodeIgniter->run()
#6 {main}
CRITICAL - 2022-04-09 11:11:07 --> Use of undefined constant number - assumed 'number' (this will throw an Error in a future version of PHP)
#0 /home/flasheep/codeigniter/app/Scripts/scripts/Chevrolet/Aveo/Chevrolet_Aveo_Emotion_2012_93Lc56.php(13): CodeIgniter\Debug\Exceptions->errorHandler(2, 'Use of undefine...', '/home/flasheep/...', 13, Array)
#1 /home/flasheep/codeigniter/app/Controllers/Script.php(101): App\Scripts\Chevrolet_Aveo_Emotion_2012_93Lc56->getResult()
#2 /home/flasheep/codeigniter/system/CodeIgniter.php(824): App\Controllers\Script->run()
#3 /home/flasheep/codeigniter/system/CodeIgniter.php(410): CodeIgniter\CodeIgniter->runController(Object(App\Controllers\Script))
#4 /home/flasheep/codeigniter/system/CodeIgniter.php(318): CodeIgniter\CodeIgniter->handleRequest(NULL, Object(Config\Cache), false)
#5 /home/flasheep/public_html/index.php(37): CodeIgniter\CodeIgniter->run()
#6 {main}
CRITICAL - 2022-04-09 11:11:12 --> Use of undefined constant number - assumed 'number' (this will throw an Error in a future version of PHP)
#0 /home/flasheep/codeigniter/app/Scripts/scripts/Chevrolet/Aveo/Chevrolet_Aveo_Emotion_2012_93Lc56.php(13): CodeIgniter\Debug\Exceptions->errorHandler(2, 'Use of undefine...', '/home/flasheep/...', 13, Array)
#1 /home/flasheep/codeigniter/app/Controllers/Script.php(101): App\Scripts\Chevrolet_Aveo_Emotion_2012_93Lc56->getResult()
#2 /home/flasheep/codeigniter/system/CodeIgniter.php(824): App\Controllers\Script->run()
#3 /home/flasheep/codeigniter/system/CodeIgniter.php(410): CodeIgniter\CodeIgniter->runController(Object(App\Controllers\Script))
#4 /home/flasheep/codeigniter/system/CodeIgniter.php(318): CodeIgniter\CodeIgniter->handleRequest(NULL, Object(Config\Cache), false)
#5 /home/flasheep/public_html/index.php(37): CodeIgniter\CodeIgniter->run()
#6 {main}
CRITICAL - 2022-04-09 19:00:00 --> Invalid response
#0 /home/flasheep/codeigniter/app/Payment/Paypal/Client.php(95): App\Payment\Paypal\Client->getToken()
#1 /home/flasheep/codeigniter/app/Payment/Paypal/Client.php(113): App\Payment\Paypal\Client->makeRequest('v1/notification...', Array, '5e71afec57664db...')
#2 /home/flasheep/codeigniter/app/Payment/Paypal/Client.php(138): App\Payment\Paypal\Client->makeCreateRequest('v1/notification...', Array, '5e71afec57664db...')
#3 /home/flasheep/codeigniter/app/Payment/Paypal.php(99): App\Payment\Paypal\Client->createWebhook(Array, '5e71afec57664db...')
#4 /home/flasheep/codeigniter/app/Payment/Paypal.php(111): App\Payment\Paypal->createHook()
#5 /home/flasheep/codeigniter/app/Controllers/Subscription.php(32): App\Payment\Paypal->getPlan()
#6 /home/flasheep/codeigniter/system/CodeIgniter.php(824): App\Controllers\Subscription->index()
#7 /home/flasheep/codeigniter/system/CodeIgniter.php(410): CodeIgniter\CodeIgniter->runController(Object(App\Controllers\Subscription))
#8 /home/flasheep/codeigniter/system/CodeIgniter.php(318): CodeIgniter\CodeIgniter->handleRequest(NULL, Object(Config\Cache), false)
#9 /home/flasheep/public_html/index.php(37): CodeIgniter\CodeIgniter->run()
#10 {main}
CRITICAL - 2022-04-09 19:00:07 --> Invalid response
#0 /home/flasheep/codeigniter/app/Payment/Paypal/Client.php(95): App\Payment\Paypal\Client->getToken()
#1 /home/flasheep/codeigniter/app/Payment/Paypal/Client.php(113): App\Payment\Paypal\Client->makeRequest('v1/notification...', Array, '5e71afec57664db...')
#2 /home/flasheep/codeigniter/app/Payment/Paypal/Client.php(138): App\Payment\Paypal\Client->makeCreateRequest('v1/notification...', Array, '5e71afec57664db...')
#3 /home/flasheep/codeigniter/app/Payment/Paypal.php(99): App\Payment\Paypal\Client->createWebhook(Array, '5e71afec57664db...')
#4 /home/flasheep/codeigniter/app/Payment/Paypal.php(111): App\Payment\Paypal->createHook()
#5 /home/flasheep/codeigniter/app/Controllers/Subscription.php(32): App\Payment\Paypal->getPlan()
#6 /home/flasheep/codeigniter/system/CodeIgniter.php(824): App\Controllers\Subscription->index()
#7 /home/flasheep/codeigniter/system/CodeIgniter.php(410): CodeIgniter\CodeIgniter->runController(Object(App\Controllers\Subscription))
#8 /home/flasheep/codeigniter/system/CodeIgniter.php(318): CodeIgniter\CodeIgniter->handleRequest(NULL, Object(Config\Cache), false)
#9 /home/flasheep/public_html/index.php(37): CodeIgniter\CodeIgniter->run()
#10 {main}
CRITICAL - 2022-04-09 19:03:53 --> Invalid response
#0 /home/flasheep/codeigniter/app/Payment/Paypal/Client.php(95): App\Payment\Paypal\Client->getToken()
#1 /home/flasheep/codeigniter/app/Payment/Paypal/Client.php(113): App\Payment\Paypal\Client->makeRequest('v1/notification...', Array, '5e71afec57664db...')
#2 /home/flasheep/codeigniter/app/Payment/Paypal/Client.php(138): App\Payment\Paypal\Client->makeCreateRequest('v1/notification...', Array, '5e71afec57664db...')
#3 /home/flasheep/codeigniter/app/Payment/Paypal.php(99): App\Payment\Paypal\Client->createWebhook(Array, '5e71afec57664db...')
#4 /home/flasheep/codeigniter/app/Payment/Paypal.php(111): App\Payment\Paypal->createHook()
#5 /home/flasheep/codeigniter/app/Controllers/Subscription.php(32): App\Payment\Paypal->getPlan()
#6 /home/flasheep/codeigniter/system/CodeIgniter.php(824): App\Controllers\Subscription->index()
#7 /home/flasheep/codeigniter/system/CodeIgniter.php(410): CodeIgniter\CodeIgniter->runController(Object(App\Controllers\Subscription))
#8 /home/flasheep/codeigniter/system/CodeIgniter.php(318): CodeIgniter\CodeIgniter->handleRequest(NULL, Object(Config\Cache), false)
#9 /home/flasheep/public_html/index.php(37): CodeIgniter\CodeIgniter->run()
#10 {main}
CRITICAL - 2022-04-09 19:03:55 --> Invalid response
#0 /home/flasheep/codeigniter/app/Payment/Paypal/Client.php(95): App\Payment\Paypal\Client->getToken()
#1 /home/flasheep/codeigniter/app/Payment/Paypal/Client.php(113): App\Payment\Paypal\Client->makeRequest('v1/notification...', Array, '5e71afec57664db...')
#2 /home/flasheep/codeigniter/app/Payment/Paypal/Client.php(138): App\Payment\Paypal\Client->makeCreateRequest('v1/notification...', Array, '5e71afec57664db...')
#3 /home/flasheep/codeigniter/app/Payment/Paypal.php(99): App\Payment\Paypal\Client->createWebhook(Array, '5e71afec57664db...')
#4 /home/flasheep/codeigniter/app/Payment/Paypal.php(111): App\Payment\Paypal->createHook()
#5 /home/flasheep/codeigniter/app/Controllers/Subscription.php(32): App\Payment\Paypal->getPlan()
#6 /home/flasheep/codeigniter/system/CodeIgniter.php(824): App\Controllers\Subscription->index()
#7 /home/flasheep/codeigniter/system/CodeIgniter.php(410): CodeIgniter\CodeIgniter->runController(Object(App\Controllers\Subscription))
#8 /home/flasheep/codeigniter/system/CodeIgniter.php(318): CodeIgniter\CodeIgniter->handleRequest(NULL, Object(Config\Cache), false)
#9 /home/flasheep/public_html/index.php(37): CodeIgniter\CodeIgniter->run()
#10 {main}
CRITICAL - 2022-04-09 19:04:03 --> Invalid response
#0 /home/flasheep/codeigniter/app/Payment/Paypal/Client.php(95): App\Payment\Paypal\Client->getToken()
#1 /home/flasheep/codeigniter/app/Payment/Paypal/Client.php(113): App\Payment\Paypal\Client->makeRequest('v1/notification...', Array, '5e71afec57664db...')
#2 /home/flasheep/codeigniter/app/Payment/Paypal/Client.php(138): App\Payment\Paypal\Client->makeCreateRequest('v1/notification...', Array, '5e71afec57664db...')
#3 /home/flasheep/codeigniter/app/Payment/Paypal.php(99): App\Payment\Paypal\Client->createWebhook(Array, '5e71afec57664db...')
#4 /home/flasheep/codeigniter/app/Payment/Paypal.php(111): App\Payment\Paypal->createHook()
#5 /home/flasheep/codeigniter/app/Controllers/Subscription.php(32): App\Payment\Paypal->getPlan()
#6 /home/flasheep/codeigniter/system/CodeIgniter.php(824): App\Controllers\Subscription->index()
#7 /home/flasheep/codeigniter/system/CodeIgniter.php(410): CodeIgniter\CodeIgniter->runController(Object(App\Controllers\Subscription))
#8 /home/flasheep/codeigniter/system/CodeIgniter.php(318): CodeIgniter\CodeIgniter->handleRequest(NULL, Object(Config\Cache), false)
#9 /home/flasheep/public_html/index.php(37): CodeIgniter\CodeIgniter->run()
#10 {main}
CRITICAL - 2022-04-09 19:04:47 --> Invalid response
#0 /home/flasheep/codeigniter/app/Payment/Paypal/Client.php(95): App\Payment\Paypal\Client->getToken()
#1 /home/flasheep/codeigniter/app/Payment/Paypal/Client.php(113): App\Payment\Paypal\Client->makeRequest('v1/notification...', Array, '5e71afec57664db...')
#2 /home/flasheep/codeigniter/app/Payment/Paypal/Client.php(138): App\Payment\Paypal\Client->makeCreateRequest('v1/notification...', Array, '5e71afec57664db...')
#3 /home/flasheep/codeigniter/app/Payment/Paypal.php(99): App\Payment\Paypal\Client->createWebhook(Array, '5e71afec57664db...')
#4 /home/flasheep/codeigniter/app/Payment/Paypal.php(111): App\Payment\Paypal->createHook()
#5 /home/flasheep/codeigniter/app/Controllers/Subscription.php(32): App\Payment\Paypal->getPlan()
#6 /home/flasheep/codeigniter/system/CodeIgniter.php(824): App\Controllers\Subscription->index()
#7 /home/flasheep/codeigniter/system/CodeIgniter.php(410): CodeIgniter\CodeIgniter->runController(Object(App\Controllers\Subscription))
#8 /home/flasheep/codeigniter/system/CodeIgniter.php(318): CodeIgniter\CodeIgniter->handleRequest(NULL, Object(Config\Cache), false)
#9 /home/flasheep/public_html/index.php(37): CodeIgniter\CodeIgniter->run()
#10 {main}
CRITICAL - 2022-04-09 19:04:53 --> Invalid response
#0 /home/flasheep/codeigniter/app/Payment/Paypal/Client.php(95): App\Payment\Paypal\Client->getToken()
#1 /home/flasheep/codeigniter/app/Payment/Paypal/Client.php(113): App\Payment\Paypal\Client->makeRequest('v1/notification...', Array, '5e71afec57664db...')
#2 /home/flasheep/codeigniter/app/Payment/Paypal/Client.php(138): App\Payment\Paypal\Client->makeCreateRequest('v1/notification...', Array, '5e71afec57664db...')
#3 /home/flasheep/codeigniter/app/Payment/Paypal.php(99): App\Payment\Paypal\Client->createWebhook(Array, '5e71afec57664db...')
#4 /home/flasheep/codeigniter/app/Payment/Paypal.php(111): App\Payment\Paypal->createHook()
#5 /home/flasheep/codeigniter/app/Controllers/Subscription.php(32): App\Payment\Paypal->getPlan()
#6 /home/flasheep/codeigniter/system/CodeIgniter.php(824): App\Controllers\Subscription->index()
#7 /home/flasheep/codeigniter/system/CodeIgniter.php(410): CodeIgniter\CodeIgniter->runController(Object(App\Controllers\Subscription))
#8 /home/flasheep/codeigniter/system/CodeIgniter.php(318): CodeIgniter\CodeIgniter->handleRequest(NULL, Object(Config\Cache), false)
#9 /home/flasheep/public_html/index.php(37): CodeIgniter\CodeIgniter->run()
#10 {main}
CRITICAL - 2022-04-09 19:06:20 --> Invalid response
#0 /home/flasheep/codeigniter/app/Payment/Paypal/Client.php(95): App\Payment\Paypal\Client->getToken()
#1 /home/flasheep/codeigniter/app/Payment/Paypal/Client.php(113): App\Payment\Paypal\Client->makeRequest('v1/notification...', Array, '5e71afec57664db...')
#2 /home/flasheep/codeigniter/app/Payment/Paypal/Client.php(138): App\Payment\Paypal\Client->makeCreateRequest('v1/notification...', Array, '5e71afec57664db...')
#3 /home/flasheep/codeigniter/app/Payment/Paypal.php(99): App\Payment\Paypal\Client->createWebhook(Array, '5e71afec57664db...')
#4 /home/flasheep/codeigniter/app/Payment/Paypal.php(111): App\Payment\Paypal->createHook()
#5 /home/flasheep/codeigniter/app/Controllers/Subscription.php(32): App\Payment\Paypal->getPlan()
#6 /home/flasheep/codeigniter/system/CodeIgniter.php(824): App\Controllers\Subscription->index()
#7 /home/flasheep/codeigniter/system/CodeIgniter.php(410): CodeIgniter\CodeIgniter->runController(Object(App\Controllers\Subscription))
#8 /home/flasheep/codeigniter/system/CodeIgniter.php(318): CodeIgniter\CodeIgniter->handleRequest(NULL, Object(Config\Cache), false)
#9 /home/flasheep/public_html/index.php(37): CodeIgniter\CodeIgniter->run()
#10 {main}
CRITICAL - 2022-04-09 19:06:38 --> Invalid response
#0 /home/flasheep/codeigniter/app/Payment/Paypal/Client.php(95): App\Payment\Paypal\Client->getToken()
#1 /home/flasheep/codeigniter/app/Payment/Paypal/Client.php(113): App\Payment\Paypal\Client->makeRequest('v1/notification...', Array, '5e71afec57664db...')
#2 /home/flasheep/codeigniter/app/Payment/Paypal/Client.php(138): App\Payment\Paypal\Client->makeCreateRequest('v1/notification...', Array, '5e71afec57664db...')
#3 /home/flasheep/codeigniter/app/Payment/Paypal.php(99): App\Payment\Paypal\Client->createWebhook(Array, '5e71afec57664db...')
#4 /home/flasheep/codeigniter/app/Payment/Paypal.php(111): App\Payment\Paypal->createHook()
#5 /home/flasheep/codeigniter/app/Controllers/Subscription.php(32): App\Payment\Paypal->getPlan()
#6 /home/flasheep/codeigniter/system/CodeIgniter.php(824): App\Controllers\Subscription->index()
#7 /home/flasheep/codeigniter/system/CodeIgniter.php(410): CodeIgniter\CodeIgniter->runController(Object(App\Controllers\Subscription))
#8 /home/flasheep/codeigniter/system/CodeIgniter.php(318): CodeIgniter\CodeIgniter->handleRequest(NULL, Object(Config\Cache), false)
#9 /home/flasheep/public_html/index.php(37): CodeIgniter\CodeIgniter->run()
#10 {main}
CRITICAL - 2022-04-09 19:06:45 --> Invalid response
#0 /home/flasheep/codeigniter/app/Payment/Paypal/Client.php(95): App\Payment\Paypal\Client->getToken()
#1 /home/flasheep/codeigniter/app/Payment/Paypal/Client.php(113): App\Payment\Paypal\Client->makeRequest('v1/notification...', Array, '5e71afec57664db...')
#2 /home/flasheep/codeigniter/app/Payment/Paypal/Client.php(138): App\Payment\Paypal\Client->makeCreateRequest('v1/notification...', Array, '5e71afec57664db...')
#3 /home/flasheep/codeigniter/app/Payment/Paypal.php(99): App\Payment\Paypal\Client->createWebhook(Array, '5e71afec57664db...')
#4 /home/flasheep/codeigniter/app/Payment/Paypal.php(111): App\Payment\Paypal->createHook()
#5 /home/flasheep/codeigniter/app/Controllers/Subscription.php(32): App\Payment\Paypal->getPlan()
#6 /home/flasheep/codeigniter/system/CodeIgniter.php(824): App\Controllers\Subscription->index()
#7 /home/flasheep/codeigniter/system/CodeIgniter.php(410): CodeIgniter\CodeIgniter->runController(Object(App\Controllers\Subscription))
#8 /home/flasheep/codeigniter/system/CodeIgniter.php(318): CodeIgniter\CodeIgniter->handleRequest(NULL, Object(Config\Cache), false)
#9 /home/flasheep/public_html/index.php(37): CodeIgniter\CodeIgniter->run()
#10 {main}
CRITICAL - 2022-04-09 19:07:02 --> Invalid response
#0 /home/flasheep/codeigniter/app/Payment/Paypal/Client.php(95): App\Payment\Paypal\Client->getToken()
#1 /home/flasheep/codeigniter/app/Payment/Paypal/Client.php(113): App\Payment\Paypal\Client->makeRequest('v1/notification...', Array, '5e71afec57664db...')
#2 /home/flasheep/codeigniter/app/Payment/Paypal/Client.php(138): App\Payment\Paypal\Client->makeCreateRequest('v1/notification...', Array, '5e71afec57664db...')
#3 /home/flasheep/codeigniter/app/Payment/Paypal.php(99): App\Payment\Paypal\Client->createWebhook(Array, '5e71afec57664db...')
#4 /home/flasheep/codeigniter/app/Payment/Paypal.php(111): App\Payment\Paypal->createHook()
#5 /home/flasheep/codeigniter/app/Controllers/Subscription.php(32): App\Payment\Paypal->getPlan()
#6 /home/flasheep/codeigniter/system/CodeIgniter.php(824): App\Controllers\Subscription->index()
#7 /home/flasheep/codeigniter/system/CodeIgniter.php(410): CodeIgniter\CodeIgniter->runController(Object(App\Controllers\Subscription))
#8 /home/flasheep/codeigniter/system/CodeIgniter.php(318): CodeIgniter\CodeIgniter->handleRequest(NULL, Object(Config\Cache), false)
#9 /home/flasheep/public_html/index.php(37): CodeIgniter\CodeIgniter->run()
#10 {main}
CRITICAL - 2022-04-09 21:56:57 --> Invalid response
#0 /home/flasheep/codeigniter/app/Payment/Paypal/Client.php(95): App\Payment\Paypal\Client->getToken()
#1 /home/flasheep/codeigniter/app/Payment/Paypal/Client.php(113): App\Payment\Paypal\Client->makeRequest('v1/notification...', Array, '5e71afec57664db...')
#2 /home/flasheep/codeigniter/app/Payment/Paypal/Client.php(138): App\Payment\Paypal\Client->makeCreateRequest('v1/notification...', Array, '5e71afec57664db...')
#3 /home/flasheep/codeigniter/app/Payment/Paypal.php(99): App\Payment\Paypal\Client->createWebhook(Array, '5e71afec57664db...')
#4 /home/flasheep/codeigniter/app/Payment/Paypal.php(111): App\Payment\Paypal->createHook()
#5 /home/flasheep/codeigniter/app/Controllers/Subscription.php(32): App\Payment\Paypal->getPlan()
#6 /home/flasheep/codeigniter/system/CodeIgniter.php(824): App\Controllers\Subscription->index()
#7 /home/flasheep/codeigniter/system/CodeIgniter.php(410): CodeIgniter\CodeIgniter->runController(Object(App\Controllers\Subscription))
#8 /home/flasheep/codeigniter/system/CodeIgniter.php(318): CodeIgniter\CodeIgniter->handleRequest(NULL, Object(Config\Cache), false)
#9 /home/flasheep/public_html/index.php(37): CodeIgniter\CodeIgniter->run()
#10 {main}
CRITICAL - 2022-04-09 21:58:39 --> Invalid response
#0 /home/flasheep/codeigniter/app/Payment/Paypal/Client.php(95): App\Payment\Paypal\Client->getToken()
#1 /home/flasheep/codeigniter/app/Payment/Paypal/Client.php(113): App\Payment\Paypal\Client->makeRequest('v1/notification...', Array, '5e71afec57664db...')
#2 /home/flasheep/codeigniter/app/Payment/Paypal/Client.php(138): App\Payment\Paypal\Client->makeCreateRequest('v1/notification...', Array, '5e71afec57664db...')
#3 /home/flasheep/codeigniter/app/Payment/Paypal.php(99): App\Payment\Paypal\Client->createWebhook(Array, '5e71afec57664db...')
#4 /home/flasheep/codeigniter/app/Payment/Paypal.php(111): App\Payment\Paypal->createHook()
#5 /home/flasheep/codeigniter/app/Controllers/Subscription.php(32): App\Payment\Paypal->getPlan()
#6 /home/flasheep/codeigniter/system/CodeIgniter.php(824): App\Controllers\Subscription->index()
#7 /home/flasheep/codeigniter/system/CodeIgniter.php(410): CodeIgniter\CodeIgniter->runController(Object(App\Controllers\Subscription))
#8 /home/flasheep/codeigniter/system/CodeIgniter.php(318): CodeIgniter\CodeIgniter->handleRequest(NULL, Object(Config\Cache), false)
#9 /home/flasheep/public_html/index.php(37): CodeIgniter\CodeIgniter->run()
#10 {main}
CRITICAL - 2022-04-09 22:15:06 --> include(/home/flasheep/codeigniter/vendor/composer/../tecnickcom/tcpdf/tcpdf.php): failed to open stream: No such file or directory
#0 /home/flasheep/codeigniter/vendor/composer/ClassLoader.php(480): CodeIgniter\Debug\Exceptions->errorHandler(2, 'include(/home/f...', '/home/flasheep/...', 480, Array)
#1 /home/flasheep/codeigniter/vendor/composer/ClassLoader.php(480): include()
#2 /home/flasheep/codeigniter/vendor/composer/ClassLoader.php(346): Composer\Autoload\includeFile('/home/flasheep/...')
#3 [internal function]: Composer\Autoload\ClassLoader->loadClass('TCPDF')
#4 /home/flasheep/codeigniter/app/Controllers/Subscription.php(57): spl_autoload_call('TCPDF')
#5 /home/flasheep/codeigniter/system/CodeIgniter.php(824): App\Controllers\Subscription->pdf(1)
#6 /home/flasheep/codeigniter/system/CodeIgniter.php(410): CodeIgniter\CodeIgniter->runController(Object(App\Controllers\Subscription))
#7 /home/flasheep/codeigniter/system/CodeIgniter.php(318): CodeIgniter\CodeIgniter->handleRequest(NULL, Object(Config\Cache), false)
#8 /home/flasheep/public_html/index.php(37): CodeIgniter\CodeIgniter->run()
#9 {main}
CRITICAL - 2022-04-09 22:15:57 --> include(/home/flasheep/codeigniter/vendor/composer/../tecnickcom/tcpdf/tcpdf.php): failed to open stream: No such file or directory
#0 /home/flasheep/codeigniter/vendor/composer/ClassLoader.php(480): CodeIgniter\Debug\Exceptions->errorHandler(2, 'include(/home/f...', '/home/flasheep/...', 480, Array)
#1 /home/flasheep/codeigniter/vendor/composer/ClassLoader.php(480): include()
#2 /home/flasheep/codeigniter/vendor/composer/ClassLoader.php(346): Composer\Autoload\includeFile('/home/flasheep/...')
#3 [internal function]: Composer\Autoload\ClassLoader->loadClass('TCPDF')
#4 /home/flasheep/codeigniter/app/Controllers/Subscription.php(57): spl_autoload_call('TCPDF')
#5 /home/flasheep/codeigniter/system/CodeIgniter.php(824): App\Controllers\Subscription->pdf(1)
#6 /home/flasheep/codeigniter/system/CodeIgniter.php(410): CodeIgniter\CodeIgniter->runController(Object(App\Controllers\Subscription))
#7 /home/flasheep/codeigniter/system/CodeIgniter.php(318): CodeIgniter\CodeIgniter->handleRequest(NULL, Object(Config\Cache), false)
#8 /home/flasheep/public_html/index.php(37): CodeIgniter\CodeIgniter->run()
#9 {main}
CRITICAL - 2022-04-09 22:24:24 --> Invalid response
#0 /home/flasheep/codeigniter/app/Payment/Paypal/Client.php(95): App\Payment\Paypal\Client->getToken()
#1 /home/flasheep/codeigniter/app/Payment/Paypal/Client.php(113): App\Payment\Paypal\Client->makeRequest('v1/notification...', Array, '5e71afec57664db...')
#2 /home/flasheep/codeigniter/app/Payment/Paypal/Client.php(138): App\Payment\Paypal\Client->makeCreateRequest('v1/notification...', Array, '5e71afec57664db...')
#3 /home/flasheep/codeigniter/app/Payment/Paypal.php(99): App\Payment\Paypal\Client->createWebhook(Array, '5e71afec57664db...')
#4 /home/flasheep/codeigniter/app/Payment/Paypal.php(111): App\Payment\Paypal->createHook()
#5 /home/flasheep/codeigniter/app/Controllers/Subscription.php(32): App\Payment\Paypal->getPlan()
#6 /home/flasheep/codeigniter/system/CodeIgniter.php(824): App\Controllers\Subscription->index()
#7 /home/flasheep/codeigniter/system/CodeIgniter.php(410): CodeIgniter\CodeIgniter->runController(Object(App\Controllers\Subscription))
#8 /home/flasheep/codeigniter/system/CodeIgniter.php(318): CodeIgniter\CodeIgniter->handleRequest(NULL, Object(Config\Cache), false)
#9 /home/flasheep/public_html/index.php(37): CodeIgniter\CodeIgniter->run()
#10 {main}
CRITICAL - 2022-04-09 22:24:26 --> Invalid response
#0 /home/flasheep/codeigniter/app/Payment/Paypal/Client.php(95): App\Payment\Paypal\Client->getToken()
#1 /home/flasheep/codeigniter/app/Payment/Paypal/Client.php(113): App\Payment\Paypal\Client->makeRequest('v1/notification...', Array, '5e71afec57664db...')
#2 /home/flasheep/codeigniter/app/Payment/Paypal/Client.php(138): App\Payment\Paypal\Client->makeCreateRequest('v1/notification...', Array, '5e71afec57664db...')
#3 /home/flasheep/codeigniter/app/Payment/Paypal.php(99): App\Payment\Paypal\Client->createWebhook(Array, '5e71afec57664db...')
#4 /home/flasheep/codeigniter/app/Payment/Paypal.php(111): App\Payment\Paypal->createHook()
#5 /home/flasheep/codeigniter/app/Controllers/Subscription.php(32): App\Payment\Paypal->getPlan()
#6 /home/flasheep/codeigniter/system/CodeIgniter.php(824): App\Controllers\Subscription->index()
#7 /home/flasheep/codeigniter/system/CodeIgniter.php(410): CodeIgniter\CodeIgniter->runController(Object(App\Controllers\Subscription))
#8 /home/flasheep/codeigniter/system/CodeIgniter.php(318): CodeIgniter\CodeIgniter->handleRequest(NULL, Object(Config\Cache), false)
#9 /home/flasheep/public_html/index.php(37): CodeIgniter\CodeIgniter->run()
#10 {main}
CRITICAL - 2022-04-09 23:50:17 --> Class '\App\Scripts\Demoi10' not found
#0 /home/flasheep/codeigniter/app/Scripts/ScriptList.php(89): App\Scripts\Script::getScript('scripts/Chevrol...', 'FFFFFFFFFFFFFFF...')
#1 /home/flasheep/codeigniter/app/Controllers/Script.php(123): App\Scripts\ScriptList::getScriptByPathInformation(Array, 'FFFFFFFFFFFFFFF...', Object(App\Entities\User))
#2 /home/flasheep/codeigniter/app/Controllers/Script.php(79): App\Controllers\Script->getScript(Array, 'FFFFFFFFFFFFFFF...')
#3 /home/flasheep/codeigniter/system/CodeIgniter.php(824): App\Controllers\Script->run()
#4 /home/flasheep/codeigniter/system/CodeIgniter.php(410): CodeIgniter\CodeIgniter->runController(Object(App\Controllers\Script))
#5 /home/flasheep/codeigniter/system/CodeIgniter.php(318): CodeIgniter\CodeIgniter->handleRequest(NULL, Object(Config\Cache), false)
#6 /home/flasheep/public_html/index.php(37): CodeIgniter\CodeIgniter->run()
#7 {main}
CRITICAL - 2022-04-09 23:50:21 --> Class '\App\Scripts\Demoi10' not found
#0 /home/flasheep/codeigniter/app/Scripts/ScriptList.php(89): App\Scripts\Script::getScript('scripts/Chevrol...', 'FFFFFFFFFFFFFFF...')
#1 /home/flasheep/codeigniter/app/Controllers/Script.php(123): App\Scripts\ScriptList::getScriptByPathInformation(Array, 'FFFFFFFFFFFFFFF...', Object(App\Entities\User))
#2 /home/flasheep/codeigniter/app/Controllers/Script.php(79): App\Controllers\Script->getScript(Array, 'FFFFFFFFFFFFFFF...')
#3 /home/flasheep/codeigniter/system/CodeIgniter.php(824): App\Controllers\Script->run()
#4 /home/flasheep/codeigniter/system/CodeIgniter.php(410): CodeIgniter\CodeIgniter->runController(Object(App\Controllers\Script))
#5 /home/flasheep/codeigniter/system/CodeIgniter.php(318): CodeIgniter\CodeIgniter->handleRequest(NULL, Object(Config\Cache), false)
#6 /home/flasheep/public_html/index.php(37): CodeIgniter\CodeIgniter->run()
#7 {main}
CRITICAL - 2022-04-09 23:50:25 --> Class '\App\Scripts\Demoi10' not found
#0 /home/flasheep/codeigniter/app/Scripts/ScriptList.php(89): App\Scripts\Script::getScript('scripts/Chevrol...', 'FF3F3F010B01054...')
#1 /home/flasheep/codeigniter/app/Controllers/Script.php(123): App\Scripts\ScriptList::getScriptByPathInformation(Array, 'FF3F3F010B01054...', Object(App\Entities\User))
#2 /home/flasheep/codeigniter/app/Controllers/Script.php(79): App\Controllers\Script->getScript(Array, 'FF3F3F010B01054...')
#3 /home/flasheep/codeigniter/system/CodeIgniter.php(824): App\Controllers\Script->run()
#4 /home/flasheep/codeigniter/system/CodeIgniter.php(410): CodeIgniter\CodeIgniter->runController(Object(App\Controllers\Script))
#5 /home/flasheep/codeigniter/system/CodeIgniter.php(318): CodeIgniter\CodeIgniter->handleRequest(NULL, Object(Config\Cache), false)
#6 /home/flasheep/public_html/index.php(37): CodeIgniter\CodeIgniter->run()
#7 {main}
CRITICAL - 2022-04-09 23:50:27 --> Class '\App\Scripts\Demoi10' not found
#0 /home/flasheep/codeigniter/app/Scripts/ScriptList.php(89): App\Scripts\Script::getScript('scripts/Chevrol...', 'FF3F3F010B01054...')
#1 /home/flasheep/codeigniter/app/Controllers/Script.php(123): App\Scripts\ScriptList::getScriptByPathInformation(Array, 'FF3F3F010B01054...', Object(App\Entities\User))
#2 /home/flasheep/codeigniter/app/Controllers/Script.php(79): App\Controllers\Script->getScript(Array, 'FF3F3F010B01054...')
#3 /home/flasheep/codeigniter/system/CodeIgniter.php(824): App\Controllers\Script->run()
#4 /home/flasheep/codeigniter/system/CodeIgniter.php(410): CodeIgniter\CodeIgniter->runController(Object(App\Controllers\Script))
#5 /home/flasheep/codeigniter/system/CodeIgniter.php(318): CodeIgniter\CodeIgniter->handleRequest(NULL, Object(Config\Cache), false)
#6 /home/flasheep/public_html/index.php(37): CodeIgniter\CodeIgniter->run()
#7 {main}
