CRITICAL - 2022-03-13 11:37:33 --> Argument 1 passed to App\Scripts\Nissan_Navara_checksum_9s12h256::getValueForPortion() must be of the type int, null given, called in /home2/dgmtools/codeigniter/app/Scripts/scripts/Nissan/Navara/Nissan_Navara_checksum_9s12h256.php on line 35
#0 /home2/dgmtools/codeigniter/app/Scripts/scripts/Nissan/Navara/Nissan_Navara_checksum_9s12h256.php(35): App\Scripts\Nissan_Navara_checksum_9s12h256->getValueForPortion(NULL, 1)
#1 /home2/dgmtools/codeigniter/app/Controllers/Script.php(64): App\Scripts\Nissan_Navara_checksum_9s12h256->getResult()
#2 /home2/dgmtools/codeigniter/system/CodeIgniter.php(824): App\Controllers\Script->run()
#3 /home2/dgmtools/codeigniter/system/CodeIgniter.php(410): CodeIgniter\CodeIgniter->runController(Object(App\Controllers\Script))
#4 /home2/dgmtools/codeigniter/system/CodeIgniter.php(318): CodeIgniter\CodeIgniter->handleRequest(NULL, Object(Config\Cache), false)
#5 /home2/dgmtools/public_html/flasheeprom.com/index.php(37): CodeIgniter\CodeIgniter->run()
#6 {main}
CRITICAL - 2022-03-13 11:38:01 --> Argument 1 passed to App\Scripts\Nissan_Navara_checksum_9s12h256::getValueForPortion() must be of the type int, null given, called in /home2/dgmtools/codeigniter/app/Scripts/scripts/Nissan/Navara/Nissan_Navara_checksum_9s12h256.php on line 35
#0 /home2/dgmtools/codeigniter/app/Scripts/scripts/Nissan/Navara/Nissan_Navara_checksum_9s12h256.php(35): App\Scripts\Nissan_Navara_checksum_9s12h256->getValueForPortion(NULL, 1)
#1 /home2/dgmtools/codeigniter/app/Controllers/Script.php(64): App\Scripts\Nissan_Navara_checksum_9s12h256->getResult()
#2 /home2/dgmtools/codeigniter/system/CodeIgniter.php(824): App\Controllers\Script->run()
#3 /home2/dgmtools/codeigniter/system/CodeIgniter.php(410): CodeIgniter\CodeIgniter->runController(Object(App\Controllers\Script))
#4 /home2/dgmtools/codeigniter/system/CodeIgniter.php(318): CodeIgniter\CodeIgniter->handleRequest(NULL, Object(Config\Cache), false)
#5 /home2/dgmtools/public_html/flasheeprom.com/index.php(37): CodeIgniter\CodeIgniter->run()
#6 {main}
CRITICAL - 2022-03-13 11:38:05 --> Argument 1 passed to App\Scripts\Nissan_Navara_checksum_9s12h256::getValueForPortion() must be of the type int, null given, called in /home2/dgmtools/codeigniter/app/Scripts/scripts/Nissan/Navara/Nissan_Navara_checksum_9s12h256.php on line 35
#0 /home2/dgmtools/codeigniter/app/Scripts/scripts/Nissan/Navara/Nissan_Navara_checksum_9s12h256.php(35): App\Scripts\Nissan_Navara_checksum_9s12h256->getValueForPortion(NULL, 1)
#1 /home2/dgmtools/codeigniter/app/Controllers/Script.php(64): App\Scripts\Nissan_Navara_checksum_9s12h256->getResult()
#2 /home2/dgmtools/codeigniter/system/CodeIgniter.php(824): App\Controllers\Script->run()
#3 /home2/dgmtools/codeigniter/system/CodeIgniter.php(410): CodeIgniter\CodeIgniter->runController(Object(App\Controllers\Script))
#4 /home2/dgmtools/codeigniter/system/CodeIgniter.php(318): CodeIgniter\CodeIgniter->handleRequest(NULL, Object(Config\Cache), false)
#5 /home2/dgmtools/public_html/flasheeprom.com/index.php(37): CodeIgniter\CodeIgniter->run()
#6 {main}
CRITICAL - 2022-03-13 11:38:16 --> Argument 1 passed to App\Scripts\Nissan_Navara_checksum_9s12h256::getValueForPortion() must be of the type int, null given, called in /home2/dgmtools/codeigniter/app/Scripts/scripts/Nissan/Navara/Nissan_Navara_checksum_9s12h256.php on line 35
#0 /home2/dgmtools/codeigniter/app/Scripts/scripts/Nissan/Navara/Nissan_Navara_checksum_9s12h256.php(35): App\Scripts\Nissan_Navara_checksum_9s12h256->getValueForPortion(NULL, 1)
#1 /home2/dgmtools/codeigniter/app/Controllers/Script.php(64): App\Scripts\Nissan_Navara_checksum_9s12h256->getResult()
#2 /home2/dgmtools/codeigniter/system/CodeIgniter.php(824): App\Controllers\Script->run()
#3 /home2/dgmtools/codeigniter/system/CodeIgniter.php(410): CodeIgniter\CodeIgniter->runController(Object(App\Controllers\Script))
#4 /home2/dgmtools/codeigniter/system/CodeIgniter.php(318): CodeIgniter\CodeIgniter->handleRequest(NULL, Object(Config\Cache), false)
#5 /home2/dgmtools/public_html/flasheeprom.com/index.php(37): CodeIgniter\CodeIgniter->run()
#6 {main}
CRITICAL - 2022-03-13 11:38:28 --> Argument 1 passed to App\Scripts\Nissan_Navara_checksum_9s12h256::getValueForPortion() must be of the type int, null given, called in /home2/dgmtools/codeigniter/app/Scripts/scripts/Nissan/Navara/Nissan_Navara_checksum_9s12h256.php on line 35
#0 /home2/dgmtools/codeigniter/app/Scripts/scripts/Nissan/Navara/Nissan_Navara_checksum_9s12h256.php(35): App\Scripts\Nissan_Navara_checksum_9s12h256->getValueForPortion(NULL, 1)
#1 /home2/dgmtools/codeigniter/app/Controllers/Script.php(64): App\Scripts\Nissan_Navara_checksum_9s12h256->getResult()
#2 /home2/dgmtools/codeigniter/system/CodeIgniter.php(824): App\Controllers\Script->run()
#3 /home2/dgmtools/codeigniter/system/CodeIgniter.php(410): CodeIgniter\CodeIgniter->runController(Object(App\Controllers\Script))
#4 /home2/dgmtools/codeigniter/system/CodeIgniter.php(318): CodeIgniter\CodeIgniter->handleRequest(NULL, Object(Config\Cache), false)
#5 /home2/dgmtools/public_html/flasheeprom.com/index.php(37): CodeIgniter\CodeIgniter->run()
#6 {main}
CRITICAL - 2022-03-13 11:38:43 --> Argument 1 passed to App\Scripts\Nissan_Navara_checksum_9s12h256::getValueForPortion() must be of the type int, null given, called in /home2/dgmtools/codeigniter/app/Scripts/scripts/Nissan/Navara/Nissan_Navara_checksum_9s12h256.php on line 35
#0 /home2/dgmtools/codeigniter/app/Scripts/scripts/Nissan/Navara/Nissan_Navara_checksum_9s12h256.php(35): App\Scripts\Nissan_Navara_checksum_9s12h256->getValueForPortion(NULL, 1)
#1 /home2/dgmtools/codeigniter/app/Controllers/Script.php(64): App\Scripts\Nissan_Navara_checksum_9s12h256->getResult()
#2 /home2/dgmtools/codeigniter/system/CodeIgniter.php(824): App\Controllers\Script->run()
#3 /home2/dgmtools/codeigniter/system/CodeIgniter.php(410): CodeIgniter\CodeIgniter->runController(Object(App\Controllers\Script))
#4 /home2/dgmtools/codeigniter/system/CodeIgniter.php(318): CodeIgniter\CodeIgniter->handleRequest(NULL, Object(Config\Cache), false)
#5 /home2/dgmtools/public_html/flasheeprom.com/index.php(37): CodeIgniter\CodeIgniter->run()
#6 {main}
CRITICAL - 2022-03-13 14:02:53 --> A non-numeric value encountered
#0 /home2/dgmtools/codeigniter/app/Scripts/scripts/Audi/A4/Audi_A4_UKNSV2_93C56.php(10): CodeIgniter\Debug\Exceptions->errorHandler(2, 'A non-numeric v...', '/home2/dgmtools...', 10, Array)
#1 /home2/dgmtools/codeigniter/app/Controllers/Script.php(64): App\Scripts\Audi_A4_UKNSV2_93C56->getResult()
#2 /home2/dgmtools/codeigniter/system/CodeIgniter.php(824): App\Controllers\Script->run()
#3 /home2/dgmtools/codeigniter/system/CodeIgniter.php(410): CodeIgniter\CodeIgniter->runController(Object(App\Controllers\Script))
#4 /home2/dgmtools/codeigniter/system/CodeIgniter.php(318): CodeIgniter\CodeIgniter->handleRequest(NULL, Object(Config\Cache), false)
#5 /home2/dgmtools/public_html/flasheeprom.com/index.php(37): CodeIgniter\CodeIgniter->run()
#6 {main}
CRITICAL - 2022-03-13 14:02:54 --> A non-numeric value encountered
#0 /home2/dgmtools/codeigniter/app/Scripts/scripts/Audi/A4/Audi_A4_UKNSV2_93C56.php(10): CodeIgniter\Debug\Exceptions->errorHandler(2, 'A non-numeric v...', '/home2/dgmtools...', 10, Array)
#1 /home2/dgmtools/codeigniter/app/Controllers/Script.php(64): App\Scripts\Audi_A4_UKNSV2_93C56->getResult()
#2 /home2/dgmtools/codeigniter/system/CodeIgniter.php(824): App\Controllers\Script->run()
#3 /home2/dgmtools/codeigniter/system/CodeIgniter.php(410): CodeIgniter\CodeIgniter->runController(Object(App\Controllers\Script))
#4 /home2/dgmtools/codeigniter/system/CodeIgniter.php(318): CodeIgniter\CodeIgniter->handleRequest(NULL, Object(Config\Cache), false)
#5 /home2/dgmtools/public_html/flasheeprom.com/index.php(37): CodeIgniter\CodeIgniter->run()
#6 {main}
CRITICAL - 2022-03-13 14:02:56 --> A non-numeric value encountered
#0 /home2/dgmtools/codeigniter/app/Scripts/scripts/Audi/A4/Audi_A4_UKNSV2_93C56.php(10): CodeIgniter\Debug\Exceptions->errorHandler(2, 'A non-numeric v...', '/home2/dgmtools...', 10, Array)
#1 /home2/dgmtools/codeigniter/app/Controllers/Script.php(64): App\Scripts\Audi_A4_UKNSV2_93C56->getResult()
#2 /home2/dgmtools/codeigniter/system/CodeIgniter.php(824): App\Controllers\Script->run()
#3 /home2/dgmtools/codeigniter/system/CodeIgniter.php(410): CodeIgniter\CodeIgniter->runController(Object(App\Controllers\Script))
#4 /home2/dgmtools/codeigniter/system/CodeIgniter.php(318): CodeIgniter\CodeIgniter->handleRequest(NULL, Object(Config\Cache), false)
#5 /home2/dgmtools/public_html/flasheeprom.com/index.php(37): CodeIgniter\CodeIgniter->run()
#6 {main}
