CRITICAL - 2022-05-17 00:05:54 --> Class '\App\Scripts\Hyundai_Genesis_2011_24c16' not found
#0 /home/flasheep/codeigniter/app/Scripts/ScriptList.php(159): App\Scripts\Script::getScript('scripts/Hyundai...', '1EA0098B1EA0090...')
#1 /home/flasheep/codeigniter/app/Controllers/Script.php(195): App\Scripts\ScriptList::getScriptByPathInformation(Array, '1EA0098B1EA0090...', Object(App\Entities\User))
#2 /home/flasheep/codeigniter/app/Controllers/Script.php(150): App\Controllers\Script->getScript(Array, '1EA0098B1EA0090...')
#3 /home/flasheep/codeigniter/system/CodeIgniter.php(824): App\Controllers\Script->run()
#4 /home/flasheep/codeigniter/system/CodeIgniter.php(410): CodeIgniter\CodeIgniter->runController(Object(App\Controllers\Script))
#5 /home/flasheep/codeigniter/system/CodeIgniter.php(318): CodeIgniter\CodeIgniter->handleRequest(NULL, Object(Config\Cache), false)
#6 /home/flasheep/public_html/index.php(37): CodeIgniter\CodeIgniter->run()
#7 {main}
CRITICAL - 2022-05-17 13:33:24 --> Class '\App\Scripts\Chery_QQ_S15_2018_S9S12HY64' not found
#0 /home/flasheep/codeigniter/app/Scripts/ScriptList.php(159): App\Scripts\Script::getScript('scripts/Chery/C...', 'FFFFFFFFFFFFFFF...')
#1 /home/flasheep/codeigniter/app/Controllers/Script.php(195): App\Scripts\ScriptList::getScriptByPathInformation(Array, 'FFFFFFFFFFFFFFF...', Object(App\Entities\User))
#2 /home/flasheep/codeigniter/app/Controllers/Script.php(150): App\Controllers\Script->getScript(Array, 'FFFFFFFFFFFFFFF...')
#3 /home/flasheep/codeigniter/system/CodeIgniter.php(824): App\Controllers\Script->run()
#4 /home/flasheep/codeigniter/system/CodeIgniter.php(410): CodeIgniter\CodeIgniter->runController(Object(App\Controllers\Script))
#5 /home/flasheep/codeigniter/system/CodeIgniter.php(318): CodeIgniter\CodeIgniter->handleRequest(NULL, Object(Config\Cache), false)
#6 /home/flasheep/public_html/index.php(37): CodeIgniter\CodeIgniter->run()
#7 {main}
CRITICAL - 2022-05-17 13:33:25 --> Class '\App\Scripts\Chery_QQ_S15_2018_S9S12HY64' not found
#0 /home/flasheep/codeigniter/app/Scripts/ScriptList.php(159): App\Scripts\Script::getScript('scripts/Chery/C...', 'FFFFFFFFFFFFFFF...')
#1 /home/flasheep/codeigniter/app/Controllers/Script.php(195): App\Scripts\ScriptList::getScriptByPathInformation(Array, 'FFFFFFFFFFFFFFF...', Object(App\Entities\User))
#2 /home/flasheep/codeigniter/app/Controllers/Script.php(150): App\Controllers\Script->getScript(Array, 'FFFFFFFFFFFFFFF...')
#3 /home/flasheep/codeigniter/system/CodeIgniter.php(824): App\Controllers\Script->run()
#4 /home/flasheep/codeigniter/system/CodeIgniter.php(410): CodeIgniter\CodeIgniter->runController(Object(App\Controllers\Script))
#5 /home/flasheep/codeigniter/system/CodeIgniter.php(318): CodeIgniter\CodeIgniter->handleRequest(NULL, Object(Config\Cache), false)
#6 /home/flasheep/public_html/index.php(37): CodeIgniter\CodeIgniter->run()
#7 {main}
CRITICAL - 2022-05-17 13:49:19 --> Class '\App\Scripts\Chery_QQ_s15_2017_9s12hy64' not found
#0 /home/flasheep/codeigniter/app/Scripts/ScriptList.php(159): App\Scripts\Script::getScript('scripts/Chery/C...', 'FFFFFFFFFFFFFFF...')
#1 /home/flasheep/codeigniter/app/Controllers/Script.php(195): App\Scripts\ScriptList::getScriptByPathInformation(Array, 'FFFFFFFFFFFFFFF...', Object(App\Entities\User))
#2 /home/flasheep/codeigniter/app/Controllers/Script.php(150): App\Controllers\Script->getScript(Array, 'FFFFFFFFFFFFFFF...')
#3 /home/flasheep/codeigniter/system/CodeIgniter.php(824): App\Controllers\Script->run()
#4 /home/flasheep/codeigniter/system/CodeIgniter.php(410): CodeIgniter\CodeIgniter->runController(Object(App\Controllers\Script))
#5 /home/flasheep/codeigniter/system/CodeIgniter.php(318): CodeIgniter\CodeIgniter->handleRequest(NULL, Object(Config\Cache), false)
#6 /home/flasheep/public_html/index.php(37): CodeIgniter\CodeIgniter->run()
#7 {main}
CRITICAL - 2022-05-17 13:49:21 --> Class '\App\Scripts\Chery_QQ_s15_2015_9s12hy64' not found
#0 /home/flasheep/codeigniter/app/Scripts/ScriptList.php(159): App\Scripts\Script::getScript('scripts/Chery/C...', 'FFFFFFFFFFFFFFF...')
#1 /home/flasheep/codeigniter/app/Controllers/Script.php(195): App\Scripts\ScriptList::getScriptByPathInformation(Array, 'FFFFFFFFFFFFFFF...', Object(App\Entities\User))
#2 /home/flasheep/codeigniter/app/Controllers/Script.php(150): App\Controllers\Script->getScript(Array, 'FFFFFFFFFFFFFFF...')
#3 /home/flasheep/codeigniter/system/CodeIgniter.php(824): App\Controllers\Script->run()
#4 /home/flasheep/codeigniter/system/CodeIgniter.php(410): CodeIgniter\CodeIgniter->runController(Object(App\Controllers\Script))
#5 /home/flasheep/codeigniter/system/CodeIgniter.php(318): CodeIgniter\CodeIgniter->handleRequest(NULL, Object(Config\Cache), false)
#6 /home/flasheep/public_html/index.php(37): CodeIgniter\CodeIgniter->run()
#7 {main}
CRITICAL - 2022-05-17 13:49:22 --> Class '\App\Scripts\Chery_QQ_s15_2015_9s12hy64' not found
#0 /home/flasheep/codeigniter/app/Scripts/ScriptList.php(159): App\Scripts\Script::getScript('scripts/Chery/C...', 'FFFFFFFFFFFFFFF...')
#1 /home/flasheep/codeigniter/app/Controllers/Script.php(195): App\Scripts\ScriptList::getScriptByPathInformation(Array, 'FFFFFFFFFFFFFFF...', Object(App\Entities\User))
#2 /home/flasheep/codeigniter/app/Controllers/Script.php(150): App\Controllers\Script->getScript(Array, 'FFFFFFFFFFFFFFF...')
#3 /home/flasheep/codeigniter/system/CodeIgniter.php(824): App\Controllers\Script->run()
#4 /home/flasheep/codeigniter/system/CodeIgniter.php(410): CodeIgniter\CodeIgniter->runController(Object(App\Controllers\Script))
#5 /home/flasheep/codeigniter/system/CodeIgniter.php(318): CodeIgniter\CodeIgniter->handleRequest(NULL, Object(Config\Cache), false)
#6 /home/flasheep/public_html/index.php(37): CodeIgniter\CodeIgniter->run()
#7 {main}
CRITICAL - 2022-05-17 13:49:23 --> Class '\App\Scripts\Chery_QQ_s15_2017_9s12hy64' not found
#0 /home/flasheep/codeigniter/app/Scripts/ScriptList.php(159): App\Scripts\Script::getScript('scripts/Chery/C...', 'FFFFFFFFFFFFFFF...')
#1 /home/flasheep/codeigniter/app/Controllers/Script.php(195): App\Scripts\ScriptList::getScriptByPathInformation(Array, 'FFFFFFFFFFFFFFF...', Object(App\Entities\User))
#2 /home/flasheep/codeigniter/app/Controllers/Script.php(150): App\Controllers\Script->getScript(Array, 'FFFFFFFFFFFFFFF...')
#3 /home/flasheep/codeigniter/system/CodeIgniter.php(824): App\Controllers\Script->run()
#4 /home/flasheep/codeigniter/system/CodeIgniter.php(410): CodeIgniter\CodeIgniter->runController(Object(App\Controllers\Script))
#5 /home/flasheep/codeigniter/system/CodeIgniter.php(318): CodeIgniter\CodeIgniter->handleRequest(NULL, Object(Config\Cache), false)
#6 /home/flasheep/public_html/index.php(37): CodeIgniter\CodeIgniter->run()
#7 {main}
CRITICAL - 2022-05-17 13:49:23 --> Class '\App\Scripts\Chery_QQ_s15_2017_9s12hy64' not found
#0 /home/flasheep/codeigniter/app/Scripts/ScriptList.php(159): App\Scripts\Script::getScript('scripts/Chery/C...', 'FFFFFFFFFFFFFFF...')
#1 /home/flasheep/codeigniter/app/Controllers/Script.php(195): App\Scripts\ScriptList::getScriptByPathInformation(Array, 'FFFFFFFFFFFFFFF...', Object(App\Entities\User))
#2 /home/flasheep/codeigniter/app/Controllers/Script.php(150): App\Controllers\Script->getScript(Array, 'FFFFFFFFFFFFFFF...')
#3 /home/flasheep/codeigniter/system/CodeIgniter.php(824): App\Controllers\Script->run()
#4 /home/flasheep/codeigniter/system/CodeIgniter.php(410): CodeIgniter\CodeIgniter->runController(Object(App\Controllers\Script))
#5 /home/flasheep/codeigniter/system/CodeIgniter.php(318): CodeIgniter\CodeIgniter->handleRequest(NULL, Object(Config\Cache), false)
#6 /home/flasheep/public_html/index.php(37): CodeIgniter\CodeIgniter->run()
#7 {main}
CRITICAL - 2022-05-17 13:49:24 --> Class '\App\Scripts\Chery_QQ_s15_2017_9s12hy64' not found
#0 /home/flasheep/codeigniter/app/Scripts/ScriptList.php(159): App\Scripts\Script::getScript('scripts/Chery/C...', 'FFFFFFFFFFFFFFF...')
#1 /home/flasheep/codeigniter/app/Controllers/Script.php(195): App\Scripts\ScriptList::getScriptByPathInformation(Array, 'FFFFFFFFFFFFFFF...', Object(App\Entities\User))
#2 /home/flasheep/codeigniter/app/Controllers/Script.php(150): App\Controllers\Script->getScript(Array, 'FFFFFFFFFFFFFFF...')
#3 /home/flasheep/codeigniter/system/CodeIgniter.php(824): App\Controllers\Script->run()
#4 /home/flasheep/codeigniter/system/CodeIgniter.php(410): CodeIgniter\CodeIgniter->runController(Object(App\Controllers\Script))
#5 /home/flasheep/codeigniter/system/CodeIgniter.php(318): CodeIgniter\CodeIgniter->handleRequest(NULL, Object(Config\Cache), false)
#6 /home/flasheep/public_html/index.php(37): CodeIgniter\CodeIgniter->run()
#7 {main}
CRITICAL - 2022-05-17 13:49:53 --> syntax error, unexpected '<', expecting end of file
#0 /home/flasheep/codeigniter/app/Scripts/ScriptList.php(159): App\Scripts\Script::getScript('scripts/Chery/C...', 'FFFFFFFFFFFFFFF...')
#1 /home/flasheep/codeigniter/app/Controllers/Script.php(195): App\Scripts\ScriptList::getScriptByPathInformation(Array, 'FFFFFFFFFFFFFFF...', Object(App\Entities\User))
#2 /home/flasheep/codeigniter/app/Controllers/Script.php(150): App\Controllers\Script->getScript(Array, 'FFFFFFFFFFFFFFF...')
#3 /home/flasheep/codeigniter/system/CodeIgniter.php(824): App\Controllers\Script->run()
#4 /home/flasheep/codeigniter/system/CodeIgniter.php(410): CodeIgniter\CodeIgniter->runController(Object(App\Controllers\Script))
#5 /home/flasheep/codeigniter/system/CodeIgniter.php(318): CodeIgniter\CodeIgniter->handleRequest(NULL, Object(Config\Cache), false)
#6 /home/flasheep/public_html/index.php(37): CodeIgniter\CodeIgniter->run()
#7 {main}
CRITICAL - 2022-05-17 13:49:54 --> syntax error, unexpected '<', expecting end of file
#0 /home/flasheep/codeigniter/app/Scripts/ScriptList.php(159): App\Scripts\Script::getScript('scripts/Chery/C...', 'FFFFFFFFFFFFFFF...')
#1 /home/flasheep/codeigniter/app/Controllers/Script.php(195): App\Scripts\ScriptList::getScriptByPathInformation(Array, 'FFFFFFFFFFFFFFF...', Object(App\Entities\User))
#2 /home/flasheep/codeigniter/app/Controllers/Script.php(150): App\Controllers\Script->getScript(Array, 'FFFFFFFFFFFFFFF...')
#3 /home/flasheep/codeigniter/system/CodeIgniter.php(824): App\Controllers\Script->run()
#4 /home/flasheep/codeigniter/system/CodeIgniter.php(410): CodeIgniter\CodeIgniter->runController(Object(App\Controllers\Script))
#5 /home/flasheep/codeigniter/system/CodeIgniter.php(318): CodeIgniter\CodeIgniter->handleRequest(NULL, Object(Config\Cache), false)
#6 /home/flasheep/public_html/index.php(37): CodeIgniter\CodeIgniter->run()
#7 {main}
CRITICAL - 2022-05-17 13:49:54 --> syntax error, unexpected '<', expecting end of file
#0 /home/flasheep/codeigniter/app/Scripts/ScriptList.php(159): App\Scripts\Script::getScript('scripts/Chery/C...', 'FFFFFFFFFFFFFFF...')
#1 /home/flasheep/codeigniter/app/Controllers/Script.php(195): App\Scripts\ScriptList::getScriptByPathInformation(Array, 'FFFFFFFFFFFFFFF...', Object(App\Entities\User))
#2 /home/flasheep/codeigniter/app/Controllers/Script.php(150): App\Controllers\Script->getScript(Array, 'FFFFFFFFFFFFFFF...')
#3 /home/flasheep/codeigniter/system/CodeIgniter.php(824): App\Controllers\Script->run()
#4 /home/flasheep/codeigniter/system/CodeIgniter.php(410): CodeIgniter\CodeIgniter->runController(Object(App\Controllers\Script))
#5 /home/flasheep/codeigniter/system/CodeIgniter.php(318): CodeIgniter\CodeIgniter->handleRequest(NULL, Object(Config\Cache), false)
#6 /home/flasheep/public_html/index.php(37): CodeIgniter\CodeIgniter->run()
#7 {main}
CRITICAL - 2022-05-17 13:49:55 --> syntax error, unexpected '<', expecting end of file
#0 /home/flasheep/codeigniter/app/Scripts/ScriptList.php(159): App\Scripts\Script::getScript('scripts/Chery/C...', 'FFFFFFFFFFFFFFF...')
#1 /home/flasheep/codeigniter/app/Controllers/Script.php(195): App\Scripts\ScriptList::getScriptByPathInformation(Array, 'FFFFFFFFFFFFFFF...', Object(App\Entities\User))
#2 /home/flasheep/codeigniter/app/Controllers/Script.php(150): App\Controllers\Script->getScript(Array, 'FFFFFFFFFFFFFFF...')
#3 /home/flasheep/codeigniter/system/CodeIgniter.php(824): App\Controllers\Script->run()
#4 /home/flasheep/codeigniter/system/CodeIgniter.php(410): CodeIgniter\CodeIgniter->runController(Object(App\Controllers\Script))
#5 /home/flasheep/codeigniter/system/CodeIgniter.php(318): CodeIgniter\CodeIgniter->handleRequest(NULL, Object(Config\Cache), false)
#6 /home/flasheep/public_html/index.php(37): CodeIgniter\CodeIgniter->run()
#7 {main}
CRITICAL - 2022-05-17 13:49:55 --> syntax error, unexpected '<', expecting end of file
#0 /home/flasheep/codeigniter/app/Scripts/ScriptList.php(159): App\Scripts\Script::getScript('scripts/Chery/C...', 'FFFFFFFFFFFFFFF...')
#1 /home/flasheep/codeigniter/app/Controllers/Script.php(195): App\Scripts\ScriptList::getScriptByPathInformation(Array, 'FFFFFFFFFFFFFFF...', Object(App\Entities\User))
#2 /home/flasheep/codeigniter/app/Controllers/Script.php(150): App\Controllers\Script->getScript(Array, 'FFFFFFFFFFFFFFF...')
#3 /home/flasheep/codeigniter/system/CodeIgniter.php(824): App\Controllers\Script->run()
#4 /home/flasheep/codeigniter/system/CodeIgniter.php(410): CodeIgniter\CodeIgniter->runController(Object(App\Controllers\Script))
#5 /home/flasheep/codeigniter/system/CodeIgniter.php(318): CodeIgniter\CodeIgniter->handleRequest(NULL, Object(Config\Cache), false)
#6 /home/flasheep/public_html/index.php(37): CodeIgniter\CodeIgniter->run()
#7 {main}
CRITICAL - 2022-05-17 13:49:59 --> syntax error, unexpected '<', expecting end of file
#0 /home/flasheep/codeigniter/app/Scripts/ScriptList.php(159): App\Scripts\Script::getScript('scripts/Chery/C...', 'FFFFFFFFFFFFFFF...')
#1 /home/flasheep/codeigniter/app/Controllers/Script.php(195): App\Scripts\ScriptList::getScriptByPathInformation(Array, 'FFFFFFFFFFFFFFF...', Object(App\Entities\User))
#2 /home/flasheep/codeigniter/app/Controllers/Script.php(150): App\Controllers\Script->getScript(Array, 'FFFFFFFFFFFFFFF...')
#3 /home/flasheep/codeigniter/system/CodeIgniter.php(824): App\Controllers\Script->run()
#4 /home/flasheep/codeigniter/system/CodeIgniter.php(410): CodeIgniter\CodeIgniter->runController(Object(App\Controllers\Script))
#5 /home/flasheep/codeigniter/system/CodeIgniter.php(318): CodeIgniter\CodeIgniter->handleRequest(NULL, Object(Config\Cache), false)
#6 /home/flasheep/public_html/index.php(37): CodeIgniter\CodeIgniter->run()
#7 {main}
CRITICAL - 2022-05-17 13:50:00 --> syntax error, unexpected '<', expecting end of file
#0 /home/flasheep/codeigniter/app/Scripts/ScriptList.php(159): App\Scripts\Script::getScript('scripts/Chery/C...', 'FFFFFFFFFFFFFFF...')
#1 /home/flasheep/codeigniter/app/Controllers/Script.php(195): App\Scripts\ScriptList::getScriptByPathInformation(Array, 'FFFFFFFFFFFFFFF...', Object(App\Entities\User))
#2 /home/flasheep/codeigniter/app/Controllers/Script.php(150): App\Controllers\Script->getScript(Array, 'FFFFFFFFFFFFFFF...')
#3 /home/flasheep/codeigniter/system/CodeIgniter.php(824): App\Controllers\Script->run()
#4 /home/flasheep/codeigniter/system/CodeIgniter.php(410): CodeIgniter\CodeIgniter->runController(Object(App\Controllers\Script))
#5 /home/flasheep/codeigniter/system/CodeIgniter.php(318): CodeIgniter\CodeIgniter->handleRequest(NULL, Object(Config\Cache), false)
#6 /home/flasheep/public_html/index.php(37): CodeIgniter\CodeIgniter->run()
#7 {main}
CRITICAL - 2022-05-17 13:50:00 --> syntax error, unexpected '<', expecting end of file
#0 /home/flasheep/codeigniter/app/Scripts/ScriptList.php(159): App\Scripts\Script::getScript('scripts/Chery/C...', 'FFFFFFFFFFFFFFF...')
#1 /home/flasheep/codeigniter/app/Controllers/Script.php(195): App\Scripts\ScriptList::getScriptByPathInformation(Array, 'FFFFFFFFFFFFFFF...', Object(App\Entities\User))
#2 /home/flasheep/codeigniter/app/Controllers/Script.php(150): App\Controllers\Script->getScript(Array, 'FFFFFFFFFFFFFFF...')
#3 /home/flasheep/codeigniter/system/CodeIgniter.php(824): App\Controllers\Script->run()
#4 /home/flasheep/codeigniter/system/CodeIgniter.php(410): CodeIgniter\CodeIgniter->runController(Object(App\Controllers\Script))
#5 /home/flasheep/codeigniter/system/CodeIgniter.php(318): CodeIgniter\CodeIgniter->handleRequest(NULL, Object(Config\Cache), false)
#6 /home/flasheep/public_html/index.php(37): CodeIgniter\CodeIgniter->run()
#7 {main}
CRITICAL - 2022-05-17 13:50:22 --> syntax error, unexpected '<', expecting end of file
#0 /home/flasheep/codeigniter/app/Scripts/ScriptList.php(159): App\Scripts\Script::getScript('scripts/Chery/C...', 'FFFFFFFFFFFFFFF...')
#1 /home/flasheep/codeigniter/app/Controllers/Script.php(195): App\Scripts\ScriptList::getScriptByPathInformation(Array, 'FFFFFFFFFFFFFFF...', Object(App\Entities\User))
#2 /home/flasheep/codeigniter/app/Controllers/Script.php(150): App\Controllers\Script->getScript(Array, 'FFFFFFFFFFFFFFF...')
#3 /home/flasheep/codeigniter/system/CodeIgniter.php(824): App\Controllers\Script->run()
#4 /home/flasheep/codeigniter/system/CodeIgniter.php(410): CodeIgniter\CodeIgniter->runController(Object(App\Controllers\Script))
#5 /home/flasheep/codeigniter/system/CodeIgniter.php(318): CodeIgniter\CodeIgniter->handleRequest(NULL, Object(Config\Cache), false)
#6 /home/flasheep/public_html/index.php(37): CodeIgniter\CodeIgniter->run()
#7 {main}
CRITICAL - 2022-05-17 13:50:22 --> syntax error, unexpected '<', expecting end of file
#0 /home/flasheep/codeigniter/app/Scripts/ScriptList.php(159): App\Scripts\Script::getScript('scripts/Chery/C...', 'FFFFFFFFFFFFFFF...')
#1 /home/flasheep/codeigniter/app/Controllers/Script.php(195): App\Scripts\ScriptList::getScriptByPathInformation(Array, 'FFFFFFFFFFFFFFF...', Object(App\Entities\User))
#2 /home/flasheep/codeigniter/app/Controllers/Script.php(150): App\Controllers\Script->getScript(Array, 'FFFFFFFFFFFFFFF...')
#3 /home/flasheep/codeigniter/system/CodeIgniter.php(824): App\Controllers\Script->run()
#4 /home/flasheep/codeigniter/system/CodeIgniter.php(410): CodeIgniter\CodeIgniter->runController(Object(App\Controllers\Script))
#5 /home/flasheep/codeigniter/system/CodeIgniter.php(318): CodeIgniter\CodeIgniter->handleRequest(NULL, Object(Config\Cache), false)
#6 /home/flasheep/public_html/index.php(37): CodeIgniter\CodeIgniter->run()
#7 {main}
CRITICAL - 2022-05-17 18:18:26 --> Argument 1 passed to App\Scripts\Nissan_NP300_checksum_9s12h256::getValueForPortion() must be of the type int, null given, called in /home/flasheep/codeigniter/app/Scripts/scripts/Nissan/NP300/Nissan_NP300_checksum_9s12h256.php on line 35
#0 /home/flasheep/codeigniter/app/Scripts/scripts/Nissan/NP300/Nissan_NP300_checksum_9s12h256.php(35): App\Scripts\Nissan_NP300_checksum_9s12h256->getValueForPortion(NULL, 1)
#1 /home/flasheep/codeigniter/app/Controllers/Script.php(172): App\Scripts\Nissan_NP300_checksum_9s12h256->getResult()
#2 /home/flasheep/codeigniter/system/CodeIgniter.php(824): App\Controllers\Script->run()
#3 /home/flasheep/codeigniter/system/CodeIgniter.php(410): CodeIgniter\CodeIgniter->runController(Object(App\Controllers\Script))
#4 /home/flasheep/codeigniter/system/CodeIgniter.php(318): CodeIgniter\CodeIgniter->handleRequest(NULL, Object(Config\Cache), false)
#5 /home/flasheep/public_html/index.php(37): CodeIgniter\CodeIgniter->run()
#6 {main}
CRITICAL - 2022-05-17 21:53:05 --> Class '\App\Scripts\Zotye_Nomada_2013_24c04' not found
#0 /home/flasheep/codeigniter/app/Scripts/ScriptList.php(159): App\Scripts\Script::getScript('scripts/Zotye/Z...', 'FFFFFFFFFFFFFFF...')
#1 /home/flasheep/codeigniter/app/Controllers/Script.php(195): App\Scripts\ScriptList::getScriptByPathInformation(Array, 'FFFFFFFFFFFFFFF...', Object(App\Entities\User))
#2 /home/flasheep/codeigniter/app/Controllers/Script.php(150): App\Controllers\Script->getScript(Array, 'FFFFFFFFFFFFFFF...')
#3 /home/flasheep/codeigniter/system/CodeIgniter.php(824): App\Controllers\Script->run()
#4 /home/flasheep/codeigniter/system/CodeIgniter.php(410): CodeIgniter\CodeIgniter->runController(Object(App\Controllers\Script))
#5 /home/flasheep/codeigniter/system/CodeIgniter.php(318): CodeIgniter\CodeIgniter->handleRequest(NULL, Object(Config\Cache), false)
#6 /home/flasheep/public_html/index.php(37): CodeIgniter\CodeIgniter->run()
#7 {main}
CRITICAL - 2022-05-17 21:53:07 --> Class '\App\Scripts\Zotye_Nomada_2013_24c04' not found
#0 /home/flasheep/codeigniter/app/Scripts/ScriptList.php(159): App\Scripts\Script::getScript('scripts/Zotye/Z...', 'FFFFFFFFFFFFFFF...')
#1 /home/flasheep/codeigniter/app/Controllers/Script.php(195): App\Scripts\ScriptList::getScriptByPathInformation(Array, 'FFFFFFFFFFFFFFF...', Object(App\Entities\User))
#2 /home/flasheep/codeigniter/app/Controllers/Script.php(150): App\Controllers\Script->getScript(Array, 'FFFFFFFFFFFFFFF...')
#3 /home/flasheep/codeigniter/system/CodeIgniter.php(824): App\Controllers\Script->run()
#4 /home/flasheep/codeigniter/system/CodeIgniter.php(410): CodeIgniter\CodeIgniter->runController(Object(App\Controllers\Script))
#5 /home/flasheep/codeigniter/system/CodeIgniter.php(318): CodeIgniter\CodeIgniter->handleRequest(NULL, Object(Config\Cache), false)
#6 /home/flasheep/public_html/index.php(37): CodeIgniter\CodeIgniter->run()
#7 {main}
CRITICAL - 2022-05-17 21:53:07 --> Class '\App\Scripts\Zotye_Nomada_2013_24c04' not found
#0 /home/flasheep/codeigniter/app/Scripts/ScriptList.php(159): App\Scripts\Script::getScript('scripts/Zotye/Z...', 'FFFFFFFFFFFFFFF...')
#1 /home/flasheep/codeigniter/app/Controllers/Script.php(195): App\Scripts\ScriptList::getScriptByPathInformation(Array, 'FFFFFFFFFFFFFFF...', Object(App\Entities\User))
#2 /home/flasheep/codeigniter/app/Controllers/Script.php(150): App\Controllers\Script->getScript(Array, 'FFFFFFFFFFFFFFF...')
#3 /home/flasheep/codeigniter/system/CodeIgniter.php(824): App\Controllers\Script->run()
#4 /home/flasheep/codeigniter/system/CodeIgniter.php(410): CodeIgniter\CodeIgniter->runController(Object(App\Controllers\Script))
#5 /home/flasheep/codeigniter/system/CodeIgniter.php(318): CodeIgniter\CodeIgniter->handleRequest(NULL, Object(Config\Cache), false)
#6 /home/flasheep/public_html/index.php(37): CodeIgniter\CodeIgniter->run()
#7 {main}
CRITICAL - 2022-05-17 21:53:07 --> Class '\App\Scripts\Zotye_Nomada_2013_24c04' not found
#0 /home/flasheep/codeigniter/app/Scripts/ScriptList.php(159): App\Scripts\Script::getScript('scripts/Zotye/Z...', 'FFFFFFFFFFFFFFF...')
#1 /home/flasheep/codeigniter/app/Controllers/Script.php(195): App\Scripts\ScriptList::getScriptByPathInformation(Array, 'FFFFFFFFFFFFFFF...', Object(App\Entities\User))
#2 /home/flasheep/codeigniter/app/Controllers/Script.php(150): App\Controllers\Script->getScript(Array, 'FFFFFFFFFFFFFFF...')
#3 /home/flasheep/codeigniter/system/CodeIgniter.php(824): App\Controllers\Script->run()
#4 /home/flasheep/codeigniter/system/CodeIgniter.php(410): CodeIgniter\CodeIgniter->runController(Object(App\Controllers\Script))
#5 /home/flasheep/codeigniter/system/CodeIgniter.php(318): CodeIgniter\CodeIgniter->handleRequest(NULL, Object(Config\Cache), false)
#6 /home/flasheep/public_html/index.php(37): CodeIgniter\CodeIgniter->run()
#7 {main}
CRITICAL - 2022-05-17 21:53:45 --> A non-numeric value encountered
#0 /home/flasheep/codeigniter/app/Scripts/scripts/Zotye/Zotye_Nomada_2013_24c04.php(27): CodeIgniter\Debug\Exceptions->errorHandler(2, 'A non-numeric v...', '/home/flasheep/...', 27, Array)
#1 /home/flasheep/codeigniter/app/Controllers/Script.php(172): App\Scripts\Zotye_Nomada_2013_24c04->getResult()
#2 /home/flasheep/codeigniter/system/CodeIgniter.php(824): App\Controllers\Script->run()
#3 /home/flasheep/codeigniter/system/CodeIgniter.php(410): CodeIgniter\CodeIgniter->runController(Object(App\Controllers\Script))
#4 /home/flasheep/codeigniter/system/CodeIgniter.php(318): CodeIgniter\CodeIgniter->handleRequest(NULL, Object(Config\Cache), false)
#5 /home/flasheep/public_html/index.php(37): CodeIgniter\CodeIgniter->run()
#6 {main}
CRITICAL - 2022-05-17 21:53:45 --> A non-numeric value encountered
#0 /home/flasheep/codeigniter/app/Scripts/scripts/Zotye/Zotye_Nomada_2013_24c04.php(27): CodeIgniter\Debug\Exceptions->errorHandler(2, 'A non-numeric v...', '/home/flasheep/...', 27, Array)
#1 /home/flasheep/codeigniter/app/Controllers/Script.php(172): App\Scripts\Zotye_Nomada_2013_24c04->getResult()
#2 /home/flasheep/codeigniter/system/CodeIgniter.php(824): App\Controllers\Script->run()
#3 /home/flasheep/codeigniter/system/CodeIgniter.php(410): CodeIgniter\CodeIgniter->runController(Object(App\Controllers\Script))
#4 /home/flasheep/codeigniter/system/CodeIgniter.php(318): CodeIgniter\CodeIgniter->handleRequest(NULL, Object(Config\Cache), false)
#5 /home/flasheep/public_html/index.php(37): CodeIgniter\CodeIgniter->run()
#6 {main}
CRITICAL - 2022-05-17 21:53:46 --> A non-numeric value encountered
#0 /home/flasheep/codeigniter/app/Scripts/scripts/Zotye/Zotye_Nomada_2013_24c04.php(27): CodeIgniter\Debug\Exceptions->errorHandler(2, 'A non-numeric v...', '/home/flasheep/...', 27, Array)
#1 /home/flasheep/codeigniter/app/Controllers/Script.php(172): App\Scripts\Zotye_Nomada_2013_24c04->getResult()
#2 /home/flasheep/codeigniter/system/CodeIgniter.php(824): App\Controllers\Script->run()
#3 /home/flasheep/codeigniter/system/CodeIgniter.php(410): CodeIgniter\CodeIgniter->runController(Object(App\Controllers\Script))
#4 /home/flasheep/codeigniter/system/CodeIgniter.php(318): CodeIgniter\CodeIgniter->handleRequest(NULL, Object(Config\Cache), false)
#5 /home/flasheep/public_html/index.php(37): CodeIgniter\CodeIgniter->run()
#6 {main}
CRITICAL - 2022-05-17 21:53:46 --> A non-numeric value encountered
#0 /home/flasheep/codeigniter/app/Scripts/scripts/Zotye/Zotye_Nomada_2013_24c04.php(27): CodeIgniter\Debug\Exceptions->errorHandler(2, 'A non-numeric v...', '/home/flasheep/...', 27, Array)
#1 /home/flasheep/codeigniter/app/Controllers/Script.php(172): App\Scripts\Zotye_Nomada_2013_24c04->getResult()
#2 /home/flasheep/codeigniter/system/CodeIgniter.php(824): App\Controllers\Script->run()
#3 /home/flasheep/codeigniter/system/CodeIgniter.php(410): CodeIgniter\CodeIgniter->runController(Object(App\Controllers\Script))
#4 /home/flasheep/codeigniter/system/CodeIgniter.php(318): CodeIgniter\CodeIgniter->handleRequest(NULL, Object(Config\Cache), false)
#5 /home/flasheep/public_html/index.php(37): CodeIgniter\CodeIgniter->run()
#6 {main}
CRITICAL - 2022-05-17 21:53:49 --> A non-numeric value encountered
#0 /home/flasheep/codeigniter/app/Scripts/scripts/Zotye/Zotye_Nomada_2013_24c04.php(27): CodeIgniter\Debug\Exceptions->errorHandler(2, 'A non-numeric v...', '/home/flasheep/...', 27, Array)
#1 /home/flasheep/codeigniter/app/Controllers/Script.php(172): App\Scripts\Zotye_Nomada_2013_24c04->getResult()
#2 /home/flasheep/codeigniter/system/CodeIgniter.php(824): App\Controllers\Script->run()
#3 /home/flasheep/codeigniter/system/CodeIgniter.php(410): CodeIgniter\CodeIgniter->runController(Object(App\Controllers\Script))
#4 /home/flasheep/codeigniter/system/CodeIgniter.php(318): CodeIgniter\CodeIgniter->handleRequest(NULL, Object(Config\Cache), false)
#5 /home/flasheep/public_html/index.php(37): CodeIgniter\CodeIgniter->run()
#6 {main}
CRITICAL - 2022-05-17 21:53:49 --> A non-numeric value encountered
#0 /home/flasheep/codeigniter/app/Scripts/scripts/Zotye/Zotye_Nomada_2013_24c04.php(27): CodeIgniter\Debug\Exceptions->errorHandler(2, 'A non-numeric v...', '/home/flasheep/...', 27, Array)
#1 /home/flasheep/codeigniter/app/Controllers/Script.php(172): App\Scripts\Zotye_Nomada_2013_24c04->getResult()
#2 /home/flasheep/codeigniter/system/CodeIgniter.php(824): App\Controllers\Script->run()
#3 /home/flasheep/codeigniter/system/CodeIgniter.php(410): CodeIgniter\CodeIgniter->runController(Object(App\Controllers\Script))
#4 /home/flasheep/codeigniter/system/CodeIgniter.php(318): CodeIgniter\CodeIgniter->handleRequest(NULL, Object(Config\Cache), false)
#5 /home/flasheep/public_html/index.php(37): CodeIgniter\CodeIgniter->run()
#6 {main}
