CRITICAL - 2023-04-16 17:38:50 --> [string ""]:15: attempt to call global 'xor' (a nil value)
#0 /home/flasheep/codeigniter/app/Scripts/LuaScript.php(160): LuaSandboxFunction->call()
#1 /home/flasheep/codeigniter/app/Scripts/LuaScript.php(47): App\Scripts\LuaScript->runCode('local value = 2...')
#2 /home/flasheep/codeigniter/app/Controllers/Developer.php(666): App\Scripts\LuaScript->calculate(27373)
#3 /home/flasheep/codeigniter/system/CodeIgniter.php(824): App\Controllers\Developer->run()
#4 /home/flasheep/codeigniter/system/CodeIgniter.php(410): CodeIgniter\CodeIgniter->runController(Object(App\Controllers\Developer))
#5 /home/flasheep/codeigniter/system/CodeIgniter.php(318): CodeIgniter\CodeIgniter->handleRequest(NULL, Object(Config\Cache), false)
#6 /home/flasheep/public_html/index.php(37): CodeIgniter\CodeIgniter->run()
#7 {main}
CRITICAL - 2023-04-16 17:47:54 --> [string ""]:15: attempt to perform arithmetic on global 'FF' (a nil value)
#0 /home/flasheep/codeigniter/app/Scripts/LuaScript.php(160): LuaSandboxFunction->call()
#1 /home/flasheep/codeigniter/app/Scripts/LuaScript.php(47): App\Scripts\LuaScript->runCode('local value = 2...')
#2 /home/flasheep/codeigniter/app/Controllers/Developer.php(666): App\Scripts\LuaScript->calculate(27373)
#3 /home/flasheep/codeigniter/system/CodeIgniter.php(824): App\Controllers\Developer->run()
#4 /home/flasheep/codeigniter/system/CodeIgniter.php(410): CodeIgniter\CodeIgniter->runController(Object(App\Controllers\Developer))
#5 /home/flasheep/codeigniter/system/CodeIgniter.php(318): CodeIgniter\CodeIgniter->handleRequest(NULL, Object(Config\Cache), false)
#6 /home/flasheep/public_html/index.php(37): CodeIgniter\CodeIgniter->run()
#7 {main}
CRITICAL - 2023-04-16 17:52:42 --> [string ""]:15: attempt to call field 'xor' (a nil value)
#0 /home/flasheep/codeigniter/app/Scripts/LuaScript.php(160): LuaSandboxFunction->call()
#1 /home/flasheep/codeigniter/app/Scripts/LuaScript.php(47): App\Scripts\LuaScript->runCode('local value = 2...')
#2 /home/flasheep/codeigniter/app/Controllers/Developer.php(666): App\Scripts\LuaScript->calculate(23433)
#3 /home/flasheep/codeigniter/system/CodeIgniter.php(824): App\Controllers\Developer->run()
#4 /home/flasheep/codeigniter/system/CodeIgniter.php(410): CodeIgniter\CodeIgniter->runController(Object(App\Controllers\Developer))
#5 /home/flasheep/codeigniter/system/CodeIgniter.php(318): CodeIgniter\CodeIgniter->handleRequest(NULL, Object(Config\Cache), false)
#6 /home/flasheep/public_html/index.php(37): CodeIgniter\CodeIgniter->run()
#7 {main}
CRITICAL - 2023-04-16 18:05:06 --> Argument 3 passed to App\Scripts\LuaScript::App\Scripts\{closure}() must be of the type int, float given
#0 [internal function]: App\Scripts\LuaScript->App\Scripts\{closure}(0, 11, INF, 1)
#1 /home/flasheep/codeigniter/app/Scripts/LuaScript.php(160): LuaSandboxFunction->call()
#2 /home/flasheep/codeigniter/app/Scripts/LuaScript.php(47): App\Scripts\LuaScript->runCode('local value = 2...')
#3 /home/flasheep/codeigniter/app/Controllers/Developer.php(666): App\Scripts\LuaScript->calculate(23433)
#4 /home/flasheep/codeigniter/system/CodeIgniter.php(824): App\Controllers\Developer->run()
#5 /home/flasheep/codeigniter/system/CodeIgniter.php(410): CodeIgniter\CodeIgniter->runController(Object(App\Controllers\Developer))
#6 /home/flasheep/codeigniter/system/CodeIgniter.php(318): CodeIgniter\CodeIgniter->handleRequest(NULL, Object(Config\Cache), false)
#7 /home/flasheep/public_html/index.php(37): CodeIgniter\CodeIgniter->run()
#8 {main}
CRITICAL - 2023-04-16 18:05:13 --> Argument 3 passed to App\Scripts\LuaScript::App\Scripts\{closure}() must be of the type int, float given
#0 [internal function]: App\Scripts\LuaScript->App\Scripts\{closure}(0, 11, INF, 1)
#1 /home/flasheep/codeigniter/app/Scripts/LuaScript.php(160): LuaSandboxFunction->call()
#2 /home/flasheep/codeigniter/app/Scripts/LuaScript.php(47): App\Scripts\LuaScript->runCode('local value = 2...')
#3 /home/flasheep/codeigniter/app/Controllers/Developer.php(666): App\Scripts\LuaScript->calculate(23434)
#4 /home/flasheep/codeigniter/system/CodeIgniter.php(824): App\Controllers\Developer->run()
#5 /home/flasheep/codeigniter/system/CodeIgniter.php(410): CodeIgniter\CodeIgniter->runController(Object(App\Controllers\Developer))
#6 /home/flasheep/codeigniter/system/CodeIgniter.php(318): CodeIgniter\CodeIgniter->handleRequest(NULL, Object(Config\Cache), false)
#7 /home/flasheep/public_html/index.php(37): CodeIgniter\CodeIgniter->run()
#8 {main}
CRITICAL - 2023-04-16 18:05:32 --> Argument 3 passed to App\Scripts\LuaScript::App\Scripts\{closure}() must be of the type int, float given
#0 [internal function]: App\Scripts\LuaScript->App\Scripts\{closure}(0, 11, INF, 1)
#1 /home/flasheep/codeigniter/app/Scripts/LuaScript.php(160): LuaSandboxFunction->call()
#2 /home/flasheep/codeigniter/app/Scripts/LuaScript.php(47): App\Scripts\LuaScript->runCode('local value = 2...')
#3 /home/flasheep/codeigniter/app/Controllers/Developer.php(666): App\Scripts\LuaScript->calculate(23434)
#4 /home/flasheep/codeigniter/system/CodeIgniter.php(824): App\Controllers\Developer->run()
#5 /home/flasheep/codeigniter/system/CodeIgniter.php(410): CodeIgniter\CodeIgniter->runController(Object(App\Controllers\Developer))
#6 /home/flasheep/codeigniter/system/CodeIgniter.php(318): CodeIgniter\CodeIgniter->handleRequest(NULL, Object(Config\Cache), false)
#7 /home/flasheep/public_html/index.php(37): CodeIgniter\CodeIgniter->run()
#8 {main}
CRITICAL - 2023-04-16 18:05:35 --> Argument 3 passed to App\Scripts\LuaScript::App\Scripts\{closure}() must be of the type int, float given
#0 [internal function]: App\Scripts\LuaScript->App\Scripts\{closure}(0, 11, INF, 1)
#1 /home/flasheep/codeigniter/app/Scripts/LuaScript.php(160): LuaSandboxFunction->call()
#2 /home/flasheep/codeigniter/app/Scripts/LuaScript.php(47): App\Scripts\LuaScript->runCode('local value = 2...')
#3 /home/flasheep/codeigniter/app/Controllers/Developer.php(666): App\Scripts\LuaScript->calculate(23434)
#4 /home/flasheep/codeigniter/system/CodeIgniter.php(824): App\Controllers\Developer->run()
#5 /home/flasheep/codeigniter/system/CodeIgniter.php(410): CodeIgniter\CodeIgniter->runController(Object(App\Controllers\Developer))
#6 /home/flasheep/codeigniter/system/CodeIgniter.php(318): CodeIgniter\CodeIgniter->handleRequest(NULL, Object(Config\Cache), false)
#7 /home/flasheep/public_html/index.php(37): CodeIgniter\CodeIgniter->run()
#8 {main}
CRITICAL - 2023-04-16 18:12:30 --> [string ""]:15: attempt to index field 'xor' (a nil value)
#0 /home/flasheep/codeigniter/app/Scripts/LuaScript.php(160): LuaSandboxFunction->call()
#1 /home/flasheep/codeigniter/app/Scripts/LuaScript.php(47): App\Scripts\LuaScript->runCode('local value = 2...')
#2 /home/flasheep/codeigniter/app/Controllers/Developer.php(666): App\Scripts\LuaScript->calculate(23434)
#3 /home/flasheep/codeigniter/system/CodeIgniter.php(824): App\Controllers\Developer->run()
#4 /home/flasheep/codeigniter/system/CodeIgniter.php(410): CodeIgniter\CodeIgniter->runController(Object(App\Controllers\Developer))
#5 /home/flasheep/codeigniter/system/CodeIgniter.php(318): CodeIgniter\CodeIgniter->handleRequest(NULL, Object(Config\Cache), false)
#6 /home/flasheep/public_html/index.php(37): CodeIgniter\CodeIgniter->run()
#7 {main}
CRITICAL - 2023-04-16 18:18:19 --> [string ""]:15: attempt to call field 'xor' (a nil value)
#0 /home/flasheep/codeigniter/app/Scripts/LuaScript.php(160): LuaSandboxFunction->call()
#1 /home/flasheep/codeigniter/app/Scripts/LuaScript.php(47): App\Scripts\LuaScript->runCode('local value = 2...')
#2 /home/flasheep/codeigniter/app/Controllers/Developer.php(666): App\Scripts\LuaScript->calculate(23434)
#3 /home/flasheep/codeigniter/system/CodeIgniter.php(824): App\Controllers\Developer->run()
#4 /home/flasheep/codeigniter/system/CodeIgniter.php(410): CodeIgniter\CodeIgniter->runController(Object(App\Controllers\Developer))
#5 /home/flasheep/codeigniter/system/CodeIgniter.php(318): CodeIgniter\CodeIgniter->handleRequest(NULL, Object(Config\Cache), false)
#6 /home/flasheep/public_html/index.php(37): CodeIgniter\CodeIgniter->run()
#7 {main}
