CRITICAL - 2023-02-16 00:36:40 --> finfo_file(/home/flasheep/codeigniter/writable/uploads/81.jpg): failed to open stream: No such file or directory
#0 [internal function]: CodeIgniter\Debug\Exceptions->errorHandler(2, 'finfo_file(/hom...', '/home/flasheep/...', 109, Array)
#1 /home/flasheep/codeigniter/system/Files/File.php(109): finfo_file(Resource id #147, '/home/flasheep/...')
#2 /home/flasheep/codeigniter/app/Controllers/Library.php(67): CodeIgniter\Files\File->getMimeType()
#3 /home/flasheep/codeigniter/system/CodeIgniter.php(824): App\Controllers\Library->image(81)
#4 /home/flasheep/codeigniter/system/CodeIgniter.php(410): CodeIgniter\CodeIgniter->runController(Object(App\Controllers\Library))
#5 /home/flasheep/codeigniter/system/CodeIgniter.php(318): CodeIgniter\CodeIgniter->handleRequest(NULL, Object(Config\Cache), false)
#6 /home/flasheep/public_html/index.php(37): CodeIgniter\CodeIgniter->run()
#7 {main}
CRITICAL - 2023-02-16 12:05:16 --> syntax error, unexpected 'endforeach' (T_ENDFOREACH)
#0 /home/flasheep/codeigniter/system/View/View.php(217): CodeIgniter\View\View->CodeIgniter\View\{closure}()
#1 /home/flasheep/codeigniter/system/Common.php(1097): CodeIgniter\View\View->render('elements/feeds_...', Array, true)
#2 /home/flasheep/codeigniter/app/Controllers/Feeds.php(124): view('elements/feeds_...', Array)
#3 /home/flasheep/codeigniter/system/CodeIgniter.php(824): App\Controllers\Feeds->index()
#4 /home/flasheep/codeigniter/system/CodeIgniter.php(410): CodeIgniter\CodeIgniter->runController(Object(App\Controllers\Feeds))
#5 /home/flasheep/codeigniter/system/CodeIgniter.php(318): CodeIgniter\CodeIgniter->handleRequest(NULL, Object(Config\Cache), false)
#6 /home/flasheep/public_html/index.php(37): CodeIgniter\CodeIgniter->run()
#7 {main}
CRITICAL - 2023-02-16 12:05:20 --> syntax error, unexpected 'endforeach' (T_ENDFOREACH)
#0 /home/flasheep/codeigniter/system/View/View.php(217): CodeIgniter\View\View->CodeIgniter\View\{closure}()
#1 /home/flasheep/codeigniter/system/Common.php(1097): CodeIgniter\View\View->render('elements/feeds_...', Array, true)
#2 /home/flasheep/codeigniter/app/Controllers/Feeds.php(124): view('elements/feeds_...', Array)
#3 /home/flasheep/codeigniter/system/CodeIgniter.php(824): App\Controllers\Feeds->index()
#4 /home/flasheep/codeigniter/system/CodeIgniter.php(410): CodeIgniter\CodeIgniter->runController(Object(App\Controllers\Feeds))
#5 /home/flasheep/codeigniter/system/CodeIgniter.php(318): CodeIgniter\CodeIgniter->handleRequest(NULL, Object(Config\Cache), false)
#6 /home/flasheep/public_html/index.php(37): CodeIgniter\CodeIgniter->run()
#7 {main}
CRITICAL - 2023-02-16 12:05:26 --> syntax error, unexpected 'endforeach' (T_ENDFOREACH)
#0 /home/flasheep/codeigniter/system/View/View.php(217): CodeIgniter\View\View->CodeIgniter\View\{closure}()
#1 /home/flasheep/codeigniter/system/Common.php(1097): CodeIgniter\View\View->render('elements/feeds_...', Array, true)
#2 /home/flasheep/codeigniter/app/Controllers/Feeds.php(124): view('elements/feeds_...', Array)
#3 /home/flasheep/codeigniter/system/CodeIgniter.php(824): App\Controllers\Feeds->index()
#4 /home/flasheep/codeigniter/system/CodeIgniter.php(410): CodeIgniter\CodeIgniter->runController(Object(App\Controllers\Feeds))
#5 /home/flasheep/codeigniter/system/CodeIgniter.php(318): CodeIgniter\CodeIgniter->handleRequest(NULL, Object(Config\Cache), false)
#6 /home/flasheep/public_html/index.php(37): CodeIgniter\CodeIgniter->run()
#7 {main}
CRITICAL - 2023-02-16 12:07:46 --> syntax error, unexpected 'endforeach' (T_ENDFOREACH)
#0 /home/flasheep/codeigniter/system/View/View.php(217): CodeIgniter\View\View->CodeIgniter\View\{closure}()
#1 /home/flasheep/codeigniter/system/Common.php(1097): CodeIgniter\View\View->render('elements/feeds_...', Array, true)
#2 /home/flasheep/codeigniter/app/Controllers/Feeds.php(124): view('elements/feeds_...', Array)
#3 /home/flasheep/codeigniter/system/CodeIgniter.php(824): App\Controllers\Feeds->index()
#4 /home/flasheep/codeigniter/system/CodeIgniter.php(410): CodeIgniter\CodeIgniter->runController(Object(App\Controllers\Feeds))
#5 /home/flasheep/codeigniter/system/CodeIgniter.php(318): CodeIgniter\CodeIgniter->handleRequest(NULL, Object(Config\Cache), false)
#6 /home/flasheep/public_html/index.php(37): CodeIgniter\CodeIgniter->run()
#7 {main}
CRITICAL - 2023-02-16 12:07:54 --> syntax error, unexpected 'endforeach' (T_ENDFOREACH)
#0 /home/flasheep/codeigniter/system/View/View.php(217): CodeIgniter\View\View->CodeIgniter\View\{closure}()
#1 /home/flasheep/codeigniter/system/Common.php(1097): CodeIgniter\View\View->render('elements/feeds_...', Array, true)
#2 /home/flasheep/codeigniter/app/Controllers/Feeds.php(124): view('elements/feeds_...', Array)
#3 /home/flasheep/codeigniter/system/CodeIgniter.php(824): App\Controllers\Feeds->index()
#4 /home/flasheep/codeigniter/system/CodeIgniter.php(410): CodeIgniter\CodeIgniter->runController(Object(App\Controllers\Feeds))
#5 /home/flasheep/codeigniter/system/CodeIgniter.php(318): CodeIgniter\CodeIgniter->handleRequest(NULL, Object(Config\Cache), false)
#6 /home/flasheep/public_html/index.php(37): CodeIgniter\CodeIgniter->run()
#7 {main}
CRITICAL - 2023-02-16 12:07:59 --> syntax error, unexpected 'endforeach' (T_ENDFOREACH)
#0 /home/flasheep/codeigniter/system/View/View.php(217): CodeIgniter\View\View->CodeIgniter\View\{closure}()
#1 /home/flasheep/codeigniter/system/Common.php(1097): CodeIgniter\View\View->render('elements/feeds_...', Array, true)
#2 /home/flasheep/codeigniter/app/Controllers/Feeds.php(124): view('elements/feeds_...', Array)
#3 /home/flasheep/codeigniter/system/CodeIgniter.php(824): App\Controllers\Feeds->index()
#4 /home/flasheep/codeigniter/system/CodeIgniter.php(410): CodeIgniter\CodeIgniter->runController(Object(App\Controllers\Feeds))
#5 /home/flasheep/codeigniter/system/CodeIgniter.php(318): CodeIgniter\CodeIgniter->handleRequest(NULL, Object(Config\Cache), false)
#6 /home/flasheep/public_html/index.php(37): CodeIgniter\CodeIgniter->run()
#7 {main}
CRITICAL - 2023-02-16 15:37:04 --> Argument 1 passed to App\Scripts\Chevrolet_Aveo_checksum_24c08::getValueForPortion() must be of the type int, null given, called in /home/flasheep/codeigniter/app/Scripts/scripts/Chevrolet/Aveo/Chevrolet_Aveo_checksum_24c08.php on line 35
#0 /home/flasheep/codeigniter/app/Scripts/scripts/Chevrolet/Aveo/Chevrolet_Aveo_checksum_24c08.php(35): App\Scripts\Chevrolet_Aveo_checksum_24c08->getValueForPortion(NULL, 1)
#1 /home/flasheep/codeigniter/app/Controllers/Script.php(259): App\Scripts\Chevrolet_Aveo_checksum_24c08->getResult()
#2 /home/flasheep/codeigniter/system/CodeIgniter.php(824): App\Controllers\Script->run()
#3 /home/flasheep/codeigniter/system/CodeIgniter.php(410): CodeIgniter\CodeIgniter->runController(Object(App\Controllers\Script))
#4 /home/flasheep/codeigniter/system/CodeIgniter.php(318): CodeIgniter\CodeIgniter->handleRequest(NULL, Object(Config\Cache), false)
#5 /home/flasheep/public_html/index.php(37): CodeIgniter\CodeIgniter->run()
#6 {main}
CRITICAL - 2023-02-16 15:37:05 --> Argument 1 passed to App\Scripts\Chevrolet_Aveo_checksum_24c08::getValueForPortion() must be of the type int, null given, called in /home/flasheep/codeigniter/app/Scripts/scripts/Chevrolet/Aveo/Chevrolet_Aveo_checksum_24c08.php on line 35
#0 /home/flasheep/codeigniter/app/Scripts/scripts/Chevrolet/Aveo/Chevrolet_Aveo_checksum_24c08.php(35): App\Scripts\Chevrolet_Aveo_checksum_24c08->getValueForPortion(NULL, 1)
#1 /home/flasheep/codeigniter/app/Controllers/Script.php(259): App\Scripts\Chevrolet_Aveo_checksum_24c08->getResult()
#2 /home/flasheep/codeigniter/system/CodeIgniter.php(824): App\Controllers\Script->run()
#3 /home/flasheep/codeigniter/system/CodeIgniter.php(410): CodeIgniter\CodeIgniter->runController(Object(App\Controllers\Script))
#4 /home/flasheep/codeigniter/system/CodeIgniter.php(318): CodeIgniter\CodeIgniter->handleRequest(NULL, Object(Config\Cache), false)
#5 /home/flasheep/public_html/index.php(37): CodeIgniter\CodeIgniter->run()
#6 {main}
CRITICAL - 2023-02-16 15:37:05 --> Argument 1 passed to App\Scripts\Chevrolet_Aveo_checksum_24c08::getValueForPortion() must be of the type int, null given, called in /home/flasheep/codeigniter/app/Scripts/scripts/Chevrolet/Aveo/Chevrolet_Aveo_checksum_24c08.php on line 35
#0 /home/flasheep/codeigniter/app/Scripts/scripts/Chevrolet/Aveo/Chevrolet_Aveo_checksum_24c08.php(35): App\Scripts\Chevrolet_Aveo_checksum_24c08->getValueForPortion(NULL, 1)
#1 /home/flasheep/codeigniter/app/Controllers/Script.php(259): App\Scripts\Chevrolet_Aveo_checksum_24c08->getResult()
#2 /home/flasheep/codeigniter/system/CodeIgniter.php(824): App\Controllers\Script->run()
#3 /home/flasheep/codeigniter/system/CodeIgniter.php(410): CodeIgniter\CodeIgniter->runController(Object(App\Controllers\Script))
#4 /home/flasheep/codeigniter/system/CodeIgniter.php(318): CodeIgniter\CodeIgniter->handleRequest(NULL, Object(Config\Cache), false)
#5 /home/flasheep/public_html/index.php(37): CodeIgniter\CodeIgniter->run()
#6 {main}
CRITICAL - 2023-02-16 15:37:06 --> Argument 1 passed to App\Scripts\Chevrolet_Aveo_checksum_24c08::getValueForPortion() must be of the type int, null given, called in /home/flasheep/codeigniter/app/Scripts/scripts/Chevrolet/Aveo/Chevrolet_Aveo_checksum_24c08.php on line 35
#0 /home/flasheep/codeigniter/app/Scripts/scripts/Chevrolet/Aveo/Chevrolet_Aveo_checksum_24c08.php(35): App\Scripts\Chevrolet_Aveo_checksum_24c08->getValueForPortion(NULL, 1)
#1 /home/flasheep/codeigniter/app/Controllers/Script.php(259): App\Scripts\Chevrolet_Aveo_checksum_24c08->getResult()
#2 /home/flasheep/codeigniter/system/CodeIgniter.php(824): App\Controllers\Script->run()
#3 /home/flasheep/codeigniter/system/CodeIgniter.php(410): CodeIgniter\CodeIgniter->runController(Object(App\Controllers\Script))
#4 /home/flasheep/codeigniter/system/CodeIgniter.php(318): CodeIgniter\CodeIgniter->handleRequest(NULL, Object(Config\Cache), false)
#5 /home/flasheep/public_html/index.php(37): CodeIgniter\CodeIgniter->run()
#6 {main}
CRITICAL - 2023-02-16 15:37:06 --> Argument 1 passed to App\Scripts\Chevrolet_Aveo_checksum_24c08::getValueForPortion() must be of the type int, null given, called in /home/flasheep/codeigniter/app/Scripts/scripts/Chevrolet/Aveo/Chevrolet_Aveo_checksum_24c08.php on line 35
#0 /home/flasheep/codeigniter/app/Scripts/scripts/Chevrolet/Aveo/Chevrolet_Aveo_checksum_24c08.php(35): App\Scripts\Chevrolet_Aveo_checksum_24c08->getValueForPortion(NULL, 1)
#1 /home/flasheep/codeigniter/app/Controllers/Script.php(259): App\Scripts\Chevrolet_Aveo_checksum_24c08->getResult()
#2 /home/flasheep/codeigniter/system/CodeIgniter.php(824): App\Controllers\Script->run()
#3 /home/flasheep/codeigniter/system/CodeIgniter.php(410): CodeIgniter\CodeIgniter->runController(Object(App\Controllers\Script))
#4 /home/flasheep/codeigniter/system/CodeIgniter.php(318): CodeIgniter\CodeIgniter->handleRequest(NULL, Object(Config\Cache), false)
#5 /home/flasheep/public_html/index.php(37): CodeIgniter\CodeIgniter->run()
#6 {main}
CRITICAL - 2023-02-16 15:37:06 --> Argument 1 passed to App\Scripts\Chevrolet_Aveo_checksum_24c08::getValueForPortion() must be of the type int, null given, called in /home/flasheep/codeigniter/app/Scripts/scripts/Chevrolet/Aveo/Chevrolet_Aveo_checksum_24c08.php on line 35
#0 /home/flasheep/codeigniter/app/Scripts/scripts/Chevrolet/Aveo/Chevrolet_Aveo_checksum_24c08.php(35): App\Scripts\Chevrolet_Aveo_checksum_24c08->getValueForPortion(NULL, 1)
#1 /home/flasheep/codeigniter/app/Controllers/Script.php(259): App\Scripts\Chevrolet_Aveo_checksum_24c08->getResult()
#2 /home/flasheep/codeigniter/system/CodeIgniter.php(824): App\Controllers\Script->run()
#3 /home/flasheep/codeigniter/system/CodeIgniter.php(410): CodeIgniter\CodeIgniter->runController(Object(App\Controllers\Script))
#4 /home/flasheep/codeigniter/system/CodeIgniter.php(318): CodeIgniter\CodeIgniter->handleRequest(NULL, Object(Config\Cache), false)
#5 /home/flasheep/public_html/index.php(37): CodeIgniter\CodeIgniter->run()
#6 {main}
CRITICAL - 2023-02-16 15:37:12 --> Argument 1 passed to App\Scripts\Chevrolet_Aveo_checksum_24c08::getValueForPortion() must be of the type int, null given, called in /home/flasheep/codeigniter/app/Scripts/scripts/Chevrolet/Aveo/Chevrolet_Aveo_checksum_24c08.php on line 35
#0 /home/flasheep/codeigniter/app/Scripts/scripts/Chevrolet/Aveo/Chevrolet_Aveo_checksum_24c08.php(35): App\Scripts\Chevrolet_Aveo_checksum_24c08->getValueForPortion(NULL, 1)
#1 /home/flasheep/codeigniter/app/Controllers/Script.php(259): App\Scripts\Chevrolet_Aveo_checksum_24c08->getResult()
#2 /home/flasheep/codeigniter/system/CodeIgniter.php(824): App\Controllers\Script->run()
#3 /home/flasheep/codeigniter/system/CodeIgniter.php(410): CodeIgniter\CodeIgniter->runController(Object(App\Controllers\Script))
#4 /home/flasheep/codeigniter/system/CodeIgniter.php(318): CodeIgniter\CodeIgniter->handleRequest(NULL, Object(Config\Cache), false)
#5 /home/flasheep/public_html/index.php(37): CodeIgniter\CodeIgniter->run()
#6 {main}
CRITICAL - 2023-02-16 15:37:12 --> Argument 1 passed to App\Scripts\Chevrolet_Aveo_checksum_24c08::getValueForPortion() must be of the type int, null given, called in /home/flasheep/codeigniter/app/Scripts/scripts/Chevrolet/Aveo/Chevrolet_Aveo_checksum_24c08.php on line 35
#0 /home/flasheep/codeigniter/app/Scripts/scripts/Chevrolet/Aveo/Chevrolet_Aveo_checksum_24c08.php(35): App\Scripts\Chevrolet_Aveo_checksum_24c08->getValueForPortion(NULL, 1)
#1 /home/flasheep/codeigniter/app/Controllers/Script.php(259): App\Scripts\Chevrolet_Aveo_checksum_24c08->getResult()
#2 /home/flasheep/codeigniter/system/CodeIgniter.php(824): App\Controllers\Script->run()
#3 /home/flasheep/codeigniter/system/CodeIgniter.php(410): CodeIgniter\CodeIgniter->runController(Object(App\Controllers\Script))
#4 /home/flasheep/codeigniter/system/CodeIgniter.php(318): CodeIgniter\CodeIgniter->handleRequest(NULL, Object(Config\Cache), false)
#5 /home/flasheep/public_html/index.php(37): CodeIgniter\CodeIgniter->run()
#6 {main}
CRITICAL - 2023-02-16 15:37:12 --> Argument 1 passed to App\Scripts\Chevrolet_Aveo_checksum_24c08::getValueForPortion() must be of the type int, null given, called in /home/flasheep/codeigniter/app/Scripts/scripts/Chevrolet/Aveo/Chevrolet_Aveo_checksum_24c08.php on line 35
#0 /home/flasheep/codeigniter/app/Scripts/scripts/Chevrolet/Aveo/Chevrolet_Aveo_checksum_24c08.php(35): App\Scripts\Chevrolet_Aveo_checksum_24c08->getValueForPortion(NULL, 1)
#1 /home/flasheep/codeigniter/app/Controllers/Script.php(259): App\Scripts\Chevrolet_Aveo_checksum_24c08->getResult()
#2 /home/flasheep/codeigniter/system/CodeIgniter.php(824): App\Controllers\Script->run()
#3 /home/flasheep/codeigniter/system/CodeIgniter.php(410): CodeIgniter\CodeIgniter->runController(Object(App\Controllers\Script))
#4 /home/flasheep/codeigniter/system/CodeIgniter.php(318): CodeIgniter\CodeIgniter->handleRequest(NULL, Object(Config\Cache), false)
#5 /home/flasheep/public_html/index.php(37): CodeIgniter\CodeIgniter->run()
#6 {main}
CRITICAL - 2023-02-16 15:37:13 --> Argument 1 passed to App\Scripts\Chevrolet_Aveo_checksum_24c08::getValueForPortion() must be of the type int, null given, called in /home/flasheep/codeigniter/app/Scripts/scripts/Chevrolet/Aveo/Chevrolet_Aveo_checksum_24c08.php on line 35
#0 /home/flasheep/codeigniter/app/Scripts/scripts/Chevrolet/Aveo/Chevrolet_Aveo_checksum_24c08.php(35): App\Scripts\Chevrolet_Aveo_checksum_24c08->getValueForPortion(NULL, 1)
#1 /home/flasheep/codeigniter/app/Controllers/Script.php(259): App\Scripts\Chevrolet_Aveo_checksum_24c08->getResult()
#2 /home/flasheep/codeigniter/system/CodeIgniter.php(824): App\Controllers\Script->run()
#3 /home/flasheep/codeigniter/system/CodeIgniter.php(410): CodeIgniter\CodeIgniter->runController(Object(App\Controllers\Script))
#4 /home/flasheep/codeigniter/system/CodeIgniter.php(318): CodeIgniter\CodeIgniter->handleRequest(NULL, Object(Config\Cache), false)
#5 /home/flasheep/public_html/index.php(37): CodeIgniter\CodeIgniter->run()
#6 {main}
CRITICAL - 2023-02-16 15:37:13 --> Argument 1 passed to App\Scripts\Chevrolet_Aveo_checksum_24c08::getValueForPortion() must be of the type int, null given, called in /home/flasheep/codeigniter/app/Scripts/scripts/Chevrolet/Aveo/Chevrolet_Aveo_checksum_24c08.php on line 35
#0 /home/flasheep/codeigniter/app/Scripts/scripts/Chevrolet/Aveo/Chevrolet_Aveo_checksum_24c08.php(35): App\Scripts\Chevrolet_Aveo_checksum_24c08->getValueForPortion(NULL, 1)
#1 /home/flasheep/codeigniter/app/Controllers/Script.php(259): App\Scripts\Chevrolet_Aveo_checksum_24c08->getResult()
#2 /home/flasheep/codeigniter/system/CodeIgniter.php(824): App\Controllers\Script->run()
#3 /home/flasheep/codeigniter/system/CodeIgniter.php(410): CodeIgniter\CodeIgniter->runController(Object(App\Controllers\Script))
#4 /home/flasheep/codeigniter/system/CodeIgniter.php(318): CodeIgniter\CodeIgniter->handleRequest(NULL, Object(Config\Cache), false)
#5 /home/flasheep/public_html/index.php(37): CodeIgniter\CodeIgniter->run()
#6 {main}
CRITICAL - 2023-02-16 15:37:13 --> Argument 1 passed to App\Scripts\Chevrolet_Aveo_checksum_24c08::getValueForPortion() must be of the type int, null given, called in /home/flasheep/codeigniter/app/Scripts/scripts/Chevrolet/Aveo/Chevrolet_Aveo_checksum_24c08.php on line 35
#0 /home/flasheep/codeigniter/app/Scripts/scripts/Chevrolet/Aveo/Chevrolet_Aveo_checksum_24c08.php(35): App\Scripts\Chevrolet_Aveo_checksum_24c08->getValueForPortion(NULL, 1)
#1 /home/flasheep/codeigniter/app/Controllers/Script.php(259): App\Scripts\Chevrolet_Aveo_checksum_24c08->getResult()
#2 /home/flasheep/codeigniter/system/CodeIgniter.php(824): App\Controllers\Script->run()
#3 /home/flasheep/codeigniter/system/CodeIgniter.php(410): CodeIgniter\CodeIgniter->runController(Object(App\Controllers\Script))
#4 /home/flasheep/codeigniter/system/CodeIgniter.php(318): CodeIgniter\CodeIgniter->handleRequest(NULL, Object(Config\Cache), false)
#5 /home/flasheep/public_html/index.php(37): CodeIgniter\CodeIgniter->run()
#6 {main}
CRITICAL - 2023-02-16 15:37:14 --> Argument 1 passed to App\Scripts\Chevrolet_Aveo_checksum_24c08::getValueForPortion() must be of the type int, null given, called in /home/flasheep/codeigniter/app/Scripts/scripts/Chevrolet/Aveo/Chevrolet_Aveo_checksum_24c08.php on line 35
#0 /home/flasheep/codeigniter/app/Scripts/scripts/Chevrolet/Aveo/Chevrolet_Aveo_checksum_24c08.php(35): App\Scripts\Chevrolet_Aveo_checksum_24c08->getValueForPortion(NULL, 1)
#1 /home/flasheep/codeigniter/app/Controllers/Script.php(259): App\Scripts\Chevrolet_Aveo_checksum_24c08->getResult()
#2 /home/flasheep/codeigniter/system/CodeIgniter.php(824): App\Controllers\Script->run()
#3 /home/flasheep/codeigniter/system/CodeIgniter.php(410): CodeIgniter\CodeIgniter->runController(Object(App\Controllers\Script))
#4 /home/flasheep/codeigniter/system/CodeIgniter.php(318): CodeIgniter\CodeIgniter->handleRequest(NULL, Object(Config\Cache), false)
#5 /home/flasheep/public_html/index.php(37): CodeIgniter\CodeIgniter->run()
#6 {main}
CRITICAL - 2023-02-16 15:45:23 --> Argument 1 passed to App\Scripts\Chevrolet_Aveo_checksum_24c08::getValueForPortion() must be of the type int, null given, called in /home/flasheep/codeigniter/app/Scripts/scripts/Chevrolet/Aveo/Chevrolet_Aveo_checksum_24c08.php on line 35
#0 /home/flasheep/codeigniter/app/Scripts/scripts/Chevrolet/Aveo/Chevrolet_Aveo_checksum_24c08.php(35): App\Scripts\Chevrolet_Aveo_checksum_24c08->getValueForPortion(NULL, 1)
#1 /home/flasheep/codeigniter/app/Controllers/Script.php(259): App\Scripts\Chevrolet_Aveo_checksum_24c08->getResult()
#2 /home/flasheep/codeigniter/system/CodeIgniter.php(824): App\Controllers\Script->run()
#3 /home/flasheep/codeigniter/system/CodeIgniter.php(410): CodeIgniter\CodeIgniter->runController(Object(App\Controllers\Script))
#4 /home/flasheep/codeigniter/system/CodeIgniter.php(318): CodeIgniter\CodeIgniter->handleRequest(NULL, Object(Config\Cache), false)
#5 /home/flasheep/public_html/index.php(37): CodeIgniter\CodeIgniter->run()
#6 {main}
CRITICAL - 2023-02-16 23:45:53 --> Argument 1 passed to App\Controllers\Script::getPathInformation() must be of the type string, null given, called in /home/flasheep/codeigniter/app/Controllers/Script.php on line 232
#0 /home/flasheep/codeigniter/app/Controllers/Script.php(232): App\Controllers\Script->getPathInformation(NULL)
#1 /home/flasheep/codeigniter/system/CodeIgniter.php(824): App\Controllers\Script->run()
#2 /home/flasheep/codeigniter/system/CodeIgniter.php(410): CodeIgniter\CodeIgniter->runController(Object(App\Controllers\Script))
#3 /home/flasheep/codeigniter/system/CodeIgniter.php(318): CodeIgniter\CodeIgniter->handleRequest(NULL, Object(Config\Cache), false)
#4 /home/flasheep/public_html/index.php(37): CodeIgniter\CodeIgniter->run()
#5 {main}
