CRITICAL - 2023-02-07 09:12:18 --> finfo_file(/home/flasheep/codeigniter/writable/uploads/81.jpg): failed to open stream: No such file or directory
#0 [internal function]: CodeIgniter\Debug\Exceptions->errorHandler(2, 'finfo_file(/hom...', '/home/flasheep/...', 109, Array)
#1 /home/flasheep/codeigniter/system/Files/File.php(109): finfo_file(Resource id #147, '/home/flasheep/...')
#2 /home/flasheep/codeigniter/app/Controllers/Library.php(67): CodeIgniter\Files\File->getMimeType()
#3 /home/flasheep/codeigniter/system/CodeIgniter.php(824): App\Controllers\Library->image(81)
#4 /home/flasheep/codeigniter/system/CodeIgniter.php(410): CodeIgniter\CodeIgniter->runController(Object(App\Controllers\Library))
#5 /home/flasheep/codeigniter/system/CodeIgniter.php(318): CodeIgniter\CodeIgniter->handleRequest(NULL, Object(Config\Cache), false)
#6 /home/flasheep/public_html/index.php(37): CodeIgniter\CodeIgniter->run()
#7 {main}
CRITICAL - 2023-02-07 09:13:05 --> finfo_file(/home/flasheep/codeigniter/writable/uploads/81.jpg): failed to open stream: No such file or directory
#0 [internal function]: CodeIgniter\Debug\Exceptions->errorHandler(2, 'finfo_file(/hom...', '/home/flasheep/...', 109, Array)
#1 /home/flasheep/codeigniter/system/Files/File.php(109): finfo_file(Resource id #148, '/home/flasheep/...')
#2 /home/flasheep/codeigniter/app/Controllers/Library.php(67): CodeIgniter\Files\File->getMimeType()
#3 /home/flasheep/codeigniter/system/CodeIgniter.php(824): App\Controllers\Library->image(81)
#4 /home/flasheep/codeigniter/system/CodeIgniter.php(410): CodeIgniter\CodeIgniter->runController(Object(App\Controllers\Library))
#5 /home/flasheep/codeigniter/system/CodeIgniter.php(318): CodeIgniter\CodeIgniter->handleRequest(NULL, Object(Config\Cache), false)
#6 /home/flasheep/public_html/index.php(37): CodeIgniter\CodeIgniter->run()
#7 {main}
CRITICAL - 2023-02-07 16:46:15 --> finfo_file(/home/flasheep/codeigniter/writable/uploads/78.jpg): failed to open stream: No such file or directory
#0 [internal function]: CodeIgniter\Debug\Exceptions->errorHandler(2, 'finfo_file(/hom...', '/home/flasheep/...', 109, Array)
#1 /home/flasheep/codeigniter/system/Files/File.php(109): finfo_file(Resource id #147, '/home/flasheep/...')
#2 /home/flasheep/codeigniter/app/Controllers/Library.php(67): CodeIgniter\Files\File->getMimeType()
#3 /home/flasheep/codeigniter/system/CodeIgniter.php(824): App\Controllers\Library->image(78)
#4 /home/flasheep/codeigniter/system/CodeIgniter.php(410): CodeIgniter\CodeIgniter->runController(Object(App\Controllers\Library))
#5 /home/flasheep/codeigniter/system/CodeIgniter.php(318): CodeIgniter\CodeIgniter->handleRequest(NULL, Object(Config\Cache), false)
#6 /home/flasheep/public_html/index.php(37): CodeIgniter\CodeIgniter->run()
#7 {main}
