CRITICAL - 2022-08-03 09:14:25 --> Class '\App\Scripts\Kia_Niro_Hibrid_24c32_crc' not found
#0 /home/flasheep/codeigniter/app/Scripts/ScriptList.php(159): App\Scripts\Script::getScript('scripts/Kia/Nir...', 'FFFFFFFFFFFFFFF...')
#1 /home/flasheep/codeigniter/app/Controllers/Script.php(288): App\Scripts\ScriptList::getScriptByPathInformation(Array, 'FFFFFFFFFFFFFFF...', NULL)
#2 /home/flasheep/codeigniter/app/Controllers/Script.php(241): App\Controllers\Script->getScript(Array, 'FFFFFFFFFFFFFFF...')
#3 /home/flasheep/codeigniter/system/CodeIgniter.php(824): App\Controllers\Script->run()
#4 /home/flasheep/codeigniter/system/CodeIgniter.php(410): CodeIgniter\CodeIgniter->runController(Object(App\Controllers\Script))
#5 /home/flasheep/codeigniter/system/CodeIgniter.php(318): CodeIgniter\CodeIgniter->handleRequest(NULL, Object(Config\Cache), false)
#6 /home/flasheep/public_html/index.php(37): CodeIgniter\CodeIgniter->run()
#7 {main}
CRITICAL - 2022-08-03 09:14:26 --> Class '\App\Scripts\Kia_Niro_Hibrid_24c32_crc' not found
#0 /home/flasheep/codeigniter/app/Scripts/ScriptList.php(159): App\Scripts\Script::getScript('scripts/Kia/Nir...', 'FFFFFFFFFFFFFFF...')
#1 /home/flasheep/codeigniter/app/Controllers/Script.php(288): App\Scripts\ScriptList::getScriptByPathInformation(Array, 'FFFFFFFFFFFFFFF...', NULL)
#2 /home/flasheep/codeigniter/app/Controllers/Script.php(241): App\Controllers\Script->getScript(Array, 'FFFFFFFFFFFFFFF...')
#3 /home/flasheep/codeigniter/system/CodeIgniter.php(824): App\Controllers\Script->run()
#4 /home/flasheep/codeigniter/system/CodeIgniter.php(410): CodeIgniter\CodeIgniter->runController(Object(App\Controllers\Script))
#5 /home/flasheep/codeigniter/system/CodeIgniter.php(318): CodeIgniter\CodeIgniter->handleRequest(NULL, Object(Config\Cache), false)
#6 /home/flasheep/public_html/index.php(37): CodeIgniter\CodeIgniter->run()
#7 {main}
CRITICAL - 2022-08-03 09:14:28 --> Class '\App\Scripts\Kia_Niro_Hibrid_24c32_crc' not found
#0 /home/flasheep/codeigniter/app/Scripts/ScriptList.php(159): App\Scripts\Script::getScript('scripts/Kia/Nir...', 'FFFFFFFFFFFFFFF...')
#1 /home/flasheep/codeigniter/app/Controllers/Script.php(288): App\Scripts\ScriptList::getScriptByPathInformation(Array, 'FFFFFFFFFFFFFFF...', NULL)
#2 /home/flasheep/codeigniter/app/Controllers/Script.php(241): App\Controllers\Script->getScript(Array, 'FFFFFFFFFFFFFFF...')
#3 /home/flasheep/codeigniter/system/CodeIgniter.php(824): App\Controllers\Script->run()
#4 /home/flasheep/codeigniter/system/CodeIgniter.php(410): CodeIgniter\CodeIgniter->runController(Object(App\Controllers\Script))
#5 /home/flasheep/codeigniter/system/CodeIgniter.php(318): CodeIgniter\CodeIgniter->handleRequest(NULL, Object(Config\Cache), false)
#6 /home/flasheep/public_html/index.php(37): CodeIgniter\CodeIgniter->run()
#7 {main}
CRITICAL - 2022-08-03 12:02:26 --> Argument 1 passed to App\Scripts\Nissan_NP300_checksum_9s12h256::getValueForPortion() must be of the type int, null given, called in /home/flasheep/codeigniter/app/Scripts/scripts/Nissan/NP300/Nissan_NP300_checksum_9s12h256.php on line 35
#0 /home/flasheep/codeigniter/app/Scripts/scripts/Nissan/NP300/Nissan_NP300_checksum_9s12h256.php(35): App\Scripts\Nissan_NP300_checksum_9s12h256->getValueForPortion(NULL, 1)
#1 /home/flasheep/codeigniter/app/Controllers/Script.php(263): App\Scripts\Nissan_NP300_checksum_9s12h256->getResult()
#2 /home/flasheep/codeigniter/system/CodeIgniter.php(824): App\Controllers\Script->run()
#3 /home/flasheep/codeigniter/system/CodeIgniter.php(410): CodeIgniter\CodeIgniter->runController(Object(App\Controllers\Script))
#4 /home/flasheep/codeigniter/system/CodeIgniter.php(318): CodeIgniter\CodeIgniter->handleRequest(NULL, Object(Config\Cache), false)
#5 /home/flasheep/public_html/index.php(37): CodeIgniter\CodeIgniter->run()
#6 {main}
CRITICAL - 2022-08-03 12:02:27 --> Argument 1 passed to App\Scripts\Nissan_NP300_checksum_9s12h256::getValueForPortion() must be of the type int, null given, called in /home/flasheep/codeigniter/app/Scripts/scripts/Nissan/NP300/Nissan_NP300_checksum_9s12h256.php on line 35
#0 /home/flasheep/codeigniter/app/Scripts/scripts/Nissan/NP300/Nissan_NP300_checksum_9s12h256.php(35): App\Scripts\Nissan_NP300_checksum_9s12h256->getValueForPortion(NULL, 1)
#1 /home/flasheep/codeigniter/app/Controllers/Script.php(263): App\Scripts\Nissan_NP300_checksum_9s12h256->getResult()
#2 /home/flasheep/codeigniter/system/CodeIgniter.php(824): App\Controllers\Script->run()
#3 /home/flasheep/codeigniter/system/CodeIgniter.php(410): CodeIgniter\CodeIgniter->runController(Object(App\Controllers\Script))
#4 /home/flasheep/codeigniter/system/CodeIgniter.php(318): CodeIgniter\CodeIgniter->handleRequest(NULL, Object(Config\Cache), false)
#5 /home/flasheep/public_html/index.php(37): CodeIgniter\CodeIgniter->run()
#6 {main}
CRITICAL - 2022-08-03 12:02:28 --> Argument 1 passed to App\Scripts\Nissan_NP300_checksum_9s12h256::getValueForPortion() must be of the type int, null given, called in /home/flasheep/codeigniter/app/Scripts/scripts/Nissan/NP300/Nissan_NP300_checksum_9s12h256.php on line 35
#0 /home/flasheep/codeigniter/app/Scripts/scripts/Nissan/NP300/Nissan_NP300_checksum_9s12h256.php(35): App\Scripts\Nissan_NP300_checksum_9s12h256->getValueForPortion(NULL, 1)
#1 /home/flasheep/codeigniter/app/Controllers/Script.php(263): App\Scripts\Nissan_NP300_checksum_9s12h256->getResult()
#2 /home/flasheep/codeigniter/system/CodeIgniter.php(824): App\Controllers\Script->run()
#3 /home/flasheep/codeigniter/system/CodeIgniter.php(410): CodeIgniter\CodeIgniter->runController(Object(App\Controllers\Script))
#4 /home/flasheep/codeigniter/system/CodeIgniter.php(318): CodeIgniter\CodeIgniter->handleRequest(NULL, Object(Config\Cache), false)
#5 /home/flasheep/public_html/index.php(37): CodeIgniter\CodeIgniter->run()
#6 {main}
CRITICAL - 2022-08-03 12:02:28 --> Argument 1 passed to App\Scripts\Nissan_NP300_checksum_9s12h256::getValueForPortion() must be of the type int, null given, called in /home/flasheep/codeigniter/app/Scripts/scripts/Nissan/NP300/Nissan_NP300_checksum_9s12h256.php on line 35
#0 /home/flasheep/codeigniter/app/Scripts/scripts/Nissan/NP300/Nissan_NP300_checksum_9s12h256.php(35): App\Scripts\Nissan_NP300_checksum_9s12h256->getValueForPortion(NULL, 1)
#1 /home/flasheep/codeigniter/app/Controllers/Script.php(263): App\Scripts\Nissan_NP300_checksum_9s12h256->getResult()
#2 /home/flasheep/codeigniter/system/CodeIgniter.php(824): App\Controllers\Script->run()
#3 /home/flasheep/codeigniter/system/CodeIgniter.php(410): CodeIgniter\CodeIgniter->runController(Object(App\Controllers\Script))
#4 /home/flasheep/codeigniter/system/CodeIgniter.php(318): CodeIgniter\CodeIgniter->handleRequest(NULL, Object(Config\Cache), false)
#5 /home/flasheep/public_html/index.php(37): CodeIgniter\CodeIgniter->run()
#6 {main}
CRITICAL - 2022-08-03 12:02:28 --> Argument 1 passed to App\Scripts\Nissan_NP300_checksum_9s12h256::getValueForPortion() must be of the type int, null given, called in /home/flasheep/codeigniter/app/Scripts/scripts/Nissan/NP300/Nissan_NP300_checksum_9s12h256.php on line 35
#0 /home/flasheep/codeigniter/app/Scripts/scripts/Nissan/NP300/Nissan_NP300_checksum_9s12h256.php(35): App\Scripts\Nissan_NP300_checksum_9s12h256->getValueForPortion(NULL, 1)
#1 /home/flasheep/codeigniter/app/Controllers/Script.php(263): App\Scripts\Nissan_NP300_checksum_9s12h256->getResult()
#2 /home/flasheep/codeigniter/system/CodeIgniter.php(824): App\Controllers\Script->run()
#3 /home/flasheep/codeigniter/system/CodeIgniter.php(410): CodeIgniter\CodeIgniter->runController(Object(App\Controllers\Script))
#4 /home/flasheep/codeigniter/system/CodeIgniter.php(318): CodeIgniter\CodeIgniter->handleRequest(NULL, Object(Config\Cache), false)
#5 /home/flasheep/public_html/index.php(37): CodeIgniter\CodeIgniter->run()
#6 {main}
CRITICAL - 2022-08-03 12:02:32 --> Argument 1 passed to App\Scripts\Nissan_NP300_checksum_9s12h256::getValueForPortion() must be of the type int, null given, called in /home/flasheep/codeigniter/app/Scripts/scripts/Nissan/NP300/Nissan_NP300_checksum_9s12h256.php on line 35
#0 /home/flasheep/codeigniter/app/Scripts/scripts/Nissan/NP300/Nissan_NP300_checksum_9s12h256.php(35): App\Scripts\Nissan_NP300_checksum_9s12h256->getValueForPortion(NULL, 1)
#1 /home/flasheep/codeigniter/app/Controllers/Script.php(263): App\Scripts\Nissan_NP300_checksum_9s12h256->getResult()
#2 /home/flasheep/codeigniter/system/CodeIgniter.php(824): App\Controllers\Script->run()
#3 /home/flasheep/codeigniter/system/CodeIgniter.php(410): CodeIgniter\CodeIgniter->runController(Object(App\Controllers\Script))
#4 /home/flasheep/codeigniter/system/CodeIgniter.php(318): CodeIgniter\CodeIgniter->handleRequest(NULL, Object(Config\Cache), false)
#5 /home/flasheep/public_html/index.php(37): CodeIgniter\CodeIgniter->run()
#6 {main}
CRITICAL - 2022-08-03 12:02:33 --> Argument 1 passed to App\Scripts\Nissan_NP300_checksum_9s12h256::getValueForPortion() must be of the type int, null given, called in /home/flasheep/codeigniter/app/Scripts/scripts/Nissan/NP300/Nissan_NP300_checksum_9s12h256.php on line 35
#0 /home/flasheep/codeigniter/app/Scripts/scripts/Nissan/NP300/Nissan_NP300_checksum_9s12h256.php(35): App\Scripts\Nissan_NP300_checksum_9s12h256->getValueForPortion(NULL, 1)
#1 /home/flasheep/codeigniter/app/Controllers/Script.php(263): App\Scripts\Nissan_NP300_checksum_9s12h256->getResult()
#2 /home/flasheep/codeigniter/system/CodeIgniter.php(824): App\Controllers\Script->run()
#3 /home/flasheep/codeigniter/system/CodeIgniter.php(410): CodeIgniter\CodeIgniter->runController(Object(App\Controllers\Script))
#4 /home/flasheep/codeigniter/system/CodeIgniter.php(318): CodeIgniter\CodeIgniter->handleRequest(NULL, Object(Config\Cache), false)
#5 /home/flasheep/public_html/index.php(37): CodeIgniter\CodeIgniter->run()
#6 {main}
CRITICAL - 2022-08-03 12:02:33 --> Argument 1 passed to App\Scripts\Nissan_NP300_checksum_9s12h256::getValueForPortion() must be of the type int, null given, called in /home/flasheep/codeigniter/app/Scripts/scripts/Nissan/NP300/Nissan_NP300_checksum_9s12h256.php on line 35
#0 /home/flasheep/codeigniter/app/Scripts/scripts/Nissan/NP300/Nissan_NP300_checksum_9s12h256.php(35): App\Scripts\Nissan_NP300_checksum_9s12h256->getValueForPortion(NULL, 1)
#1 /home/flasheep/codeigniter/app/Controllers/Script.php(263): App\Scripts\Nissan_NP300_checksum_9s12h256->getResult()
#2 /home/flasheep/codeigniter/system/CodeIgniter.php(824): App\Controllers\Script->run()
#3 /home/flasheep/codeigniter/system/CodeIgniter.php(410): CodeIgniter\CodeIgniter->runController(Object(App\Controllers\Script))
#4 /home/flasheep/codeigniter/system/CodeIgniter.php(318): CodeIgniter\CodeIgniter->handleRequest(NULL, Object(Config\Cache), false)
#5 /home/flasheep/public_html/index.php(37): CodeIgniter\CodeIgniter->run()
#6 {main}
CRITICAL - 2022-08-03 12:02:33 --> Argument 1 passed to App\Scripts\Nissan_NP300_checksum_9s12h256::getValueForPortion() must be of the type int, null given, called in /home/flasheep/codeigniter/app/Scripts/scripts/Nissan/NP300/Nissan_NP300_checksum_9s12h256.php on line 35
#0 /home/flasheep/codeigniter/app/Scripts/scripts/Nissan/NP300/Nissan_NP300_checksum_9s12h256.php(35): App\Scripts\Nissan_NP300_checksum_9s12h256->getValueForPortion(NULL, 1)
#1 /home/flasheep/codeigniter/app/Controllers/Script.php(263): App\Scripts\Nissan_NP300_checksum_9s12h256->getResult()
#2 /home/flasheep/codeigniter/system/CodeIgniter.php(824): App\Controllers\Script->run()
#3 /home/flasheep/codeigniter/system/CodeIgniter.php(410): CodeIgniter\CodeIgniter->runController(Object(App\Controllers\Script))
#4 /home/flasheep/codeigniter/system/CodeIgniter.php(318): CodeIgniter\CodeIgniter->handleRequest(NULL, Object(Config\Cache), false)
#5 /home/flasheep/public_html/index.php(37): CodeIgniter\CodeIgniter->run()
#6 {main}
CRITICAL - 2022-08-03 12:05:18 --> Argument 1 passed to App\Scripts\Nissan_NP300_checksum_9s12h256::getValueForPortion() must be of the type int, null given, called in /home/flasheep/codeigniter/app/Scripts/scripts/Nissan/NP300/Nissan_NP300_checksum_9s12h256.php on line 35
#0 /home/flasheep/codeigniter/app/Scripts/scripts/Nissan/NP300/Nissan_NP300_checksum_9s12h256.php(35): App\Scripts\Nissan_NP300_checksum_9s12h256->getValueForPortion(NULL, 1)
#1 /home/flasheep/codeigniter/app/Controllers/Script.php(263): App\Scripts\Nissan_NP300_checksum_9s12h256->getResult()
#2 /home/flasheep/codeigniter/system/CodeIgniter.php(824): App\Controllers\Script->run()
#3 /home/flasheep/codeigniter/system/CodeIgniter.php(410): CodeIgniter\CodeIgniter->runController(Object(App\Controllers\Script))
#4 /home/flasheep/codeigniter/system/CodeIgniter.php(318): CodeIgniter\CodeIgniter->handleRequest(NULL, Object(Config\Cache), false)
#5 /home/flasheep/public_html/index.php(37): CodeIgniter\CodeIgniter->run()
#6 {main}
CRITICAL - 2022-08-03 12:05:18 --> Argument 1 passed to App\Scripts\Nissan_NP300_checksum_9s12h256::getValueForPortion() must be of the type int, null given, called in /home/flasheep/codeigniter/app/Scripts/scripts/Nissan/NP300/Nissan_NP300_checksum_9s12h256.php on line 35
#0 /home/flasheep/codeigniter/app/Scripts/scripts/Nissan/NP300/Nissan_NP300_checksum_9s12h256.php(35): App\Scripts\Nissan_NP300_checksum_9s12h256->getValueForPortion(NULL, 1)
#1 /home/flasheep/codeigniter/app/Controllers/Script.php(263): App\Scripts\Nissan_NP300_checksum_9s12h256->getResult()
#2 /home/flasheep/codeigniter/system/CodeIgniter.php(824): App\Controllers\Script->run()
#3 /home/flasheep/codeigniter/system/CodeIgniter.php(410): CodeIgniter\CodeIgniter->runController(Object(App\Controllers\Script))
#4 /home/flasheep/codeigniter/system/CodeIgniter.php(318): CodeIgniter\CodeIgniter->handleRequest(NULL, Object(Config\Cache), false)
#5 /home/flasheep/public_html/index.php(37): CodeIgniter\CodeIgniter->run()
#6 {main}
CRITICAL - 2022-08-03 12:05:18 --> Argument 1 passed to App\Scripts\Nissan_NP300_checksum_9s12h256::getValueForPortion() must be of the type int, null given, called in /home/flasheep/codeigniter/app/Scripts/scripts/Nissan/NP300/Nissan_NP300_checksum_9s12h256.php on line 35
#0 /home/flasheep/codeigniter/app/Scripts/scripts/Nissan/NP300/Nissan_NP300_checksum_9s12h256.php(35): App\Scripts\Nissan_NP300_checksum_9s12h256->getValueForPortion(NULL, 1)
#1 /home/flasheep/codeigniter/app/Controllers/Script.php(263): App\Scripts\Nissan_NP300_checksum_9s12h256->getResult()
#2 /home/flasheep/codeigniter/system/CodeIgniter.php(824): App\Controllers\Script->run()
#3 /home/flasheep/codeigniter/system/CodeIgniter.php(410): CodeIgniter\CodeIgniter->runController(Object(App\Controllers\Script))
#4 /home/flasheep/codeigniter/system/CodeIgniter.php(318): CodeIgniter\CodeIgniter->handleRequest(NULL, Object(Config\Cache), false)
#5 /home/flasheep/public_html/index.php(37): CodeIgniter\CodeIgniter->run()
#6 {main}
CRITICAL - 2022-08-03 12:05:20 --> Argument 1 passed to App\Scripts\Nissan_NP300_checksum_9s12h256::getValueForPortion() must be of the type int, null given, called in /home/flasheep/codeigniter/app/Scripts/scripts/Nissan/NP300/Nissan_NP300_checksum_9s12h256.php on line 35
#0 /home/flasheep/codeigniter/app/Scripts/scripts/Nissan/NP300/Nissan_NP300_checksum_9s12h256.php(35): App\Scripts\Nissan_NP300_checksum_9s12h256->getValueForPortion(NULL, 1)
#1 /home/flasheep/codeigniter/app/Controllers/Script.php(263): App\Scripts\Nissan_NP300_checksum_9s12h256->getResult()
#2 /home/flasheep/codeigniter/system/CodeIgniter.php(824): App\Controllers\Script->run()
#3 /home/flasheep/codeigniter/system/CodeIgniter.php(410): CodeIgniter\CodeIgniter->runController(Object(App\Controllers\Script))
#4 /home/flasheep/codeigniter/system/CodeIgniter.php(318): CodeIgniter\CodeIgniter->handleRequest(NULL, Object(Config\Cache), false)
#5 /home/flasheep/public_html/index.php(37): CodeIgniter\CodeIgniter->run()
#6 {main}
CRITICAL - 2022-08-03 12:05:20 --> Argument 1 passed to App\Scripts\Nissan_NP300_checksum_9s12h256::getValueForPortion() must be of the type int, null given, called in /home/flasheep/codeigniter/app/Scripts/scripts/Nissan/NP300/Nissan_NP300_checksum_9s12h256.php on line 35
#0 /home/flasheep/codeigniter/app/Scripts/scripts/Nissan/NP300/Nissan_NP300_checksum_9s12h256.php(35): App\Scripts\Nissan_NP300_checksum_9s12h256->getValueForPortion(NULL, 1)
#1 /home/flasheep/codeigniter/app/Controllers/Script.php(263): App\Scripts\Nissan_NP300_checksum_9s12h256->getResult()
#2 /home/flasheep/codeigniter/system/CodeIgniter.php(824): App\Controllers\Script->run()
#3 /home/flasheep/codeigniter/system/CodeIgniter.php(410): CodeIgniter\CodeIgniter->runController(Object(App\Controllers\Script))
#4 /home/flasheep/codeigniter/system/CodeIgniter.php(318): CodeIgniter\CodeIgniter->handleRequest(NULL, Object(Config\Cache), false)
#5 /home/flasheep/public_html/index.php(37): CodeIgniter\CodeIgniter->run()
#6 {main}
CRITICAL - 2022-08-03 12:05:23 --> Argument 1 passed to App\Scripts\Nissan_NP300_checksum_9s12h256::getValueForPortion() must be of the type int, null given, called in /home/flasheep/codeigniter/app/Scripts/scripts/Nissan/NP300/Nissan_NP300_checksum_9s12h256.php on line 35
#0 /home/flasheep/codeigniter/app/Scripts/scripts/Nissan/NP300/Nissan_NP300_checksum_9s12h256.php(35): App\Scripts\Nissan_NP300_checksum_9s12h256->getValueForPortion(NULL, 1)
#1 /home/flasheep/codeigniter/app/Controllers/Script.php(263): App\Scripts\Nissan_NP300_checksum_9s12h256->getResult()
#2 /home/flasheep/codeigniter/system/CodeIgniter.php(824): App\Controllers\Script->run()
#3 /home/flasheep/codeigniter/system/CodeIgniter.php(410): CodeIgniter\CodeIgniter->runController(Object(App\Controllers\Script))
#4 /home/flasheep/codeigniter/system/CodeIgniter.php(318): CodeIgniter\CodeIgniter->handleRequest(NULL, Object(Config\Cache), false)
#5 /home/flasheep/public_html/index.php(37): CodeIgniter\CodeIgniter->run()
#6 {main}
CRITICAL - 2022-08-03 12:05:23 --> Argument 1 passed to App\Scripts\Nissan_NP300_checksum_9s12h256::getValueForPortion() must be of the type int, null given, called in /home/flasheep/codeigniter/app/Scripts/scripts/Nissan/NP300/Nissan_NP300_checksum_9s12h256.php on line 35
#0 /home/flasheep/codeigniter/app/Scripts/scripts/Nissan/NP300/Nissan_NP300_checksum_9s12h256.php(35): App\Scripts\Nissan_NP300_checksum_9s12h256->getValueForPortion(NULL, 1)
#1 /home/flasheep/codeigniter/app/Controllers/Script.php(263): App\Scripts\Nissan_NP300_checksum_9s12h256->getResult()
#2 /home/flasheep/codeigniter/system/CodeIgniter.php(824): App\Controllers\Script->run()
#3 /home/flasheep/codeigniter/system/CodeIgniter.php(410): CodeIgniter\CodeIgniter->runController(Object(App\Controllers\Script))
#4 /home/flasheep/codeigniter/system/CodeIgniter.php(318): CodeIgniter\CodeIgniter->handleRequest(NULL, Object(Config\Cache), false)
#5 /home/flasheep/public_html/index.php(37): CodeIgniter\CodeIgniter->run()
#6 {main}
CRITICAL - 2022-08-03 12:05:23 --> Argument 1 passed to App\Scripts\Nissan_NP300_checksum_9s12h256::getValueForPortion() must be of the type int, null given, called in /home/flasheep/codeigniter/app/Scripts/scripts/Nissan/NP300/Nissan_NP300_checksum_9s12h256.php on line 35
#0 /home/flasheep/codeigniter/app/Scripts/scripts/Nissan/NP300/Nissan_NP300_checksum_9s12h256.php(35): App\Scripts\Nissan_NP300_checksum_9s12h256->getValueForPortion(NULL, 1)
#1 /home/flasheep/codeigniter/app/Controllers/Script.php(263): App\Scripts\Nissan_NP300_checksum_9s12h256->getResult()
#2 /home/flasheep/codeigniter/system/CodeIgniter.php(824): App\Controllers\Script->run()
#3 /home/flasheep/codeigniter/system/CodeIgniter.php(410): CodeIgniter\CodeIgniter->runController(Object(App\Controllers\Script))
#4 /home/flasheep/codeigniter/system/CodeIgniter.php(318): CodeIgniter\CodeIgniter->handleRequest(NULL, Object(Config\Cache), false)
#5 /home/flasheep/public_html/index.php(37): CodeIgniter\CodeIgniter->run()
#6 {main}
CRITICAL - 2022-08-03 13:07:36 --> Argument 1 passed to App\Controllers\Script::getPathInformation() must be of the type string, null given, called in /home/flasheep/codeigniter/app/Controllers/Script.php on line 238
#0 /home/flasheep/codeigniter/app/Controllers/Script.php(238): App\Controllers\Script->getPathInformation(NULL)
#1 /home/flasheep/codeigniter/system/CodeIgniter.php(824): App\Controllers\Script->run()
#2 /home/flasheep/codeigniter/system/CodeIgniter.php(410): CodeIgniter\CodeIgniter->runController(Object(App\Controllers\Script))
#3 /home/flasheep/codeigniter/system/CodeIgniter.php(318): CodeIgniter\CodeIgniter->handleRequest(NULL, Object(Config\Cache), false)
#4 /home/flasheep/public_html/index.php(37): CodeIgniter\CodeIgniter->run()
#5 {main}
ERROR - 2022-08-03 16:58:40 --> Incorrect string value: '\xC3o2018...' for column 'filename' at row 1
ERROR - 2022-08-03 17:47:34 --> Incorrect string value: '\xC3o2018...' for column 'filename' at row 1
