CRITICAL - 2022-04-14 16:04:18 --> Class '\App\Scripts\Hyundai_i10_2019_24c16_crc_v1' not found
#0 /home/flasheep/codeigniter/app/Scripts/ScriptList.php(89): App\Scripts\Script::getScript('scripts/Hyundai...', 'FF3F3F060201054...')
#1 /home/flasheep/codeigniter/app/Controllers/Script.php(123): App\Scripts\ScriptList::getScriptByPathInformation(Array, 'FF3F3F060201054...', Object(App\Entities\User))
#2 /home/flasheep/codeigniter/app/Controllers/Script.php(79): App\Controllers\Script->getScript(Array, 'FF3F3F060201054...')
#3 /home/flasheep/codeigniter/system/CodeIgniter.php(824): App\Controllers\Script->run()
#4 /home/flasheep/codeigniter/system/CodeIgniter.php(410): CodeIgniter\CodeIgniter->runController(Object(App\Controllers\Script))
#5 /home/flasheep/codeigniter/system/CodeIgniter.php(318): CodeIgniter\CodeIgniter->handleRequest(NULL, Object(Config\Cache), false)
#6 /home/flasheep/public_html/index.php(37): CodeIgniter\CodeIgniter->run()
#7 {main}
CRITICAL - 2022-04-14 16:04:19 --> Class '\App\Scripts\Hyundai_i10_2019_24c16_crc_v1' not found
#0 /home/flasheep/codeigniter/app/Scripts/ScriptList.php(89): App\Scripts\Script::getScript('scripts/Hyundai...', 'FF3F3F060201054...')
#1 /home/flasheep/codeigniter/app/Controllers/Script.php(123): App\Scripts\ScriptList::getScriptByPathInformation(Array, 'FF3F3F060201054...', Object(App\Entities\User))
#2 /home/flasheep/codeigniter/app/Controllers/Script.php(79): App\Controllers\Script->getScript(Array, 'FF3F3F060201054...')
#3 /home/flasheep/codeigniter/system/CodeIgniter.php(824): App\Controllers\Script->run()
#4 /home/flasheep/codeigniter/system/CodeIgniter.php(410): CodeIgniter\CodeIgniter->runController(Object(App\Controllers\Script))
#5 /home/flasheep/codeigniter/system/CodeIgniter.php(318): CodeIgniter\CodeIgniter->handleRequest(NULL, Object(Config\Cache), false)
#6 /home/flasheep/public_html/index.php(37): CodeIgniter\CodeIgniter->run()
#7 {main}
CRITICAL - 2022-04-14 16:04:51 --> Class '\App\Scripts\Hyundai_i10_2019_24c16_crc_v1' not found
#0 /home/flasheep/codeigniter/app/Scripts/ScriptList.php(89): App\Scripts\Script::getScript('scripts/Hyundai...', 'FF3F3F060201054...')
#1 /home/flasheep/codeigniter/app/Controllers/Script.php(123): App\Scripts\ScriptList::getScriptByPathInformation(Array, 'FF3F3F060201054...', Object(App\Entities\User))
#2 /home/flasheep/codeigniter/app/Controllers/Script.php(79): App\Controllers\Script->getScript(Array, 'FF3F3F060201054...')
#3 /home/flasheep/codeigniter/system/CodeIgniter.php(824): App\Controllers\Script->run()
#4 /home/flasheep/codeigniter/system/CodeIgniter.php(410): CodeIgniter\CodeIgniter->runController(Object(App\Controllers\Script))
#5 /home/flasheep/codeigniter/system/CodeIgniter.php(318): CodeIgniter\CodeIgniter->handleRequest(NULL, Object(Config\Cache), false)
#6 /home/flasheep/public_html/index.php(37): CodeIgniter\CodeIgniter->run()
#7 {main}
CRITICAL - 2022-04-14 16:06:15 --> Class '\App\Scripts\Hyundai_i10_2019_24c16_crc_v1' not found
#0 /home/flasheep/codeigniter/app/Scripts/ScriptList.php(89): App\Scripts\Script::getScript('scripts/Hyundai...', 'FF3F3F060201054...')
#1 /home/flasheep/codeigniter/app/Controllers/Script.php(123): App\Scripts\ScriptList::getScriptByPathInformation(Array, 'FF3F3F060201054...', Object(App\Entities\User))
#2 /home/flasheep/codeigniter/app/Controllers/Script.php(79): App\Controllers\Script->getScript(Array, 'FF3F3F060201054...')
#3 /home/flasheep/codeigniter/system/CodeIgniter.php(824): App\Controllers\Script->run()
#4 /home/flasheep/codeigniter/system/CodeIgniter.php(410): CodeIgniter\CodeIgniter->runController(Object(App\Controllers\Script))
#5 /home/flasheep/codeigniter/system/CodeIgniter.php(318): CodeIgniter\CodeIgniter->handleRequest(NULL, Object(Config\Cache), false)
#6 /home/flasheep/public_html/index.php(37): CodeIgniter\CodeIgniter->run()
#7 {main}
CRITICAL - 2022-04-14 16:06:16 --> Class '\App\Scripts\Hyundai_i10_2019_24c16_crc_v1' not found
#0 /home/flasheep/codeigniter/app/Scripts/ScriptList.php(89): App\Scripts\Script::getScript('scripts/Hyundai...', 'FF3F3F060201054...')
#1 /home/flasheep/codeigniter/app/Controllers/Script.php(123): App\Scripts\ScriptList::getScriptByPathInformation(Array, 'FF3F3F060201054...', Object(App\Entities\User))
#2 /home/flasheep/codeigniter/app/Controllers/Script.php(79): App\Controllers\Script->getScript(Array, 'FF3F3F060201054...')
#3 /home/flasheep/codeigniter/system/CodeIgniter.php(824): App\Controllers\Script->run()
#4 /home/flasheep/codeigniter/system/CodeIgniter.php(410): CodeIgniter\CodeIgniter->runController(Object(App\Controllers\Script))
#5 /home/flasheep/codeigniter/system/CodeIgniter.php(318): CodeIgniter\CodeIgniter->handleRequest(NULL, Object(Config\Cache), false)
#6 /home/flasheep/public_html/index.php(37): CodeIgniter\CodeIgniter->run()
#7 {main}
CRITICAL - 2022-04-14 16:06:17 --> Class '\App\Scripts\Hyundai_i10_2019_24c16_crc_v1' not found
#0 /home/flasheep/codeigniter/app/Scripts/ScriptList.php(89): App\Scripts\Script::getScript('scripts/Hyundai...', 'FF3F3F060201054...')
#1 /home/flasheep/codeigniter/app/Controllers/Script.php(123): App\Scripts\ScriptList::getScriptByPathInformation(Array, 'FF3F3F060201054...', Object(App\Entities\User))
#2 /home/flasheep/codeigniter/app/Controllers/Script.php(79): App\Controllers\Script->getScript(Array, 'FF3F3F060201054...')
#3 /home/flasheep/codeigniter/system/CodeIgniter.php(824): App\Controllers\Script->run()
#4 /home/flasheep/codeigniter/system/CodeIgniter.php(410): CodeIgniter\CodeIgniter->runController(Object(App\Controllers\Script))
#5 /home/flasheep/codeigniter/system/CodeIgniter.php(318): CodeIgniter\CodeIgniter->handleRequest(NULL, Object(Config\Cache), false)
#6 /home/flasheep/public_html/index.php(37): CodeIgniter\CodeIgniter->run()
#7 {main}
CRITICAL - 2022-04-14 16:07:50 --> Class '\App\Scripts\Hyundai_i10_2019_24c16_crc_v1' not found
#0 /home/flasheep/codeigniter/app/Scripts/ScriptList.php(89): App\Scripts\Script::getScript('scripts/Hyundai...', 'FF3F3F060201054...')
#1 /home/flasheep/codeigniter/app/Controllers/Script.php(123): App\Scripts\ScriptList::getScriptByPathInformation(Array, 'FF3F3F060201054...', Object(App\Entities\User))
#2 /home/flasheep/codeigniter/app/Controllers/Script.php(79): App\Controllers\Script->getScript(Array, 'FF3F3F060201054...')
#3 /home/flasheep/codeigniter/system/CodeIgniter.php(824): App\Controllers\Script->run()
#4 /home/flasheep/codeigniter/system/CodeIgniter.php(410): CodeIgniter\CodeIgniter->runController(Object(App\Controllers\Script))
#5 /home/flasheep/codeigniter/system/CodeIgniter.php(318): CodeIgniter\CodeIgniter->handleRequest(NULL, Object(Config\Cache), false)
#6 /home/flasheep/public_html/index.php(37): CodeIgniter\CodeIgniter->run()
#7 {main}
CRITICAL - 2022-04-14 16:07:50 --> Class '\App\Scripts\Hyundai_i10_2019_24c16_crc_v1' not found
#0 /home/flasheep/codeigniter/app/Scripts/ScriptList.php(89): App\Scripts\Script::getScript('scripts/Hyundai...', 'FF3F3F060201054...')
#1 /home/flasheep/codeigniter/app/Controllers/Script.php(123): App\Scripts\ScriptList::getScriptByPathInformation(Array, 'FF3F3F060201054...', Object(App\Entities\User))
#2 /home/flasheep/codeigniter/app/Controllers/Script.php(79): App\Controllers\Script->getScript(Array, 'FF3F3F060201054...')
#3 /home/flasheep/codeigniter/system/CodeIgniter.php(824): App\Controllers\Script->run()
#4 /home/flasheep/codeigniter/system/CodeIgniter.php(410): CodeIgniter\CodeIgniter->runController(Object(App\Controllers\Script))
#5 /home/flasheep/codeigniter/system/CodeIgniter.php(318): CodeIgniter\CodeIgniter->handleRequest(NULL, Object(Config\Cache), false)
#6 /home/flasheep/public_html/index.php(37): CodeIgniter\CodeIgniter->run()
#7 {main}
CRITICAL - 2022-04-14 16:08:05 --> Class '\App\Scripts\Hyundai_i10_2019_24c16_crc_v1' not found
#0 /home/flasheep/codeigniter/app/Scripts/ScriptList.php(89): App\Scripts\Script::getScript('scripts/Hyundai...', 'FF3F3F060201054...')
#1 /home/flasheep/codeigniter/app/Controllers/Script.php(123): App\Scripts\ScriptList::getScriptByPathInformation(Array, 'FF3F3F060201054...', Object(App\Entities\User))
#2 /home/flasheep/codeigniter/app/Controllers/Script.php(79): App\Controllers\Script->getScript(Array, 'FF3F3F060201054...')
#3 /home/flasheep/codeigniter/system/CodeIgniter.php(824): App\Controllers\Script->run()
#4 /home/flasheep/codeigniter/system/CodeIgniter.php(410): CodeIgniter\CodeIgniter->runController(Object(App\Controllers\Script))
#5 /home/flasheep/codeigniter/system/CodeIgniter.php(318): CodeIgniter\CodeIgniter->handleRequest(NULL, Object(Config\Cache), false)
#6 /home/flasheep/public_html/index.php(37): CodeIgniter\CodeIgniter->run()
#7 {main}
CRITICAL - 2022-04-14 16:08:06 --> Class '\App\Scripts\Hyundai_i10_2019_24c16_crc_v1' not found
#0 /home/flasheep/codeigniter/app/Scripts/ScriptList.php(89): App\Scripts\Script::getScript('scripts/Hyundai...', 'FF3F3F060201054...')
#1 /home/flasheep/codeigniter/app/Controllers/Script.php(123): App\Scripts\ScriptList::getScriptByPathInformation(Array, 'FF3F3F060201054...', Object(App\Entities\User))
#2 /home/flasheep/codeigniter/app/Controllers/Script.php(79): App\Controllers\Script->getScript(Array, 'FF3F3F060201054...')
#3 /home/flasheep/codeigniter/system/CodeIgniter.php(824): App\Controllers\Script->run()
#4 /home/flasheep/codeigniter/system/CodeIgniter.php(410): CodeIgniter\CodeIgniter->runController(Object(App\Controllers\Script))
#5 /home/flasheep/codeigniter/system/CodeIgniter.php(318): CodeIgniter\CodeIgniter->handleRequest(NULL, Object(Config\Cache), false)
#6 /home/flasheep/public_html/index.php(37): CodeIgniter\CodeIgniter->run()
#7 {main}
CRITICAL - 2022-04-14 16:38:33 --> syntax error, unexpected 'return' (T_RETURN)
#0 /home/flasheep/codeigniter/app/Scripts/ScriptList.php(89): App\Scripts\Script::getScript('scripts/Chevrol...', '04E0044EFFFFFFF...')
#1 /home/flasheep/codeigniter/app/Controllers/Script.php(123): App\Scripts\ScriptList::getScriptByPathInformation(Array, '04E0044EFFFFFFF...', Object(App\Entities\User))
#2 /home/flasheep/codeigniter/app/Controllers/Script.php(79): App\Controllers\Script->getScript(Array, '04E0044EFFFFFFF...')
#3 /home/flasheep/codeigniter/system/CodeIgniter.php(824): App\Controllers\Script->run()
#4 /home/flasheep/codeigniter/system/CodeIgniter.php(410): CodeIgniter\CodeIgniter->runController(Object(App\Controllers\Script))
#5 /home/flasheep/codeigniter/system/CodeIgniter.php(318): CodeIgniter\CodeIgniter->handleRequest(NULL, Object(Config\Cache), false)
#6 /home/flasheep/public_html/index.php(37): CodeIgniter\CodeIgniter->run()
#7 {main}
CRITICAL - 2022-04-14 16:52:50 --> Use of undefined constant E0 - assumed 'E0' (this will throw an Error in a future version of PHP)
#0 /home/flasheep/codeigniter/app/Scripts/scripts/Chevrolet/Sail/demoi10.php(47): CodeIgniter\Debug\Exceptions->errorHandler(2, 'Use of undefine...', '/home/flasheep/...', 47, Array)
#1 /home/flasheep/codeigniter/app/Controllers/Script.php(91): App\Scripts\demoi10->calculate(10000)
#2 /home/flasheep/codeigniter/system/CodeIgniter.php(824): App\Controllers\Script->run()
#3 /home/flasheep/codeigniter/system/CodeIgniter.php(410): CodeIgniter\CodeIgniter->runController(Object(App\Controllers\Script))
#4 /home/flasheep/codeigniter/system/CodeIgniter.php(318): CodeIgniter\CodeIgniter->handleRequest(NULL, Object(Config\Cache), false)
#5 /home/flasheep/public_html/index.php(37): CodeIgniter\CodeIgniter->run()
#6 {main}
CRITICAL - 2022-04-14 16:53:28 --> Use of undefined constant E0 - assumed 'E0' (this will throw an Error in a future version of PHP)
#0 /home/flasheep/codeigniter/app/Scripts/scripts/Chevrolet/Sail/demoi10.php(47): CodeIgniter\Debug\Exceptions->errorHandler(2, 'Use of undefine...', '/home/flasheep/...', 47, Array)
#1 /home/flasheep/codeigniter/app/Controllers/Script.php(91): App\Scripts\demoi10->calculate(10000)
#2 /home/flasheep/codeigniter/system/CodeIgniter.php(824): App\Controllers\Script->run()
#3 /home/flasheep/codeigniter/system/CodeIgniter.php(410): CodeIgniter\CodeIgniter->runController(Object(App\Controllers\Script))
#4 /home/flasheep/codeigniter/system/CodeIgniter.php(318): CodeIgniter\CodeIgniter->handleRequest(NULL, Object(Config\Cache), false)
#5 /home/flasheep/public_html/index.php(37): CodeIgniter\CodeIgniter->run()
#6 {main}
CRITICAL - 2022-04-14 16:53:57 --> syntax error, unexpected 'default' (T_DEFAULT)
#0 /home/flasheep/codeigniter/app/Scripts/ScriptList.php(89): App\Scripts\Script::getScript('scripts/Toyota/...', '04E0FFFFFFFFFFF...')
#1 /home/flasheep/codeigniter/app/Controllers/Script.php(123): App\Scripts\ScriptList::getScriptByPathInformation(Array, '04E0FFFFFFFFFFF...', Object(App\Entities\User))
#2 /home/flasheep/codeigniter/app/Controllers/Script.php(79): App\Controllers\Script->getScript(Array, '04E0FFFFFFFFFFF...')
#3 /home/flasheep/codeigniter/system/CodeIgniter.php(824): App\Controllers\Script->run()
#4 /home/flasheep/codeigniter/system/CodeIgniter.php(410): CodeIgniter\CodeIgniter->runController(Object(App\Controllers\Script))
#5 /home/flasheep/codeigniter/system/CodeIgniter.php(318): CodeIgniter\CodeIgniter->handleRequest(NULL, Object(Config\Cache), false)
#6 /home/flasheep/public_html/index.php(37): CodeIgniter\CodeIgniter->run()
#7 {main}
CRITICAL - 2022-04-14 17:08:52 --> Use of undefined constant E0 - assumed 'E0' (this will throw an Error in a future version of PHP)
#0 /home/flasheep/codeigniter/app/Scripts/scripts/Chevrolet/Sail/demoi10.php(45): CodeIgniter\Debug\Exceptions->errorHandler(2, 'Use of undefine...', '/home/flasheep/...', 45, Array)
#1 /home/flasheep/codeigniter/app/Controllers/Script.php(91): App\Scripts\demoi10->calculate(40000)
#2 /home/flasheep/codeigniter/system/CodeIgniter.php(824): App\Controllers\Script->run()
#3 /home/flasheep/codeigniter/system/CodeIgniter.php(410): CodeIgniter\CodeIgniter->runController(Object(App\Controllers\Script))
#4 /home/flasheep/codeigniter/system/CodeIgniter.php(318): CodeIgniter\CodeIgniter->handleRequest(NULL, Object(Config\Cache), false)
#5 /home/flasheep/public_html/index.php(37): CodeIgniter\CodeIgniter->run()
#6 {main}
CRITICAL - 2022-04-14 17:16:55 --> Invalid numeric literal
#0 /home/flasheep/codeigniter/app/Scripts/ScriptList.php(89): App\Scripts\Script::getScript('scripts/Chevrol...', '04E0FFFFFFFFFFF...')
#1 /home/flasheep/codeigniter/app/Controllers/Script.php(123): App\Scripts\ScriptList::getScriptByPathInformation(Array, '04E0FFFFFFFFFFF...', Object(App\Entities\User))
#2 /home/flasheep/codeigniter/app/Controllers/Script.php(79): App\Controllers\Script->getScript(Array, '04E0FFFFFFFFFFF...')
#3 /home/flasheep/codeigniter/system/CodeIgniter.php(824): App\Controllers\Script->run()
#4 /home/flasheep/codeigniter/system/CodeIgniter.php(410): CodeIgniter\CodeIgniter->runController(Object(App\Controllers\Script))
#5 /home/flasheep/codeigniter/system/CodeIgniter.php(318): CodeIgniter\CodeIgniter->handleRequest(NULL, Object(Config\Cache), false)
#6 /home/flasheep/public_html/index.php(37): CodeIgniter\CodeIgniter->run()
#7 {main}
CRITICAL - 2022-04-14 17:35:04 --> syntax error, unexpected ';'
#0 /home/flasheep/codeigniter/app/Scripts/ScriptList.php(89): App\Scripts\Script::getScript('scripts/Chevrol...', '2650FFFFFFFFFFF...')
#1 /home/flasheep/codeigniter/app/Controllers/Script.php(123): App\Scripts\ScriptList::getScriptByPathInformation(Array, '2650FFFFFFFFFFF...', Object(App\Entities\User))
#2 /home/flasheep/codeigniter/app/Controllers/Script.php(79): App\Controllers\Script->getScript(Array, '2650FFFFFFFFFFF...')
#3 /home/flasheep/codeigniter/system/CodeIgniter.php(824): App\Controllers\Script->run()
#4 /home/flasheep/codeigniter/system/CodeIgniter.php(410): CodeIgniter\CodeIgniter->runController(Object(App\Controllers\Script))
#5 /home/flasheep/codeigniter/system/CodeIgniter.php(318): CodeIgniter\CodeIgniter->handleRequest(NULL, Object(Config\Cache), false)
#6 /home/flasheep/public_html/index.php(37): CodeIgniter\CodeIgniter->run()
#7 {main}
CRITICAL - 2022-04-14 17:55:30 --> Use of undefined constant E0 - assumed 'E0' (this will throw an Error in a future version of PHP)
#0 /home/flasheep/codeigniter/app/Scripts/scripts/Chevrolet/Sail/demoi10.php(46): CodeIgniter\Debug\Exceptions->errorHandler(2, 'Use of undefine...', '/home/flasheep/...', 46, Array)
#1 /home/flasheep/codeigniter/app/Controllers/Script.php(91): App\Scripts\demoi10->calculate(1000)
#2 /home/flasheep/codeigniter/system/CodeIgniter.php(824): App\Controllers\Script->run()
#3 /home/flasheep/codeigniter/system/CodeIgniter.php(410): CodeIgniter\CodeIgniter->runController(Object(App\Controllers\Script))
#4 /home/flasheep/codeigniter/system/CodeIgniter.php(318): CodeIgniter\CodeIgniter->handleRequest(NULL, Object(Config\Cache), false)
#5 /home/flasheep/public_html/index.php(37): CodeIgniter\CodeIgniter->run()
#6 {main}
CRITICAL - 2022-04-14 17:57:41 --> Function name must be a string
#0 /home/flasheep/codeigniter/app/Controllers/Script.php(91): App\Scripts\demoi10->calculate(1000)
#1 /home/flasheep/codeigniter/system/CodeIgniter.php(824): App\Controllers\Script->run()
#2 /home/flasheep/codeigniter/system/CodeIgniter.php(410): CodeIgniter\CodeIgniter->runController(Object(App\Controllers\Script))
#3 /home/flasheep/codeigniter/system/CodeIgniter.php(318): CodeIgniter\CodeIgniter->handleRequest(NULL, Object(Config\Cache), false)
#4 /home/flasheep/public_html/index.php(37): CodeIgniter\CodeIgniter->run()
#5 {main}
CRITICAL - 2022-04-14 18:00:29 --> Use of undefined constant E - assumed 'E' (this will throw an Error in a future version of PHP)
#0 /home/flasheep/codeigniter/app/Scripts/scripts/Chevrolet/Sail/demoi10.php(46): CodeIgniter\Debug\Exceptions->errorHandler(2, 'Use of undefine...', '/home/flasheep/...', 46, Array)
#1 /home/flasheep/codeigniter/app/Controllers/Script.php(91): App\Scripts\demoi10->calculate(1000)
#2 /home/flasheep/codeigniter/system/CodeIgniter.php(824): App\Controllers\Script->run()
#3 /home/flasheep/codeigniter/system/CodeIgniter.php(410): CodeIgniter\CodeIgniter->runController(Object(App\Controllers\Script))
#4 /home/flasheep/codeigniter/system/CodeIgniter.php(318): CodeIgniter\CodeIgniter->handleRequest(NULL, Object(Config\Cache), false)
#5 /home/flasheep/public_html/index.php(37): CodeIgniter\CodeIgniter->run()
#6 {main}
CRITICAL - 2022-04-14 18:12:21 --> Use of undefined constant E0 - assumed 'E0' (this will throw an Error in a future version of PHP)
#0 /home/flasheep/codeigniter/app/Scripts/scripts/Chevrolet/Sail/demoi10.php(46): CodeIgniter\Debug\Exceptions->errorHandler(2, 'Use of undefine...', '/home/flasheep/...', 46, Array)
#1 /home/flasheep/codeigniter/app/Controllers/Script.php(91): App\Scripts\demoi10->calculate(224)
#2 /home/flasheep/codeigniter/system/CodeIgniter.php(824): App\Controllers\Script->run()
#3 /home/flasheep/codeigniter/system/CodeIgniter.php(410): CodeIgniter\CodeIgniter->runController(Object(App\Controllers\Script))
#4 /home/flasheep/codeigniter/system/CodeIgniter.php(318): CodeIgniter\CodeIgniter->handleRequest(NULL, Object(Config\Cache), false)
#5 /home/flasheep/public_html/index.php(37): CodeIgniter\CodeIgniter->run()
#6 {main}
CRITICAL - 2022-04-14 18:44:08 --> Use of undefined constant E0 - assumed 'E0' (this will throw an Error in a future version of PHP)
#0 /home/flasheep/codeigniter/app/Scripts/scripts/Chevrolet/Sail/demoi10.php(46): CodeIgniter\Debug\Exceptions->errorHandler(2, 'Use of undefine...', '/home/flasheep/...', 46, Array)
#1 /home/flasheep/codeigniter/app/Controllers/Script.php(91): App\Scripts\demoi10->calculate(224)
#2 /home/flasheep/codeigniter/system/CodeIgniter.php(824): App\Controllers\Script->run()
#3 /home/flasheep/codeigniter/system/CodeIgniter.php(410): CodeIgniter\CodeIgniter->runController(Object(App\Controllers\Script))
#4 /home/flasheep/codeigniter/system/CodeIgniter.php(318): CodeIgniter\CodeIgniter->handleRequest(NULL, Object(Config\Cache), false)
#5 /home/flasheep/public_html/index.php(37): CodeIgniter\CodeIgniter->run()
#6 {main}
CRITICAL - 2022-04-14 18:44:15 --> Use of undefined constant E0 - assumed 'E0' (this will throw an Error in a future version of PHP)
#0 /home/flasheep/codeigniter/app/Scripts/scripts/Chevrolet/Sail/demoi10.php(46): CodeIgniter\Debug\Exceptions->errorHandler(2, 'Use of undefine...', '/home/flasheep/...', 46, Array)
#1 /home/flasheep/codeigniter/app/Controllers/Script.php(91): App\Scripts\demoi10->calculate(224)
#2 /home/flasheep/codeigniter/system/CodeIgniter.php(824): App\Controllers\Script->run()
#3 /home/flasheep/codeigniter/system/CodeIgniter.php(410): CodeIgniter\CodeIgniter->runController(Object(App\Controllers\Script))
#4 /home/flasheep/codeigniter/system/CodeIgniter.php(318): CodeIgniter\CodeIgniter->handleRequest(NULL, Object(Config\Cache), false)
#5 /home/flasheep/public_html/index.php(37): CodeIgniter\CodeIgniter->run()
#6 {main}
CRITICAL - 2022-04-14 18:44:23 --> Use of undefined constant E0 - assumed 'E0' (this will throw an Error in a future version of PHP)
#0 /home/flasheep/codeigniter/app/Scripts/scripts/Chevrolet/Sail/demoi10.php(46): CodeIgniter\Debug\Exceptions->errorHandler(2, 'Use of undefine...', '/home/flasheep/...', 46, Array)
#1 /home/flasheep/codeigniter/app/Controllers/Script.php(91): App\Scripts\demoi10->calculate(10000)
#2 /home/flasheep/codeigniter/system/CodeIgniter.php(824): App\Controllers\Script->run()
#3 /home/flasheep/codeigniter/system/CodeIgniter.php(410): CodeIgniter\CodeIgniter->runController(Object(App\Controllers\Script))
#4 /home/flasheep/codeigniter/system/CodeIgniter.php(318): CodeIgniter\CodeIgniter->handleRequest(NULL, Object(Config\Cache), false)
#5 /home/flasheep/public_html/index.php(37): CodeIgniter\CodeIgniter->run()
#6 {main}
CRITICAL - 2022-04-14 18:44:44 --> Use of undefined constant E0 - assumed 'E0' (this will throw an Error in a future version of PHP)
#0 /home/flasheep/codeigniter/app/Scripts/scripts/Chevrolet/Sail/demoi10.php(46): CodeIgniter\Debug\Exceptions->errorHandler(2, 'Use of undefine...', '/home/flasheep/...', 46, Array)
#1 /home/flasheep/codeigniter/app/Controllers/Script.php(91): App\Scripts\demoi10->calculate(10000)
#2 /home/flasheep/codeigniter/system/CodeIgniter.php(824): App\Controllers\Script->run()
#3 /home/flasheep/codeigniter/system/CodeIgniter.php(410): CodeIgniter\CodeIgniter->runController(Object(App\Controllers\Script))
#4 /home/flasheep/codeigniter/system/CodeIgniter.php(318): CodeIgniter\CodeIgniter->handleRequest(NULL, Object(Config\Cache), false)
#5 /home/flasheep/public_html/index.php(37): CodeIgniter\CodeIgniter->run()
#6 {main}
CRITICAL - 2022-04-14 18:46:30 --> Declaration of App\Scripts\demoi10::calculate(int $value, int $hex4) must be compatible with App\Scripts\Script::calculate(int $value)
#0 [internal function]: CodeIgniter\Debug\Exceptions->shutdownHandler()
#1 {main}
CRITICAL - 2022-04-14 18:46:49 --> Declaration of App\Scripts\demoi10::calculate(int $value, int $hex4) must be compatible with App\Scripts\Script::calculate(int $value)
#0 [internal function]: CodeIgniter\Debug\Exceptions->shutdownHandler()
#1 {main}
CRITICAL - 2022-04-14 18:47:14 --> Declaration of App\Scripts\demoi10::calculate(int $value, int $hex4) must be compatible with App\Scripts\Script::calculate(int $value)
#0 [internal function]: CodeIgniter\Debug\Exceptions->shutdownHandler()
#1 {main}
CRITICAL - 2022-04-14 18:47:29 --> Declaration of App\Scripts\demoi10::calculate(int $value, int $hex4) must be compatible with App\Scripts\Script::calculate(int $value)
#0 [internal function]: CodeIgniter\Debug\Exceptions->shutdownHandler()
#1 {main}
CRITICAL - 2022-04-14 18:47:40 --> Declaration of App\Scripts\demoi10::calculate(int $value, int $hex4) must be compatible with App\Scripts\Script::calculate(int $value)
#0 [internal function]: CodeIgniter\Debug\Exceptions->shutdownHandler()
#1 {main}
CRITICAL - 2022-04-14 18:47:41 --> Declaration of App\Scripts\demoi10::calculate(int $value, int $hex4) must be compatible with App\Scripts\Script::calculate(int $value)
#0 [internal function]: CodeIgniter\Debug\Exceptions->shutdownHandler()
#1 {main}
CRITICAL - 2022-04-14 18:47:42 --> Declaration of App\Scripts\demoi10::calculate(int $value, int $hex4) must be compatible with App\Scripts\Script::calculate(int $value)
#0 [internal function]: CodeIgniter\Debug\Exceptions->shutdownHandler()
#1 {main}
CRITICAL - 2022-04-14 18:49:29 --> Call to undefined function App\Scripts\hex()
#0 /home/flasheep/codeigniter/app/Controllers/Script.php(91): App\Scripts\demoi10->calculate(10000)
#1 /home/flasheep/codeigniter/system/CodeIgniter.php(824): App\Controllers\Script->run()
#2 /home/flasheep/codeigniter/system/CodeIgniter.php(410): CodeIgniter\CodeIgniter->runController(Object(App\Controllers\Script))
#3 /home/flasheep/codeigniter/system/CodeIgniter.php(318): CodeIgniter\CodeIgniter->handleRequest(NULL, Object(Config\Cache), false)
#4 /home/flasheep/public_html/index.php(37): CodeIgniter\CodeIgniter->run()
#5 {main}
CRITICAL - 2022-04-14 18:49:46 --> Call to undefined function App\Scripts\hex()
#0 /home/flasheep/codeigniter/app/Controllers/Script.php(91): App\Scripts\demoi10->calculate(10000)
#1 /home/flasheep/codeigniter/system/CodeIgniter.php(824): App\Controllers\Script->run()
#2 /home/flasheep/codeigniter/system/CodeIgniter.php(410): CodeIgniter\CodeIgniter->runController(Object(App\Controllers\Script))
#3 /home/flasheep/codeigniter/system/CodeIgniter.php(318): CodeIgniter\CodeIgniter->handleRequest(NULL, Object(Config\Cache), false)
#4 /home/flasheep/public_html/index.php(37): CodeIgniter\CodeIgniter->run()
#5 {main}
CRITICAL - 2022-04-14 18:50:02 --> Call to undefined function App\Scripts\hex()
#0 /home/flasheep/codeigniter/app/Controllers/Script.php(91): App\Scripts\demoi10->calculate(10000)
#1 /home/flasheep/codeigniter/system/CodeIgniter.php(824): App\Controllers\Script->run()
#2 /home/flasheep/codeigniter/system/CodeIgniter.php(410): CodeIgniter\CodeIgniter->runController(Object(App\Controllers\Script))
#3 /home/flasheep/codeigniter/system/CodeIgniter.php(318): CodeIgniter\CodeIgniter->handleRequest(NULL, Object(Config\Cache), false)
#4 /home/flasheep/public_html/index.php(37): CodeIgniter\CodeIgniter->run()
#5 {main}
CRITICAL - 2022-04-14 18:50:15 --> Call to undefined function App\Scripts\hex()
#0 /home/flasheep/codeigniter/app/Controllers/Script.php(91): App\Scripts\demoi10->calculate(10000)
#1 /home/flasheep/codeigniter/system/CodeIgniter.php(824): App\Controllers\Script->run()
#2 /home/flasheep/codeigniter/system/CodeIgniter.php(410): CodeIgniter\CodeIgniter->runController(Object(App\Controllers\Script))
#3 /home/flasheep/codeigniter/system/CodeIgniter.php(318): CodeIgniter\CodeIgniter->handleRequest(NULL, Object(Config\Cache), false)
#4 /home/flasheep/public_html/index.php(37): CodeIgniter\CodeIgniter->run()
#5 {main}
CRITICAL - 2022-04-14 18:50:48 --> Call to undefined function App\Scripts\hex()
#0 /home/flasheep/codeigniter/app/Controllers/Script.php(91): App\Scripts\demoi10->calculate(10000)
#1 /home/flasheep/codeigniter/system/CodeIgniter.php(824): App\Controllers\Script->run()
#2 /home/flasheep/codeigniter/system/CodeIgniter.php(410): CodeIgniter\CodeIgniter->runController(Object(App\Controllers\Script))
#3 /home/flasheep/codeigniter/system/CodeIgniter.php(318): CodeIgniter\CodeIgniter->handleRequest(NULL, Object(Config\Cache), false)
#4 /home/flasheep/public_html/index.php(37): CodeIgniter\CodeIgniter->run()
#5 {main}
CRITICAL - 2022-04-14 19:09:48 --> Invalid numeric literal
#0 /home/flasheep/codeigniter/app/Scripts/ScriptList.php(89): App\Scripts\Script::getScript('scripts/Chevrol...', '0420FFFFFFFFFFF...')
#1 /home/flasheep/codeigniter/app/Controllers/Script.php(123): App\Scripts\ScriptList::getScriptByPathInformation(Array, '0420FFFFFFFFFFF...', Object(App\Entities\User))
#2 /home/flasheep/codeigniter/app/Controllers/Script.php(79): App\Controllers\Script->getScript(Array, '0420FFFFFFFFFFF...')
#3 /home/flasheep/codeigniter/system/CodeIgniter.php(824): App\Controllers\Script->run()
#4 /home/flasheep/codeigniter/system/CodeIgniter.php(410): CodeIgniter\CodeIgniter->runController(Object(App\Controllers\Script))
#5 /home/flasheep/codeigniter/system/CodeIgniter.php(318): CodeIgniter\CodeIgniter->handleRequest(NULL, Object(Config\Cache), false)
#6 /home/flasheep/public_html/index.php(37): CodeIgniter\CodeIgniter->run()
#7 {main}
CRITICAL - 2022-04-14 19:11:02 --> Invalid numeric literal
#0 /home/flasheep/codeigniter/app/Scripts/ScriptList.php(89): App\Scripts\Script::getScript('scripts/Chevrol...', '04E0FFFFFFFFFFF...')
#1 /home/flasheep/codeigniter/app/Controllers/Script.php(123): App\Scripts\ScriptList::getScriptByPathInformation(Array, '04E0FFFFFFFFFFF...', Object(App\Entities\User))
#2 /home/flasheep/codeigniter/app/Controllers/Script.php(79): App\Controllers\Script->getScript(Array, '04E0FFFFFFFFFFF...')
#3 /home/flasheep/codeigniter/system/CodeIgniter.php(824): App\Controllers\Script->run()
#4 /home/flasheep/codeigniter/system/CodeIgniter.php(410): CodeIgniter\CodeIgniter->runController(Object(App\Controllers\Script))
#5 /home/flasheep/codeigniter/system/CodeIgniter.php(318): CodeIgniter\CodeIgniter->handleRequest(NULL, Object(Config\Cache), false)
#6 /home/flasheep/public_html/index.php(37): CodeIgniter\CodeIgniter->run()
#7 {main}
CRITICAL - 2022-04-14 19:11:35 --> Invalid numeric literal
#0 /home/flasheep/codeigniter/app/Scripts/ScriptList.php(89): App\Scripts\Script::getScript('scripts/Chevrol...', '04E0FFFFFFFFFFF...')
#1 /home/flasheep/codeigniter/app/Controllers/Script.php(123): App\Scripts\ScriptList::getScriptByPathInformation(Array, '04E0FFFFFFFFFFF...', Object(App\Entities\User))
#2 /home/flasheep/codeigniter/app/Controllers/Script.php(79): App\Controllers\Script->getScript(Array, '04E0FFFFFFFFFFF...')
#3 /home/flasheep/codeigniter/system/CodeIgniter.php(824): App\Controllers\Script->run()
#4 /home/flasheep/codeigniter/system/CodeIgniter.php(410): CodeIgniter\CodeIgniter->runController(Object(App\Controllers\Script))
#5 /home/flasheep/codeigniter/system/CodeIgniter.php(318): CodeIgniter\CodeIgniter->handleRequest(NULL, Object(Config\Cache), false)
#6 /home/flasheep/public_html/index.php(37): CodeIgniter\CodeIgniter->run()
#7 {main}
CRITICAL - 2022-04-14 19:12:07 --> Invalid numeric literal
#0 /home/flasheep/codeigniter/app/Scripts/ScriptList.php(89): App\Scripts\Script::getScript('scripts/Chevrol...', '04E0FFFFFFFFFFF...')
#1 /home/flasheep/codeigniter/app/Controllers/Script.php(123): App\Scripts\ScriptList::getScriptByPathInformation(Array, '04E0FFFFFFFFFFF...', Object(App\Entities\User))
#2 /home/flasheep/codeigniter/app/Controllers/Script.php(79): App\Controllers\Script->getScript(Array, '04E0FFFFFFFFFFF...')
#3 /home/flasheep/codeigniter/system/CodeIgniter.php(824): App\Controllers\Script->run()
#4 /home/flasheep/codeigniter/system/CodeIgniter.php(410): CodeIgniter\CodeIgniter->runController(Object(App\Controllers\Script))
#5 /home/flasheep/codeigniter/system/CodeIgniter.php(318): CodeIgniter\CodeIgniter->handleRequest(NULL, Object(Config\Cache), false)
#6 /home/flasheep/public_html/index.php(37): CodeIgniter\CodeIgniter->run()
#7 {main}
CRITICAL - 2022-04-14 19:12:21 --> Invalid numeric literal
#0 /home/flasheep/codeigniter/app/Scripts/ScriptList.php(89): App\Scripts\Script::getScript('scripts/Chevrol...', '04E0FFFFFFFFFFF...')
#1 /home/flasheep/codeigniter/app/Controllers/Script.php(123): App\Scripts\ScriptList::getScriptByPathInformation(Array, '04E0FFFFFFFFFFF...', Object(App\Entities\User))
#2 /home/flasheep/codeigniter/app/Controllers/Script.php(79): App\Controllers\Script->getScript(Array, '04E0FFFFFFFFFFF...')
#3 /home/flasheep/codeigniter/system/CodeIgniter.php(824): App\Controllers\Script->run()
#4 /home/flasheep/codeigniter/system/CodeIgniter.php(410): CodeIgniter\CodeIgniter->runController(Object(App\Controllers\Script))
#5 /home/flasheep/codeigniter/system/CodeIgniter.php(318): CodeIgniter\CodeIgniter->handleRequest(NULL, Object(Config\Cache), false)
#6 /home/flasheep/public_html/index.php(37): CodeIgniter\CodeIgniter->run()
#7 {main}
CRITICAL - 2022-04-14 19:13:12 --> Invalid numeric literal
#0 /home/flasheep/codeigniter/app/Scripts/ScriptList.php(89): App\Scripts\Script::getScript('scripts/Chevrol...', '04E0FFFFFFFFFFF...')
#1 /home/flasheep/codeigniter/app/Controllers/Script.php(123): App\Scripts\ScriptList::getScriptByPathInformation(Array, '04E0FFFFFFFFFFF...', Object(App\Entities\User))
#2 /home/flasheep/codeigniter/app/Controllers/Script.php(79): App\Controllers\Script->getScript(Array, '04E0FFFFFFFFFFF...')
#3 /home/flasheep/codeigniter/system/CodeIgniter.php(824): App\Controllers\Script->run()
#4 /home/flasheep/codeigniter/system/CodeIgniter.php(410): CodeIgniter\CodeIgniter->runController(Object(App\Controllers\Script))
#5 /home/flasheep/codeigniter/system/CodeIgniter.php(318): CodeIgniter\CodeIgniter->handleRequest(NULL, Object(Config\Cache), false)
#6 /home/flasheep/public_html/index.php(37): CodeIgniter\CodeIgniter->run()
#7 {main}
CRITICAL - 2022-04-14 19:16:06 --> Invalid numeric literal
#0 /home/flasheep/codeigniter/app/Scripts/ScriptList.php(89): App\Scripts\Script::getScript('scripts/Chevrol...', '04E0FFFFFFFFFFF...')
#1 /home/flasheep/codeigniter/app/Controllers/Script.php(123): App\Scripts\ScriptList::getScriptByPathInformation(Array, '04E0FFFFFFFFFFF...', Object(App\Entities\User))
#2 /home/flasheep/codeigniter/app/Controllers/Script.php(79): App\Controllers\Script->getScript(Array, '04E0FFFFFFFFFFF...')
#3 /home/flasheep/codeigniter/system/CodeIgniter.php(824): App\Controllers\Script->run()
#4 /home/flasheep/codeigniter/system/CodeIgniter.php(410): CodeIgniter\CodeIgniter->runController(Object(App\Controllers\Script))
#5 /home/flasheep/codeigniter/system/CodeIgniter.php(318): CodeIgniter\CodeIgniter->handleRequest(NULL, Object(Config\Cache), false)
#6 /home/flasheep/public_html/index.php(37): CodeIgniter\CodeIgniter->run()
#7 {main}
CRITICAL - 2022-04-14 20:03:40 --> syntax error, unexpected 'switch' (T_SWITCH)
#0 /home/flasheep/codeigniter/app/Scripts/ScriptList.php(89): App\Scripts\Script::getScript('scripts/Chevrol...', 'FFFFFFFFFFFFFFF...')
#1 /home/flasheep/codeigniter/app/Controllers/Script.php(123): App\Scripts\ScriptList::getScriptByPathInformation(Array, 'FFFFFFFFFFFFFFF...', Object(App\Entities\User))
#2 /home/flasheep/codeigniter/app/Controllers/Script.php(79): App\Controllers\Script->getScript(Array, 'FFFFFFFFFFFFFFF...')
#3 /home/flasheep/codeigniter/system/CodeIgniter.php(824): App\Controllers\Script->run()
#4 /home/flasheep/codeigniter/system/CodeIgniter.php(410): CodeIgniter\CodeIgniter->runController(Object(App\Controllers\Script))
#5 /home/flasheep/codeigniter/system/CodeIgniter.php(318): CodeIgniter\CodeIgniter->handleRequest(NULL, Object(Config\Cache), false)
#6 /home/flasheep/public_html/index.php(37): CodeIgniter\CodeIgniter->run()
#7 {main}
CRITICAL - 2022-04-14 20:03:43 --> syntax error, unexpected 'switch' (T_SWITCH)
#0 /home/flasheep/codeigniter/app/Scripts/ScriptList.php(89): App\Scripts\Script::getScript('scripts/Chevrol...', 'FFFFFFFFFFFFFFF...')
#1 /home/flasheep/codeigniter/app/Controllers/Script.php(123): App\Scripts\ScriptList::getScriptByPathInformation(Array, 'FFFFFFFFFFFFFFF...', Object(App\Entities\User))
#2 /home/flasheep/codeigniter/app/Controllers/Script.php(79): App\Controllers\Script->getScript(Array, 'FFFFFFFFFFFFFFF...')
#3 /home/flasheep/codeigniter/system/CodeIgniter.php(824): App\Controllers\Script->run()
#4 /home/flasheep/codeigniter/system/CodeIgniter.php(410): CodeIgniter\CodeIgniter->runController(Object(App\Controllers\Script))
#5 /home/flasheep/codeigniter/system/CodeIgniter.php(318): CodeIgniter\CodeIgniter->handleRequest(NULL, Object(Config\Cache), false)
#6 /home/flasheep/public_html/index.php(37): CodeIgniter\CodeIgniter->run()
#7 {main}
CRITICAL - 2022-04-14 20:05:48 --> syntax error, unexpected 'switch' (T_SWITCH)
#0 /home/flasheep/codeigniter/app/Scripts/ScriptList.php(89): App\Scripts\Script::getScript('scripts/Chevrol...', '04E0FFFFFFFFFFF...')
#1 /home/flasheep/codeigniter/app/Controllers/Script.php(123): App\Scripts\ScriptList::getScriptByPathInformation(Array, '04E0FFFFFFFFFFF...', Object(App\Entities\User))
#2 /home/flasheep/codeigniter/app/Controllers/Script.php(79): App\Controllers\Script->getScript(Array, '04E0FFFFFFFFFFF...')
#3 /home/flasheep/codeigniter/system/CodeIgniter.php(824): App\Controllers\Script->run()
#4 /home/flasheep/codeigniter/system/CodeIgniter.php(410): CodeIgniter\CodeIgniter->runController(Object(App\Controllers\Script))
#5 /home/flasheep/codeigniter/system/CodeIgniter.php(318): CodeIgniter\CodeIgniter->handleRequest(NULL, Object(Config\Cache), false)
#6 /home/flasheep/public_html/index.php(37): CodeIgniter\CodeIgniter->run()
#7 {main}
CRITICAL - 2022-04-14 20:15:38 --> Cannot use empty array elements in arrays
#0 [internal function]: CodeIgniter\Debug\Exceptions->shutdownHandler()
#1 {main}
CRITICAL - 2022-04-14 20:15:40 --> Cannot use empty array elements in arrays
#0 [internal function]: CodeIgniter\Debug\Exceptions->shutdownHandler()
#1 {main}
CRITICAL - 2022-04-14 22:12:19 --> syntax error, unexpected 'return' (T_RETURN)
#0 /home/flasheep/codeigniter/app/Scripts/ScriptList.php(89): App\Scripts\Script::getScript('scripts/Chevrol...', '2610FFFFFFFFFFF...')
#1 /home/flasheep/codeigniter/app/Controllers/Script.php(123): App\Scripts\ScriptList::getScriptByPathInformation(Array, '2610FFFFFFFFFFF...', Object(App\Entities\User))
#2 /home/flasheep/codeigniter/app/Controllers/Script.php(79): App\Controllers\Script->getScript(Array, '2610FFFFFFFFFFF...')
#3 /home/flasheep/codeigniter/system/CodeIgniter.php(824): App\Controllers\Script->run()
#4 /home/flasheep/codeigniter/system/CodeIgniter.php(410): CodeIgniter\CodeIgniter->runController(Object(App\Controllers\Script))
#5 /home/flasheep/codeigniter/system/CodeIgniter.php(318): CodeIgniter\CodeIgniter->handleRequest(NULL, Object(Config\Cache), false)
#6 /home/flasheep/public_html/index.php(37): CodeIgniter\CodeIgniter->run()
#7 {main}
CRITICAL - 2022-04-14 22:27:41 --> Use of undefined constant var2 - assumed 'var2' (this will throw an Error in a future version of PHP)
#0 /home/flasheep/codeigniter/app/Scripts/scripts/Chevrolet/Sail/demoi10.php(65): CodeIgniter\Debug\Exceptions->errorHandler(2, 'Use of undefine...', '/home/flasheep/...', 65, Array)
#1 /home/flasheep/codeigniter/app/Controllers/Script.php(91): App\Scripts\demoi10->calculate(10000)
#2 /home/flasheep/codeigniter/system/CodeIgniter.php(824): App\Controllers\Script->run()
#3 /home/flasheep/codeigniter/system/CodeIgniter.php(410): CodeIgniter\CodeIgniter->runController(Object(App\Controllers\Script))
#4 /home/flasheep/codeigniter/system/CodeIgniter.php(318): CodeIgniter\CodeIgniter->handleRequest(NULL, Object(Config\Cache), false)
#5 /home/flasheep/public_html/index.php(37): CodeIgniter\CodeIgniter->run()
#6 {main}
CRITICAL - 2022-04-14 23:36:43 --> Class '\App\Scripts\Chevrolet_Sail_checksum_24c085' not found
#0 /home/flasheep/codeigniter/app/Scripts/ScriptList.php(89): App\Scripts\Script::getScript('scripts/Chevrol...', 'FF3F3F02030101A...')
#1 /home/flasheep/codeigniter/app/Controllers/Script.php(123): App\Scripts\ScriptList::getScriptByPathInformation(Array, 'FF3F3F02030101A...', Object(App\Entities\User))
#2 /home/flasheep/codeigniter/app/Controllers/Script.php(79): App\Controllers\Script->getScript(Array, 'FF3F3F02030101A...')
#3 /home/flasheep/codeigniter/system/CodeIgniter.php(824): App\Controllers\Script->run()
#4 /home/flasheep/codeigniter/system/CodeIgniter.php(410): CodeIgniter\CodeIgniter->runController(Object(App\Controllers\Script))
#5 /home/flasheep/codeigniter/system/CodeIgniter.php(318): CodeIgniter\CodeIgniter->handleRequest(NULL, Object(Config\Cache), false)
#6 /home/flasheep/public_html/index.php(37): CodeIgniter\CodeIgniter->run()
#7 {main}
CRITICAL - 2022-04-14 23:36:45 --> Class '\App\Scripts\Chevrolet_Sail_checksum_24c085' not found
#0 /home/flasheep/codeigniter/app/Scripts/ScriptList.php(89): App\Scripts\Script::getScript('scripts/Chevrol...', 'FF3F3F02030101A...')
#1 /home/flasheep/codeigniter/app/Controllers/Script.php(123): App\Scripts\ScriptList::getScriptByPathInformation(Array, 'FF3F3F02030101A...', Object(App\Entities\User))
#2 /home/flasheep/codeigniter/app/Controllers/Script.php(79): App\Controllers\Script->getScript(Array, 'FF3F3F02030101A...')
#3 /home/flasheep/codeigniter/system/CodeIgniter.php(824): App\Controllers\Script->run()
#4 /home/flasheep/codeigniter/system/CodeIgniter.php(410): CodeIgniter\CodeIgniter->runController(Object(App\Controllers\Script))
#5 /home/flasheep/codeigniter/system/CodeIgniter.php(318): CodeIgniter\CodeIgniter->handleRequest(NULL, Object(Config\Cache), false)
#6 /home/flasheep/public_html/index.php(37): CodeIgniter\CodeIgniter->run()
#7 {main}
CRITICAL - 2022-04-14 23:36:45 --> Class '\App\Scripts\Chevrolet_Sail_checksum_24c085' not found
#0 /home/flasheep/codeigniter/app/Scripts/ScriptList.php(89): App\Scripts\Script::getScript('scripts/Chevrol...', 'FF3F3F02030101A...')
#1 /home/flasheep/codeigniter/app/Controllers/Script.php(123): App\Scripts\ScriptList::getScriptByPathInformation(Array, 'FF3F3F02030101A...', Object(App\Entities\User))
#2 /home/flasheep/codeigniter/app/Controllers/Script.php(79): App\Controllers\Script->getScript(Array, 'FF3F3F02030101A...')
#3 /home/flasheep/codeigniter/system/CodeIgniter.php(824): App\Controllers\Script->run()
#4 /home/flasheep/codeigniter/system/CodeIgniter.php(410): CodeIgniter\CodeIgniter->runController(Object(App\Controllers\Script))
#5 /home/flasheep/codeigniter/system/CodeIgniter.php(318): CodeIgniter\CodeIgniter->handleRequest(NULL, Object(Config\Cache), false)
#6 /home/flasheep/public_html/index.php(37): CodeIgniter\CodeIgniter->run()
#7 {main}
CRITICAL - 2022-04-14 23:36:53 --> A non-numeric value encountered
#0 /home/flasheep/codeigniter/app/Scripts/scripts/Chevrolet/Sail/Chevrolet_Sail_checksum_24c085.php(192): CodeIgniter\Debug\Exceptions->errorHandler(2, 'A non-numeric v...', '/home/flasheep/...', 192, Array)
#1 /home/flasheep/codeigniter/app/Controllers/Script.php(91): App\Scripts\Chevrolet_Sail_checksum_24c085->calculate(10000)
#2 /home/flasheep/codeigniter/system/CodeIgniter.php(824): App\Controllers\Script->run()
#3 /home/flasheep/codeigniter/system/CodeIgniter.php(410): CodeIgniter\CodeIgniter->runController(Object(App\Controllers\Script))
#4 /home/flasheep/codeigniter/system/CodeIgniter.php(318): CodeIgniter\CodeIgniter->handleRequest(NULL, Object(Config\Cache), false)
#5 /home/flasheep/public_html/index.php(37): CodeIgniter\CodeIgniter->run()
#6 {main}
CRITICAL - 2022-04-14 23:37:25 --> Cannot use a scalar value as an array
#0 /home/flasheep/codeigniter/app/Scripts/scripts/Chevrolet/Sail/Chevrolet_Sail_checksum_24c085.php(194): CodeIgniter\Debug\Exceptions->errorHandler(2, 'Cannot use a sc...', '/home/flasheep/...', 194, Array)
#1 /home/flasheep/codeigniter/app/Controllers/Script.php(91): App\Scripts\Chevrolet_Sail_checksum_24c085->calculate(10000)
#2 /home/flasheep/codeigniter/system/CodeIgniter.php(824): App\Controllers\Script->run()
#3 /home/flasheep/codeigniter/system/CodeIgniter.php(410): CodeIgniter\CodeIgniter->runController(Object(App\Controllers\Script))
#4 /home/flasheep/codeigniter/system/CodeIgniter.php(318): CodeIgniter\CodeIgniter->handleRequest(NULL, Object(Config\Cache), false)
#5 /home/flasheep/public_html/index.php(37): CodeIgniter\CodeIgniter->run()
#6 {main}
CRITICAL - 2022-04-14 23:38:03 --> Cannot use a scalar value as an array
#0 /home/flasheep/codeigniter/app/Scripts/scripts/Chevrolet/Sail/Chevrolet_Sail_checksum_24c085.php(194): CodeIgniter\Debug\Exceptions->errorHandler(2, 'Cannot use a sc...', '/home/flasheep/...', 194, Array)
#1 /home/flasheep/codeigniter/app/Controllers/Script.php(91): App\Scripts\Chevrolet_Sail_checksum_24c085->calculate(10000)
#2 /home/flasheep/codeigniter/system/CodeIgniter.php(824): App\Controllers\Script->run()
#3 /home/flasheep/codeigniter/system/CodeIgniter.php(410): CodeIgniter\CodeIgniter->runController(Object(App\Controllers\Script))
#4 /home/flasheep/codeigniter/system/CodeIgniter.php(318): CodeIgniter\CodeIgniter->handleRequest(NULL, Object(Config\Cache), false)
#5 /home/flasheep/public_html/index.php(37): CodeIgniter\CodeIgniter->run()
#6 {main}
CRITICAL - 2022-04-14 23:40:09 --> [] operator not supported for strings
#0 /home/flasheep/codeigniter/app/Controllers/Script.php(91): App\Scripts\Chevrolet_Sail_checksum_24c085->calculate(10000)
#1 /home/flasheep/codeigniter/system/CodeIgniter.php(824): App\Controllers\Script->run()
#2 /home/flasheep/codeigniter/system/CodeIgniter.php(410): CodeIgniter\CodeIgniter->runController(Object(App\Controllers\Script))
#3 /home/flasheep/codeigniter/system/CodeIgniter.php(318): CodeIgniter\CodeIgniter->handleRequest(NULL, Object(Config\Cache), false)
#4 /home/flasheep/public_html/index.php(37): CodeIgniter\CodeIgniter->run()
#5 {main}
CRITICAL - 2022-04-14 23:44:20 --> [] operator not supported for strings
#0 /home/flasheep/codeigniter/app/Scripts/scripts/Chevrolet/Sail/Chevrolet_Sail_checksum_24c085.php(169): App\Scripts\Chevrolet_Sail_checksum_24c085->calculateRepeatedValue(10000)
#1 /home/flasheep/codeigniter/app/Controllers/Script.php(91): App\Scripts\Chevrolet_Sail_checksum_24c085->calculate(10000)
#2 /home/flasheep/codeigniter/system/CodeIgniter.php(824): App\Controllers\Script->run()
#3 /home/flasheep/codeigniter/system/CodeIgniter.php(410): CodeIgniter\CodeIgniter->runController(Object(App\Controllers\Script))
#4 /home/flasheep/codeigniter/system/CodeIgniter.php(318): CodeIgniter\CodeIgniter->handleRequest(NULL, Object(Config\Cache), false)
#5 /home/flasheep/public_html/index.php(37): CodeIgniter\CodeIgniter->run()
#6 {main}
CRITICAL - 2022-04-14 23:46:58 --> [] operator not supported for strings
#0 /home/flasheep/codeigniter/app/Scripts/scripts/Chevrolet/Sail/Chevrolet_Sail_checksum_24c085.php(168): App\Scripts\Chevrolet_Sail_checksum_24c085->calculateRepeatedValue(10000)
#1 /home/flasheep/codeigniter/app/Controllers/Script.php(91): App\Scripts\Chevrolet_Sail_checksum_24c085->calculate(10000)
#2 /home/flasheep/codeigniter/system/CodeIgniter.php(824): App\Controllers\Script->run()
#3 /home/flasheep/codeigniter/system/CodeIgniter.php(410): CodeIgniter\CodeIgniter->runController(Object(App\Controllers\Script))
#4 /home/flasheep/codeigniter/system/CodeIgniter.php(318): CodeIgniter\CodeIgniter->handleRequest(NULL, Object(Config\Cache), false)
#5 /home/flasheep/public_html/index.php(37): CodeIgniter\CodeIgniter->run()
#6 {main}
CRITICAL - 2022-04-14 23:56:30 --> Call to undefined function App\Scripts\reverse()
#0 /home/flasheep/codeigniter/app/Scripts/scripts/Chevrolet/Sail/Chevrolet_Sail_checksum_24c085.php(168): App\Scripts\Chevrolet_Sail_checksum_24c085->calculateRepeatedValue(10000)
#1 /home/flasheep/codeigniter/app/Controllers/Script.php(91): App\Scripts\Chevrolet_Sail_checksum_24c085->calculate(10000)
#2 /home/flasheep/codeigniter/system/CodeIgniter.php(824): App\Controllers\Script->run()
#3 /home/flasheep/codeigniter/system/CodeIgniter.php(410): CodeIgniter\CodeIgniter->runController(Object(App\Controllers\Script))
#4 /home/flasheep/codeigniter/system/CodeIgniter.php(318): CodeIgniter\CodeIgniter->handleRequest(NULL, Object(Config\Cache), false)
#5 /home/flasheep/public_html/index.php(37): CodeIgniter\CodeIgniter->run()
#6 {main}
