CRITICAL - 2021-12-11 00:13:12 --> Invalid file: Contacto.php
#0 /home2/dgmtools/codeigniter/system/View/View.php(198): CodeIgniter\Exceptions\FrameworkException::forInvalidFile('Contacto.php')
#1 /home2/dgmtools/codeigniter/system/Common.php(1097): CodeIgniter\View\View->render('Contacto', Array, true)
#2 /home2/dgmtools/codeigniter/app/Controllers/BaseController.php(103): view('Contacto', Array)
#3 /home2/dgmtools/codeigniter/app/Controllers/Blog.php(17): App\Controllers\BaseController->renderDefaultLayout('Contacto')
#4 /home2/dgmtools/codeigniter/system/CodeIgniter.php(824): App\Controllers\Blog->Contacto()
#5 /home2/dgmtools/codeigniter/system/CodeIgniter.php(410): CodeIgniter\CodeIgniter->runController(Object(App\Controllers\Blog))
#6 /home2/dgmtools/codeigniter/system/CodeIgniter.php(318): CodeIgniter\CodeIgniter->handleRequest(NULL, Object(Config\Cache), false)
#7 /home2/dgmtools/public_html/flasheeprom.com/index.php(37): CodeIgniter\CodeIgniter->run()
#8 {main}
CRITICAL - 2021-12-11 00:13:34 --> Invalid file: Contacto.php
#0 /home2/dgmtools/codeigniter/system/View/View.php(198): CodeIgniter\Exceptions\FrameworkException::forInvalidFile('Contacto.php')
#1 /home2/dgmtools/codeigniter/system/Common.php(1097): CodeIgniter\View\View->render('Contacto', Array, true)
#2 /home2/dgmtools/codeigniter/app/Controllers/BaseController.php(103): view('Contacto', Array)
#3 /home2/dgmtools/codeigniter/app/Controllers/Blog.php(17): App\Controllers\BaseController->renderDefaultLayout('Contacto')
#4 /home2/dgmtools/codeigniter/system/CodeIgniter.php(824): App\Controllers\Blog->Contacto()
#5 /home2/dgmtools/codeigniter/system/CodeIgniter.php(410): CodeIgniter\CodeIgniter->runController(Object(App\Controllers\Blog))
#6 /home2/dgmtools/codeigniter/system/CodeIgniter.php(318): CodeIgniter\CodeIgniter->handleRequest(NULL, Object(Config\Cache), false)
#7 /home2/dgmtools/public_html/flasheeprom.com/index.php(37): CodeIgniter\CodeIgniter->run()
#8 {main}
CRITICAL - 2021-12-11 00:13:44 --> Invalid file: Contacto.php
#0 /home2/dgmtools/codeigniter/system/View/View.php(198): CodeIgniter\Exceptions\FrameworkException::forInvalidFile('Contacto.php')
#1 /home2/dgmtools/codeigniter/system/Common.php(1097): CodeIgniter\View\View->render('Contacto', Array, true)
#2 /home2/dgmtools/codeigniter/app/Controllers/BaseController.php(103): view('Contacto', Array)
#3 /home2/dgmtools/codeigniter/app/Controllers/Blog.php(17): App\Controllers\BaseController->renderDefaultLayout('Contacto')
#4 /home2/dgmtools/codeigniter/system/CodeIgniter.php(824): App\Controllers\Blog->Contacto()
#5 /home2/dgmtools/codeigniter/system/CodeIgniter.php(410): CodeIgniter\CodeIgniter->runController(Object(App\Controllers\Blog))
#6 /home2/dgmtools/codeigniter/system/CodeIgniter.php(318): CodeIgniter\CodeIgniter->handleRequest(NULL, Object(Config\Cache), false)
#7 /home2/dgmtools/public_html/flasheeprom.com/index.php(37): CodeIgniter\CodeIgniter->run()
#8 {main}
CRITICAL - 2021-12-11 00:14:16 --> Invalid file: Contacto.php
#0 /home2/dgmtools/codeigniter/system/View/View.php(198): CodeIgniter\Exceptions\FrameworkException::forInvalidFile('Contacto.php')
#1 /home2/dgmtools/codeigniter/system/Common.php(1097): CodeIgniter\View\View->render('Contacto', Array, true)
#2 /home2/dgmtools/codeigniter/app/Controllers/BaseController.php(103): view('Contacto', Array)
#3 /home2/dgmtools/codeigniter/app/Controllers/Blog.php(17): App\Controllers\BaseController->renderDefaultLayout('Contacto')
#4 /home2/dgmtools/codeigniter/system/CodeIgniter.php(824): App\Controllers\Blog->Contacto()
#5 /home2/dgmtools/codeigniter/system/CodeIgniter.php(410): CodeIgniter\CodeIgniter->runController(Object(App\Controllers\Blog))
#6 /home2/dgmtools/codeigniter/system/CodeIgniter.php(318): CodeIgniter\CodeIgniter->handleRequest(NULL, Object(Config\Cache), false)
#7 /home2/dgmtools/public_html/flasheeprom.com/index.php(37): CodeIgniter\CodeIgniter->run()
#8 {main}
CRITICAL - 2021-12-11 00:14:31 --> Invalid file: Contacto.php
#0 /home2/dgmtools/codeigniter/system/View/View.php(198): CodeIgniter\Exceptions\FrameworkException::forInvalidFile('Contacto.php')
#1 /home2/dgmtools/codeigniter/system/Common.php(1097): CodeIgniter\View\View->render('Contacto', Array, true)
#2 /home2/dgmtools/codeigniter/app/Controllers/BaseController.php(103): view('Contacto', Array)
#3 /home2/dgmtools/codeigniter/app/Controllers/Blog.php(17): App\Controllers\BaseController->renderDefaultLayout('Contacto')
#4 /home2/dgmtools/codeigniter/system/CodeIgniter.php(824): App\Controllers\Blog->Contacto()
#5 /home2/dgmtools/codeigniter/system/CodeIgniter.php(410): CodeIgniter\CodeIgniter->runController(Object(App\Controllers\Blog))
#6 /home2/dgmtools/codeigniter/system/CodeIgniter.php(318): CodeIgniter\CodeIgniter->handleRequest(NULL, Object(Config\Cache), false)
#7 /home2/dgmtools/public_html/flasheeprom.com/index.php(37): CodeIgniter\CodeIgniter->run()
#8 {main}
CRITICAL - 2021-12-11 00:14:39 --> Invalid file: Contacto.php
#0 /home2/dgmtools/codeigniter/system/View/View.php(198): CodeIgniter\Exceptions\FrameworkException::forInvalidFile('Contacto.php')
#1 /home2/dgmtools/codeigniter/system/Common.php(1097): CodeIgniter\View\View->render('Contacto', Array, true)
#2 /home2/dgmtools/codeigniter/app/Controllers/BaseController.php(103): view('Contacto', Array)
#3 /home2/dgmtools/codeigniter/app/Controllers/Blog.php(17): App\Controllers\BaseController->renderDefaultLayout('Contacto')
#4 /home2/dgmtools/codeigniter/system/CodeIgniter.php(824): App\Controllers\Blog->Contacto()
#5 /home2/dgmtools/codeigniter/system/CodeIgniter.php(410): CodeIgniter\CodeIgniter->runController(Object(App\Controllers\Blog))
#6 /home2/dgmtools/codeigniter/system/CodeIgniter.php(318): CodeIgniter\CodeIgniter->handleRequest(NULL, Object(Config\Cache), false)
#7 /home2/dgmtools/public_html/flasheeprom.com/index.php(37): CodeIgniter\CodeIgniter->run()
#8 {main}
CRITICAL - 2021-12-11 00:14:45 --> Invalid file: Contacto.php
#0 /home2/dgmtools/codeigniter/system/View/View.php(198): CodeIgniter\Exceptions\FrameworkException::forInvalidFile('Contacto.php')
#1 /home2/dgmtools/codeigniter/system/Common.php(1097): CodeIgniter\View\View->render('Contacto', Array, true)
#2 /home2/dgmtools/codeigniter/app/Controllers/BaseController.php(103): view('Contacto', Array)
#3 /home2/dgmtools/codeigniter/app/Controllers/Blog.php(17): App\Controllers\BaseController->renderDefaultLayout('Contacto')
#4 /home2/dgmtools/codeigniter/system/CodeIgniter.php(824): App\Controllers\Blog->Contacto()
#5 /home2/dgmtools/codeigniter/system/CodeIgniter.php(410): CodeIgniter\CodeIgniter->runController(Object(App\Controllers\Blog))
#6 /home2/dgmtools/codeigniter/system/CodeIgniter.php(318): CodeIgniter\CodeIgniter->handleRequest(NULL, Object(Config\Cache), false)
#7 /home2/dgmtools/public_html/flasheeprom.com/index.php(37): CodeIgniter\CodeIgniter->run()
#8 {main}
CRITICAL - 2021-12-11 00:17:09 --> Invalid file: Contacto.php
#0 /home2/dgmtools/codeigniter/system/View/View.php(198): CodeIgniter\Exceptions\FrameworkException::forInvalidFile('Contacto.php')
#1 /home2/dgmtools/codeigniter/system/Common.php(1097): CodeIgniter\View\View->render('Contacto', Array, true)
#2 /home2/dgmtools/codeigniter/app/Controllers/BaseController.php(103): view('Contacto', Array)
#3 /home2/dgmtools/codeigniter/app/Controllers/Blog.php(17): App\Controllers\BaseController->renderDefaultLayout('Contacto')
#4 /home2/dgmtools/codeigniter/system/CodeIgniter.php(824): App\Controllers\Blog->Contacto()
#5 /home2/dgmtools/codeigniter/system/CodeIgniter.php(410): CodeIgniter\CodeIgniter->runController(Object(App\Controllers\Blog))
#6 /home2/dgmtools/codeigniter/system/CodeIgniter.php(318): CodeIgniter\CodeIgniter->handleRequest(NULL, Object(Config\Cache), false)
#7 /home2/dgmtools/public_html/flasheeprom.com/index.php(37): CodeIgniter\CodeIgniter->run()
#8 {main}
CRITICAL - 2021-12-11 00:19:48 --> Invalid file: Contacto.php
#0 /home2/dgmtools/codeigniter/system/View/View.php(198): CodeIgniter\Exceptions\FrameworkException::forInvalidFile('Contacto.php')
#1 /home2/dgmtools/codeigniter/system/Common.php(1097): CodeIgniter\View\View->render('Contacto', Array, true)
#2 /home2/dgmtools/codeigniter/app/Controllers/BaseController.php(103): view('Contacto', Array)
#3 /home2/dgmtools/codeigniter/app/Controllers/Blog.php(17): App\Controllers\BaseController->renderDefaultLayout('Contacto')
#4 /home2/dgmtools/codeigniter/system/CodeIgniter.php(824): App\Controllers\Blog->Contacto()
#5 /home2/dgmtools/codeigniter/system/CodeIgniter.php(410): CodeIgniter\CodeIgniter->runController(Object(App\Controllers\Blog))
#6 /home2/dgmtools/codeigniter/system/CodeIgniter.php(318): CodeIgniter\CodeIgniter->handleRequest(NULL, Object(Config\Cache), false)
#7 /home2/dgmtools/public_html/flasheeprom.com/index.php(37): CodeIgniter\CodeIgniter->run()
#8 {main}
CRITICAL - 2021-12-11 00:19:59 --> Invalid file: Contacto.php
#0 /home2/dgmtools/codeigniter/system/View/View.php(198): CodeIgniter\Exceptions\FrameworkException::forInvalidFile('Contacto.php')
#1 /home2/dgmtools/codeigniter/system/Common.php(1097): CodeIgniter\View\View->render('Contacto', Array, true)
#2 /home2/dgmtools/codeigniter/app/Controllers/BaseController.php(103): view('Contacto', Array)
#3 /home2/dgmtools/codeigniter/app/Controllers/Blog.php(17): App\Controllers\BaseController->renderDefaultLayout('Contacto')
#4 /home2/dgmtools/codeigniter/system/CodeIgniter.php(824): App\Controllers\Blog->Contacto()
#5 /home2/dgmtools/codeigniter/system/CodeIgniter.php(410): CodeIgniter\CodeIgniter->runController(Object(App\Controllers\Blog))
#6 /home2/dgmtools/codeigniter/system/CodeIgniter.php(318): CodeIgniter\CodeIgniter->handleRequest(NULL, Object(Config\Cache), false)
#7 /home2/dgmtools/public_html/flasheeprom.com/index.php(37): CodeIgniter\CodeIgniter->run()
#8 {main}
CRITICAL - 2021-12-11 00:22:45 --> Invalid file: Contacto.php
#0 /home2/dgmtools/codeigniter/system/View/View.php(198): CodeIgniter\Exceptions\FrameworkException::forInvalidFile('Contacto.php')
#1 /home2/dgmtools/codeigniter/system/Common.php(1097): CodeIgniter\View\View->render('Contacto', Array, true)
#2 /home2/dgmtools/codeigniter/app/Controllers/BaseController.php(103): view('Contacto', Array)
#3 /home2/dgmtools/codeigniter/app/Controllers/Blog.php(17): App\Controllers\BaseController->renderDefaultLayout('Contacto')
#4 /home2/dgmtools/codeigniter/system/CodeIgniter.php(824): App\Controllers\Blog->Contacto()
#5 /home2/dgmtools/codeigniter/system/CodeIgniter.php(410): CodeIgniter\CodeIgniter->runController(Object(App\Controllers\Blog))
#6 /home2/dgmtools/codeigniter/system/CodeIgniter.php(318): CodeIgniter\CodeIgniter->handleRequest(NULL, Object(Config\Cache), false)
#7 /home2/dgmtools/public_html/flasheeprom.com/index.php(37): CodeIgniter\CodeIgniter->run()
#8 {main}
CRITICAL - 2021-12-11 00:22:51 --> Invalid file: Contacto.php
#0 /home2/dgmtools/codeigniter/system/View/View.php(198): CodeIgniter\Exceptions\FrameworkException::forInvalidFile('Contacto.php')
#1 /home2/dgmtools/codeigniter/system/Common.php(1097): CodeIgniter\View\View->render('Contacto', Array, true)
#2 /home2/dgmtools/codeigniter/app/Controllers/BaseController.php(103): view('Contacto', Array)
#3 /home2/dgmtools/codeigniter/app/Controllers/Blog.php(17): App\Controllers\BaseController->renderDefaultLayout('Contacto')
#4 /home2/dgmtools/codeigniter/system/CodeIgniter.php(824): App\Controllers\Blog->Contacto()
#5 /home2/dgmtools/codeigniter/system/CodeIgniter.php(410): CodeIgniter\CodeIgniter->runController(Object(App\Controllers\Blog))
#6 /home2/dgmtools/codeigniter/system/CodeIgniter.php(318): CodeIgniter\CodeIgniter->handleRequest(NULL, Object(Config\Cache), false)
#7 /home2/dgmtools/public_html/flasheeprom.com/index.php(37): CodeIgniter\CodeIgniter->run()
#8 {main}
CRITICAL - 2021-12-11 00:23:51 --> Invalid file: Contacto.php
#0 /home2/dgmtools/codeigniter/system/View/View.php(198): CodeIgniter\Exceptions\FrameworkException::forInvalidFile('Contacto.php')
#1 /home2/dgmtools/codeigniter/system/Common.php(1097): CodeIgniter\View\View->render('Contacto', Array, true)
#2 /home2/dgmtools/codeigniter/app/Controllers/BaseController.php(103): view('Contacto', Array)
#3 /home2/dgmtools/codeigniter/app/Controllers/Blog.php(17): App\Controllers\BaseController->renderDefaultLayout('Contacto')
#4 /home2/dgmtools/codeigniter/system/CodeIgniter.php(824): App\Controllers\Blog->Contacto()
#5 /home2/dgmtools/codeigniter/system/CodeIgniter.php(410): CodeIgniter\CodeIgniter->runController(Object(App\Controllers\Blog))
#6 /home2/dgmtools/codeigniter/system/CodeIgniter.php(318): CodeIgniter\CodeIgniter->handleRequest(NULL, Object(Config\Cache), false)
#7 /home2/dgmtools/public_html/flasheeprom.com/index.php(37): CodeIgniter\CodeIgniter->run()
#8 {main}
CRITICAL - 2021-12-11 00:24:00 --> Invalid file: Contacto.php
#0 /home2/dgmtools/codeigniter/system/View/View.php(198): CodeIgniter\Exceptions\FrameworkException::forInvalidFile('Contacto.php')
#1 /home2/dgmtools/codeigniter/system/Common.php(1097): CodeIgniter\View\View->render('Contacto', Array, true)
#2 /home2/dgmtools/codeigniter/app/Controllers/BaseController.php(103): view('Contacto', Array)
#3 /home2/dgmtools/codeigniter/app/Controllers/Blog.php(17): App\Controllers\BaseController->renderDefaultLayout('Contacto')
#4 /home2/dgmtools/codeigniter/system/CodeIgniter.php(824): App\Controllers\Blog->Contacto()
#5 /home2/dgmtools/codeigniter/system/CodeIgniter.php(410): CodeIgniter\CodeIgniter->runController(Object(App\Controllers\Blog))
#6 /home2/dgmtools/codeigniter/system/CodeIgniter.php(318): CodeIgniter\CodeIgniter->handleRequest(NULL, Object(Config\Cache), false)
#7 /home2/dgmtools/public_html/flasheeprom.com/index.php(37): CodeIgniter\CodeIgniter->run()
#8 {main}
CRITICAL - 2021-12-11 00:24:26 --> Invalid file: Contacto.php
#0 /home2/dgmtools/codeigniter/system/View/View.php(198): CodeIgniter\Exceptions\FrameworkException::forInvalidFile('Contacto.php')
#1 /home2/dgmtools/codeigniter/system/Common.php(1097): CodeIgniter\View\View->render('Contacto', Array, true)
#2 /home2/dgmtools/codeigniter/app/Controllers/BaseController.php(103): view('Contacto', Array)
#3 /home2/dgmtools/codeigniter/app/Controllers/Blog.php(17): App\Controllers\BaseController->renderDefaultLayout('Contacto')
#4 /home2/dgmtools/codeigniter/system/CodeIgniter.php(824): App\Controllers\Blog->Contacto()
#5 /home2/dgmtools/codeigniter/system/CodeIgniter.php(410): CodeIgniter\CodeIgniter->runController(Object(App\Controllers\Blog))
#6 /home2/dgmtools/codeigniter/system/CodeIgniter.php(318): CodeIgniter\CodeIgniter->handleRequest(NULL, Object(Config\Cache), false)
#7 /home2/dgmtools/public_html/flasheeprom.com/index.php(37): CodeIgniter\CodeIgniter->run()
#8 {main}
CRITICAL - 2021-12-11 00:25:05 --> Invalid file: Contacto.php
#0 /home2/dgmtools/codeigniter/system/View/View.php(198): CodeIgniter\Exceptions\FrameworkException::forInvalidFile('Contacto.php')
#1 /home2/dgmtools/codeigniter/system/Common.php(1097): CodeIgniter\View\View->render('Contacto', Array, true)
#2 /home2/dgmtools/codeigniter/app/Controllers/BaseController.php(103): view('Contacto', Array)
#3 /home2/dgmtools/codeigniter/app/Controllers/Blog.php(17): App\Controllers\BaseController->renderDefaultLayout('Contacto')
#4 /home2/dgmtools/codeigniter/system/CodeIgniter.php(824): App\Controllers\Blog->Contacto()
#5 /home2/dgmtools/codeigniter/system/CodeIgniter.php(410): CodeIgniter\CodeIgniter->runController(Object(App\Controllers\Blog))
#6 /home2/dgmtools/codeigniter/system/CodeIgniter.php(318): CodeIgniter\CodeIgniter->handleRequest(NULL, Object(Config\Cache), false)
#7 /home2/dgmtools/public_html/flasheeprom.com/index.php(37): CodeIgniter\CodeIgniter->run()
#8 {main}
CRITICAL - 2021-12-11 09:25:12 --> Class '\App\Scripts\Kia_Rio_v2_2012_13_24c16' not found
#0 /home2/dgmtools/codeigniter/app/Controllers/Script.php(43): App\Scripts\Script::getScript('scripts/Asia/Ki...', '')
#1 /home2/dgmtools/codeigniter/system/CodeIgniter.php(824): App\Controllers\Script->run()
#2 /home2/dgmtools/codeigniter/system/CodeIgniter.php(410): CodeIgniter\CodeIgniter->runController(Object(App\Controllers\Script))
#3 /home2/dgmtools/codeigniter/system/CodeIgniter.php(318): CodeIgniter\CodeIgniter->handleRequest(NULL, Object(Config\Cache), false)
#4 /home2/dgmtools/public_html/flasheeprom.com/index.php(37): CodeIgniter\CodeIgniter->run()
#5 {main}
