CRITICAL - 2022-02-23 10:12:27 --> syntax error, unexpected 'echo' (T_ECHO)
#0 /home2/dgmtools/codeigniter/system/View/View.php(217): CodeIgniter\View\View->CodeIgniter\View\{closure}()
#1 /home2/dgmtools/codeigniter/system/Common.php(1097): CodeIgniter\View\View->render('suscripcion', Array, true)
#2 /home2/dgmtools/codeigniter/app/Controllers/BaseController.php(103): view('suscripcion', Array)
#3 /home2/dgmtools/codeigniter/app/Controllers/Blog.php(21): App\Controllers\BaseController->renderDefaultLayout('suscripcion')
#4 /home2/dgmtools/codeigniter/system/CodeIgniter.php(824): App\Controllers\Blog->suscripcion()
#5 /home2/dgmtools/codeigniter/system/CodeIgniter.php(410): CodeIgniter\CodeIgniter->runController(Object(App\Controllers\Blog))
#6 /home2/dgmtools/codeigniter/system/CodeIgniter.php(318): CodeIgniter\CodeIgniter->handleRequest(NULL, Object(Config\Cache), false)
#7 /home2/dgmtools/public_html/flasheeprom.com/index.php(37): CodeIgniter\CodeIgniter->run()
#8 {main}
CRITICAL - 2022-02-23 10:23:37 --> Cannot use empty array elements in arrays
#0 [internal function]: CodeIgniter\Debug\Exceptions->shutdownHandler()
#1 {main}
CRITICAL - 2022-02-23 10:23:38 --> Cannot use empty array elements in arrays
#0 [internal function]: CodeIgniter\Debug\Exceptions->shutdownHandler()
#1 {main}
CRITICAL - 2022-02-23 10:23:38 --> Cannot use empty array elements in arrays
#0 [internal function]: CodeIgniter\Debug\Exceptions->shutdownHandler()
#1 {main}
CRITICAL - 2022-02-23 10:39:42 --> Cannot use empty array elements in arrays
#0 [internal function]: CodeIgniter\Debug\Exceptions->shutdownHandler()
#1 {main}
CRITICAL - 2022-02-23 14:16:09 --> Argument 1 passed to App\Scripts\Nissan_NP300_checksum_9s12h256::getValueForPortion() must be of the type int, null given, called in /home2/dgmtools/codeigniter/app/Scripts/scripts/Nissan/NP300/Nissan_NP300_checksum_9s12h256.php on line 35
#0 /home2/dgmtools/codeigniter/app/Scripts/scripts/Nissan/NP300/Nissan_NP300_checksum_9s12h256.php(35): App\Scripts\Nissan_NP300_checksum_9s12h256->getValueForPortion(NULL, 1)
#1 /home2/dgmtools/codeigniter/app/Controllers/Script.php(64): App\Scripts\Nissan_NP300_checksum_9s12h256->getResult()
#2 /home2/dgmtools/codeigniter/system/CodeIgniter.php(824): App\Controllers\Script->run()
#3 /home2/dgmtools/codeigniter/system/CodeIgniter.php(410): CodeIgniter\CodeIgniter->runController(Object(App\Controllers\Script))
#4 /home2/dgmtools/codeigniter/system/CodeIgniter.php(318): CodeIgniter\CodeIgniter->handleRequest(NULL, Object(Config\Cache), false)
#5 /home2/dgmtools/public_html/flasheeprom.com/index.php(37): CodeIgniter\CodeIgniter->run()
#6 {main}
CRITICAL - 2022-02-23 14:16:10 --> Argument 1 passed to App\Scripts\Nissan_NP300_checksum_9s12h256::getValueForPortion() must be of the type int, null given, called in /home2/dgmtools/codeigniter/app/Scripts/scripts/Nissan/NP300/Nissan_NP300_checksum_9s12h256.php on line 35
#0 /home2/dgmtools/codeigniter/app/Scripts/scripts/Nissan/NP300/Nissan_NP300_checksum_9s12h256.php(35): App\Scripts\Nissan_NP300_checksum_9s12h256->getValueForPortion(NULL, 1)
#1 /home2/dgmtools/codeigniter/app/Controllers/Script.php(64): App\Scripts\Nissan_NP300_checksum_9s12h256->getResult()
#2 /home2/dgmtools/codeigniter/system/CodeIgniter.php(824): App\Controllers\Script->run()
#3 /home2/dgmtools/codeigniter/system/CodeIgniter.php(410): CodeIgniter\CodeIgniter->runController(Object(App\Controllers\Script))
#4 /home2/dgmtools/codeigniter/system/CodeIgniter.php(318): CodeIgniter\CodeIgniter->handleRequest(NULL, Object(Config\Cache), false)
#5 /home2/dgmtools/public_html/flasheeprom.com/index.php(37): CodeIgniter\CodeIgniter->run()
#6 {main}
CRITICAL - 2022-02-23 14:16:20 --> Argument 1 passed to App\Scripts\Nissan_NP300_checksum_9s12h256::getValueForPortion() must be of the type int, null given, called in /home2/dgmtools/codeigniter/app/Scripts/scripts/Nissan/NP300/Nissan_NP300_checksum_9s12h256.php on line 35
#0 /home2/dgmtools/codeigniter/app/Scripts/scripts/Nissan/NP300/Nissan_NP300_checksum_9s12h256.php(35): App\Scripts\Nissan_NP300_checksum_9s12h256->getValueForPortion(NULL, 1)
#1 /home2/dgmtools/codeigniter/app/Controllers/Script.php(64): App\Scripts\Nissan_NP300_checksum_9s12h256->getResult()
#2 /home2/dgmtools/codeigniter/system/CodeIgniter.php(824): App\Controllers\Script->run()
#3 /home2/dgmtools/codeigniter/system/CodeIgniter.php(410): CodeIgniter\CodeIgniter->runController(Object(App\Controllers\Script))
#4 /home2/dgmtools/codeigniter/system/CodeIgniter.php(318): CodeIgniter\CodeIgniter->handleRequest(NULL, Object(Config\Cache), false)
#5 /home2/dgmtools/public_html/flasheeprom.com/index.php(37): CodeIgniter\CodeIgniter->run()
#6 {main}
