CRITICAL - 2022-10-26 11:31:18 --> Class '\App\Scripts\Ford_Explorer_2013' not found
#0 /home/flasheep/codeigniter/app/Scripts/ScriptList.php(159): App\Scripts\Script::getScript('scripts/Ford/Ex...', 'FFFFFFFFFFFFFFF...')
#1 /home/flasheep/codeigniter/app/Controllers/Script.php(287): App\Scripts\ScriptList::getScriptByPathInformation(Array, 'FFFFFFFFFFFFFFF...', Object(App\Entities\User))
#2 /home/flasheep/codeigniter/app/Controllers/Script.php(235): App\Controllers\Script->getScript(Array, 'FFFFFFFFFFFFFFF...')
#3 /home/flasheep/codeigniter/system/CodeIgniter.php(824): App\Controllers\Script->run()
#4 /home/flasheep/codeigniter/system/CodeIgniter.php(410): CodeIgniter\CodeIgniter->runController(Object(App\Controllers\Script))
#5 /home/flasheep/codeigniter/system/CodeIgniter.php(318): CodeIgniter\CodeIgniter->handleRequest(NULL, Object(Config\Cache), false)
#6 /home/flasheep/public_html/index.php(37): CodeIgniter\CodeIgniter->run()
#7 {main}
CRITICAL - 2022-10-26 11:31:19 --> Class '\App\Scripts\Ford_Explorer_2013' not found
#0 /home/flasheep/codeigniter/app/Scripts/ScriptList.php(159): App\Scripts\Script::getScript('scripts/Ford/Ex...', 'FFFFFFFFFFFFFFF...')
#1 /home/flasheep/codeigniter/app/Controllers/Script.php(287): App\Scripts\ScriptList::getScriptByPathInformation(Array, 'FFFFFFFFFFFFFFF...', Object(App\Entities\User))
#2 /home/flasheep/codeigniter/app/Controllers/Script.php(235): App\Controllers\Script->getScript(Array, 'FFFFFFFFFFFFFFF...')
#3 /home/flasheep/codeigniter/system/CodeIgniter.php(824): App\Controllers\Script->run()
#4 /home/flasheep/codeigniter/system/CodeIgniter.php(410): CodeIgniter\CodeIgniter->runController(Object(App\Controllers\Script))
#5 /home/flasheep/codeigniter/system/CodeIgniter.php(318): CodeIgniter\CodeIgniter->handleRequest(NULL, Object(Config\Cache), false)
#6 /home/flasheep/public_html/index.php(37): CodeIgniter\CodeIgniter->run()
#7 {main}
CRITICAL - 2022-10-26 11:31:19 --> Class '\App\Scripts\Ford_Explorer_2013' not found
#0 /home/flasheep/codeigniter/app/Scripts/ScriptList.php(159): App\Scripts\Script::getScript('scripts/Ford/Ex...', 'FFFFFFFFFFFFFFF...')
#1 /home/flasheep/codeigniter/app/Controllers/Script.php(287): App\Scripts\ScriptList::getScriptByPathInformation(Array, 'FFFFFFFFFFFFFFF...', Object(App\Entities\User))
#2 /home/flasheep/codeigniter/app/Controllers/Script.php(235): App\Controllers\Script->getScript(Array, 'FFFFFFFFFFFFFFF...')
#3 /home/flasheep/codeigniter/system/CodeIgniter.php(824): App\Controllers\Script->run()
#4 /home/flasheep/codeigniter/system/CodeIgniter.php(410): CodeIgniter\CodeIgniter->runController(Object(App\Controllers\Script))
#5 /home/flasheep/codeigniter/system/CodeIgniter.php(318): CodeIgniter\CodeIgniter->handleRequest(NULL, Object(Config\Cache), false)
#6 /home/flasheep/public_html/index.php(37): CodeIgniter\CodeIgniter->run()
#7 {main}
CRITICAL - 2022-10-26 11:31:32 --> Class '\App\Scripts\Ford_Explorer_2013' not found
#0 /home/flasheep/codeigniter/app/Scripts/ScriptList.php(159): App\Scripts\Script::getScript('scripts/Ford/Ex...', '000004503F3F3F3...')
#1 /home/flasheep/codeigniter/app/Controllers/Script.php(287): App\Scripts\ScriptList::getScriptByPathInformation(Array, '000004503F3F3F3...', Object(App\Entities\User))
#2 /home/flasheep/codeigniter/app/Controllers/Script.php(235): App\Controllers\Script->getScript(Array, '000004503F3F3F3...')
#3 /home/flasheep/codeigniter/system/CodeIgniter.php(824): App\Controllers\Script->run()
#4 /home/flasheep/codeigniter/system/CodeIgniter.php(410): CodeIgniter\CodeIgniter->runController(Object(App\Controllers\Script))
#5 /home/flasheep/codeigniter/system/CodeIgniter.php(318): CodeIgniter\CodeIgniter->handleRequest(NULL, Object(Config\Cache), false)
#6 /home/flasheep/public_html/index.php(37): CodeIgniter\CodeIgniter->run()
#7 {main}
CRITICAL - 2022-10-26 11:31:32 --> Class '\App\Scripts\Ford_Explorer_2013' not found
#0 /home/flasheep/codeigniter/app/Scripts/ScriptList.php(159): App\Scripts\Script::getScript('scripts/Ford/Ex...', '000004503F3F3F3...')
#1 /home/flasheep/codeigniter/app/Controllers/Script.php(287): App\Scripts\ScriptList::getScriptByPathInformation(Array, '000004503F3F3F3...', Object(App\Entities\User))
#2 /home/flasheep/codeigniter/app/Controllers/Script.php(235): App\Controllers\Script->getScript(Array, '000004503F3F3F3...')
#3 /home/flasheep/codeigniter/system/CodeIgniter.php(824): App\Controllers\Script->run()
#4 /home/flasheep/codeigniter/system/CodeIgniter.php(410): CodeIgniter\CodeIgniter->runController(Object(App\Controllers\Script))
#5 /home/flasheep/codeigniter/system/CodeIgniter.php(318): CodeIgniter\CodeIgniter->handleRequest(NULL, Object(Config\Cache), false)
#6 /home/flasheep/public_html/index.php(37): CodeIgniter\CodeIgniter->run()
#7 {main}
CRITICAL - 2022-10-26 11:31:33 --> Class '\App\Scripts\Ford_Explorer_2013' not found
#0 /home/flasheep/codeigniter/app/Scripts/ScriptList.php(159): App\Scripts\Script::getScript('scripts/Ford/Ex...', '000004503F3F3F3...')
#1 /home/flasheep/codeigniter/app/Controllers/Script.php(287): App\Scripts\ScriptList::getScriptByPathInformation(Array, '000004503F3F3F3...', Object(App\Entities\User))
#2 /home/flasheep/codeigniter/app/Controllers/Script.php(235): App\Controllers\Script->getScript(Array, '000004503F3F3F3...')
#3 /home/flasheep/codeigniter/system/CodeIgniter.php(824): App\Controllers\Script->run()
#4 /home/flasheep/codeigniter/system/CodeIgniter.php(410): CodeIgniter\CodeIgniter->runController(Object(App\Controllers\Script))
#5 /home/flasheep/codeigniter/system/CodeIgniter.php(318): CodeIgniter\CodeIgniter->handleRequest(NULL, Object(Config\Cache), false)
#6 /home/flasheep/public_html/index.php(37): CodeIgniter\CodeIgniter->run()
#7 {main}
CRITICAL - 2022-10-26 11:31:33 --> Class '\App\Scripts\Ford_Explorer_2013' not found
#0 /home/flasheep/codeigniter/app/Scripts/ScriptList.php(159): App\Scripts\Script::getScript('scripts/Ford/Ex...', '000004503F3F3F3...')
#1 /home/flasheep/codeigniter/app/Controllers/Script.php(287): App\Scripts\ScriptList::getScriptByPathInformation(Array, '000004503F3F3F3...', Object(App\Entities\User))
#2 /home/flasheep/codeigniter/app/Controllers/Script.php(235): App\Controllers\Script->getScript(Array, '000004503F3F3F3...')
#3 /home/flasheep/codeigniter/system/CodeIgniter.php(824): App\Controllers\Script->run()
#4 /home/flasheep/codeigniter/system/CodeIgniter.php(410): CodeIgniter\CodeIgniter->runController(Object(App\Controllers\Script))
#5 /home/flasheep/codeigniter/system/CodeIgniter.php(318): CodeIgniter\CodeIgniter->handleRequest(NULL, Object(Config\Cache), false)
#6 /home/flasheep/public_html/index.php(37): CodeIgniter\CodeIgniter->run()
#7 {main}
CRITICAL - 2022-10-26 11:31:33 --> Class '\App\Scripts\Ford_Explorer_2013' not found
#0 /home/flasheep/codeigniter/app/Scripts/ScriptList.php(159): App\Scripts\Script::getScript('scripts/Ford/Ex...', '000004503F3F3F3...')
#1 /home/flasheep/codeigniter/app/Controllers/Script.php(287): App\Scripts\ScriptList::getScriptByPathInformation(Array, '000004503F3F3F3...', Object(App\Entities\User))
#2 /home/flasheep/codeigniter/app/Controllers/Script.php(235): App\Controllers\Script->getScript(Array, '000004503F3F3F3...')
#3 /home/flasheep/codeigniter/system/CodeIgniter.php(824): App\Controllers\Script->run()
#4 /home/flasheep/codeigniter/system/CodeIgniter.php(410): CodeIgniter\CodeIgniter->runController(Object(App\Controllers\Script))
#5 /home/flasheep/codeigniter/system/CodeIgniter.php(318): CodeIgniter\CodeIgniter->handleRequest(NULL, Object(Config\Cache), false)
#6 /home/flasheep/public_html/index.php(37): CodeIgniter\CodeIgniter->run()
#7 {main}
CRITICAL - 2022-10-26 11:31:54 --> Class '\App\Scripts\Ford_Explorer_2013' not found
#0 /home/flasheep/codeigniter/app/Scripts/ScriptList.php(159): App\Scripts\Script::getScript('scripts/Ford/Ex...', '000004503F3F3F3...')
#1 /home/flasheep/codeigniter/app/Controllers/Script.php(287): App\Scripts\ScriptList::getScriptByPathInformation(Array, '000004503F3F3F3...', Object(App\Entities\User))
#2 /home/flasheep/codeigniter/app/Controllers/Script.php(235): App\Controllers\Script->getScript(Array, '000004503F3F3F3...')
#3 /home/flasheep/codeigniter/system/CodeIgniter.php(824): App\Controllers\Script->run()
#4 /home/flasheep/codeigniter/system/CodeIgniter.php(410): CodeIgniter\CodeIgniter->runController(Object(App\Controllers\Script))
#5 /home/flasheep/codeigniter/system/CodeIgniter.php(318): CodeIgniter\CodeIgniter->handleRequest(NULL, Object(Config\Cache), false)
#6 /home/flasheep/public_html/index.php(37): CodeIgniter\CodeIgniter->run()
#7 {main}
CRITICAL - 2022-10-26 11:31:56 --> Class '\App\Scripts\Ford_Explorer_2013' not found
#0 /home/flasheep/codeigniter/app/Scripts/ScriptList.php(159): App\Scripts\Script::getScript('scripts/Ford/Ex...', '000004503F3F3F3...')
#1 /home/flasheep/codeigniter/app/Controllers/Script.php(287): App\Scripts\ScriptList::getScriptByPathInformation(Array, '000004503F3F3F3...', Object(App\Entities\User))
#2 /home/flasheep/codeigniter/app/Controllers/Script.php(235): App\Controllers\Script->getScript(Array, '000004503F3F3F3...')
#3 /home/flasheep/codeigniter/system/CodeIgniter.php(824): App\Controllers\Script->run()
#4 /home/flasheep/codeigniter/system/CodeIgniter.php(410): CodeIgniter\CodeIgniter->runController(Object(App\Controllers\Script))
#5 /home/flasheep/codeigniter/system/CodeIgniter.php(318): CodeIgniter\CodeIgniter->handleRequest(NULL, Object(Config\Cache), false)
#6 /home/flasheep/public_html/index.php(37): CodeIgniter\CodeIgniter->run()
#7 {main}
CRITICAL - 2022-10-26 11:31:58 --> Class '\App\Scripts\Ford_Explorer_2013' not found
#0 /home/flasheep/codeigniter/app/Scripts/ScriptList.php(159): App\Scripts\Script::getScript('scripts/Ford/Ex...', '000004503F3F3F3...')
#1 /home/flasheep/codeigniter/app/Controllers/Script.php(287): App\Scripts\ScriptList::getScriptByPathInformation(Array, '000004503F3F3F3...', Object(App\Entities\User))
#2 /home/flasheep/codeigniter/app/Controllers/Script.php(235): App\Controllers\Script->getScript(Array, '000004503F3F3F3...')
#3 /home/flasheep/codeigniter/system/CodeIgniter.php(824): App\Controllers\Script->run()
#4 /home/flasheep/codeigniter/system/CodeIgniter.php(410): CodeIgniter\CodeIgniter->runController(Object(App\Controllers\Script))
#5 /home/flasheep/codeigniter/system/CodeIgniter.php(318): CodeIgniter\CodeIgniter->handleRequest(NULL, Object(Config\Cache), false)
#6 /home/flasheep/public_html/index.php(37): CodeIgniter\CodeIgniter->run()
#7 {main}
CRITICAL - 2022-10-26 11:32:00 --> Class '\App\Scripts\Ford_Explorer_2013' not found
#0 /home/flasheep/codeigniter/app/Scripts/ScriptList.php(159): App\Scripts\Script::getScript('scripts/Ford/Ex...', '000004503F3F3F3...')
#1 /home/flasheep/codeigniter/app/Controllers/Script.php(287): App\Scripts\ScriptList::getScriptByPathInformation(Array, '000004503F3F3F3...', Object(App\Entities\User))
#2 /home/flasheep/codeigniter/app/Controllers/Script.php(235): App\Controllers\Script->getScript(Array, '000004503F3F3F3...')
#3 /home/flasheep/codeigniter/system/CodeIgniter.php(824): App\Controllers\Script->run()
#4 /home/flasheep/codeigniter/system/CodeIgniter.php(410): CodeIgniter\CodeIgniter->runController(Object(App\Controllers\Script))
#5 /home/flasheep/codeigniter/system/CodeIgniter.php(318): CodeIgniter\CodeIgniter->handleRequest(NULL, Object(Config\Cache), false)
#6 /home/flasheep/public_html/index.php(37): CodeIgniter\CodeIgniter->run()
#7 {main}
CRITICAL - 2022-10-26 11:32:03 --> Class '\App\Scripts\Ford_Explorer_2013' not found
#0 /home/flasheep/codeigniter/app/Scripts/ScriptList.php(159): App\Scripts\Script::getScript('scripts/Ford/Ex...', '000004503F3F3F3...')
#1 /home/flasheep/codeigniter/app/Controllers/Script.php(287): App\Scripts\ScriptList::getScriptByPathInformation(Array, '000004503F3F3F3...', Object(App\Entities\User))
#2 /home/flasheep/codeigniter/app/Controllers/Script.php(235): App\Controllers\Script->getScript(Array, '000004503F3F3F3...')
#3 /home/flasheep/codeigniter/system/CodeIgniter.php(824): App\Controllers\Script->run()
#4 /home/flasheep/codeigniter/system/CodeIgniter.php(410): CodeIgniter\CodeIgniter->runController(Object(App\Controllers\Script))
#5 /home/flasheep/codeigniter/system/CodeIgniter.php(318): CodeIgniter\CodeIgniter->handleRequest(NULL, Object(Config\Cache), false)
#6 /home/flasheep/public_html/index.php(37): CodeIgniter\CodeIgniter->run()
#7 {main}
CRITICAL - 2022-10-26 11:32:04 --> Class '\App\Scripts\Ford_Explorer_2013' not found
#0 /home/flasheep/codeigniter/app/Scripts/ScriptList.php(159): App\Scripts\Script::getScript('scripts/Ford/Ex...', '000004503F3F3F3...')
#1 /home/flasheep/codeigniter/app/Controllers/Script.php(287): App\Scripts\ScriptList::getScriptByPathInformation(Array, '000004503F3F3F3...', Object(App\Entities\User))
#2 /home/flasheep/codeigniter/app/Controllers/Script.php(235): App\Controllers\Script->getScript(Array, '000004503F3F3F3...')
#3 /home/flasheep/codeigniter/system/CodeIgniter.php(824): App\Controllers\Script->run()
#4 /home/flasheep/codeigniter/system/CodeIgniter.php(410): CodeIgniter\CodeIgniter->runController(Object(App\Controllers\Script))
#5 /home/flasheep/codeigniter/system/CodeIgniter.php(318): CodeIgniter\CodeIgniter->handleRequest(NULL, Object(Config\Cache), false)
#6 /home/flasheep/public_html/index.php(37): CodeIgniter\CodeIgniter->run()
#7 {main}
CRITICAL - 2022-10-26 11:32:04 --> Class '\App\Scripts\Ford_Explorer_2013' not found
#0 /home/flasheep/codeigniter/app/Scripts/ScriptList.php(159): App\Scripts\Script::getScript('scripts/Ford/Ex...', '000004503F3F3F3...')
#1 /home/flasheep/codeigniter/app/Controllers/Script.php(287): App\Scripts\ScriptList::getScriptByPathInformation(Array, '000004503F3F3F3...', Object(App\Entities\User))
#2 /home/flasheep/codeigniter/app/Controllers/Script.php(235): App\Controllers\Script->getScript(Array, '000004503F3F3F3...')
#3 /home/flasheep/codeigniter/system/CodeIgniter.php(824): App\Controllers\Script->run()
#4 /home/flasheep/codeigniter/system/CodeIgniter.php(410): CodeIgniter\CodeIgniter->runController(Object(App\Controllers\Script))
#5 /home/flasheep/codeigniter/system/CodeIgniter.php(318): CodeIgniter\CodeIgniter->handleRequest(NULL, Object(Config\Cache), false)
#6 /home/flasheep/public_html/index.php(37): CodeIgniter\CodeIgniter->run()
#7 {main}
CRITICAL - 2022-10-26 11:32:04 --> Class '\App\Scripts\Ford_Explorer_2013' not found
#0 /home/flasheep/codeigniter/app/Scripts/ScriptList.php(159): App\Scripts\Script::getScript('scripts/Ford/Ex...', '000004503F3F3F3...')
#1 /home/flasheep/codeigniter/app/Controllers/Script.php(287): App\Scripts\ScriptList::getScriptByPathInformation(Array, '000004503F3F3F3...', Object(App\Entities\User))
#2 /home/flasheep/codeigniter/app/Controllers/Script.php(235): App\Controllers\Script->getScript(Array, '000004503F3F3F3...')
#3 /home/flasheep/codeigniter/system/CodeIgniter.php(824): App\Controllers\Script->run()
#4 /home/flasheep/codeigniter/system/CodeIgniter.php(410): CodeIgniter\CodeIgniter->runController(Object(App\Controllers\Script))
#5 /home/flasheep/codeigniter/system/CodeIgniter.php(318): CodeIgniter\CodeIgniter->handleRequest(NULL, Object(Config\Cache), false)
#6 /home/flasheep/public_html/index.php(37): CodeIgniter\CodeIgniter->run()
#7 {main}
CRITICAL - 2022-10-26 11:32:04 --> Class '\App\Scripts\Ford_Explorer_2013' not found
#0 /home/flasheep/codeigniter/app/Scripts/ScriptList.php(159): App\Scripts\Script::getScript('scripts/Ford/Ex...', '000004503F3F3F3...')
#1 /home/flasheep/codeigniter/app/Controllers/Script.php(287): App\Scripts\ScriptList::getScriptByPathInformation(Array, '000004503F3F3F3...', Object(App\Entities\User))
#2 /home/flasheep/codeigniter/app/Controllers/Script.php(235): App\Controllers\Script->getScript(Array, '000004503F3F3F3...')
#3 /home/flasheep/codeigniter/system/CodeIgniter.php(824): App\Controllers\Script->run()
#4 /home/flasheep/codeigniter/system/CodeIgniter.php(410): CodeIgniter\CodeIgniter->runController(Object(App\Controllers\Script))
#5 /home/flasheep/codeigniter/system/CodeIgniter.php(318): CodeIgniter\CodeIgniter->handleRequest(NULL, Object(Config\Cache), false)
#6 /home/flasheep/public_html/index.php(37): CodeIgniter\CodeIgniter->run()
#7 {main}
CRITICAL - 2022-10-26 11:32:04 --> Class '\App\Scripts\Ford_Explorer_2013' not found
#0 /home/flasheep/codeigniter/app/Scripts/ScriptList.php(159): App\Scripts\Script::getScript('scripts/Ford/Ex...', '000004503F3F3F3...')
#1 /home/flasheep/codeigniter/app/Controllers/Script.php(287): App\Scripts\ScriptList::getScriptByPathInformation(Array, '000004503F3F3F3...', Object(App\Entities\User))
#2 /home/flasheep/codeigniter/app/Controllers/Script.php(235): App\Controllers\Script->getScript(Array, '000004503F3F3F3...')
#3 /home/flasheep/codeigniter/system/CodeIgniter.php(824): App\Controllers\Script->run()
#4 /home/flasheep/codeigniter/system/CodeIgniter.php(410): CodeIgniter\CodeIgniter->runController(Object(App\Controllers\Script))
#5 /home/flasheep/codeigniter/system/CodeIgniter.php(318): CodeIgniter\CodeIgniter->handleRequest(NULL, Object(Config\Cache), false)
#6 /home/flasheep/public_html/index.php(37): CodeIgniter\CodeIgniter->run()
#7 {main}
CRITICAL - 2022-10-26 11:32:04 --> Class '\App\Scripts\Ford_Explorer_2013' not found
#0 /home/flasheep/codeigniter/app/Scripts/ScriptList.php(159): App\Scripts\Script::getScript('scripts/Ford/Ex...', '000004503F3F3F3...')
#1 /home/flasheep/codeigniter/app/Controllers/Script.php(287): App\Scripts\ScriptList::getScriptByPathInformation(Array, '000004503F3F3F3...', Object(App\Entities\User))
#2 /home/flasheep/codeigniter/app/Controllers/Script.php(235): App\Controllers\Script->getScript(Array, '000004503F3F3F3...')
#3 /home/flasheep/codeigniter/system/CodeIgniter.php(824): App\Controllers\Script->run()
#4 /home/flasheep/codeigniter/system/CodeIgniter.php(410): CodeIgniter\CodeIgniter->runController(Object(App\Controllers\Script))
#5 /home/flasheep/codeigniter/system/CodeIgniter.php(318): CodeIgniter\CodeIgniter->handleRequest(NULL, Object(Config\Cache), false)
#6 /home/flasheep/public_html/index.php(37): CodeIgniter\CodeIgniter->run()
#7 {main}
CRITICAL - 2022-10-26 11:32:04 --> Class '\App\Scripts\Ford_Explorer_2013' not found
#0 /home/flasheep/codeigniter/app/Scripts/ScriptList.php(159): App\Scripts\Script::getScript('scripts/Ford/Ex...', '000004503F3F3F3...')
#1 /home/flasheep/codeigniter/app/Controllers/Script.php(287): App\Scripts\ScriptList::getScriptByPathInformation(Array, '000004503F3F3F3...', Object(App\Entities\User))
#2 /home/flasheep/codeigniter/app/Controllers/Script.php(235): App\Controllers\Script->getScript(Array, '000004503F3F3F3...')
#3 /home/flasheep/codeigniter/system/CodeIgniter.php(824): App\Controllers\Script->run()
#4 /home/flasheep/codeigniter/system/CodeIgniter.php(410): CodeIgniter\CodeIgniter->runController(Object(App\Controllers\Script))
#5 /home/flasheep/codeigniter/system/CodeIgniter.php(318): CodeIgniter\CodeIgniter->handleRequest(NULL, Object(Config\Cache), false)
#6 /home/flasheep/public_html/index.php(37): CodeIgniter\CodeIgniter->run()
#7 {main}
CRITICAL - 2022-10-26 11:32:04 --> Class '\App\Scripts\Ford_Explorer_2013' not found
#0 /home/flasheep/codeigniter/app/Scripts/ScriptList.php(159): App\Scripts\Script::getScript('scripts/Ford/Ex...', '000004503F3F3F3...')
#1 /home/flasheep/codeigniter/app/Controllers/Script.php(287): App\Scripts\ScriptList::getScriptByPathInformation(Array, '000004503F3F3F3...', Object(App\Entities\User))
#2 /home/flasheep/codeigniter/app/Controllers/Script.php(235): App\Controllers\Script->getScript(Array, '000004503F3F3F3...')
#3 /home/flasheep/codeigniter/system/CodeIgniter.php(824): App\Controllers\Script->run()
#4 /home/flasheep/codeigniter/system/CodeIgniter.php(410): CodeIgniter\CodeIgniter->runController(Object(App\Controllers\Script))
#5 /home/flasheep/codeigniter/system/CodeIgniter.php(318): CodeIgniter\CodeIgniter->handleRequest(NULL, Object(Config\Cache), false)
#6 /home/flasheep/public_html/index.php(37): CodeIgniter\CodeIgniter->run()
#7 {main}
CRITICAL - 2022-10-26 11:32:05 --> Class '\App\Scripts\Ford_Explorer_2013' not found
#0 /home/flasheep/codeigniter/app/Scripts/ScriptList.php(159): App\Scripts\Script::getScript('scripts/Ford/Ex...', '000004503F3F3F3...')
#1 /home/flasheep/codeigniter/app/Controllers/Script.php(287): App\Scripts\ScriptList::getScriptByPathInformation(Array, '000004503F3F3F3...', Object(App\Entities\User))
#2 /home/flasheep/codeigniter/app/Controllers/Script.php(235): App\Controllers\Script->getScript(Array, '000004503F3F3F3...')
#3 /home/flasheep/codeigniter/system/CodeIgniter.php(824): App\Controllers\Script->run()
#4 /home/flasheep/codeigniter/system/CodeIgniter.php(410): CodeIgniter\CodeIgniter->runController(Object(App\Controllers\Script))
#5 /home/flasheep/codeigniter/system/CodeIgniter.php(318): CodeIgniter\CodeIgniter->handleRequest(NULL, Object(Config\Cache), false)
#6 /home/flasheep/public_html/index.php(37): CodeIgniter\CodeIgniter->run()
#7 {main}
CRITICAL - 2022-10-26 11:32:05 --> Class '\App\Scripts\Ford_Explorer_2013' not found
#0 /home/flasheep/codeigniter/app/Scripts/ScriptList.php(159): App\Scripts\Script::getScript('scripts/Ford/Ex...', '000004503F3F3F3...')
#1 /home/flasheep/codeigniter/app/Controllers/Script.php(287): App\Scripts\ScriptList::getScriptByPathInformation(Array, '000004503F3F3F3...', Object(App\Entities\User))
#2 /home/flasheep/codeigniter/app/Controllers/Script.php(235): App\Controllers\Script->getScript(Array, '000004503F3F3F3...')
#3 /home/flasheep/codeigniter/system/CodeIgniter.php(824): App\Controllers\Script->run()
#4 /home/flasheep/codeigniter/system/CodeIgniter.php(410): CodeIgniter\CodeIgniter->runController(Object(App\Controllers\Script))
#5 /home/flasheep/codeigniter/system/CodeIgniter.php(318): CodeIgniter\CodeIgniter->handleRequest(NULL, Object(Config\Cache), false)
#6 /home/flasheep/public_html/index.php(37): CodeIgniter\CodeIgniter->run()
#7 {main}
CRITICAL - 2022-10-26 11:32:05 --> Class '\App\Scripts\Ford_Explorer_2013' not found
#0 /home/flasheep/codeigniter/app/Scripts/ScriptList.php(159): App\Scripts\Script::getScript('scripts/Ford/Ex...', '000004503F3F3F3...')
#1 /home/flasheep/codeigniter/app/Controllers/Script.php(287): App\Scripts\ScriptList::getScriptByPathInformation(Array, '000004503F3F3F3...', Object(App\Entities\User))
#2 /home/flasheep/codeigniter/app/Controllers/Script.php(235): App\Controllers\Script->getScript(Array, '000004503F3F3F3...')
#3 /home/flasheep/codeigniter/system/CodeIgniter.php(824): App\Controllers\Script->run()
#4 /home/flasheep/codeigniter/system/CodeIgniter.php(410): CodeIgniter\CodeIgniter->runController(Object(App\Controllers\Script))
#5 /home/flasheep/codeigniter/system/CodeIgniter.php(318): CodeIgniter\CodeIgniter->handleRequest(NULL, Object(Config\Cache), false)
#6 /home/flasheep/public_html/index.php(37): CodeIgniter\CodeIgniter->run()
#7 {main}
CRITICAL - 2022-10-26 11:32:05 --> Class '\App\Scripts\Ford_Explorer_2013' not found
#0 /home/flasheep/codeigniter/app/Scripts/ScriptList.php(159): App\Scripts\Script::getScript('scripts/Ford/Ex...', '000004503F3F3F3...')
#1 /home/flasheep/codeigniter/app/Controllers/Script.php(287): App\Scripts\ScriptList::getScriptByPathInformation(Array, '000004503F3F3F3...', Object(App\Entities\User))
#2 /home/flasheep/codeigniter/app/Controllers/Script.php(235): App\Controllers\Script->getScript(Array, '000004503F3F3F3...')
#3 /home/flasheep/codeigniter/system/CodeIgniter.php(824): App\Controllers\Script->run()
#4 /home/flasheep/codeigniter/system/CodeIgniter.php(410): CodeIgniter\CodeIgniter->runController(Object(App\Controllers\Script))
#5 /home/flasheep/codeigniter/system/CodeIgniter.php(318): CodeIgniter\CodeIgniter->handleRequest(NULL, Object(Config\Cache), false)
#6 /home/flasheep/public_html/index.php(37): CodeIgniter\CodeIgniter->run()
#7 {main}
CRITICAL - 2022-10-26 11:32:05 --> Class '\App\Scripts\Ford_Explorer_2013' not found
#0 /home/flasheep/codeigniter/app/Scripts/ScriptList.php(159): App\Scripts\Script::getScript('scripts/Ford/Ex...', '000004503F3F3F3...')
#1 /home/flasheep/codeigniter/app/Controllers/Script.php(287): App\Scripts\ScriptList::getScriptByPathInformation(Array, '000004503F3F3F3...', Object(App\Entities\User))
#2 /home/flasheep/codeigniter/app/Controllers/Script.php(235): App\Controllers\Script->getScript(Array, '000004503F3F3F3...')
#3 /home/flasheep/codeigniter/system/CodeIgniter.php(824): App\Controllers\Script->run()
#4 /home/flasheep/codeigniter/system/CodeIgniter.php(410): CodeIgniter\CodeIgniter->runController(Object(App\Controllers\Script))
#5 /home/flasheep/codeigniter/system/CodeIgniter.php(318): CodeIgniter\CodeIgniter->handleRequest(NULL, Object(Config\Cache), false)
#6 /home/flasheep/public_html/index.php(37): CodeIgniter\CodeIgniter->run()
#7 {main}
CRITICAL - 2022-10-26 11:32:05 --> Class '\App\Scripts\Ford_Explorer_2013' not found
#0 /home/flasheep/codeigniter/app/Scripts/ScriptList.php(159): App\Scripts\Script::getScript('scripts/Ford/Ex...', '000004503F3F3F3...')
#1 /home/flasheep/codeigniter/app/Controllers/Script.php(287): App\Scripts\ScriptList::getScriptByPathInformation(Array, '000004503F3F3F3...', Object(App\Entities\User))
#2 /home/flasheep/codeigniter/app/Controllers/Script.php(235): App\Controllers\Script->getScript(Array, '000004503F3F3F3...')
#3 /home/flasheep/codeigniter/system/CodeIgniter.php(824): App\Controllers\Script->run()
#4 /home/flasheep/codeigniter/system/CodeIgniter.php(410): CodeIgniter\CodeIgniter->runController(Object(App\Controllers\Script))
#5 /home/flasheep/codeigniter/system/CodeIgniter.php(318): CodeIgniter\CodeIgniter->handleRequest(NULL, Object(Config\Cache), false)
#6 /home/flasheep/public_html/index.php(37): CodeIgniter\CodeIgniter->run()
#7 {main}
CRITICAL - 2022-10-26 11:32:05 --> Class '\App\Scripts\Ford_Explorer_2013' not found
#0 /home/flasheep/codeigniter/app/Scripts/ScriptList.php(159): App\Scripts\Script::getScript('scripts/Ford/Ex...', '000004503F3F3F3...')
#1 /home/flasheep/codeigniter/app/Controllers/Script.php(287): App\Scripts\ScriptList::getScriptByPathInformation(Array, '000004503F3F3F3...', Object(App\Entities\User))
#2 /home/flasheep/codeigniter/app/Controllers/Script.php(235): App\Controllers\Script->getScript(Array, '000004503F3F3F3...')
#3 /home/flasheep/codeigniter/system/CodeIgniter.php(824): App\Controllers\Script->run()
#4 /home/flasheep/codeigniter/system/CodeIgniter.php(410): CodeIgniter\CodeIgniter->runController(Object(App\Controllers\Script))
#5 /home/flasheep/codeigniter/system/CodeIgniter.php(318): CodeIgniter\CodeIgniter->handleRequest(NULL, Object(Config\Cache), false)
#6 /home/flasheep/public_html/index.php(37): CodeIgniter\CodeIgniter->run()
#7 {main}
CRITICAL - 2022-10-26 11:32:06 --> Class '\App\Scripts\Ford_Explorer_2013' not found
#0 /home/flasheep/codeigniter/app/Scripts/ScriptList.php(159): App\Scripts\Script::getScript('scripts/Ford/Ex...', '000004503F3F3F3...')
#1 /home/flasheep/codeigniter/app/Controllers/Script.php(287): App\Scripts\ScriptList::getScriptByPathInformation(Array, '000004503F3F3F3...', Object(App\Entities\User))
#2 /home/flasheep/codeigniter/app/Controllers/Script.php(235): App\Controllers\Script->getScript(Array, '000004503F3F3F3...')
#3 /home/flasheep/codeigniter/system/CodeIgniter.php(824): App\Controllers\Script->run()
#4 /home/flasheep/codeigniter/system/CodeIgniter.php(410): CodeIgniter\CodeIgniter->runController(Object(App\Controllers\Script))
#5 /home/flasheep/codeigniter/system/CodeIgniter.php(318): CodeIgniter\CodeIgniter->handleRequest(NULL, Object(Config\Cache), false)
#6 /home/flasheep/public_html/index.php(37): CodeIgniter\CodeIgniter->run()
#7 {main}
CRITICAL - 2022-10-26 11:32:06 --> Class '\App\Scripts\Ford_Explorer_2013' not found
#0 /home/flasheep/codeigniter/app/Scripts/ScriptList.php(159): App\Scripts\Script::getScript('scripts/Ford/Ex...', '000004503F3F3F3...')
#1 /home/flasheep/codeigniter/app/Controllers/Script.php(287): App\Scripts\ScriptList::getScriptByPathInformation(Array, '000004503F3F3F3...', Object(App\Entities\User))
#2 /home/flasheep/codeigniter/app/Controllers/Script.php(235): App\Controllers\Script->getScript(Array, '000004503F3F3F3...')
#3 /home/flasheep/codeigniter/system/CodeIgniter.php(824): App\Controllers\Script->run()
#4 /home/flasheep/codeigniter/system/CodeIgniter.php(410): CodeIgniter\CodeIgniter->runController(Object(App\Controllers\Script))
#5 /home/flasheep/codeigniter/system/CodeIgniter.php(318): CodeIgniter\CodeIgniter->handleRequest(NULL, Object(Config\Cache), false)
#6 /home/flasheep/public_html/index.php(37): CodeIgniter\CodeIgniter->run()
#7 {main}
CRITICAL - 2022-10-26 11:32:06 --> Class '\App\Scripts\Ford_Explorer_2013' not found
#0 /home/flasheep/codeigniter/app/Scripts/ScriptList.php(159): App\Scripts\Script::getScript('scripts/Ford/Ex...', '000004503F3F3F3...')
#1 /home/flasheep/codeigniter/app/Controllers/Script.php(287): App\Scripts\ScriptList::getScriptByPathInformation(Array, '000004503F3F3F3...', Object(App\Entities\User))
#2 /home/flasheep/codeigniter/app/Controllers/Script.php(235): App\Controllers\Script->getScript(Array, '000004503F3F3F3...')
#3 /home/flasheep/codeigniter/system/CodeIgniter.php(824): App\Controllers\Script->run()
#4 /home/flasheep/codeigniter/system/CodeIgniter.php(410): CodeIgniter\CodeIgniter->runController(Object(App\Controllers\Script))
#5 /home/flasheep/codeigniter/system/CodeIgniter.php(318): CodeIgniter\CodeIgniter->handleRequest(NULL, Object(Config\Cache), false)
#6 /home/flasheep/public_html/index.php(37): CodeIgniter\CodeIgniter->run()
#7 {main}
CRITICAL - 2022-10-26 11:32:06 --> Class '\App\Scripts\Ford_Explorer_2013' not found
#0 /home/flasheep/codeigniter/app/Scripts/ScriptList.php(159): App\Scripts\Script::getScript('scripts/Ford/Ex...', '000004503F3F3F3...')
#1 /home/flasheep/codeigniter/app/Controllers/Script.php(287): App\Scripts\ScriptList::getScriptByPathInformation(Array, '000004503F3F3F3...', Object(App\Entities\User))
#2 /home/flasheep/codeigniter/app/Controllers/Script.php(235): App\Controllers\Script->getScript(Array, '000004503F3F3F3...')
#3 /home/flasheep/codeigniter/system/CodeIgniter.php(824): App\Controllers\Script->run()
#4 /home/flasheep/codeigniter/system/CodeIgniter.php(410): CodeIgniter\CodeIgniter->runController(Object(App\Controllers\Script))
#5 /home/flasheep/codeigniter/system/CodeIgniter.php(318): CodeIgniter\CodeIgniter->handleRequest(NULL, Object(Config\Cache), false)
#6 /home/flasheep/public_html/index.php(37): CodeIgniter\CodeIgniter->run()
#7 {main}
CRITICAL - 2022-10-26 16:38:11 --> Class '\App\Scripts\Nissan_murano_kanzey_millas_93c66' not found
#0 /home/flasheep/codeigniter/app/Scripts/ScriptList.php(159): App\Scripts\Script::getScript('scripts/Nissan/...', 'FFFFE09DC13B827...')
#1 /home/flasheep/codeigniter/app/Controllers/Script.php(287): App\Scripts\ScriptList::getScriptByPathInformation(Array, 'FFFFE09DC13B827...', NULL)
#2 /home/flasheep/codeigniter/app/Controllers/Script.php(235): App\Controllers\Script->getScript(Array, 'FFFFE09DC13B827...')
#3 /home/flasheep/codeigniter/system/CodeIgniter.php(824): App\Controllers\Script->run()
#4 /home/flasheep/codeigniter/system/CodeIgniter.php(410): CodeIgniter\CodeIgniter->runController(Object(App\Controllers\Script))
#5 /home/flasheep/codeigniter/system/CodeIgniter.php(318): CodeIgniter\CodeIgniter->handleRequest(NULL, Object(Config\Cache), false)
#6 /home/flasheep/public_html/index.php(37): CodeIgniter\CodeIgniter->run()
#7 {main}
CRITICAL - 2022-10-26 16:38:26 --> Class '\App\Scripts\Nissan_murano_kanzey_millas_93c66' not found
#0 /home/flasheep/codeigniter/app/Scripts/ScriptList.php(159): App\Scripts\Script::getScript('scripts/Nissan/...', 'FFFFE09DC13B827...')
#1 /home/flasheep/codeigniter/app/Controllers/Script.php(287): App\Scripts\ScriptList::getScriptByPathInformation(Array, 'FFFFE09DC13B827...', NULL)
#2 /home/flasheep/codeigniter/app/Controllers/Script.php(235): App\Controllers\Script->getScript(Array, 'FFFFE09DC13B827...')
#3 /home/flasheep/codeigniter/system/CodeIgniter.php(824): App\Controllers\Script->run()
#4 /home/flasheep/codeigniter/system/CodeIgniter.php(410): CodeIgniter\CodeIgniter->runController(Object(App\Controllers\Script))
#5 /home/flasheep/codeigniter/system/CodeIgniter.php(318): CodeIgniter\CodeIgniter->handleRequest(NULL, Object(Config\Cache), false)
#6 /home/flasheep/public_html/index.php(37): CodeIgniter\CodeIgniter->run()
#7 {main}
CRITICAL - 2022-10-26 16:38:29 --> Class '\App\Scripts\Nissan_murano_kanzey_millas_93c66' not found
#0 /home/flasheep/codeigniter/app/Scripts/ScriptList.php(159): App\Scripts\Script::getScript('scripts/Nissan/...', 'FFFFE09DC13B827...')
#1 /home/flasheep/codeigniter/app/Controllers/Script.php(287): App\Scripts\ScriptList::getScriptByPathInformation(Array, 'FFFFE09DC13B827...', NULL)
#2 /home/flasheep/codeigniter/app/Controllers/Script.php(235): App\Controllers\Script->getScript(Array, 'FFFFE09DC13B827...')
#3 /home/flasheep/codeigniter/system/CodeIgniter.php(824): App\Controllers\Script->run()
#4 /home/flasheep/codeigniter/system/CodeIgniter.php(410): CodeIgniter\CodeIgniter->runController(Object(App\Controllers\Script))
#5 /home/flasheep/codeigniter/system/CodeIgniter.php(318): CodeIgniter\CodeIgniter->handleRequest(NULL, Object(Config\Cache), false)
#6 /home/flasheep/public_html/index.php(37): CodeIgniter\CodeIgniter->run()
#7 {main}
CRITICAL - 2022-10-26 16:38:29 --> Class '\App\Scripts\Nissan_murano_kanzey_millas_93c66' not found
#0 /home/flasheep/codeigniter/app/Scripts/ScriptList.php(159): App\Scripts\Script::getScript('scripts/Nissan/...', 'FFFFE09DC13B827...')
#1 /home/flasheep/codeigniter/app/Controllers/Script.php(287): App\Scripts\ScriptList::getScriptByPathInformation(Array, 'FFFFE09DC13B827...', NULL)
#2 /home/flasheep/codeigniter/app/Controllers/Script.php(235): App\Controllers\Script->getScript(Array, 'FFFFE09DC13B827...')
#3 /home/flasheep/codeigniter/system/CodeIgniter.php(824): App\Controllers\Script->run()
#4 /home/flasheep/codeigniter/system/CodeIgniter.php(410): CodeIgniter\CodeIgniter->runController(Object(App\Controllers\Script))
#5 /home/flasheep/codeigniter/system/CodeIgniter.php(318): CodeIgniter\CodeIgniter->handleRequest(NULL, Object(Config\Cache), false)
#6 /home/flasheep/public_html/index.php(37): CodeIgniter\CodeIgniter->run()
#7 {main}
CRITICAL - 2022-10-26 16:38:30 --> Class '\App\Scripts\Nissan_murano_kanzey_millas_93c66' not found
#0 /home/flasheep/codeigniter/app/Scripts/ScriptList.php(159): App\Scripts\Script::getScript('scripts/Nissan/...', 'FFFFE09DC13B827...')
#1 /home/flasheep/codeigniter/app/Controllers/Script.php(287): App\Scripts\ScriptList::getScriptByPathInformation(Array, 'FFFFE09DC13B827...', NULL)
#2 /home/flasheep/codeigniter/app/Controllers/Script.php(235): App\Controllers\Script->getScript(Array, 'FFFFE09DC13B827...')
#3 /home/flasheep/codeigniter/system/CodeIgniter.php(824): App\Controllers\Script->run()
#4 /home/flasheep/codeigniter/system/CodeIgniter.php(410): CodeIgniter\CodeIgniter->runController(Object(App\Controllers\Script))
#5 /home/flasheep/codeigniter/system/CodeIgniter.php(318): CodeIgniter\CodeIgniter->handleRequest(NULL, Object(Config\Cache), false)
#6 /home/flasheep/public_html/index.php(37): CodeIgniter\CodeIgniter->run()
#7 {main}
CRITICAL - 2022-10-26 16:38:30 --> Class '\App\Scripts\Nissan_murano_kanzey_millas_93c66' not found
#0 /home/flasheep/codeigniter/app/Scripts/ScriptList.php(159): App\Scripts\Script::getScript('scripts/Nissan/...', 'FFFFE09DC13B827...')
#1 /home/flasheep/codeigniter/app/Controllers/Script.php(287): App\Scripts\ScriptList::getScriptByPathInformation(Array, 'FFFFE09DC13B827...', NULL)
#2 /home/flasheep/codeigniter/app/Controllers/Script.php(235): App\Controllers\Script->getScript(Array, 'FFFFE09DC13B827...')
#3 /home/flasheep/codeigniter/system/CodeIgniter.php(824): App\Controllers\Script->run()
#4 /home/flasheep/codeigniter/system/CodeIgniter.php(410): CodeIgniter\CodeIgniter->runController(Object(App\Controllers\Script))
#5 /home/flasheep/codeigniter/system/CodeIgniter.php(318): CodeIgniter\CodeIgniter->handleRequest(NULL, Object(Config\Cache), false)
#6 /home/flasheep/public_html/index.php(37): CodeIgniter\CodeIgniter->run()
#7 {main}
