CRITICAL - 2023-02-18 00:00:19 --> Call to undefined function linkPreview()
#0 [internal function]: CodeIgniter\View\View->{closure}(Array)
#1 /home/flasheep/codeigniter/app/Views/elements/feeds_det.php(59): preg_replace_callback('/(http|https|ft...', Object(Closure), '25 Cursos\r\nhttp...')
#2 /home/flasheep/codeigniter/system/View/View.php(214): include('/home/flasheep/...')
#3 /home/flasheep/codeigniter/system/View/View.php(217): CodeIgniter\View\View->CodeIgniter\View\{closure}()
#4 /home/flasheep/codeigniter/system/Common.php(1097): CodeIgniter\View\View->render('elements/feeds_...', Array, true)
#5 /home/flasheep/codeigniter/app/Controllers/Feeds.php(124): view('elements/feeds_...', Array)
#6 /home/flasheep/codeigniter/system/CodeIgniter.php(824): App\Controllers\Feeds->index()
#7 /home/flasheep/codeigniter/system/CodeIgniter.php(410): CodeIgniter\CodeIgniter->runController(Object(App\Controllers\Feeds))
#8 /home/flasheep/codeigniter/system/CodeIgniter.php(318): CodeIgniter\CodeIgniter->handleRequest(NULL, Object(Config\Cache), false)
#9 /home/flasheep/public_html/index.php(37): CodeIgniter\CodeIgniter->run()
#10 {main}
CRITICAL - 2023-02-18 08:21:47 --> The action you requested is not allowed.
#0 /home/flasheep/codeigniter/system/Security/Security.php(277): CodeIgniter\Security\Exceptions\SecurityException::forDisallowedAction()
#1 /home/flasheep/codeigniter/system/Filters/CSRF.php(53): CodeIgniter\Security\Security->verify(Object(CodeIgniter\HTTP\IncomingRequest))
#2 /home/flasheep/codeigniter/system/Filters/Filters.php(173): CodeIgniter\Filters\CSRF->before(Object(CodeIgniter\HTTP\IncomingRequest), NULL)
#3 /home/flasheep/codeigniter/system/CodeIgniter.php(384): CodeIgniter\Filters\Filters->run('Edx_ajax/gets_n...', 'before')
#4 /home/flasheep/codeigniter/system/CodeIgniter.php(318): CodeIgniter\CodeIgniter->handleRequest(NULL, Object(Config\Cache), false)
#5 /home/flasheep/public_html/index.php(37): CodeIgniter\CodeIgniter->run()
#6 {main}
CRITICAL - 2023-02-18 19:57:33 --> finfo_file(/home/flasheep/codeigniter/writable/uploads/81.jpg): failed to open stream: No such file or directory
#0 [internal function]: CodeIgniter\Debug\Exceptions->errorHandler(2, 'finfo_file(/hom...', '/home/flasheep/...', 109, Array)
#1 /home/flasheep/codeigniter/system/Files/File.php(109): finfo_file(Resource id #147, '/home/flasheep/...')
#2 /home/flasheep/codeigniter/app/Controllers/Library.php(67): CodeIgniter\Files\File->getMimeType()
#3 /home/flasheep/codeigniter/system/CodeIgniter.php(824): App\Controllers\Library->image(81)
#4 /home/flasheep/codeigniter/system/CodeIgniter.php(410): CodeIgniter\CodeIgniter->runController(Object(App\Controllers\Library))
#5 /home/flasheep/codeigniter/system/CodeIgniter.php(318): CodeIgniter\CodeIgniter->handleRequest(NULL, Object(Config\Cache), false)
#6 /home/flasheep/public_html/index.php(37): CodeIgniter\CodeIgniter->run()
#7 {main}
