ERROR - 2023-05-10 09:50:13 --> You have an error in your SQL syntax; check the manual that corresponds to your MySQL server version for the right syntax to use near 'ORDER BY log_type ASC' at line 1
CRITICAL - 2023-05-10 09:50:13 --> Call to a member function getResult() on bool
#0 /home/flasheep/codeigniter/app/Controllers/Edx_ajax.php(416): App\Models\FeedsSystemModel->gets_notifications(NULL)
#1 /home/flasheep/codeigniter/system/CodeIgniter.php(824): App\Controllers\Edx_ajax->show_notifications()
#2 /home/flasheep/codeigniter/system/CodeIgniter.php(410): CodeIgniter\CodeIgniter->runController(Object(App\Controllers\Edx_ajax))
#3 /home/flasheep/codeigniter/system/CodeIgniter.php(318): CodeIgniter\CodeIgniter->handleRequest(NULL, Object(Config\Cache), false)
#4 /home/flasheep/public_html/index.php(37): CodeIgniter\CodeIgniter->run()
#5 {main}
CRITICAL - 2023-05-10 09:50:14 --> Invalid argument supplied for foreach()
#0 /home/flasheep/codeigniter/app/Controllers/Edx_ajax.php(566): CodeIgniter\Debug\Exceptions->errorHandler(2, 'Invalid argumen...', '/home/flasheep/...', 566, Array)
#1 /home/flasheep/codeigniter/system/CodeIgniter.php(824): App\Controllers\Edx_ajax->update_notify()
#2 /home/flasheep/codeigniter/system/CodeIgniter.php(410): CodeIgniter\CodeIgniter->runController(Object(App\Controllers\Edx_ajax))
#3 /home/flasheep/codeigniter/system/CodeIgniter.php(318): CodeIgniter\CodeIgniter->handleRequest(NULL, Object(Config\Cache), false)
#4 /home/flasheep/public_html/index.php(37): CodeIgniter\CodeIgniter->run()
#5 {main}
ERROR - 2023-05-10 11:10:38 --> You have an error in your SQL syntax; check the manual that corresponds to your MySQL server version for the right syntax to use near ')
            ORDER BY fe.mddate DESC
            LIMIT 10' at line 7
CRITICAL - 2023-05-10 11:10:38 --> Call to a member function getResult() on bool
#0 /home/flasheep/codeigniter/app/Controllers/Edx_ajax.php(430): App\Models\FeedsSystemModel->getNotification(NULL, false)
#1 /home/flasheep/codeigniter/system/CodeIgniter.php(824): App\Controllers\Edx_ajax->show_notifications()
#2 /home/flasheep/codeigniter/system/CodeIgniter.php(410): CodeIgniter\CodeIgniter->runController(Object(App\Controllers\Edx_ajax))
#3 /home/flasheep/codeigniter/system/CodeIgniter.php(318): CodeIgniter\CodeIgniter->handleRequest(NULL, Object(Config\Cache), false)
#4 /home/flasheep/public_html/index.php(37): CodeIgniter\CodeIgniter->run()
#5 {main}
CRITICAL - 2023-05-10 11:10:38 --> Invalid argument supplied for foreach()
#0 /home/flasheep/codeigniter/app/Controllers/Edx_ajax.php(566): CodeIgniter\Debug\Exceptions->errorHandler(2, 'Invalid argumen...', '/home/flasheep/...', 566, Array)
#1 /home/flasheep/codeigniter/system/CodeIgniter.php(824): App\Controllers\Edx_ajax->update_notify()
#2 /home/flasheep/codeigniter/system/CodeIgniter.php(410): CodeIgniter\CodeIgniter->runController(Object(App\Controllers\Edx_ajax))
#3 /home/flasheep/codeigniter/system/CodeIgniter.php(318): CodeIgniter\CodeIgniter->handleRequest(NULL, Object(Config\Cache), false)
#4 /home/flasheep/public_html/index.php(37): CodeIgniter\CodeIgniter->run()
#5 {main}
ERROR - 2023-05-10 13:58:46 --> You have an error in your SQL syntax; check the manual that corresponds to your MySQL server version for the right syntax to use near ')
            ORDER BY fe.mddate DESC
            LIMIT 10' at line 7
CRITICAL - 2023-05-10 13:58:46 --> Call to a member function getResult() on bool
#0 /home/flasheep/codeigniter/app/Controllers/Edx_ajax.php(430): App\Models\FeedsSystemModel->getNotification(NULL, false)
#1 /home/flasheep/codeigniter/system/CodeIgniter.php(824): App\Controllers\Edx_ajax->show_notifications()
#2 /home/flasheep/codeigniter/system/CodeIgniter.php(410): CodeIgniter\CodeIgniter->runController(Object(App\Controllers\Edx_ajax))
#3 /home/flasheep/codeigniter/system/CodeIgniter.php(318): CodeIgniter\CodeIgniter->handleRequest(NULL, Object(Config\Cache), false)
#4 /home/flasheep/public_html/index.php(37): CodeIgniter\CodeIgniter->run()
#5 {main}
CRITICAL - 2023-05-10 13:58:46 --> Invalid argument supplied for foreach()
#0 /home/flasheep/codeigniter/app/Controllers/Edx_ajax.php(566): CodeIgniter\Debug\Exceptions->errorHandler(2, 'Invalid argumen...', '/home/flasheep/...', 566, Array)
#1 /home/flasheep/codeigniter/system/CodeIgniter.php(824): App\Controllers\Edx_ajax->update_notify()
#2 /home/flasheep/codeigniter/system/CodeIgniter.php(410): CodeIgniter\CodeIgniter->runController(Object(App\Controllers\Edx_ajax))
#3 /home/flasheep/codeigniter/system/CodeIgniter.php(318): CodeIgniter\CodeIgniter->handleRequest(NULL, Object(Config\Cache), false)
#4 /home/flasheep/public_html/index.php(37): CodeIgniter\CodeIgniter->run()
#5 {main}
CRITICAL - 2023-05-10 20:42:59 --> Class '\App\Scripts\Honda_CB190_2017_24c04' not found
#0 /home/flasheep/codeigniter/app/Scripts/ScriptList.php(159): App\Scripts\Script::getScript('scripts/Motocic...', 'FFFFFFFFDFFFDFF...')
#1 /home/flasheep/codeigniter/app/Controllers/Script.php(287): App\Scripts\ScriptList::getScriptByPathInformation(Array, 'FFFFFFFFDFFFDFF...', Object(App\Entities\User))
#2 /home/flasheep/codeigniter/app/Controllers/Script.php(235): App\Controllers\Script->getScript(Array, 'FFFFFFFFDFFFDFF...')
#3 /home/flasheep/codeigniter/system/CodeIgniter.php(824): App\Controllers\Script->run()
#4 /home/flasheep/codeigniter/system/CodeIgniter.php(410): CodeIgniter\CodeIgniter->runController(Object(App\Controllers\Script))
#5 /home/flasheep/codeigniter/system/CodeIgniter.php(318): CodeIgniter\CodeIgniter->handleRequest(NULL, Object(Config\Cache), false)
#6 /home/flasheep/public_html/index.php(37): CodeIgniter\CodeIgniter->run()
#7 {main}
