CRITICAL - 2022-02-18 11:20:57 --> Class '\App\Scripts\Listachecksum' not found
#0 /home2/dgmtools/codeigniter/app/Controllers/Script.php(43): App\Scripts\Script::getScript('scripts/Listach...', 'FFFFFFFFFFFFFFF...')
#1 /home2/dgmtools/codeigniter/system/CodeIgniter.php(824): App\Controllers\Script->run()
#2 /home2/dgmtools/codeigniter/system/CodeIgniter.php(410): CodeIgniter\CodeIgniter->runController(Object(App\Controllers\Script))
#3 /home2/dgmtools/codeigniter/system/CodeIgniter.php(318): CodeIgniter\CodeIgniter->handleRequest(NULL, Object(Config\Cache), false)
#4 /home2/dgmtools/public_html/flasheeprom.com/index.php(37): CodeIgniter\CodeIgniter->run()
#5 {main}
CRITICAL - 2022-02-18 11:20:59 --> Class '\App\Scripts\Listachecksum' not found
#0 /home2/dgmtools/codeigniter/app/Controllers/Script.php(43): App\Scripts\Script::getScript('scripts/Listach...', 'FFFFFFFFFFFFFFF...')
#1 /home2/dgmtools/codeigniter/system/CodeIgniter.php(824): App\Controllers\Script->run()
#2 /home2/dgmtools/codeigniter/system/CodeIgniter.php(410): CodeIgniter\CodeIgniter->runController(Object(App\Controllers\Script))
#3 /home2/dgmtools/codeigniter/system/CodeIgniter.php(318): CodeIgniter\CodeIgniter->handleRequest(NULL, Object(Config\Cache), false)
#4 /home2/dgmtools/public_html/flasheeprom.com/index.php(37): CodeIgniter\CodeIgniter->run()
#5 {main}
CRITICAL - 2022-02-18 11:20:59 --> Class '\App\Scripts\Listachecksum' not found
#0 /home2/dgmtools/codeigniter/app/Controllers/Script.php(43): App\Scripts\Script::getScript('scripts/Listach...', 'FFFFFFFFFFFFFFF...')
#1 /home2/dgmtools/codeigniter/system/CodeIgniter.php(824): App\Controllers\Script->run()
#2 /home2/dgmtools/codeigniter/system/CodeIgniter.php(410): CodeIgniter\CodeIgniter->runController(Object(App\Controllers\Script))
#3 /home2/dgmtools/codeigniter/system/CodeIgniter.php(318): CodeIgniter\CodeIgniter->handleRequest(NULL, Object(Config\Cache), false)
#4 /home2/dgmtools/public_html/flasheeprom.com/index.php(37): CodeIgniter\CodeIgniter->run()
#5 {main}
CRITICAL - 2022-02-18 11:20:59 --> Class '\App\Scripts\Listachecksum' not found
#0 /home2/dgmtools/codeigniter/app/Controllers/Script.php(43): App\Scripts\Script::getScript('scripts/Listach...', 'FFFFFFFFFFFFFFF...')
#1 /home2/dgmtools/codeigniter/system/CodeIgniter.php(824): App\Controllers\Script->run()
#2 /home2/dgmtools/codeigniter/system/CodeIgniter.php(410): CodeIgniter\CodeIgniter->runController(Object(App\Controllers\Script))
#3 /home2/dgmtools/codeigniter/system/CodeIgniter.php(318): CodeIgniter\CodeIgniter->handleRequest(NULL, Object(Config\Cache), false)
#4 /home2/dgmtools/public_html/flasheeprom.com/index.php(37): CodeIgniter\CodeIgniter->run()
#5 {main}
CRITICAL - 2022-02-18 11:20:59 --> Class '\App\Scripts\Listachecksum' not found
#0 /home2/dgmtools/codeigniter/app/Controllers/Script.php(43): App\Scripts\Script::getScript('scripts/Listach...', 'FFFFFFFFFFFFFFF...')
#1 /home2/dgmtools/codeigniter/system/CodeIgniter.php(824): App\Controllers\Script->run()
#2 /home2/dgmtools/codeigniter/system/CodeIgniter.php(410): CodeIgniter\CodeIgniter->runController(Object(App\Controllers\Script))
#3 /home2/dgmtools/codeigniter/system/CodeIgniter.php(318): CodeIgniter\CodeIgniter->handleRequest(NULL, Object(Config\Cache), false)
#4 /home2/dgmtools/public_html/flasheeprom.com/index.php(37): CodeIgniter\CodeIgniter->run()
#5 {main}
CRITICAL - 2022-02-18 11:33:35 --> syntax error, unexpected ',', expecting ')'
#0 /home2/dgmtools/codeigniter/app/Controllers/Script.php(43): App\Scripts\Script::getScript('scripts/Lista.p...', 'FFFFFFFFFFFFFFF...')
#1 /home2/dgmtools/codeigniter/system/CodeIgniter.php(824): App\Controllers\Script->run()
#2 /home2/dgmtools/codeigniter/system/CodeIgniter.php(410): CodeIgniter\CodeIgniter->runController(Object(App\Controllers\Script))
#3 /home2/dgmtools/codeigniter/system/CodeIgniter.php(318): CodeIgniter\CodeIgniter->handleRequest(NULL, Object(Config\Cache), false)
#4 /home2/dgmtools/public_html/flasheeprom.com/index.php(37): CodeIgniter\CodeIgniter->run()
#5 {main}
CRITICAL - 2022-02-18 11:37:29 --> syntax error, unexpected ',', expecting ')'
#0 /home2/dgmtools/codeigniter/app/Controllers/Script.php(43): App\Scripts\Script::getScript('scripts/Lista.p...', 'FFFFFFFFFFFFFFF...')
#1 /home2/dgmtools/codeigniter/system/CodeIgniter.php(824): App\Controllers\Script->run()
#2 /home2/dgmtools/codeigniter/system/CodeIgniter.php(410): CodeIgniter\CodeIgniter->runController(Object(App\Controllers\Script))
#3 /home2/dgmtools/codeigniter/system/CodeIgniter.php(318): CodeIgniter\CodeIgniter->handleRequest(NULL, Object(Config\Cache), false)
#4 /home2/dgmtools/public_html/flasheeprom.com/index.php(37): CodeIgniter\CodeIgniter->run()
#5 {main}
CRITICAL - 2022-02-18 11:37:29 --> syntax error, unexpected ',', expecting ')'
#0 /home2/dgmtools/codeigniter/app/Controllers/Script.php(43): App\Scripts\Script::getScript('scripts/Lista.p...', 'FFFFFFFFFFFFFFF...')
#1 /home2/dgmtools/codeigniter/system/CodeIgniter.php(824): App\Controllers\Script->run()
#2 /home2/dgmtools/codeigniter/system/CodeIgniter.php(410): CodeIgniter\CodeIgniter->runController(Object(App\Controllers\Script))
#3 /home2/dgmtools/codeigniter/system/CodeIgniter.php(318): CodeIgniter\CodeIgniter->handleRequest(NULL, Object(Config\Cache), false)
#4 /home2/dgmtools/public_html/flasheeprom.com/index.php(37): CodeIgniter\CodeIgniter->run()
#5 {main}
CRITICAL - 2022-02-18 11:37:31 --> syntax error, unexpected ',', expecting ')'
#0 /home2/dgmtools/codeigniter/app/Controllers/Script.php(43): App\Scripts\Script::getScript('scripts/Lista.p...', 'FFFFFFFFFFFFFFF...')
#1 /home2/dgmtools/codeigniter/system/CodeIgniter.php(824): App\Controllers\Script->run()
#2 /home2/dgmtools/codeigniter/system/CodeIgniter.php(410): CodeIgniter\CodeIgniter->runController(Object(App\Controllers\Script))
#3 /home2/dgmtools/codeigniter/system/CodeIgniter.php(318): CodeIgniter\CodeIgniter->handleRequest(NULL, Object(Config\Cache), false)
#4 /home2/dgmtools/public_html/flasheeprom.com/index.php(37): CodeIgniter\CodeIgniter->run()
#5 {main}
CRITICAL - 2022-02-18 11:37:31 --> syntax error, unexpected ',', expecting ')'
#0 /home2/dgmtools/codeigniter/app/Controllers/Script.php(43): App\Scripts\Script::getScript('scripts/Lista.p...', 'FFFFFFFFFFFFFFF...')
#1 /home2/dgmtools/codeigniter/system/CodeIgniter.php(824): App\Controllers\Script->run()
#2 /home2/dgmtools/codeigniter/system/CodeIgniter.php(410): CodeIgniter\CodeIgniter->runController(Object(App\Controllers\Script))
#3 /home2/dgmtools/codeigniter/system/CodeIgniter.php(318): CodeIgniter\CodeIgniter->handleRequest(NULL, Object(Config\Cache), false)
#4 /home2/dgmtools/public_html/flasheeprom.com/index.php(37): CodeIgniter\CodeIgniter->run()
#5 {main}
CRITICAL - 2022-02-18 11:37:31 --> syntax error, unexpected ',', expecting ')'
#0 /home2/dgmtools/codeigniter/app/Controllers/Script.php(43): App\Scripts\Script::getScript('scripts/Lista.p...', 'FFFFFFFFFFFFFFF...')
#1 /home2/dgmtools/codeigniter/system/CodeIgniter.php(824): App\Controllers\Script->run()
#2 /home2/dgmtools/codeigniter/system/CodeIgniter.php(410): CodeIgniter\CodeIgniter->runController(Object(App\Controllers\Script))
#3 /home2/dgmtools/codeigniter/system/CodeIgniter.php(318): CodeIgniter\CodeIgniter->handleRequest(NULL, Object(Config\Cache), false)
#4 /home2/dgmtools/public_html/flasheeprom.com/index.php(37): CodeIgniter\CodeIgniter->run()
#5 {main}
CRITICAL - 2022-02-18 11:37:31 --> syntax error, unexpected ',', expecting ')'
#0 /home2/dgmtools/codeigniter/app/Controllers/Script.php(43): App\Scripts\Script::getScript('scripts/Lista.p...', 'FFFFFFFFFFFFFFF...')
#1 /home2/dgmtools/codeigniter/system/CodeIgniter.php(824): App\Controllers\Script->run()
#2 /home2/dgmtools/codeigniter/system/CodeIgniter.php(410): CodeIgniter\CodeIgniter->runController(Object(App\Controllers\Script))
#3 /home2/dgmtools/codeigniter/system/CodeIgniter.php(318): CodeIgniter\CodeIgniter->handleRequest(NULL, Object(Config\Cache), false)
#4 /home2/dgmtools/public_html/flasheeprom.com/index.php(37): CodeIgniter\CodeIgniter->run()
#5 {main}
CRITICAL - 2022-02-18 11:37:31 --> syntax error, unexpected ',', expecting ')'
#0 /home2/dgmtools/codeigniter/app/Controllers/Script.php(43): App\Scripts\Script::getScript('scripts/Lista.p...', 'FFFFFFFFFFFFFFF...')
#1 /home2/dgmtools/codeigniter/system/CodeIgniter.php(824): App\Controllers\Script->run()
#2 /home2/dgmtools/codeigniter/system/CodeIgniter.php(410): CodeIgniter\CodeIgniter->runController(Object(App\Controllers\Script))
#3 /home2/dgmtools/codeigniter/system/CodeIgniter.php(318): CodeIgniter\CodeIgniter->handleRequest(NULL, Object(Config\Cache), false)
#4 /home2/dgmtools/public_html/flasheeprom.com/index.php(37): CodeIgniter\CodeIgniter->run()
#5 {main}
CRITICAL - 2022-02-18 11:37:31 --> syntax error, unexpected ',', expecting ')'
#0 /home2/dgmtools/codeigniter/app/Controllers/Script.php(43): App\Scripts\Script::getScript('scripts/Lista.p...', 'FFFFFFFFFFFFFFF...')
#1 /home2/dgmtools/codeigniter/system/CodeIgniter.php(824): App\Controllers\Script->run()
#2 /home2/dgmtools/codeigniter/system/CodeIgniter.php(410): CodeIgniter\CodeIgniter->runController(Object(App\Controllers\Script))
#3 /home2/dgmtools/codeigniter/system/CodeIgniter.php(318): CodeIgniter\CodeIgniter->handleRequest(NULL, Object(Config\Cache), false)
#4 /home2/dgmtools/public_html/flasheeprom.com/index.php(37): CodeIgniter\CodeIgniter->run()
#5 {main}
CRITICAL - 2022-02-18 11:37:32 --> syntax error, unexpected ',', expecting ')'
#0 /home2/dgmtools/codeigniter/app/Controllers/Script.php(43): App\Scripts\Script::getScript('scripts/Lista.p...', 'FFFFFFFFFFFFFFF...')
#1 /home2/dgmtools/codeigniter/system/CodeIgniter.php(824): App\Controllers\Script->run()
#2 /home2/dgmtools/codeigniter/system/CodeIgniter.php(410): CodeIgniter\CodeIgniter->runController(Object(App\Controllers\Script))
#3 /home2/dgmtools/codeigniter/system/CodeIgniter.php(318): CodeIgniter\CodeIgniter->handleRequest(NULL, Object(Config\Cache), false)
#4 /home2/dgmtools/public_html/flasheeprom.com/index.php(37): CodeIgniter\CodeIgniter->run()
#5 {main}
CRITICAL - 2022-02-18 11:37:32 --> syntax error, unexpected ',', expecting ')'
#0 /home2/dgmtools/codeigniter/app/Controllers/Script.php(43): App\Scripts\Script::getScript('scripts/Lista.p...', 'FFFFFFFFFFFFFFF...')
#1 /home2/dgmtools/codeigniter/system/CodeIgniter.php(824): App\Controllers\Script->run()
#2 /home2/dgmtools/codeigniter/system/CodeIgniter.php(410): CodeIgniter\CodeIgniter->runController(Object(App\Controllers\Script))
#3 /home2/dgmtools/codeigniter/system/CodeIgniter.php(318): CodeIgniter\CodeIgniter->handleRequest(NULL, Object(Config\Cache), false)
#4 /home2/dgmtools/public_html/flasheeprom.com/index.php(37): CodeIgniter\CodeIgniter->run()
#5 {main}
CRITICAL - 2022-02-18 11:38:13 --> syntax error, unexpected ',', expecting ')'
#0 /home2/dgmtools/codeigniter/app/Controllers/Script.php(43): App\Scripts\Script::getScript('scripts/Lista.p...', '000000000000000...')
#1 /home2/dgmtools/codeigniter/system/CodeIgniter.php(824): App\Controllers\Script->run()
#2 /home2/dgmtools/codeigniter/system/CodeIgniter.php(410): CodeIgniter\CodeIgniter->runController(Object(App\Controllers\Script))
#3 /home2/dgmtools/codeigniter/system/CodeIgniter.php(318): CodeIgniter\CodeIgniter->handleRequest(NULL, Object(Config\Cache), false)
#4 /home2/dgmtools/public_html/flasheeprom.com/index.php(37): CodeIgniter\CodeIgniter->run()
#5 {main}
CRITICAL - 2022-02-18 11:38:14 --> syntax error, unexpected ',', expecting ')'
#0 /home2/dgmtools/codeigniter/app/Controllers/Script.php(43): App\Scripts\Script::getScript('scripts/Lista.p...', '000000000000000...')
#1 /home2/dgmtools/codeigniter/system/CodeIgniter.php(824): App\Controllers\Script->run()
#2 /home2/dgmtools/codeigniter/system/CodeIgniter.php(410): CodeIgniter\CodeIgniter->runController(Object(App\Controllers\Script))
#3 /home2/dgmtools/codeigniter/system/CodeIgniter.php(318): CodeIgniter\CodeIgniter->handleRequest(NULL, Object(Config\Cache), false)
#4 /home2/dgmtools/public_html/flasheeprom.com/index.php(37): CodeIgniter\CodeIgniter->run()
#5 {main}
CRITICAL - 2022-02-18 11:38:15 --> syntax error, unexpected ',', expecting ')'
#0 /home2/dgmtools/codeigniter/app/Controllers/Script.php(43): App\Scripts\Script::getScript('scripts/Lista.p...', '000000000000000...')
#1 /home2/dgmtools/codeigniter/system/CodeIgniter.php(824): App\Controllers\Script->run()
#2 /home2/dgmtools/codeigniter/system/CodeIgniter.php(410): CodeIgniter\CodeIgniter->runController(Object(App\Controllers\Script))
#3 /home2/dgmtools/codeigniter/system/CodeIgniter.php(318): CodeIgniter\CodeIgniter->handleRequest(NULL, Object(Config\Cache), false)
#4 /home2/dgmtools/public_html/flasheeprom.com/index.php(37): CodeIgniter\CodeIgniter->run()
#5 {main}
CRITICAL - 2022-02-18 11:45:44 --> syntax error, unexpected '['
#0 /home2/dgmtools/codeigniter/app/Controllers/Script.php(43): App\Scripts\Script::getScript('scripts/Lista.p...', '000000000000000...')
#1 /home2/dgmtools/codeigniter/system/CodeIgniter.php(824): App\Controllers\Script->run()
#2 /home2/dgmtools/codeigniter/system/CodeIgniter.php(410): CodeIgniter\CodeIgniter->runController(Object(App\Controllers\Script))
#3 /home2/dgmtools/codeigniter/system/CodeIgniter.php(318): CodeIgniter\CodeIgniter->handleRequest(NULL, Object(Config\Cache), false)
#4 /home2/dgmtools/public_html/flasheeprom.com/index.php(37): CodeIgniter\CodeIgniter->run()
#5 {main}
CRITICAL - 2022-02-18 11:45:46 --> syntax error, unexpected '['
#0 /home2/dgmtools/codeigniter/app/Controllers/Script.php(43): App\Scripts\Script::getScript('scripts/Lista.p...', '000000000000000...')
#1 /home2/dgmtools/codeigniter/system/CodeIgniter.php(824): App\Controllers\Script->run()
#2 /home2/dgmtools/codeigniter/system/CodeIgniter.php(410): CodeIgniter\CodeIgniter->runController(Object(App\Controllers\Script))
#3 /home2/dgmtools/codeigniter/system/CodeIgniter.php(318): CodeIgniter\CodeIgniter->handleRequest(NULL, Object(Config\Cache), false)
#4 /home2/dgmtools/public_html/flasheeprom.com/index.php(37): CodeIgniter\CodeIgniter->run()
#5 {main}
CRITICAL - 2022-02-18 11:45:46 --> syntax error, unexpected '['
#0 /home2/dgmtools/codeigniter/app/Controllers/Script.php(43): App\Scripts\Script::getScript('scripts/Lista.p...', '000000000000000...')
#1 /home2/dgmtools/codeigniter/system/CodeIgniter.php(824): App\Controllers\Script->run()
#2 /home2/dgmtools/codeigniter/system/CodeIgniter.php(410): CodeIgniter\CodeIgniter->runController(Object(App\Controllers\Script))
#3 /home2/dgmtools/codeigniter/system/CodeIgniter.php(318): CodeIgniter\CodeIgniter->handleRequest(NULL, Object(Config\Cache), false)
#4 /home2/dgmtools/public_html/flasheeprom.com/index.php(37): CodeIgniter\CodeIgniter->run()
#5 {main}
CRITICAL - 2022-02-18 11:45:47 --> syntax error, unexpected '['
#0 /home2/dgmtools/codeigniter/app/Controllers/Script.php(43): App\Scripts\Script::getScript('scripts/Lista.p...', '000000000000000...')
#1 /home2/dgmtools/codeigniter/system/CodeIgniter.php(824): App\Controllers\Script->run()
#2 /home2/dgmtools/codeigniter/system/CodeIgniter.php(410): CodeIgniter\CodeIgniter->runController(Object(App\Controllers\Script))
#3 /home2/dgmtools/codeigniter/system/CodeIgniter.php(318): CodeIgniter\CodeIgniter->handleRequest(NULL, Object(Config\Cache), false)
#4 /home2/dgmtools/public_html/flasheeprom.com/index.php(37): CodeIgniter\CodeIgniter->run()
#5 {main}
CRITICAL - 2022-02-18 11:53:07 --> Call to undefined function App\Scripts\hexdec2()
#0 /home2/dgmtools/codeigniter/app/Controllers/Script.php(48): App\Scripts\Lista->calculate(100)
#1 /home2/dgmtools/codeigniter/system/CodeIgniter.php(824): App\Controllers\Script->run()
#2 /home2/dgmtools/codeigniter/system/CodeIgniter.php(410): CodeIgniter\CodeIgniter->runController(Object(App\Controllers\Script))
#3 /home2/dgmtools/codeigniter/system/CodeIgniter.php(318): CodeIgniter\CodeIgniter->handleRequest(NULL, Object(Config\Cache), false)
#4 /home2/dgmtools/public_html/flasheeprom.com/index.php(37): CodeIgniter\CodeIgniter->run()
#5 {main}
CRITICAL - 2022-02-18 11:53:18 --> Call to undefined function App\Scripts\hexdec2()
#0 /home2/dgmtools/codeigniter/app/Controllers/Script.php(48): App\Scripts\Lista->calculate(100)
#1 /home2/dgmtools/codeigniter/system/CodeIgniter.php(824): App\Controllers\Script->run()
#2 /home2/dgmtools/codeigniter/system/CodeIgniter.php(410): CodeIgniter\CodeIgniter->runController(Object(App\Controllers\Script))
#3 /home2/dgmtools/codeigniter/system/CodeIgniter.php(318): CodeIgniter\CodeIgniter->handleRequest(NULL, Object(Config\Cache), false)
#4 /home2/dgmtools/public_html/flasheeprom.com/index.php(37): CodeIgniter\CodeIgniter->run()
#5 {main}
CRITICAL - 2022-02-18 12:53:56 --> syntax error, unexpected 'case1000' (T_STRING), expecting case (T_CASE) or default (T_DEFAULT) or '}'
#0 /home2/dgmtools/codeigniter/app/Controllers/Script.php(43): App\Scripts\Script::getScript('scripts/Lista.p...', 'FFFFFFFFFFFFFFF...')
#1 /home2/dgmtools/codeigniter/system/CodeIgniter.php(824): App\Controllers\Script->run()
#2 /home2/dgmtools/codeigniter/system/CodeIgniter.php(410): CodeIgniter\CodeIgniter->runController(Object(App\Controllers\Script))
#3 /home2/dgmtools/codeigniter/system/CodeIgniter.php(318): CodeIgniter\CodeIgniter->handleRequest(NULL, Object(Config\Cache), false)
#4 /home2/dgmtools/public_html/flasheeprom.com/index.php(37): CodeIgniter\CodeIgniter->run()
#5 {main}
CRITICAL - 2022-02-18 12:56:14 --> Namespace declaration statement has to be the very first statement or after any declare call in the script
#0 [internal function]: CodeIgniter\Debug\Exceptions->shutdownHandler()
#1 {main}
CRITICAL - 2022-02-18 12:56:17 --> Namespace declaration statement has to be the very first statement or after any declare call in the script
#0 [internal function]: CodeIgniter\Debug\Exceptions->shutdownHandler()
#1 {main}
CRITICAL - 2022-02-18 12:56:17 --> Namespace declaration statement has to be the very first statement or after any declare call in the script
#0 [internal function]: CodeIgniter\Debug\Exceptions->shutdownHandler()
#1 {main}
CRITICAL - 2022-02-18 12:56:17 --> Namespace declaration statement has to be the very first statement or after any declare call in the script
#0 [internal function]: CodeIgniter\Debug\Exceptions->shutdownHandler()
#1 {main}
CRITICAL - 2022-02-18 12:56:17 --> Namespace declaration statement has to be the very first statement or after any declare call in the script
#0 [internal function]: CodeIgniter\Debug\Exceptions->shutdownHandler()
#1 {main}
CRITICAL - 2022-02-18 12:56:17 --> Namespace declaration statement has to be the very first statement or after any declare call in the script
#0 [internal function]: CodeIgniter\Debug\Exceptions->shutdownHandler()
#1 {main}
CRITICAL - 2022-02-18 12:56:17 --> Namespace declaration statement has to be the very first statement or after any declare call in the script
#0 [internal function]: CodeIgniter\Debug\Exceptions->shutdownHandler()
#1 {main}
CRITICAL - 2022-02-18 12:56:18 --> Namespace declaration statement has to be the very first statement or after any declare call in the script
#0 [internal function]: CodeIgniter\Debug\Exceptions->shutdownHandler()
#1 {main}
CRITICAL - 2022-02-18 12:56:18 --> Namespace declaration statement has to be the very first statement or after any declare call in the script
#0 [internal function]: CodeIgniter\Debug\Exceptions->shutdownHandler()
#1 {main}
CRITICAL - 2022-02-18 12:56:56 --> Namespace declaration statement has to be the very first statement or after any declare call in the script
#0 [internal function]: CodeIgniter\Debug\Exceptions->shutdownHandler()
#1 {main}
CRITICAL - 2022-02-18 12:56:59 --> Namespace declaration statement has to be the very first statement or after any declare call in the script
#0 [internal function]: CodeIgniter\Debug\Exceptions->shutdownHandler()
#1 {main}
CRITICAL - 2022-02-18 12:57:01 --> Namespace declaration statement has to be the very first statement or after any declare call in the script
#0 [internal function]: CodeIgniter\Debug\Exceptions->shutdownHandler()
#1 {main}
CRITICAL - 2022-02-18 12:57:01 --> Namespace declaration statement has to be the very first statement or after any declare call in the script
#0 [internal function]: CodeIgniter\Debug\Exceptions->shutdownHandler()
#1 {main}
CRITICAL - 2022-02-18 12:57:06 --> Namespace declaration statement has to be the very first statement or after any declare call in the script
#0 [internal function]: CodeIgniter\Debug\Exceptions->shutdownHandler()
#1 {main}
CRITICAL - 2022-02-18 12:57:09 --> Namespace declaration statement has to be the very first statement or after any declare call in the script
#0 [internal function]: CodeIgniter\Debug\Exceptions->shutdownHandler()
#1 {main}
CRITICAL - 2022-02-18 12:57:09 --> Namespace declaration statement has to be the very first statement or after any declare call in the script
#0 [internal function]: CodeIgniter\Debug\Exceptions->shutdownHandler()
#1 {main}
CRITICAL - 2022-02-18 12:57:09 --> Namespace declaration statement has to be the very first statement or after any declare call in the script
#0 [internal function]: CodeIgniter\Debug\Exceptions->shutdownHandler()
#1 {main}
CRITICAL - 2022-02-18 12:57:09 --> Namespace declaration statement has to be the very first statement or after any declare call in the script
#0 [internal function]: CodeIgniter\Debug\Exceptions->shutdownHandler()
#1 {main}
CRITICAL - 2022-02-18 12:57:10 --> Namespace declaration statement has to be the very first statement or after any declare call in the script
#0 [internal function]: CodeIgniter\Debug\Exceptions->shutdownHandler()
#1 {main}
CRITICAL - 2022-02-18 12:57:10 --> Namespace declaration statement has to be the very first statement or after any declare call in the script
#0 [internal function]: CodeIgniter\Debug\Exceptions->shutdownHandler()
#1 {main}
CRITICAL - 2022-02-18 12:57:39 --> Namespace declaration statement has to be the very first statement or after any declare call in the script
#0 [internal function]: CodeIgniter\Debug\Exceptions->shutdownHandler()
#1 {main}
CRITICAL - 2022-02-18 12:57:40 --> Namespace declaration statement has to be the very first statement or after any declare call in the script
#0 [internal function]: CodeIgniter\Debug\Exceptions->shutdownHandler()
#1 {main}
CRITICAL - 2022-02-18 12:57:40 --> Namespace declaration statement has to be the very first statement or after any declare call in the script
#0 [internal function]: CodeIgniter\Debug\Exceptions->shutdownHandler()
#1 {main}
CRITICAL - 2022-02-18 12:57:41 --> Namespace declaration statement has to be the very first statement or after any declare call in the script
#0 [internal function]: CodeIgniter\Debug\Exceptions->shutdownHandler()
#1 {main}
CRITICAL - 2022-02-18 12:57:48 --> Class '\App\Scripts\Lista' not found
#0 /home2/dgmtools/codeigniter/app/Controllers/Script.php(43): App\Scripts\Script::getScript('scripts/Lista.p...', 'FFFFFFFFFFFFFFF...')
#1 /home2/dgmtools/codeigniter/system/CodeIgniter.php(824): App\Controllers\Script->run()
#2 /home2/dgmtools/codeigniter/system/CodeIgniter.php(410): CodeIgniter\CodeIgniter->runController(Object(App\Controllers\Script))
#3 /home2/dgmtools/codeigniter/system/CodeIgniter.php(318): CodeIgniter\CodeIgniter->handleRequest(NULL, Object(Config\Cache), false)
#4 /home2/dgmtools/public_html/flasheeprom.com/index.php(37): CodeIgniter\CodeIgniter->run()
#5 {main}
CRITICAL - 2022-02-18 12:57:49 --> Class '\App\Scripts\Lista' not found
#0 /home2/dgmtools/codeigniter/app/Controllers/Script.php(43): App\Scripts\Script::getScript('scripts/Lista.p...', 'FFFFFFFFFFFFFFF...')
#1 /home2/dgmtools/codeigniter/system/CodeIgniter.php(824): App\Controllers\Script->run()
#2 /home2/dgmtools/codeigniter/system/CodeIgniter.php(410): CodeIgniter\CodeIgniter->runController(Object(App\Controllers\Script))
#3 /home2/dgmtools/codeigniter/system/CodeIgniter.php(318): CodeIgniter\CodeIgniter->handleRequest(NULL, Object(Config\Cache), false)
#4 /home2/dgmtools/public_html/flasheeprom.com/index.php(37): CodeIgniter\CodeIgniter->run()
#5 {main}
CRITICAL - 2022-02-18 12:58:33 --> Class '\App\Scripts\Pulsar_NS_24c01' not found
#0 /home2/dgmtools/codeigniter/app/Controllers/Script.php(43): App\Scripts\Script::getScript('scripts/Motocic...', 'FFFFFFFFFFFFFFF...')
#1 /home2/dgmtools/codeigniter/system/CodeIgniter.php(824): App\Controllers\Script->run()
#2 /home2/dgmtools/codeigniter/system/CodeIgniter.php(410): CodeIgniter\CodeIgniter->runController(Object(App\Controllers\Script))
#3 /home2/dgmtools/codeigniter/system/CodeIgniter.php(318): CodeIgniter\CodeIgniter->handleRequest(NULL, Object(Config\Cache), false)
#4 /home2/dgmtools/public_html/flasheeprom.com/index.php(37): CodeIgniter\CodeIgniter->run()
#5 {main}
