CRITICAL - 2022-11-26 17:21:59 --> Argument 1 passed to App\Scripts\Chevrolet_Aveo_checksum_24c08::getValueForPortion() must be of the type int, null given, called in /home/flasheep/codeigniter/app/Scripts/scripts/Chevrolet/Aveo/Chevrolet_Aveo_checksum_24c08.php on line 35
#0 /home/flasheep/codeigniter/app/Scripts/scripts/Chevrolet/Aveo/Chevrolet_Aveo_checksum_24c08.php(35): App\Scripts\Chevrolet_Aveo_checksum_24c08->getValueForPortion(NULL, 1)
#1 /home/flasheep/codeigniter/app/Controllers/Script.php(259): App\Scripts\Chevrolet_Aveo_checksum_24c08->getResult()
#2 /home/flasheep/codeigniter/system/CodeIgniter.php(824): App\Controllers\Script->run()
#3 /home/flasheep/codeigniter/system/CodeIgniter.php(410): CodeIgniter\CodeIgniter->runController(Object(App\Controllers\Script))
#4 /home/flasheep/codeigniter/system/CodeIgniter.php(318): CodeIgniter\CodeIgniter->handleRequest(NULL, Object(Config\Cache), false)
#5 /home/flasheep/public_html/index.php(37): CodeIgniter\CodeIgniter->run()
#6 {main}
CRITICAL - 2022-11-26 17:22:03 --> Argument 1 passed to App\Scripts\Chevrolet_Aveo_checksum_24c08::getValueForPortion() must be of the type int, null given, called in /home/flasheep/codeigniter/app/Scripts/scripts/Chevrolet/Aveo/Chevrolet_Aveo_checksum_24c08.php on line 35
#0 /home/flasheep/codeigniter/app/Scripts/scripts/Chevrolet/Aveo/Chevrolet_Aveo_checksum_24c08.php(35): App\Scripts\Chevrolet_Aveo_checksum_24c08->getValueForPortion(NULL, 1)
#1 /home/flasheep/codeigniter/app/Controllers/Script.php(259): App\Scripts\Chevrolet_Aveo_checksum_24c08->getResult()
#2 /home/flasheep/codeigniter/system/CodeIgniter.php(824): App\Controllers\Script->run()
#3 /home/flasheep/codeigniter/system/CodeIgniter.php(410): CodeIgniter\CodeIgniter->runController(Object(App\Controllers\Script))
#4 /home/flasheep/codeigniter/system/CodeIgniter.php(318): CodeIgniter\CodeIgniter->handleRequest(NULL, Object(Config\Cache), false)
#5 /home/flasheep/public_html/index.php(37): CodeIgniter\CodeIgniter->run()
#6 {main}
CRITICAL - 2022-11-26 17:23:02 --> Class '\App\Scripts\Chevrolet_Dimax_V3_2020_93c66' not found
#0 /home/flasheep/codeigniter/app/Scripts/ScriptList.php(159): App\Scripts\Script::getScript('scripts/Chevrol...', '4E5300000000000...')
#1 /home/flasheep/codeigniter/app/Controllers/Script.php(287): App\Scripts\ScriptList::getScriptByPathInformation(Array, '4E5300000000000...', Object(App\Entities\User))
#2 /home/flasheep/codeigniter/app/Controllers/Script.php(235): App\Controllers\Script->getScript(Array, '4E5300000000000...')
#3 /home/flasheep/codeigniter/system/CodeIgniter.php(824): App\Controllers\Script->run()
#4 /home/flasheep/codeigniter/system/CodeIgniter.php(410): CodeIgniter\CodeIgniter->runController(Object(App\Controllers\Script))
#5 /home/flasheep/codeigniter/system/CodeIgniter.php(318): CodeIgniter\CodeIgniter->handleRequest(NULL, Object(Config\Cache), false)
#6 /home/flasheep/public_html/index.php(37): CodeIgniter\CodeIgniter->run()
#7 {main}
CRITICAL - 2022-11-26 17:23:07 --> Class '\App\Scripts\Chevrolet_Dimax_V3_2020_93c66' not found
#0 /home/flasheep/codeigniter/app/Scripts/ScriptList.php(159): App\Scripts\Script::getScript('scripts/Chevrol...', '4E5300000000000...')
#1 /home/flasheep/codeigniter/app/Controllers/Script.php(287): App\Scripts\ScriptList::getScriptByPathInformation(Array, '4E5300000000000...', Object(App\Entities\User))
#2 /home/flasheep/codeigniter/app/Controllers/Script.php(235): App\Controllers\Script->getScript(Array, '4E5300000000000...')
#3 /home/flasheep/codeigniter/system/CodeIgniter.php(824): App\Controllers\Script->run()
#4 /home/flasheep/codeigniter/system/CodeIgniter.php(410): CodeIgniter\CodeIgniter->runController(Object(App\Controllers\Script))
#5 /home/flasheep/codeigniter/system/CodeIgniter.php(318): CodeIgniter\CodeIgniter->handleRequest(NULL, Object(Config\Cache), false)
#6 /home/flasheep/public_html/index.php(37): CodeIgniter\CodeIgniter->run()
#7 {main}
CRITICAL - 2022-11-26 17:23:10 --> Class '\App\Scripts\Chevrolet_Dimax_V3_2020_93c66' not found
#0 /home/flasheep/codeigniter/app/Scripts/ScriptList.php(159): App\Scripts\Script::getScript('scripts/Chevrol...', '4E5300000000000...')
#1 /home/flasheep/codeigniter/app/Controllers/Script.php(287): App\Scripts\ScriptList::getScriptByPathInformation(Array, '4E5300000000000...', Object(App\Entities\User))
#2 /home/flasheep/codeigniter/app/Controllers/Script.php(235): App\Controllers\Script->getScript(Array, '4E5300000000000...')
#3 /home/flasheep/codeigniter/system/CodeIgniter.php(824): App\Controllers\Script->run()
#4 /home/flasheep/codeigniter/system/CodeIgniter.php(410): CodeIgniter\CodeIgniter->runController(Object(App\Controllers\Script))
#5 /home/flasheep/codeigniter/system/CodeIgniter.php(318): CodeIgniter\CodeIgniter->handleRequest(NULL, Object(Config\Cache), false)
#6 /home/flasheep/public_html/index.php(37): CodeIgniter\CodeIgniter->run()
#7 {main}
CRITICAL - 2022-11-26 17:27:17 --> Class '\App\Scripts\Chevrolet_Dimax_V3_2020_93c66' not found
#0 /home/flasheep/codeigniter/app/Scripts/ScriptList.php(159): App\Scripts\Script::getScript('scripts/Chevrol...', '4E5300000000000...')
#1 /home/flasheep/codeigniter/app/Controllers/Script.php(287): App\Scripts\ScriptList::getScriptByPathInformation(Array, '4E5300000000000...', Object(App\Entities\User))
#2 /home/flasheep/codeigniter/app/Controllers/Script.php(235): App\Controllers\Script->getScript(Array, '4E5300000000000...')
#3 /home/flasheep/codeigniter/system/CodeIgniter.php(824): App\Controllers\Script->run()
#4 /home/flasheep/codeigniter/system/CodeIgniter.php(410): CodeIgniter\CodeIgniter->runController(Object(App\Controllers\Script))
#5 /home/flasheep/codeigniter/system/CodeIgniter.php(318): CodeIgniter\CodeIgniter->handleRequest(NULL, Object(Config\Cache), false)
#6 /home/flasheep/public_html/index.php(37): CodeIgniter\CodeIgniter->run()
#7 {main}
CRITICAL - 2022-11-26 17:48:11 --> Argument 1 passed to App\Scripts\Chevrolet_Aveo_checksum_24c08::getValueForPortion() must be of the type int, null given, called in /home/flasheep/codeigniter/app/Scripts/scripts/Chevrolet/Aveo/Chevrolet_Aveo_checksum_24c08.php on line 35
#0 /home/flasheep/codeigniter/app/Scripts/scripts/Chevrolet/Aveo/Chevrolet_Aveo_checksum_24c08.php(35): App\Scripts\Chevrolet_Aveo_checksum_24c08->getValueForPortion(NULL, 1)
#1 /home/flasheep/codeigniter/app/Controllers/Script.php(259): App\Scripts\Chevrolet_Aveo_checksum_24c08->getResult()
#2 /home/flasheep/codeigniter/system/CodeIgniter.php(824): App\Controllers\Script->run()
#3 /home/flasheep/codeigniter/system/CodeIgniter.php(410): CodeIgniter\CodeIgniter->runController(Object(App\Controllers\Script))
#4 /home/flasheep/codeigniter/system/CodeIgniter.php(318): CodeIgniter\CodeIgniter->handleRequest(NULL, Object(Config\Cache), false)
#5 /home/flasheep/public_html/index.php(37): CodeIgniter\CodeIgniter->run()
#6 {main}
CRITICAL - 2022-11-26 22:38:11 --> Class '\App\Scripts\Suzuki_swift_93c46' not found
#0 /home/flasheep/codeigniter/app/Scripts/ScriptList.php(159): App\Scripts\Script::getScript('scripts/Suzuki/...', 'FFFFFFFFFFFFFFF...')
#1 /home/flasheep/codeigniter/app/Controllers/Script.php(287): App\Scripts\ScriptList::getScriptByPathInformation(Array, 'FFFFFFFFFFFFFFF...', NULL)
#2 /home/flasheep/codeigniter/app/Controllers/Script.php(235): App\Controllers\Script->getScript(Array, 'FFFFFFFFFFFFFFF...')
#3 /home/flasheep/codeigniter/system/CodeIgniter.php(824): App\Controllers\Script->run()
#4 /home/flasheep/codeigniter/system/CodeIgniter.php(410): CodeIgniter\CodeIgniter->runController(Object(App\Controllers\Script))
#5 /home/flasheep/codeigniter/system/CodeIgniter.php(318): CodeIgniter\CodeIgniter->handleRequest(NULL, Object(Config\Cache), false)
#6 /home/flasheep/public_html/index.php(37): CodeIgniter\CodeIgniter->run()
#7 {main}
