CRITICAL - 2021-12-10 07:57:12 --> Invalid file: Contacto.php
#0 /home2/dgmtools/codeigniter/system/View/View.php(198): CodeIgniter\Exceptions\FrameworkException::forInvalidFile('Contacto.php')
#1 /home2/dgmtools/codeigniter/system/Common.php(1097): CodeIgniter\View\View->render('Contacto', Array, true)
#2 /home2/dgmtools/codeigniter/app/Controllers/BaseController.php(103): view('Contacto', Array)
#3 /home2/dgmtools/codeigniter/app/Controllers/Blog.php(17): App\Controllers\BaseController->renderDefaultLayout('Contacto')
#4 /home2/dgmtools/codeigniter/system/CodeIgniter.php(824): App\Controllers\Blog->Contacto()
#5 /home2/dgmtools/codeigniter/system/CodeIgniter.php(410): CodeIgniter\CodeIgniter->runController(Object(App\Controllers\Blog))
#6 /home2/dgmtools/codeigniter/system/CodeIgniter.php(318): CodeIgniter\CodeIgniter->handleRequest(NULL, Object(Config\Cache), false)
#7 /home2/dgmtools/public_html/flasheeprom.com/index.php(37): CodeIgniter\CodeIgniter->run()
#8 {main}
CRITICAL - 2021-12-10 10:22:41 --> Invalid file: Contacto.php
#0 /home2/dgmtools/codeigniter/system/View/View.php(198): CodeIgniter\Exceptions\FrameworkException::forInvalidFile('Contacto.php')
#1 /home2/dgmtools/codeigniter/system/Common.php(1097): CodeIgniter\View\View->render('Contacto', Array, true)
#2 /home2/dgmtools/codeigniter/app/Controllers/BaseController.php(103): view('Contacto', Array)
#3 /home2/dgmtools/codeigniter/app/Controllers/Blog.php(17): App\Controllers\BaseController->renderDefaultLayout('Contacto')
#4 /home2/dgmtools/codeigniter/system/CodeIgniter.php(824): App\Controllers\Blog->Contacto()
#5 /home2/dgmtools/codeigniter/system/CodeIgniter.php(410): CodeIgniter\CodeIgniter->runController(Object(App\Controllers\Blog))
#6 /home2/dgmtools/codeigniter/system/CodeIgniter.php(318): CodeIgniter\CodeIgniter->handleRequest(NULL, Object(Config\Cache), false)
#7 /home2/dgmtools/public_html/flasheeprom.com/index.php(37): CodeIgniter\CodeIgniter->run()
#8 {main}
CRITICAL - 2021-12-10 21:45:53 --> Invalid file: Contacto.php
#0 /home2/dgmtools/codeigniter/system/View/View.php(198): CodeIgniter\Exceptions\FrameworkException::forInvalidFile('Contacto.php')
#1 /home2/dgmtools/codeigniter/system/Common.php(1097): CodeIgniter\View\View->render('Contacto', Array, true)
#2 /home2/dgmtools/codeigniter/app/Controllers/BaseController.php(103): view('Contacto', Array)
#3 /home2/dgmtools/codeigniter/app/Controllers/Blog.php(17): App\Controllers\BaseController->renderDefaultLayout('Contacto')
#4 /home2/dgmtools/codeigniter/system/CodeIgniter.php(824): App\Controllers\Blog->Contacto()
#5 /home2/dgmtools/codeigniter/system/CodeIgniter.php(410): CodeIgniter\CodeIgniter->runController(Object(App\Controllers\Blog))
#6 /home2/dgmtools/codeigniter/system/CodeIgniter.php(318): CodeIgniter\CodeIgniter->handleRequest(NULL, Object(Config\Cache), false)
#7 /home2/dgmtools/public_html/flasheeprom.com/index.php(37): CodeIgniter\CodeIgniter->run()
#8 {main}
CRITICAL - 2021-12-10 21:45:53 --> Invalid file: Contacto.php
#0 /home2/dgmtools/codeigniter/system/View/View.php(198): CodeIgniter\Exceptions\FrameworkException::forInvalidFile('Contacto.php')
#1 /home2/dgmtools/codeigniter/system/Common.php(1097): CodeIgniter\View\View->render('Contacto', Array, true)
#2 /home2/dgmtools/codeigniter/app/Controllers/BaseController.php(103): view('Contacto', Array)
#3 /home2/dgmtools/codeigniter/app/Controllers/Blog.php(17): App\Controllers\BaseController->renderDefaultLayout('Contacto')
#4 /home2/dgmtools/codeigniter/system/CodeIgniter.php(824): App\Controllers\Blog->Contacto()
#5 /home2/dgmtools/codeigniter/system/CodeIgniter.php(410): CodeIgniter\CodeIgniter->runController(Object(App\Controllers\Blog))
#6 /home2/dgmtools/codeigniter/system/CodeIgniter.php(318): CodeIgniter\CodeIgniter->handleRequest(NULL, Object(Config\Cache), false)
#7 /home2/dgmtools/public_html/flasheeprom.com/index.php(37): CodeIgniter\CodeIgniter->run()
#8 {main}
CRITICAL - 2021-12-10 21:53:10 --> Invalid file: Contacto.php
#0 /home2/dgmtools/codeigniter/system/View/View.php(198): CodeIgniter\Exceptions\FrameworkException::forInvalidFile('Contacto.php')
#1 /home2/dgmtools/codeigniter/system/Common.php(1097): CodeIgniter\View\View->render('Contacto', Array, true)
#2 /home2/dgmtools/codeigniter/app/Controllers/BaseController.php(103): view('Contacto', Array)
#3 /home2/dgmtools/codeigniter/app/Controllers/Blog.php(17): App\Controllers\BaseController->renderDefaultLayout('Contacto')
#4 /home2/dgmtools/codeigniter/system/CodeIgniter.php(824): App\Controllers\Blog->Contacto()
#5 /home2/dgmtools/codeigniter/system/CodeIgniter.php(410): CodeIgniter\CodeIgniter->runController(Object(App\Controllers\Blog))
#6 /home2/dgmtools/codeigniter/system/CodeIgniter.php(318): CodeIgniter\CodeIgniter->handleRequest(NULL, Object(Config\Cache), false)
#7 /home2/dgmtools/public_html/flasheeprom.com/index.php(37): CodeIgniter\CodeIgniter->run()
#8 {main}
CRITICAL - 2021-12-10 21:58:47 --> Invalid file: Contacto.php
#0 /home2/dgmtools/codeigniter/system/View/View.php(198): CodeIgniter\Exceptions\FrameworkException::forInvalidFile('Contacto.php')
#1 /home2/dgmtools/codeigniter/system/Common.php(1097): CodeIgniter\View\View->render('Contacto', Array, true)
#2 /home2/dgmtools/codeigniter/app/Controllers/BaseController.php(103): view('Contacto', Array)
#3 /home2/dgmtools/codeigniter/app/Controllers/Blog.php(17): App\Controllers\BaseController->renderDefaultLayout('Contacto')
#4 /home2/dgmtools/codeigniter/system/CodeIgniter.php(824): App\Controllers\Blog->Contacto()
#5 /home2/dgmtools/codeigniter/system/CodeIgniter.php(410): CodeIgniter\CodeIgniter->runController(Object(App\Controllers\Blog))
#6 /home2/dgmtools/codeigniter/system/CodeIgniter.php(318): CodeIgniter\CodeIgniter->handleRequest(NULL, Object(Config\Cache), false)
#7 /home2/dgmtools/public_html/flasheeprom.com/index.php(37): CodeIgniter\CodeIgniter->run()
#8 {main}
CRITICAL - 2021-12-10 21:59:12 --> Invalid file: Contacto.php
#0 /home2/dgmtools/codeigniter/system/View/View.php(198): CodeIgniter\Exceptions\FrameworkException::forInvalidFile('Contacto.php')
#1 /home2/dgmtools/codeigniter/system/Common.php(1097): CodeIgniter\View\View->render('Contacto', Array, true)
#2 /home2/dgmtools/codeigniter/app/Controllers/BaseController.php(103): view('Contacto', Array)
#3 /home2/dgmtools/codeigniter/app/Controllers/Blog.php(17): App\Controllers\BaseController->renderDefaultLayout('Contacto')
#4 /home2/dgmtools/codeigniter/system/CodeIgniter.php(824): App\Controllers\Blog->Contacto()
#5 /home2/dgmtools/codeigniter/system/CodeIgniter.php(410): CodeIgniter\CodeIgniter->runController(Object(App\Controllers\Blog))
#6 /home2/dgmtools/codeigniter/system/CodeIgniter.php(318): CodeIgniter\CodeIgniter->handleRequest(NULL, Object(Config\Cache), false)
#7 /home2/dgmtools/public_html/flasheeprom.com/index.php(37): CodeIgniter\CodeIgniter->run()
#8 {main}
CRITICAL - 2021-12-10 21:59:12 --> Invalid file: Contacto.php
#0 /home2/dgmtools/codeigniter/system/View/View.php(198): CodeIgniter\Exceptions\FrameworkException::forInvalidFile('Contacto.php')
#1 /home2/dgmtools/codeigniter/system/Common.php(1097): CodeIgniter\View\View->render('Contacto', Array, true)
#2 /home2/dgmtools/codeigniter/app/Controllers/BaseController.php(103): view('Contacto', Array)
#3 /home2/dgmtools/codeigniter/app/Controllers/Blog.php(17): App\Controllers\BaseController->renderDefaultLayout('Contacto')
#4 /home2/dgmtools/codeigniter/system/CodeIgniter.php(824): App\Controllers\Blog->Contacto()
#5 /home2/dgmtools/codeigniter/system/CodeIgniter.php(410): CodeIgniter\CodeIgniter->runController(Object(App\Controllers\Blog))
#6 /home2/dgmtools/codeigniter/system/CodeIgniter.php(318): CodeIgniter\CodeIgniter->handleRequest(NULL, Object(Config\Cache), false)
#7 /home2/dgmtools/public_html/flasheeprom.com/index.php(37): CodeIgniter\CodeIgniter->run()
#8 {main}
CRITICAL - 2021-12-10 21:59:13 --> Invalid file: Contacto.php
#0 /home2/dgmtools/codeigniter/system/View/View.php(198): CodeIgniter\Exceptions\FrameworkException::forInvalidFile('Contacto.php')
#1 /home2/dgmtools/codeigniter/system/Common.php(1097): CodeIgniter\View\View->render('Contacto', Array, true)
#2 /home2/dgmtools/codeigniter/app/Controllers/BaseController.php(103): view('Contacto', Array)
#3 /home2/dgmtools/codeigniter/app/Controllers/Blog.php(17): App\Controllers\BaseController->renderDefaultLayout('Contacto')
#4 /home2/dgmtools/codeigniter/system/CodeIgniter.php(824): App\Controllers\Blog->Contacto()
#5 /home2/dgmtools/codeigniter/system/CodeIgniter.php(410): CodeIgniter\CodeIgniter->runController(Object(App\Controllers\Blog))
#6 /home2/dgmtools/codeigniter/system/CodeIgniter.php(318): CodeIgniter\CodeIgniter->handleRequest(NULL, Object(Config\Cache), false)
#7 /home2/dgmtools/public_html/flasheeprom.com/index.php(37): CodeIgniter\CodeIgniter->run()
#8 {main}
CRITICAL - 2021-12-10 22:01:15 --> Invalid file: Contacto.php
#0 /home2/dgmtools/codeigniter/system/View/View.php(198): CodeIgniter\Exceptions\FrameworkException::forInvalidFile('Contacto.php')
#1 /home2/dgmtools/codeigniter/system/Common.php(1097): CodeIgniter\View\View->render('Contacto', Array, true)
#2 /home2/dgmtools/codeigniter/app/Controllers/BaseController.php(103): view('Contacto', Array)
#3 /home2/dgmtools/codeigniter/app/Controllers/Blog.php(17): App\Controllers\BaseController->renderDefaultLayout('Contacto')
#4 /home2/dgmtools/codeigniter/system/CodeIgniter.php(824): App\Controllers\Blog->Contacto()
#5 /home2/dgmtools/codeigniter/system/CodeIgniter.php(410): CodeIgniter\CodeIgniter->runController(Object(App\Controllers\Blog))
#6 /home2/dgmtools/codeigniter/system/CodeIgniter.php(318): CodeIgniter\CodeIgniter->handleRequest(NULL, Object(Config\Cache), false)
#7 /home2/dgmtools/public_html/flasheeprom.com/index.php(37): CodeIgniter\CodeIgniter->run()
#8 {main}
CRITICAL - 2021-12-10 22:03:18 --> Invalid file: Contacto.php
#0 /home2/dgmtools/codeigniter/system/View/View.php(198): CodeIgniter\Exceptions\FrameworkException::forInvalidFile('Contacto.php')
#1 /home2/dgmtools/codeigniter/system/Common.php(1097): CodeIgniter\View\View->render('Contacto', Array, true)
#2 /home2/dgmtools/codeigniter/app/Controllers/BaseController.php(103): view('Contacto', Array)
#3 /home2/dgmtools/codeigniter/app/Controllers/Blog.php(17): App\Controllers\BaseController->renderDefaultLayout('Contacto')
#4 /home2/dgmtools/codeigniter/system/CodeIgniter.php(824): App\Controllers\Blog->Contacto()
#5 /home2/dgmtools/codeigniter/system/CodeIgniter.php(410): CodeIgniter\CodeIgniter->runController(Object(App\Controllers\Blog))
#6 /home2/dgmtools/codeigniter/system/CodeIgniter.php(318): CodeIgniter\CodeIgniter->handleRequest(NULL, Object(Config\Cache), false)
#7 /home2/dgmtools/public_html/flasheeprom.com/index.php(37): CodeIgniter\CodeIgniter->run()
#8 {main}
CRITICAL - 2021-12-10 22:03:21 --> Invalid file: Contacto.php
#0 /home2/dgmtools/codeigniter/system/View/View.php(198): CodeIgniter\Exceptions\FrameworkException::forInvalidFile('Contacto.php')
#1 /home2/dgmtools/codeigniter/system/Common.php(1097): CodeIgniter\View\View->render('Contacto', Array, true)
#2 /home2/dgmtools/codeigniter/app/Controllers/BaseController.php(103): view('Contacto', Array)
#3 /home2/dgmtools/codeigniter/app/Controllers/Blog.php(17): App\Controllers\BaseController->renderDefaultLayout('Contacto')
#4 /home2/dgmtools/codeigniter/system/CodeIgniter.php(824): App\Controllers\Blog->Contacto()
#5 /home2/dgmtools/codeigniter/system/CodeIgniter.php(410): CodeIgniter\CodeIgniter->runController(Object(App\Controllers\Blog))
#6 /home2/dgmtools/codeigniter/system/CodeIgniter.php(318): CodeIgniter\CodeIgniter->handleRequest(NULL, Object(Config\Cache), false)
#7 /home2/dgmtools/public_html/flasheeprom.com/index.php(37): CodeIgniter\CodeIgniter->run()
#8 {main}
CRITICAL - 2021-12-10 22:03:24 --> Invalid file: Contacto.php
#0 /home2/dgmtools/codeigniter/system/View/View.php(198): CodeIgniter\Exceptions\FrameworkException::forInvalidFile('Contacto.php')
#1 /home2/dgmtools/codeigniter/system/Common.php(1097): CodeIgniter\View\View->render('Contacto', Array, true)
#2 /home2/dgmtools/codeigniter/app/Controllers/BaseController.php(103): view('Contacto', Array)
#3 /home2/dgmtools/codeigniter/app/Controllers/Blog.php(17): App\Controllers\BaseController->renderDefaultLayout('Contacto')
#4 /home2/dgmtools/codeigniter/system/CodeIgniter.php(824): App\Controllers\Blog->Contacto()
#5 /home2/dgmtools/codeigniter/system/CodeIgniter.php(410): CodeIgniter\CodeIgniter->runController(Object(App\Controllers\Blog))
#6 /home2/dgmtools/codeigniter/system/CodeIgniter.php(318): CodeIgniter\CodeIgniter->handleRequest(NULL, Object(Config\Cache), false)
#7 /home2/dgmtools/public_html/flasheeprom.com/index.php(37): CodeIgniter\CodeIgniter->run()
#8 {main}
CRITICAL - 2021-12-10 22:05:05 --> Invalid file: Contacto.php
#0 /home2/dgmtools/codeigniter/system/View/View.php(198): CodeIgniter\Exceptions\FrameworkException::forInvalidFile('Contacto.php')
#1 /home2/dgmtools/codeigniter/system/Common.php(1097): CodeIgniter\View\View->render('Contacto', Array, true)
#2 /home2/dgmtools/codeigniter/app/Controllers/BaseController.php(103): view('Contacto', Array)
#3 /home2/dgmtools/codeigniter/app/Controllers/Blog.php(17): App\Controllers\BaseController->renderDefaultLayout('Contacto')
#4 /home2/dgmtools/codeigniter/system/CodeIgniter.php(824): App\Controllers\Blog->Contacto()
#5 /home2/dgmtools/codeigniter/system/CodeIgniter.php(410): CodeIgniter\CodeIgniter->runController(Object(App\Controllers\Blog))
#6 /home2/dgmtools/codeigniter/system/CodeIgniter.php(318): CodeIgniter\CodeIgniter->handleRequest(NULL, Object(Config\Cache), false)
#7 /home2/dgmtools/public_html/flasheeprom.com/index.php(37): CodeIgniter\CodeIgniter->run()
#8 {main}
CRITICAL - 2021-12-10 22:10:10 --> Invalid file: Contacto.php
#0 /home2/dgmtools/codeigniter/system/View/View.php(198): CodeIgniter\Exceptions\FrameworkException::forInvalidFile('Contacto.php')
#1 /home2/dgmtools/codeigniter/system/Common.php(1097): CodeIgniter\View\View->render('Contacto', Array, true)
#2 /home2/dgmtools/codeigniter/app/Controllers/BaseController.php(103): view('Contacto', Array)
#3 /home2/dgmtools/codeigniter/app/Controllers/Blog.php(17): App\Controllers\BaseController->renderDefaultLayout('Contacto')
#4 /home2/dgmtools/codeigniter/system/CodeIgniter.php(824): App\Controllers\Blog->Contacto()
#5 /home2/dgmtools/codeigniter/system/CodeIgniter.php(410): CodeIgniter\CodeIgniter->runController(Object(App\Controllers\Blog))
#6 /home2/dgmtools/codeigniter/system/CodeIgniter.php(318): CodeIgniter\CodeIgniter->handleRequest(NULL, Object(Config\Cache), false)
#7 /home2/dgmtools/public_html/flasheeprom.com/index.php(37): CodeIgniter\CodeIgniter->run()
#8 {main}
CRITICAL - 2021-12-10 22:12:06 --> Invalid file: Contacto.php
#0 /home2/dgmtools/codeigniter/system/View/View.php(198): CodeIgniter\Exceptions\FrameworkException::forInvalidFile('Contacto.php')
#1 /home2/dgmtools/codeigniter/system/Common.php(1097): CodeIgniter\View\View->render('Contacto', Array, true)
#2 /home2/dgmtools/codeigniter/app/Controllers/BaseController.php(103): view('Contacto', Array)
#3 /home2/dgmtools/codeigniter/app/Controllers/Blog.php(17): App\Controllers\BaseController->renderDefaultLayout('Contacto')
#4 /home2/dgmtools/codeigniter/system/CodeIgniter.php(824): App\Controllers\Blog->Contacto()
#5 /home2/dgmtools/codeigniter/system/CodeIgniter.php(410): CodeIgniter\CodeIgniter->runController(Object(App\Controllers\Blog))
#6 /home2/dgmtools/codeigniter/system/CodeIgniter.php(318): CodeIgniter\CodeIgniter->handleRequest(NULL, Object(Config\Cache), false)
#7 /home2/dgmtools/public_html/flasheeprom.com/index.php(37): CodeIgniter\CodeIgniter->run()
#8 {main}
CRITICAL - 2021-12-10 22:14:30 --> Invalid file: Contacto.php
#0 /home2/dgmtools/codeigniter/system/View/View.php(198): CodeIgniter\Exceptions\FrameworkException::forInvalidFile('Contacto.php')
#1 /home2/dgmtools/codeigniter/system/Common.php(1097): CodeIgniter\View\View->render('Contacto', Array, true)
#2 /home2/dgmtools/codeigniter/app/Controllers/BaseController.php(103): view('Contacto', Array)
#3 /home2/dgmtools/codeigniter/app/Controllers/Blog.php(17): App\Controllers\BaseController->renderDefaultLayout('Contacto')
#4 /home2/dgmtools/codeigniter/system/CodeIgniter.php(824): App\Controllers\Blog->Contacto()
#5 /home2/dgmtools/codeigniter/system/CodeIgniter.php(410): CodeIgniter\CodeIgniter->runController(Object(App\Controllers\Blog))
#6 /home2/dgmtools/codeigniter/system/CodeIgniter.php(318): CodeIgniter\CodeIgniter->handleRequest(NULL, Object(Config\Cache), false)
#7 /home2/dgmtools/public_html/flasheeprom.com/index.php(37): CodeIgniter\CodeIgniter->run()
#8 {main}
CRITICAL - 2021-12-10 22:35:43 --> Invalid file: Contacto.php
#0 /home2/dgmtools/codeigniter/system/View/View.php(198): CodeIgniter\Exceptions\FrameworkException::forInvalidFile('Contacto.php')
#1 /home2/dgmtools/codeigniter/system/Common.php(1097): CodeIgniter\View\View->render('Contacto', Array, true)
#2 /home2/dgmtools/codeigniter/app/Controllers/BaseController.php(103): view('Contacto', Array)
#3 /home2/dgmtools/codeigniter/app/Controllers/Blog.php(17): App\Controllers\BaseController->renderDefaultLayout('Contacto')
#4 /home2/dgmtools/codeigniter/system/CodeIgniter.php(824): App\Controllers\Blog->Contacto()
#5 /home2/dgmtools/codeigniter/system/CodeIgniter.php(410): CodeIgniter\CodeIgniter->runController(Object(App\Controllers\Blog))
#6 /home2/dgmtools/codeigniter/system/CodeIgniter.php(318): CodeIgniter\CodeIgniter->handleRequest(NULL, Object(Config\Cache), false)
#7 /home2/dgmtools/public_html/flasheeprom.com/index.php(37): CodeIgniter\CodeIgniter->run()
#8 {main}
CRITICAL - 2021-12-10 23:05:56 --> Invalid file: Contacto.php
#0 /home2/dgmtools/codeigniter/system/View/View.php(198): CodeIgniter\Exceptions\FrameworkException::forInvalidFile('Contacto.php')
#1 /home2/dgmtools/codeigniter/system/Common.php(1097): CodeIgniter\View\View->render('Contacto', Array, true)
#2 /home2/dgmtools/codeigniter/app/Controllers/BaseController.php(103): view('Contacto', Array)
#3 /home2/dgmtools/codeigniter/app/Controllers/Blog.php(17): App\Controllers\BaseController->renderDefaultLayout('Contacto')
#4 /home2/dgmtools/codeigniter/system/CodeIgniter.php(824): App\Controllers\Blog->Contacto()
#5 /home2/dgmtools/codeigniter/system/CodeIgniter.php(410): CodeIgniter\CodeIgniter->runController(Object(App\Controllers\Blog))
#6 /home2/dgmtools/codeigniter/system/CodeIgniter.php(318): CodeIgniter\CodeIgniter->handleRequest(NULL, Object(Config\Cache), false)
#7 /home2/dgmtools/public_html/flasheeprom.com/index.php(37): CodeIgniter\CodeIgniter->run()
#8 {main}
CRITICAL - 2021-12-10 23:14:12 --> Invalid file: Contacto.php
#0 /home2/dgmtools/codeigniter/system/View/View.php(198): CodeIgniter\Exceptions\FrameworkException::forInvalidFile('Contacto.php')
#1 /home2/dgmtools/codeigniter/system/Common.php(1097): CodeIgniter\View\View->render('Contacto', Array, true)
#2 /home2/dgmtools/codeigniter/app/Controllers/BaseController.php(103): view('Contacto', Array)
#3 /home2/dgmtools/codeigniter/app/Controllers/Blog.php(17): App\Controllers\BaseController->renderDefaultLayout('Contacto')
#4 /home2/dgmtools/codeigniter/system/CodeIgniter.php(824): App\Controllers\Blog->Contacto()
#5 /home2/dgmtools/codeigniter/system/CodeIgniter.php(410): CodeIgniter\CodeIgniter->runController(Object(App\Controllers\Blog))
#6 /home2/dgmtools/codeigniter/system/CodeIgniter.php(318): CodeIgniter\CodeIgniter->handleRequest(NULL, Object(Config\Cache), false)
#7 /home2/dgmtools/public_html/flasheeprom.com/index.php(37): CodeIgniter\CodeIgniter->run()
#8 {main}
CRITICAL - 2021-12-10 23:14:17 --> Invalid file: Contacto.php
#0 /home2/dgmtools/codeigniter/system/View/View.php(198): CodeIgniter\Exceptions\FrameworkException::forInvalidFile('Contacto.php')
#1 /home2/dgmtools/codeigniter/system/Common.php(1097): CodeIgniter\View\View->render('Contacto', Array, true)
#2 /home2/dgmtools/codeigniter/app/Controllers/BaseController.php(103): view('Contacto', Array)
#3 /home2/dgmtools/codeigniter/app/Controllers/Blog.php(17): App\Controllers\BaseController->renderDefaultLayout('Contacto')
#4 /home2/dgmtools/codeigniter/system/CodeIgniter.php(824): App\Controllers\Blog->Contacto()
#5 /home2/dgmtools/codeigniter/system/CodeIgniter.php(410): CodeIgniter\CodeIgniter->runController(Object(App\Controllers\Blog))
#6 /home2/dgmtools/codeigniter/system/CodeIgniter.php(318): CodeIgniter\CodeIgniter->handleRequest(NULL, Object(Config\Cache), false)
#7 /home2/dgmtools/public_html/flasheeprom.com/index.php(37): CodeIgniter\CodeIgniter->run()
#8 {main}
CRITICAL - 2021-12-10 23:15:10 --> Invalid file: Contacto.php
#0 /home2/dgmtools/codeigniter/system/View/View.php(198): CodeIgniter\Exceptions\FrameworkException::forInvalidFile('Contacto.php')
#1 /home2/dgmtools/codeigniter/system/Common.php(1097): CodeIgniter\View\View->render('Contacto', Array, true)
#2 /home2/dgmtools/codeigniter/app/Controllers/BaseController.php(103): view('Contacto', Array)
#3 /home2/dgmtools/codeigniter/app/Controllers/Blog.php(17): App\Controllers\BaseController->renderDefaultLayout('Contacto')
#4 /home2/dgmtools/codeigniter/system/CodeIgniter.php(824): App\Controllers\Blog->Contacto()
#5 /home2/dgmtools/codeigniter/system/CodeIgniter.php(410): CodeIgniter\CodeIgniter->runController(Object(App\Controllers\Blog))
#6 /home2/dgmtools/codeigniter/system/CodeIgniter.php(318): CodeIgniter\CodeIgniter->handleRequest(NULL, Object(Config\Cache), false)
#7 /home2/dgmtools/public_html/flasheeprom.com/index.php(37): CodeIgniter\CodeIgniter->run()
#8 {main}
CRITICAL - 2021-12-10 23:25:59 --> Invalid file: Contacto.php
#0 /home2/dgmtools/codeigniter/system/View/View.php(198): CodeIgniter\Exceptions\FrameworkException::forInvalidFile('Contacto.php')
#1 /home2/dgmtools/codeigniter/system/Common.php(1097): CodeIgniter\View\View->render('Contacto', Array, true)
#2 /home2/dgmtools/codeigniter/app/Controllers/BaseController.php(103): view('Contacto', Array)
#3 /home2/dgmtools/codeigniter/app/Controllers/Blog.php(17): App\Controllers\BaseController->renderDefaultLayout('Contacto')
#4 /home2/dgmtools/codeigniter/system/CodeIgniter.php(824): App\Controllers\Blog->Contacto()
#5 /home2/dgmtools/codeigniter/system/CodeIgniter.php(410): CodeIgniter\CodeIgniter->runController(Object(App\Controllers\Blog))
#6 /home2/dgmtools/codeigniter/system/CodeIgniter.php(318): CodeIgniter\CodeIgniter->handleRequest(NULL, Object(Config\Cache), false)
#7 /home2/dgmtools/public_html/flasheeprom.com/index.php(37): CodeIgniter\CodeIgniter->run()
#8 {main}
CRITICAL - 2021-12-10 23:28:27 --> Invalid file: Contacto.php
#0 /home2/dgmtools/codeigniter/system/View/View.php(198): CodeIgniter\Exceptions\FrameworkException::forInvalidFile('Contacto.php')
#1 /home2/dgmtools/codeigniter/system/Common.php(1097): CodeIgniter\View\View->render('Contacto', Array, true)
#2 /home2/dgmtools/codeigniter/app/Controllers/BaseController.php(103): view('Contacto', Array)
#3 /home2/dgmtools/codeigniter/app/Controllers/Blog.php(17): App\Controllers\BaseController->renderDefaultLayout('Contacto')
#4 /home2/dgmtools/codeigniter/system/CodeIgniter.php(824): App\Controllers\Blog->Contacto()
#5 /home2/dgmtools/codeigniter/system/CodeIgniter.php(410): CodeIgniter\CodeIgniter->runController(Object(App\Controllers\Blog))
#6 /home2/dgmtools/codeigniter/system/CodeIgniter.php(318): CodeIgniter\CodeIgniter->handleRequest(NULL, Object(Config\Cache), false)
#7 /home2/dgmtools/public_html/flasheeprom.com/index.php(37): CodeIgniter\CodeIgniter->run()
#8 {main}
CRITICAL - 2021-12-10 23:37:38 --> Invalid file: Contacto.php
#0 /home2/dgmtools/codeigniter/system/View/View.php(198): CodeIgniter\Exceptions\FrameworkException::forInvalidFile('Contacto.php')
#1 /home2/dgmtools/codeigniter/system/Common.php(1097): CodeIgniter\View\View->render('Contacto', Array, true)
#2 /home2/dgmtools/codeigniter/app/Controllers/BaseController.php(103): view('Contacto', Array)
#3 /home2/dgmtools/codeigniter/app/Controllers/Blog.php(17): App\Controllers\BaseController->renderDefaultLayout('Contacto')
#4 /home2/dgmtools/codeigniter/system/CodeIgniter.php(824): App\Controllers\Blog->Contacto()
#5 /home2/dgmtools/codeigniter/system/CodeIgniter.php(410): CodeIgniter\CodeIgniter->runController(Object(App\Controllers\Blog))
#6 /home2/dgmtools/codeigniter/system/CodeIgniter.php(318): CodeIgniter\CodeIgniter->handleRequest(NULL, Object(Config\Cache), false)
#7 /home2/dgmtools/public_html/flasheeprom.com/index.php(37): CodeIgniter\CodeIgniter->run()
#8 {main}
CRITICAL - 2021-12-10 23:39:34 --> Invalid file: Contacto.php
#0 /home2/dgmtools/codeigniter/system/View/View.php(198): CodeIgniter\Exceptions\FrameworkException::forInvalidFile('Contacto.php')
#1 /home2/dgmtools/codeigniter/system/Common.php(1097): CodeIgniter\View\View->render('Contacto', Array, true)
#2 /home2/dgmtools/codeigniter/app/Controllers/BaseController.php(103): view('Contacto', Array)
#3 /home2/dgmtools/codeigniter/app/Controllers/Blog.php(17): App\Controllers\BaseController->renderDefaultLayout('Contacto')
#4 /home2/dgmtools/codeigniter/system/CodeIgniter.php(824): App\Controllers\Blog->Contacto()
#5 /home2/dgmtools/codeigniter/system/CodeIgniter.php(410): CodeIgniter\CodeIgniter->runController(Object(App\Controllers\Blog))
#6 /home2/dgmtools/codeigniter/system/CodeIgniter.php(318): CodeIgniter\CodeIgniter->handleRequest(NULL, Object(Config\Cache), false)
#7 /home2/dgmtools/public_html/flasheeprom.com/index.php(37): CodeIgniter\CodeIgniter->run()
#8 {main}
CRITICAL - 2021-12-10 23:48:58 --> Invalid file: Contacto.php
#0 /home2/dgmtools/codeigniter/system/View/View.php(198): CodeIgniter\Exceptions\FrameworkException::forInvalidFile('Contacto.php')
#1 /home2/dgmtools/codeigniter/system/Common.php(1097): CodeIgniter\View\View->render('Contacto', Array, true)
#2 /home2/dgmtools/codeigniter/app/Controllers/BaseController.php(103): view('Contacto', Array)
#3 /home2/dgmtools/codeigniter/app/Controllers/Blog.php(17): App\Controllers\BaseController->renderDefaultLayout('Contacto')
#4 /home2/dgmtools/codeigniter/system/CodeIgniter.php(824): App\Controllers\Blog->Contacto()
#5 /home2/dgmtools/codeigniter/system/CodeIgniter.php(410): CodeIgniter\CodeIgniter->runController(Object(App\Controllers\Blog))
#6 /home2/dgmtools/codeigniter/system/CodeIgniter.php(318): CodeIgniter\CodeIgniter->handleRequest(NULL, Object(Config\Cache), false)
#7 /home2/dgmtools/public_html/flasheeprom.com/index.php(37): CodeIgniter\CodeIgniter->run()
#8 {main}
