ERROR - 2022-08-26 11:09:14 --> Table 'flasheep_hexeditor.scriptimage' doesn't exist
CRITICAL - 2022-08-26 11:09:14 --> Call to a member function getResult() on bool
#0 /home/flasheep/codeigniter/system/BaseModel.php(584): CodeIgniter\Model->doFindAll(0, 0)
#1 /home/flasheep/codeigniter/app/Models/ScriptImageModel.php(42): CodeIgniter\BaseModel->findAll()
#2 /home/flasheep/codeigniter/app/Controllers/Script.php(272): App\Models\ScriptImageModel->getForScript(Object(App\Entities\Script))
#3 /home/flasheep/codeigniter/system/CodeIgniter.php(824): App\Controllers\Script->run()
#4 /home/flasheep/codeigniter/system/CodeIgniter.php(410): CodeIgniter\CodeIgniter->runController(Object(App\Controllers\Script))
#5 /home/flasheep/codeigniter/system/CodeIgniter.php(318): CodeIgniter\CodeIgniter->handleRequest(NULL, Object(Config\Cache), false)
#6 /home/flasheep/public_html/index.php(37): CodeIgniter\CodeIgniter->run()
#7 {main}
ERROR - 2022-08-26 11:09:39 --> Table 'flasheep_hexeditor.scriptimage' doesn't exist
CRITICAL - 2022-08-26 11:09:39 --> Call to a member function getResult() on bool
#0 /home/flasheep/codeigniter/system/BaseModel.php(584): CodeIgniter\Model->doFindAll(0, 0)
#1 /home/flasheep/codeigniter/app/Models/ScriptImageModel.php(42): CodeIgniter\BaseModel->findAll()
#2 /home/flasheep/codeigniter/app/Controllers/Script.php(272): App\Models\ScriptImageModel->getForScript(Object(App\Entities\Script))
#3 /home/flasheep/codeigniter/system/CodeIgniter.php(824): App\Controllers\Script->run()
#4 /home/flasheep/codeigniter/system/CodeIgniter.php(410): CodeIgniter\CodeIgniter->runController(Object(App\Controllers\Script))
#5 /home/flasheep/codeigniter/system/CodeIgniter.php(318): CodeIgniter\CodeIgniter->handleRequest(NULL, Object(Config\Cache), false)
#6 /home/flasheep/public_html/index.php(37): CodeIgniter\CodeIgniter->run()
#7 {main}
ERROR - 2022-08-26 11:09:42 --> Table 'flasheep_hexeditor.scriptimage' doesn't exist
CRITICAL - 2022-08-26 11:09:42 --> Call to a member function getResult() on bool
#0 /home/flasheep/codeigniter/system/BaseModel.php(584): CodeIgniter\Model->doFindAll(0, 0)
#1 /home/flasheep/codeigniter/app/Models/ScriptImageModel.php(42): CodeIgniter\BaseModel->findAll()
#2 /home/flasheep/codeigniter/app/Controllers/Script.php(272): App\Models\ScriptImageModel->getForScript(Object(App\Entities\Script))
#3 /home/flasheep/codeigniter/system/CodeIgniter.php(824): App\Controllers\Script->run()
#4 /home/flasheep/codeigniter/system/CodeIgniter.php(410): CodeIgniter\CodeIgniter->runController(Object(App\Controllers\Script))
#5 /home/flasheep/codeigniter/system/CodeIgniter.php(318): CodeIgniter\CodeIgniter->handleRequest(NULL, Object(Config\Cache), false)
#6 /home/flasheep/public_html/index.php(37): CodeIgniter\CodeIgniter->run()
#7 {main}
ERROR - 2022-08-26 11:09:43 --> Table 'flasheep_hexeditor.scriptimage' doesn't exist
CRITICAL - 2022-08-26 11:09:43 --> Call to a member function getResult() on bool
#0 /home/flasheep/codeigniter/system/BaseModel.php(584): CodeIgniter\Model->doFindAll(0, 0)
#1 /home/flasheep/codeigniter/app/Models/ScriptImageModel.php(42): CodeIgniter\BaseModel->findAll()
#2 /home/flasheep/codeigniter/app/Controllers/Script.php(272): App\Models\ScriptImageModel->getForScript(Object(App\Entities\Script))
#3 /home/flasheep/codeigniter/system/CodeIgniter.php(824): App\Controllers\Script->run()
#4 /home/flasheep/codeigniter/system/CodeIgniter.php(410): CodeIgniter\CodeIgniter->runController(Object(App\Controllers\Script))
#5 /home/flasheep/codeigniter/system/CodeIgniter.php(318): CodeIgniter\CodeIgniter->handleRequest(NULL, Object(Config\Cache), false)
#6 /home/flasheep/public_html/index.php(37): CodeIgniter\CodeIgniter->run()
#7 {main}
ERROR - 2022-08-26 11:09:43 --> Table 'flasheep_hexeditor.scriptimage' doesn't exist
CRITICAL - 2022-08-26 11:09:43 --> Call to a member function getResult() on bool
#0 /home/flasheep/codeigniter/system/BaseModel.php(584): CodeIgniter\Model->doFindAll(0, 0)
#1 /home/flasheep/codeigniter/app/Models/ScriptImageModel.php(42): CodeIgniter\BaseModel->findAll()
#2 /home/flasheep/codeigniter/app/Controllers/Script.php(272): App\Models\ScriptImageModel->getForScript(Object(App\Entities\Script))
#3 /home/flasheep/codeigniter/system/CodeIgniter.php(824): App\Controllers\Script->run()
#4 /home/flasheep/codeigniter/system/CodeIgniter.php(410): CodeIgniter\CodeIgniter->runController(Object(App\Controllers\Script))
#5 /home/flasheep/codeigniter/system/CodeIgniter.php(318): CodeIgniter\CodeIgniter->handleRequest(NULL, Object(Config\Cache), false)
#6 /home/flasheep/public_html/index.php(37): CodeIgniter\CodeIgniter->run()
#7 {main}
ERROR - 2022-08-26 11:10:21 --> Table 'flasheep_hexeditor.scriptimage' doesn't exist
CRITICAL - 2022-08-26 11:10:21 --> Call to a member function getResult() on bool
#0 /home/flasheep/codeigniter/system/BaseModel.php(584): CodeIgniter\Model->doFindAll(0, 0)
#1 /home/flasheep/codeigniter/app/Models/ScriptImageModel.php(42): CodeIgniter\BaseModel->findAll()
#2 /home/flasheep/codeigniter/app/Controllers/Script.php(272): App\Models\ScriptImageModel->getForScript(Object(App\Entities\Script))
#3 /home/flasheep/codeigniter/system/CodeIgniter.php(824): App\Controllers\Script->run()
#4 /home/flasheep/codeigniter/system/CodeIgniter.php(410): CodeIgniter\CodeIgniter->runController(Object(App\Controllers\Script))
#5 /home/flasheep/codeigniter/system/CodeIgniter.php(318): CodeIgniter\CodeIgniter->handleRequest(NULL, Object(Config\Cache), false)
#6 /home/flasheep/public_html/index.php(37): CodeIgniter\CodeIgniter->run()
#7 {main}
ERROR - 2022-08-26 11:10:38 --> Table 'flasheep_hexeditor.scriptimage' doesn't exist
CRITICAL - 2022-08-26 11:10:38 --> Call to a member function getResult() on bool
#0 /home/flasheep/codeigniter/system/BaseModel.php(584): CodeIgniter\Model->doFindAll(0, 0)
#1 /home/flasheep/codeigniter/app/Models/ScriptImageModel.php(42): CodeIgniter\BaseModel->findAll()
#2 /home/flasheep/codeigniter/app/Controllers/Script.php(272): App\Models\ScriptImageModel->getForScript(Object(App\Entities\Script))
#3 /home/flasheep/codeigniter/system/CodeIgniter.php(824): App\Controllers\Script->run()
#4 /home/flasheep/codeigniter/system/CodeIgniter.php(410): CodeIgniter\CodeIgniter->runController(Object(App\Controllers\Script))
#5 /home/flasheep/codeigniter/system/CodeIgniter.php(318): CodeIgniter\CodeIgniter->handleRequest(NULL, Object(Config\Cache), false)
#6 /home/flasheep/public_html/index.php(37): CodeIgniter\CodeIgniter->run()
#7 {main}
ERROR - 2022-08-26 11:10:40 --> Table 'flasheep_hexeditor.scriptimage' doesn't exist
CRITICAL - 2022-08-26 11:10:40 --> Call to a member function getResult() on bool
#0 /home/flasheep/codeigniter/system/BaseModel.php(584): CodeIgniter\Model->doFindAll(0, 0)
#1 /home/flasheep/codeigniter/app/Models/ScriptImageModel.php(42): CodeIgniter\BaseModel->findAll()
#2 /home/flasheep/codeigniter/app/Controllers/Script.php(272): App\Models\ScriptImageModel->getForScript(Object(App\Entities\Script))
#3 /home/flasheep/codeigniter/system/CodeIgniter.php(824): App\Controllers\Script->run()
#4 /home/flasheep/codeigniter/system/CodeIgniter.php(410): CodeIgniter\CodeIgniter->runController(Object(App\Controllers\Script))
#5 /home/flasheep/codeigniter/system/CodeIgniter.php(318): CodeIgniter\CodeIgniter->handleRequest(NULL, Object(Config\Cache), false)
#6 /home/flasheep/public_html/index.php(37): CodeIgniter\CodeIgniter->run()
#7 {main}
ERROR - 2022-08-26 11:10:42 --> Table 'flasheep_hexeditor.scriptimage' doesn't exist
CRITICAL - 2022-08-26 11:10:42 --> Call to a member function getResult() on bool
#0 /home/flasheep/codeigniter/system/BaseModel.php(584): CodeIgniter\Model->doFindAll(0, 0)
#1 /home/flasheep/codeigniter/app/Models/ScriptImageModel.php(42): CodeIgniter\BaseModel->findAll()
#2 /home/flasheep/codeigniter/app/Controllers/Script.php(272): App\Models\ScriptImageModel->getForScript(Object(App\Entities\Script))
#3 /home/flasheep/codeigniter/system/CodeIgniter.php(824): App\Controllers\Script->run()
#4 /home/flasheep/codeigniter/system/CodeIgniter.php(410): CodeIgniter\CodeIgniter->runController(Object(App\Controllers\Script))
#5 /home/flasheep/codeigniter/system/CodeIgniter.php(318): CodeIgniter\CodeIgniter->handleRequest(NULL, Object(Config\Cache), false)
#6 /home/flasheep/public_html/index.php(37): CodeIgniter\CodeIgniter->run()
#7 {main}
ERROR - 2022-08-26 11:10:42 --> Table 'flasheep_hexeditor.scriptimage' doesn't exist
CRITICAL - 2022-08-26 11:10:42 --> Call to a member function getResult() on bool
#0 /home/flasheep/codeigniter/system/BaseModel.php(584): CodeIgniter\Model->doFindAll(0, 0)
#1 /home/flasheep/codeigniter/app/Models/ScriptImageModel.php(42): CodeIgniter\BaseModel->findAll()
#2 /home/flasheep/codeigniter/app/Controllers/Script.php(272): App\Models\ScriptImageModel->getForScript(Object(App\Entities\Script))
#3 /home/flasheep/codeigniter/system/CodeIgniter.php(824): App\Controllers\Script->run()
#4 /home/flasheep/codeigniter/system/CodeIgniter.php(410): CodeIgniter\CodeIgniter->runController(Object(App\Controllers\Script))
#5 /home/flasheep/codeigniter/system/CodeIgniter.php(318): CodeIgniter\CodeIgniter->handleRequest(NULL, Object(Config\Cache), false)
#6 /home/flasheep/public_html/index.php(37): CodeIgniter\CodeIgniter->run()
#7 {main}
ERROR - 2022-08-26 11:10:42 --> Table 'flasheep_hexeditor.scriptimage' doesn't exist
CRITICAL - 2022-08-26 11:10:42 --> Call to a member function getResult() on bool
#0 /home/flasheep/codeigniter/system/BaseModel.php(584): CodeIgniter\Model->doFindAll(0, 0)
#1 /home/flasheep/codeigniter/app/Models/ScriptImageModel.php(42): CodeIgniter\BaseModel->findAll()
#2 /home/flasheep/codeigniter/app/Controllers/Script.php(272): App\Models\ScriptImageModel->getForScript(Object(App\Entities\Script))
#3 /home/flasheep/codeigniter/system/CodeIgniter.php(824): App\Controllers\Script->run()
#4 /home/flasheep/codeigniter/system/CodeIgniter.php(410): CodeIgniter\CodeIgniter->runController(Object(App\Controllers\Script))
#5 /home/flasheep/codeigniter/system/CodeIgniter.php(318): CodeIgniter\CodeIgniter->handleRequest(NULL, Object(Config\Cache), false)
#6 /home/flasheep/public_html/index.php(37): CodeIgniter\CodeIgniter->run()
#7 {main}
ERROR - 2022-08-26 11:10:43 --> Table 'flasheep_hexeditor.scriptimage' doesn't exist
CRITICAL - 2022-08-26 11:10:43 --> Call to a member function getResult() on bool
#0 /home/flasheep/codeigniter/system/BaseModel.php(584): CodeIgniter\Model->doFindAll(0, 0)
#1 /home/flasheep/codeigniter/app/Models/ScriptImageModel.php(42): CodeIgniter\BaseModel->findAll()
#2 /home/flasheep/codeigniter/app/Controllers/Script.php(272): App\Models\ScriptImageModel->getForScript(Object(App\Entities\Script))
#3 /home/flasheep/codeigniter/system/CodeIgniter.php(824): App\Controllers\Script->run()
#4 /home/flasheep/codeigniter/system/CodeIgniter.php(410): CodeIgniter\CodeIgniter->runController(Object(App\Controllers\Script))
#5 /home/flasheep/codeigniter/system/CodeIgniter.php(318): CodeIgniter\CodeIgniter->handleRequest(NULL, Object(Config\Cache), false)
#6 /home/flasheep/public_html/index.php(37): CodeIgniter\CodeIgniter->run()
#7 {main}
ERROR - 2022-08-26 11:10:43 --> Table 'flasheep_hexeditor.scriptimage' doesn't exist
CRITICAL - 2022-08-26 11:10:43 --> Call to a member function getResult() on bool
#0 /home/flasheep/codeigniter/system/BaseModel.php(584): CodeIgniter\Model->doFindAll(0, 0)
#1 /home/flasheep/codeigniter/app/Models/ScriptImageModel.php(42): CodeIgniter\BaseModel->findAll()
#2 /home/flasheep/codeigniter/app/Controllers/Script.php(272): App\Models\ScriptImageModel->getForScript(Object(App\Entities\Script))
#3 /home/flasheep/codeigniter/system/CodeIgniter.php(824): App\Controllers\Script->run()
#4 /home/flasheep/codeigniter/system/CodeIgniter.php(410): CodeIgniter\CodeIgniter->runController(Object(App\Controllers\Script))
#5 /home/flasheep/codeigniter/system/CodeIgniter.php(318): CodeIgniter\CodeIgniter->handleRequest(NULL, Object(Config\Cache), false)
#6 /home/flasheep/public_html/index.php(37): CodeIgniter\CodeIgniter->run()
#7 {main}
ERROR - 2022-08-26 11:10:43 --> Table 'flasheep_hexeditor.scriptimage' doesn't exist
CRITICAL - 2022-08-26 11:10:43 --> Call to a member function getResult() on bool
#0 /home/flasheep/codeigniter/system/BaseModel.php(584): CodeIgniter\Model->doFindAll(0, 0)
#1 /home/flasheep/codeigniter/app/Models/ScriptImageModel.php(42): CodeIgniter\BaseModel->findAll()
#2 /home/flasheep/codeigniter/app/Controllers/Script.php(272): App\Models\ScriptImageModel->getForScript(Object(App\Entities\Script))
#3 /home/flasheep/codeigniter/system/CodeIgniter.php(824): App\Controllers\Script->run()
#4 /home/flasheep/codeigniter/system/CodeIgniter.php(410): CodeIgniter\CodeIgniter->runController(Object(App\Controllers\Script))
#5 /home/flasheep/codeigniter/system/CodeIgniter.php(318): CodeIgniter\CodeIgniter->handleRequest(NULL, Object(Config\Cache), false)
#6 /home/flasheep/public_html/index.php(37): CodeIgniter\CodeIgniter->run()
#7 {main}
ERROR - 2022-08-26 11:10:52 --> Table 'flasheep_hexeditor.scriptimage' doesn't exist
CRITICAL - 2022-08-26 11:10:52 --> Call to a member function getResult() on bool
#0 /home/flasheep/codeigniter/system/BaseModel.php(584): CodeIgniter\Model->doFindAll(0, 0)
#1 /home/flasheep/codeigniter/app/Models/ScriptImageModel.php(42): CodeIgniter\BaseModel->findAll()
#2 /home/flasheep/codeigniter/app/Controllers/Script.php(272): App\Models\ScriptImageModel->getForScript(Object(App\Entities\Script))
#3 /home/flasheep/codeigniter/system/CodeIgniter.php(824): App\Controllers\Script->run()
#4 /home/flasheep/codeigniter/system/CodeIgniter.php(410): CodeIgniter\CodeIgniter->runController(Object(App\Controllers\Script))
#5 /home/flasheep/codeigniter/system/CodeIgniter.php(318): CodeIgniter\CodeIgniter->handleRequest(NULL, Object(Config\Cache), false)
#6 /home/flasheep/public_html/index.php(37): CodeIgniter\CodeIgniter->run()
#7 {main}
ERROR - 2022-08-26 11:10:54 --> Table 'flasheep_hexeditor.scriptimage' doesn't exist
CRITICAL - 2022-08-26 11:10:54 --> Call to a member function getResult() on bool
#0 /home/flasheep/codeigniter/system/BaseModel.php(584): CodeIgniter\Model->doFindAll(0, 0)
#1 /home/flasheep/codeigniter/app/Models/ScriptImageModel.php(42): CodeIgniter\BaseModel->findAll()
#2 /home/flasheep/codeigniter/app/Controllers/Script.php(272): App\Models\ScriptImageModel->getForScript(Object(App\Entities\Script))
#3 /home/flasheep/codeigniter/system/CodeIgniter.php(824): App\Controllers\Script->run()
#4 /home/flasheep/codeigniter/system/CodeIgniter.php(410): CodeIgniter\CodeIgniter->runController(Object(App\Controllers\Script))
#5 /home/flasheep/codeigniter/system/CodeIgniter.php(318): CodeIgniter\CodeIgniter->handleRequest(NULL, Object(Config\Cache), false)
#6 /home/flasheep/public_html/index.php(37): CodeIgniter\CodeIgniter->run()
#7 {main}
ERROR - 2022-08-26 11:10:54 --> Table 'flasheep_hexeditor.scriptimage' doesn't exist
CRITICAL - 2022-08-26 11:10:54 --> Call to a member function getResult() on bool
#0 /home/flasheep/codeigniter/system/BaseModel.php(584): CodeIgniter\Model->doFindAll(0, 0)
#1 /home/flasheep/codeigniter/app/Models/ScriptImageModel.php(42): CodeIgniter\BaseModel->findAll()
#2 /home/flasheep/codeigniter/app/Controllers/Script.php(272): App\Models\ScriptImageModel->getForScript(Object(App\Entities\Script))
#3 /home/flasheep/codeigniter/system/CodeIgniter.php(824): App\Controllers\Script->run()
#4 /home/flasheep/codeigniter/system/CodeIgniter.php(410): CodeIgniter\CodeIgniter->runController(Object(App\Controllers\Script))
#5 /home/flasheep/codeigniter/system/CodeIgniter.php(318): CodeIgniter\CodeIgniter->handleRequest(NULL, Object(Config\Cache), false)
#6 /home/flasheep/public_html/index.php(37): CodeIgniter\CodeIgniter->run()
#7 {main}
ERROR - 2022-08-26 11:10:55 --> Table 'flasheep_hexeditor.scriptimage' doesn't exist
CRITICAL - 2022-08-26 11:10:55 --> Call to a member function getResult() on bool
#0 /home/flasheep/codeigniter/system/BaseModel.php(584): CodeIgniter\Model->doFindAll(0, 0)
#1 /home/flasheep/codeigniter/app/Models/ScriptImageModel.php(42): CodeIgniter\BaseModel->findAll()
#2 /home/flasheep/codeigniter/app/Controllers/Script.php(272): App\Models\ScriptImageModel->getForScript(Object(App\Entities\Script))
#3 /home/flasheep/codeigniter/system/CodeIgniter.php(824): App\Controllers\Script->run()
#4 /home/flasheep/codeigniter/system/CodeIgniter.php(410): CodeIgniter\CodeIgniter->runController(Object(App\Controllers\Script))
#5 /home/flasheep/codeigniter/system/CodeIgniter.php(318): CodeIgniter\CodeIgniter->handleRequest(NULL, Object(Config\Cache), false)
#6 /home/flasheep/public_html/index.php(37): CodeIgniter\CodeIgniter->run()
#7 {main}
ERROR - 2022-08-26 11:10:55 --> Table 'flasheep_hexeditor.scriptimage' doesn't exist
CRITICAL - 2022-08-26 11:10:55 --> Call to a member function getResult() on bool
#0 /home/flasheep/codeigniter/system/BaseModel.php(584): CodeIgniter\Model->doFindAll(0, 0)
#1 /home/flasheep/codeigniter/app/Models/ScriptImageModel.php(42): CodeIgniter\BaseModel->findAll()
#2 /home/flasheep/codeigniter/app/Controllers/Script.php(272): App\Models\ScriptImageModel->getForScript(Object(App\Entities\Script))
#3 /home/flasheep/codeigniter/system/CodeIgniter.php(824): App\Controllers\Script->run()
#4 /home/flasheep/codeigniter/system/CodeIgniter.php(410): CodeIgniter\CodeIgniter->runController(Object(App\Controllers\Script))
#5 /home/flasheep/codeigniter/system/CodeIgniter.php(318): CodeIgniter\CodeIgniter->handleRequest(NULL, Object(Config\Cache), false)
#6 /home/flasheep/public_html/index.php(37): CodeIgniter\CodeIgniter->run()
#7 {main}
ERROR - 2022-08-26 11:10:56 --> Table 'flasheep_hexeditor.scriptimage' doesn't exist
CRITICAL - 2022-08-26 11:10:56 --> Call to a member function getResult() on bool
#0 /home/flasheep/codeigniter/system/BaseModel.php(584): CodeIgniter\Model->doFindAll(0, 0)
#1 /home/flasheep/codeigniter/app/Models/ScriptImageModel.php(42): CodeIgniter\BaseModel->findAll()
#2 /home/flasheep/codeigniter/app/Controllers/Script.php(272): App\Models\ScriptImageModel->getForScript(Object(App\Entities\Script))
#3 /home/flasheep/codeigniter/system/CodeIgniter.php(824): App\Controllers\Script->run()
#4 /home/flasheep/codeigniter/system/CodeIgniter.php(410): CodeIgniter\CodeIgniter->runController(Object(App\Controllers\Script))
#5 /home/flasheep/codeigniter/system/CodeIgniter.php(318): CodeIgniter\CodeIgniter->handleRequest(NULL, Object(Config\Cache), false)
#6 /home/flasheep/public_html/index.php(37): CodeIgniter\CodeIgniter->run()
#7 {main}
ERROR - 2022-08-26 11:10:56 --> Table 'flasheep_hexeditor.scriptimage' doesn't exist
CRITICAL - 2022-08-26 11:10:56 --> Call to a member function getResult() on bool
#0 /home/flasheep/codeigniter/system/BaseModel.php(584): CodeIgniter\Model->doFindAll(0, 0)
#1 /home/flasheep/codeigniter/app/Models/ScriptImageModel.php(42): CodeIgniter\BaseModel->findAll()
#2 /home/flasheep/codeigniter/app/Controllers/Script.php(272): App\Models\ScriptImageModel->getForScript(Object(App\Entities\Script))
#3 /home/flasheep/codeigniter/system/CodeIgniter.php(824): App\Controllers\Script->run()
#4 /home/flasheep/codeigniter/system/CodeIgniter.php(410): CodeIgniter\CodeIgniter->runController(Object(App\Controllers\Script))
#5 /home/flasheep/codeigniter/system/CodeIgniter.php(318): CodeIgniter\CodeIgniter->handleRequest(NULL, Object(Config\Cache), false)
#6 /home/flasheep/public_html/index.php(37): CodeIgniter\CodeIgniter->run()
#7 {main}
ERROR - 2022-08-26 11:10:57 --> Table 'flasheep_hexeditor.scriptimage' doesn't exist
CRITICAL - 2022-08-26 11:10:57 --> Call to a member function getResult() on bool
#0 /home/flasheep/codeigniter/system/BaseModel.php(584): CodeIgniter\Model->doFindAll(0, 0)
#1 /home/flasheep/codeigniter/app/Models/ScriptImageModel.php(42): CodeIgniter\BaseModel->findAll()
#2 /home/flasheep/codeigniter/app/Controllers/Script.php(272): App\Models\ScriptImageModel->getForScript(Object(App\Entities\Script))
#3 /home/flasheep/codeigniter/system/CodeIgniter.php(824): App\Controllers\Script->run()
#4 /home/flasheep/codeigniter/system/CodeIgniter.php(410): CodeIgniter\CodeIgniter->runController(Object(App\Controllers\Script))
#5 /home/flasheep/codeigniter/system/CodeIgniter.php(318): CodeIgniter\CodeIgniter->handleRequest(NULL, Object(Config\Cache), false)
#6 /home/flasheep/public_html/index.php(37): CodeIgniter\CodeIgniter->run()
#7 {main}
ERROR - 2022-08-26 11:10:58 --> Table 'flasheep_hexeditor.scriptimage' doesn't exist
CRITICAL - 2022-08-26 11:10:58 --> Call to a member function getResult() on bool
#0 /home/flasheep/codeigniter/system/BaseModel.php(584): CodeIgniter\Model->doFindAll(0, 0)
#1 /home/flasheep/codeigniter/app/Models/ScriptImageModel.php(42): CodeIgniter\BaseModel->findAll()
#2 /home/flasheep/codeigniter/app/Controllers/Script.php(272): App\Models\ScriptImageModel->getForScript(Object(App\Entities\Script))
#3 /home/flasheep/codeigniter/system/CodeIgniter.php(824): App\Controllers\Script->run()
#4 /home/flasheep/codeigniter/system/CodeIgniter.php(410): CodeIgniter\CodeIgniter->runController(Object(App\Controllers\Script))
#5 /home/flasheep/codeigniter/system/CodeIgniter.php(318): CodeIgniter\CodeIgniter->handleRequest(NULL, Object(Config\Cache), false)
#6 /home/flasheep/public_html/index.php(37): CodeIgniter\CodeIgniter->run()
#7 {main}
ERROR - 2022-08-26 11:11:02 --> Table 'flasheep_hexeditor.scriptimage' doesn't exist
CRITICAL - 2022-08-26 11:11:02 --> Call to a member function getResult() on bool
#0 /home/flasheep/codeigniter/system/BaseModel.php(584): CodeIgniter\Model->doFindAll(0, 0)
#1 /home/flasheep/codeigniter/app/Models/ScriptImageModel.php(42): CodeIgniter\BaseModel->findAll()
#2 /home/flasheep/codeigniter/app/Controllers/Script.php(272): App\Models\ScriptImageModel->getForScript(Object(App\Entities\Script))
#3 /home/flasheep/codeigniter/system/CodeIgniter.php(824): App\Controllers\Script->run()
#4 /home/flasheep/codeigniter/system/CodeIgniter.php(410): CodeIgniter\CodeIgniter->runController(Object(App\Controllers\Script))
#5 /home/flasheep/codeigniter/system/CodeIgniter.php(318): CodeIgniter\CodeIgniter->handleRequest(NULL, Object(Config\Cache), false)
#6 /home/flasheep/public_html/index.php(37): CodeIgniter\CodeIgniter->run()
#7 {main}
ERROR - 2022-08-26 11:11:02 --> Table 'flasheep_hexeditor.scriptimage' doesn't exist
CRITICAL - 2022-08-26 11:11:02 --> Call to a member function getResult() on bool
#0 /home/flasheep/codeigniter/system/BaseModel.php(584): CodeIgniter\Model->doFindAll(0, 0)
#1 /home/flasheep/codeigniter/app/Models/ScriptImageModel.php(42): CodeIgniter\BaseModel->findAll()
#2 /home/flasheep/codeigniter/app/Controllers/Script.php(272): App\Models\ScriptImageModel->getForScript(Object(App\Entities\Script))
#3 /home/flasheep/codeigniter/system/CodeIgniter.php(824): App\Controllers\Script->run()
#4 /home/flasheep/codeigniter/system/CodeIgniter.php(410): CodeIgniter\CodeIgniter->runController(Object(App\Controllers\Script))
#5 /home/flasheep/codeigniter/system/CodeIgniter.php(318): CodeIgniter\CodeIgniter->handleRequest(NULL, Object(Config\Cache), false)
#6 /home/flasheep/public_html/index.php(37): CodeIgniter\CodeIgniter->run()
#7 {main}
ERROR - 2022-08-26 11:11:03 --> Table 'flasheep_hexeditor.scriptimage' doesn't exist
CRITICAL - 2022-08-26 11:11:03 --> Call to a member function getResult() on bool
#0 /home/flasheep/codeigniter/system/BaseModel.php(584): CodeIgniter\Model->doFindAll(0, 0)
#1 /home/flasheep/codeigniter/app/Models/ScriptImageModel.php(42): CodeIgniter\BaseModel->findAll()
#2 /home/flasheep/codeigniter/app/Controllers/Script.php(272): App\Models\ScriptImageModel->getForScript(Object(App\Entities\Script))
#3 /home/flasheep/codeigniter/system/CodeIgniter.php(824): App\Controllers\Script->run()
#4 /home/flasheep/codeigniter/system/CodeIgniter.php(410): CodeIgniter\CodeIgniter->runController(Object(App\Controllers\Script))
#5 /home/flasheep/codeigniter/system/CodeIgniter.php(318): CodeIgniter\CodeIgniter->handleRequest(NULL, Object(Config\Cache), false)
#6 /home/flasheep/public_html/index.php(37): CodeIgniter\CodeIgniter->run()
#7 {main}
CRITICAL - 2022-08-26 11:20:18 --> finfo_file(/home/flasheep/codeigniter/writable/uploads/s-943.): failed to open stream: No such file or directory
#0 [internal function]: CodeIgniter\Debug\Exceptions->errorHandler(2, 'finfo_file(/hom...', '/home/flasheep/...', 109, Array)
#1 /home/flasheep/codeigniter/system/Files/File.php(109): finfo_file(Resource id #153, '/home/flasheep/...')
#2 /home/flasheep/codeigniter/app/Controllers/Script.php(119): CodeIgniter\Files\File->getMimeType()
#3 /home/flasheep/codeigniter/system/CodeIgniter.php(824): App\Controllers\Script->additionalimage(943, 9)
#4 /home/flasheep/codeigniter/system/CodeIgniter.php(410): CodeIgniter\CodeIgniter->runController(Object(App\Controllers\Script))
#5 /home/flasheep/codeigniter/system/CodeIgniter.php(318): CodeIgniter\CodeIgniter->handleRequest(NULL, Object(Config\Cache), false)
#6 /home/flasheep/public_html/index.php(37): CodeIgniter\CodeIgniter->run()
#7 {main}
CRITICAL - 2022-08-26 11:20:31 --> finfo_file(/home/flasheep/codeigniter/writable/uploads/s-943.): failed to open stream: No such file or directory
#0 [internal function]: CodeIgniter\Debug\Exceptions->errorHandler(2, 'finfo_file(/hom...', '/home/flasheep/...', 109, Array)
#1 /home/flasheep/codeigniter/system/Files/File.php(109): finfo_file(Resource id #153, '/home/flasheep/...')
#2 /home/flasheep/codeigniter/app/Controllers/Script.php(119): CodeIgniter\Files\File->getMimeType()
#3 /home/flasheep/codeigniter/system/CodeIgniter.php(824): App\Controllers\Script->additionalimage(943, 9)
#4 /home/flasheep/codeigniter/system/CodeIgniter.php(410): CodeIgniter\CodeIgniter->runController(Object(App\Controllers\Script))
#5 /home/flasheep/codeigniter/system/CodeIgniter.php(318): CodeIgniter\CodeIgniter->handleRequest(NULL, Object(Config\Cache), false)
#6 /home/flasheep/public_html/index.php(37): CodeIgniter\CodeIgniter->run()
#7 {main}
CRITICAL - 2022-08-26 11:20:39 --> Argument 2 passed to App\Models\ScriptImageModel::createForScript() must be of the type string, null given, called in /home/flasheep/codeigniter/app/Controllers/Script.php on line 43
#0 /home/flasheep/codeigniter/app/Controllers/Script.php(43): App\Models\ScriptImageModel->createForScript(Object(App\Entities\Script), NULL, true)
#1 /home/flasheep/codeigniter/system/CodeIgniter.php(824): App\Controllers\Script->editTokens()
#2 /home/flasheep/codeigniter/system/CodeIgniter.php(410): CodeIgniter\CodeIgniter->runController(Object(App\Controllers\Script))
#3 /home/flasheep/codeigniter/system/CodeIgniter.php(318): CodeIgniter\CodeIgniter->handleRequest(NULL, Object(Config\Cache), false)
#4 /home/flasheep/public_html/index.php(37): CodeIgniter\CodeIgniter->run()
#5 {main}
CRITICAL - 2022-08-26 11:20:42 --> Argument 2 passed to App\Models\ScriptImageModel::createForScript() must be of the type string, null given, called in /home/flasheep/codeigniter/app/Controllers/Script.php on line 43
#0 /home/flasheep/codeigniter/app/Controllers/Script.php(43): App\Models\ScriptImageModel->createForScript(Object(App\Entities\Script), NULL, true)
#1 /home/flasheep/codeigniter/system/CodeIgniter.php(824): App\Controllers\Script->editTokens()
#2 /home/flasheep/codeigniter/system/CodeIgniter.php(410): CodeIgniter\CodeIgniter->runController(Object(App\Controllers\Script))
#3 /home/flasheep/codeigniter/system/CodeIgniter.php(318): CodeIgniter\CodeIgniter->handleRequest(NULL, Object(Config\Cache), false)
#4 /home/flasheep/public_html/index.php(37): CodeIgniter\CodeIgniter->run()
#5 {main}
CRITICAL - 2022-08-26 11:20:51 --> finfo_file(/home/flasheep/codeigniter/writable/uploads/s-943.): failed to open stream: No such file or directory
#0 [internal function]: CodeIgniter\Debug\Exceptions->errorHandler(2, 'finfo_file(/hom...', '/home/flasheep/...', 109, Array)
#1 /home/flasheep/codeigniter/system/Files/File.php(109): finfo_file(Resource id #153, '/home/flasheep/...')
#2 /home/flasheep/codeigniter/app/Controllers/Script.php(119): CodeIgniter\Files\File->getMimeType()
#3 /home/flasheep/codeigniter/system/CodeIgniter.php(824): App\Controllers\Script->additionalimage(943, 9)
#4 /home/flasheep/codeigniter/system/CodeIgniter.php(410): CodeIgniter\CodeIgniter->runController(Object(App\Controllers\Script))
#5 /home/flasheep/codeigniter/system/CodeIgniter.php(318): CodeIgniter\CodeIgniter->handleRequest(NULL, Object(Config\Cache), false)
#6 /home/flasheep/public_html/index.php(37): CodeIgniter\CodeIgniter->run()
#7 {main}
CRITICAL - 2022-08-26 11:21:04 --> Argument 2 passed to App\Models\ScriptImageModel::createForScript() must be of the type string, null given, called in /home/flasheep/codeigniter/app/Controllers/Script.php on line 43
#0 /home/flasheep/codeigniter/app/Controllers/Script.php(43): App\Models\ScriptImageModel->createForScript(Object(App\Entities\Script), NULL, true)
#1 /home/flasheep/codeigniter/system/CodeIgniter.php(824): App\Controllers\Script->editTokens()
#2 /home/flasheep/codeigniter/system/CodeIgniter.php(410): CodeIgniter\CodeIgniter->runController(Object(App\Controllers\Script))
#3 /home/flasheep/codeigniter/system/CodeIgniter.php(318): CodeIgniter\CodeIgniter->handleRequest(NULL, Object(Config\Cache), false)
#4 /home/flasheep/public_html/index.php(37): CodeIgniter\CodeIgniter->run()
#5 {main}
CRITICAL - 2022-08-26 11:21:07 --> Argument 2 passed to App\Models\ScriptImageModel::createForScript() must be of the type string, null given, called in /home/flasheep/codeigniter/app/Controllers/Script.php on line 43
#0 /home/flasheep/codeigniter/app/Controllers/Script.php(43): App\Models\ScriptImageModel->createForScript(Object(App\Entities\Script), NULL, true)
#1 /home/flasheep/codeigniter/system/CodeIgniter.php(824): App\Controllers\Script->editTokens()
#2 /home/flasheep/codeigniter/system/CodeIgniter.php(410): CodeIgniter\CodeIgniter->runController(Object(App\Controllers\Script))
#3 /home/flasheep/codeigniter/system/CodeIgniter.php(318): CodeIgniter\CodeIgniter->handleRequest(NULL, Object(Config\Cache), false)
#4 /home/flasheep/public_html/index.php(37): CodeIgniter\CodeIgniter->run()
#5 {main}
CRITICAL - 2022-08-26 11:21:31 --> Argument 2 passed to App\Models\ScriptImageModel::createForScript() must be of the type string, null given, called in /home/flasheep/codeigniter/app/Controllers/Script.php on line 43
#0 /home/flasheep/codeigniter/app/Controllers/Script.php(43): App\Models\ScriptImageModel->createForScript(Object(App\Entities\Script), NULL, true)
#1 /home/flasheep/codeigniter/system/CodeIgniter.php(824): App\Controllers\Script->editTokens()
#2 /home/flasheep/codeigniter/system/CodeIgniter.php(410): CodeIgniter\CodeIgniter->runController(Object(App\Controllers\Script))
#3 /home/flasheep/codeigniter/system/CodeIgniter.php(318): CodeIgniter\CodeIgniter->handleRequest(NULL, Object(Config\Cache), false)
#4 /home/flasheep/public_html/index.php(37): CodeIgniter\CodeIgniter->run()
#5 {main}
CRITICAL - 2022-08-26 11:22:38 --> Argument 2 passed to App\Models\ScriptImageModel::createForScript() must be of the type string, null given, called in /home/flasheep/codeigniter/app/Controllers/Script.php on line 43
#0 /home/flasheep/codeigniter/app/Controllers/Script.php(43): App\Models\ScriptImageModel->createForScript(Object(App\Entities\Script), NULL, true)
#1 /home/flasheep/codeigniter/system/CodeIgniter.php(824): App\Controllers\Script->editTokens()
#2 /home/flasheep/codeigniter/system/CodeIgniter.php(410): CodeIgniter\CodeIgniter->runController(Object(App\Controllers\Script))
#3 /home/flasheep/codeigniter/system/CodeIgniter.php(318): CodeIgniter\CodeIgniter->handleRequest(NULL, Object(Config\Cache), false)
#4 /home/flasheep/public_html/index.php(37): CodeIgniter\CodeIgniter->run()
#5 {main}
CRITICAL - 2022-08-26 11:23:06 --> finfo_file(/home/flasheep/codeigniter/writable/uploads/s-943_1.): failed to open stream: No such file or directory
#0 [internal function]: CodeIgniter\Debug\Exceptions->errorHandler(2, 'finfo_file(/hom...', '/home/flasheep/...', 109, Array)
#1 /home/flasheep/codeigniter/system/Files/File.php(109): finfo_file(Resource id #153, '/home/flasheep/...')
#2 /home/flasheep/codeigniter/app/Controllers/Script.php(119): CodeIgniter\Files\File->getMimeType()
#3 /home/flasheep/codeigniter/system/CodeIgniter.php(824): App\Controllers\Script->additionalimage(943, 13)
#4 /home/flasheep/codeigniter/system/CodeIgniter.php(410): CodeIgniter\CodeIgniter->runController(Object(App\Controllers\Script))
#5 /home/flasheep/codeigniter/system/CodeIgniter.php(318): CodeIgniter\CodeIgniter->handleRequest(NULL, Object(Config\Cache), false)
#6 /home/flasheep/public_html/index.php(37): CodeIgniter\CodeIgniter->run()
#7 {main}
CRITICAL - 2022-08-26 11:23:34 --> finfo_file(/home/flasheep/codeigniter/writable/uploads/s-943_1.): failed to open stream: No such file or directory
#0 [internal function]: CodeIgniter\Debug\Exceptions->errorHandler(2, 'finfo_file(/hom...', '/home/flasheep/...', 109, Array)
#1 /home/flasheep/codeigniter/system/Files/File.php(109): finfo_file(Resource id #153, '/home/flasheep/...')
#2 /home/flasheep/codeigniter/app/Controllers/Script.php(119): CodeIgniter\Files\File->getMimeType()
#3 /home/flasheep/codeigniter/system/CodeIgniter.php(824): App\Controllers\Script->additionalimage(943, 15)
#4 /home/flasheep/codeigniter/system/CodeIgniter.php(410): CodeIgniter\CodeIgniter->runController(Object(App\Controllers\Script))
#5 /home/flasheep/codeigniter/system/CodeIgniter.php(318): CodeIgniter\CodeIgniter->handleRequest(NULL, Object(Config\Cache), false)
#6 /home/flasheep/public_html/index.php(37): CodeIgniter\CodeIgniter->run()
#7 {main}
CRITICAL - 2022-08-26 11:23:34 --> finfo_file(/home/flasheep/codeigniter/writable/uploads/s-943_1.): failed to open stream: No such file or directory
#0 [internal function]: CodeIgniter\Debug\Exceptions->errorHandler(2, 'finfo_file(/hom...', '/home/flasheep/...', 109, Array)
#1 /home/flasheep/codeigniter/system/Files/File.php(109): finfo_file(Resource id #153, '/home/flasheep/...')
#2 /home/flasheep/codeigniter/app/Controllers/Script.php(119): CodeIgniter\Files\File->getMimeType()
#3 /home/flasheep/codeigniter/system/CodeIgniter.php(824): App\Controllers\Script->additionalimage(943, 16)
#4 /home/flasheep/codeigniter/system/CodeIgniter.php(410): CodeIgniter\CodeIgniter->runController(Object(App\Controllers\Script))
#5 /home/flasheep/codeigniter/system/CodeIgniter.php(318): CodeIgniter\CodeIgniter->handleRequest(NULL, Object(Config\Cache), false)
#6 /home/flasheep/public_html/index.php(37): CodeIgniter\CodeIgniter->run()
#7 {main}
CRITICAL - 2022-08-26 11:43:02 --> finfo_file(/home/flasheep/codeigniter/writable/uploads/s-943_1.): failed to open stream: No such file or directory
#0 [internal function]: CodeIgniter\Debug\Exceptions->errorHandler(2, 'finfo_file(/hom...', '/home/flasheep/...', 109, Array)
#1 /home/flasheep/codeigniter/system/Files/File.php(109): finfo_file(Resource id #153, '/home/flasheep/...')
#2 /home/flasheep/codeigniter/app/Controllers/Script.php(119): CodeIgniter\Files\File->getMimeType()
#3 /home/flasheep/codeigniter/system/CodeIgniter.php(824): App\Controllers\Script->additionalimage(943, 17)
#4 /home/flasheep/codeigniter/system/CodeIgniter.php(410): CodeIgniter\CodeIgniter->runController(Object(App\Controllers\Script))
#5 /home/flasheep/codeigniter/system/CodeIgniter.php(318): CodeIgniter\CodeIgniter->handleRequest(NULL, Object(Config\Cache), false)
#6 /home/flasheep/public_html/index.php(37): CodeIgniter\CodeIgniter->run()
#7 {main}
CRITICAL - 2022-08-26 11:43:02 --> finfo_file(/home/flasheep/codeigniter/writable/uploads/s-943_1.): failed to open stream: No such file or directory
#0 [internal function]: CodeIgniter\Debug\Exceptions->errorHandler(2, 'finfo_file(/hom...', '/home/flasheep/...', 109, Array)
#1 /home/flasheep/codeigniter/system/Files/File.php(109): finfo_file(Resource id #153, '/home/flasheep/...')
#2 /home/flasheep/codeigniter/app/Controllers/Script.php(119): CodeIgniter\Files\File->getMimeType()
#3 /home/flasheep/codeigniter/system/CodeIgniter.php(824): App\Controllers\Script->additionalimage(943, 16)
#4 /home/flasheep/codeigniter/system/CodeIgniter.php(410): CodeIgniter\CodeIgniter->runController(Object(App\Controllers\Script))
#5 /home/flasheep/codeigniter/system/CodeIgniter.php(318): CodeIgniter\CodeIgniter->handleRequest(NULL, Object(Config\Cache), false)
#6 /home/flasheep/public_html/index.php(37): CodeIgniter\CodeIgniter->run()
#7 {main}
CRITICAL - 2022-08-26 11:43:12 --> finfo_file(/home/flasheep/codeigniter/writable/uploads/s-943_1.): failed to open stream: No such file or directory
#0 [internal function]: CodeIgniter\Debug\Exceptions->errorHandler(2, 'finfo_file(/hom...', '/home/flasheep/...', 109, Array)
#1 /home/flasheep/codeigniter/system/Files/File.php(109): finfo_file(Resource id #152, '/home/flasheep/...')
#2 /home/flasheep/codeigniter/app/Controllers/Script.php(119): CodeIgniter\Files\File->getMimeType()
#3 /home/flasheep/codeigniter/system/CodeIgniter.php(824): App\Controllers\Script->additionalimage(943, 16)
#4 /home/flasheep/codeigniter/system/CodeIgniter.php(410): CodeIgniter\CodeIgniter->runController(Object(App\Controllers\Script))
#5 /home/flasheep/codeigniter/system/CodeIgniter.php(318): CodeIgniter\CodeIgniter->handleRequest(NULL, Object(Config\Cache), false)
#6 /home/flasheep/public_html/index.php(37): CodeIgniter\CodeIgniter->run()
#7 {main}
CRITICAL - 2022-08-26 11:43:13 --> finfo_file(/home/flasheep/codeigniter/writable/uploads/s-943_1.): failed to open stream: No such file or directory
#0 [internal function]: CodeIgniter\Debug\Exceptions->errorHandler(2, 'finfo_file(/hom...', '/home/flasheep/...', 109, Array)
#1 /home/flasheep/codeigniter/system/Files/File.php(109): finfo_file(Resource id #152, '/home/flasheep/...')
#2 /home/flasheep/codeigniter/app/Controllers/Script.php(119): CodeIgniter\Files\File->getMimeType()
#3 /home/flasheep/codeigniter/system/CodeIgniter.php(824): App\Controllers\Script->additionalimage(943, 16)
#4 /home/flasheep/codeigniter/system/CodeIgniter.php(410): CodeIgniter\CodeIgniter->runController(Object(App\Controllers\Script))
#5 /home/flasheep/codeigniter/system/CodeIgniter.php(318): CodeIgniter\CodeIgniter->handleRequest(NULL, Object(Config\Cache), false)
#6 /home/flasheep/public_html/index.php(37): CodeIgniter\CodeIgniter->run()
#7 {main}
CRITICAL - 2022-08-26 11:43:14 --> finfo_file(/home/flasheep/codeigniter/writable/uploads/s-943_1.): failed to open stream: No such file or directory
#0 [internal function]: CodeIgniter\Debug\Exceptions->errorHandler(2, 'finfo_file(/hom...', '/home/flasheep/...', 109, Array)
#1 /home/flasheep/codeigniter/system/Files/File.php(109): finfo_file(Resource id #152, '/home/flasheep/...')
#2 /home/flasheep/codeigniter/app/Controllers/Script.php(119): CodeIgniter\Files\File->getMimeType()
#3 /home/flasheep/codeigniter/system/CodeIgniter.php(824): App\Controllers\Script->additionalimage(943, 16)
#4 /home/flasheep/codeigniter/system/CodeIgniter.php(410): CodeIgniter\CodeIgniter->runController(Object(App\Controllers\Script))
#5 /home/flasheep/codeigniter/system/CodeIgniter.php(318): CodeIgniter\CodeIgniter->handleRequest(NULL, Object(Config\Cache), false)
#6 /home/flasheep/public_html/index.php(37): CodeIgniter\CodeIgniter->run()
#7 {main}
CRITICAL - 2022-08-26 11:43:15 --> finfo_file(/home/flasheep/codeigniter/writable/uploads/s-943_1.): failed to open stream: No such file or directory
#0 [internal function]: CodeIgniter\Debug\Exceptions->errorHandler(2, 'finfo_file(/hom...', '/home/flasheep/...', 109, Array)
#1 /home/flasheep/codeigniter/system/Files/File.php(109): finfo_file(Resource id #152, '/home/flasheep/...')
#2 /home/flasheep/codeigniter/app/Controllers/Script.php(119): CodeIgniter\Files\File->getMimeType()
#3 /home/flasheep/codeigniter/system/CodeIgniter.php(824): App\Controllers\Script->additionalimage(943, 16)
#4 /home/flasheep/codeigniter/system/CodeIgniter.php(410): CodeIgniter\CodeIgniter->runController(Object(App\Controllers\Script))
#5 /home/flasheep/codeigniter/system/CodeIgniter.php(318): CodeIgniter\CodeIgniter->handleRequest(NULL, Object(Config\Cache), false)
#6 /home/flasheep/public_html/index.php(37): CodeIgniter\CodeIgniter->run()
#7 {main}
CRITICAL - 2022-08-26 11:43:28 --> Argument 2 passed to App\Models\ScriptImageModel::createForScript() must be of the type string, null given, called in /home/flasheep/codeigniter/app/Controllers/Script.php on line 43
#0 /home/flasheep/codeigniter/app/Controllers/Script.php(43): App\Models\ScriptImageModel->createForScript(Object(App\Entities\Script), NULL, true)
#1 /home/flasheep/codeigniter/system/CodeIgniter.php(824): App\Controllers\Script->editTokens()
#2 /home/flasheep/codeigniter/system/CodeIgniter.php(410): CodeIgniter\CodeIgniter->runController(Object(App\Controllers\Script))
#3 /home/flasheep/codeigniter/system/CodeIgniter.php(318): CodeIgniter\CodeIgniter->handleRequest(NULL, Object(Config\Cache), false)
#4 /home/flasheep/public_html/index.php(37): CodeIgniter\CodeIgniter->run()
#5 {main}
CRITICAL - 2022-08-26 11:45:34 --> finfo_file(/home/flasheep/codeigniter/writable/uploads/s-943_1.): failed to open stream: No such file or directory
#0 [internal function]: CodeIgniter\Debug\Exceptions->errorHandler(2, 'finfo_file(/hom...', '/home/flasheep/...', 109, Array)
#1 /home/flasheep/codeigniter/system/Files/File.php(109): finfo_file(Resource id #153, '/home/flasheep/...')
#2 /home/flasheep/codeigniter/app/Controllers/Script.php(119): CodeIgniter\Files\File->getMimeType()
#3 /home/flasheep/codeigniter/system/CodeIgniter.php(824): App\Controllers\Script->additionalimage(943, 17)
#4 /home/flasheep/codeigniter/system/CodeIgniter.php(410): CodeIgniter\CodeIgniter->runController(Object(App\Controllers\Script))
#5 /home/flasheep/codeigniter/system/CodeIgniter.php(318): CodeIgniter\CodeIgniter->handleRequest(NULL, Object(Config\Cache), false)
#6 /home/flasheep/public_html/index.php(37): CodeIgniter\CodeIgniter->run()
#7 {main}
CRITICAL - 2022-08-26 11:45:38 --> finfo_file(/home/flasheep/codeigniter/writable/uploads/s-943_1.): failed to open stream: No such file or directory
#0 [internal function]: CodeIgniter\Debug\Exceptions->errorHandler(2, 'finfo_file(/hom...', '/home/flasheep/...', 109, Array)
#1 /home/flasheep/codeigniter/system/Files/File.php(109): finfo_file(Resource id #153, '/home/flasheep/...')
#2 /home/flasheep/codeigniter/app/Controllers/Script.php(119): CodeIgniter\Files\File->getMimeType()
#3 /home/flasheep/codeigniter/system/CodeIgniter.php(824): App\Controllers\Script->additionalimage(943, 17)
#4 /home/flasheep/codeigniter/system/CodeIgniter.php(410): CodeIgniter\CodeIgniter->runController(Object(App\Controllers\Script))
#5 /home/flasheep/codeigniter/system/CodeIgniter.php(318): CodeIgniter\CodeIgniter->handleRequest(NULL, Object(Config\Cache), false)
#6 /home/flasheep/public_html/index.php(37): CodeIgniter\CodeIgniter->run()
#7 {main}
CRITICAL - 2022-08-26 11:45:38 --> finfo_file(/home/flasheep/codeigniter/writable/uploads/s-943_1.): failed to open stream: No such file or directory
#0 [internal function]: CodeIgniter\Debug\Exceptions->errorHandler(2, 'finfo_file(/hom...', '/home/flasheep/...', 109, Array)
#1 /home/flasheep/codeigniter/system/Files/File.php(109): finfo_file(Resource id #153, '/home/flasheep/...')
#2 /home/flasheep/codeigniter/app/Controllers/Script.php(119): CodeIgniter\Files\File->getMimeType()
#3 /home/flasheep/codeigniter/system/CodeIgniter.php(824): App\Controllers\Script->additionalimage(943, 16)
#4 /home/flasheep/codeigniter/system/CodeIgniter.php(410): CodeIgniter\CodeIgniter->runController(Object(App\Controllers\Script))
#5 /home/flasheep/codeigniter/system/CodeIgniter.php(318): CodeIgniter\CodeIgniter->handleRequest(NULL, Object(Config\Cache), false)
#6 /home/flasheep/public_html/index.php(37): CodeIgniter\CodeIgniter->run()
#7 {main}
CRITICAL - 2022-08-26 11:45:43 --> finfo_file(/home/flasheep/codeigniter/writable/uploads/s-943_1.): failed to open stream: No such file or directory
#0 [internal function]: CodeIgniter\Debug\Exceptions->errorHandler(2, 'finfo_file(/hom...', '/home/flasheep/...', 109, Array)
#1 /home/flasheep/codeigniter/system/Files/File.php(109): finfo_file(Resource id #153, '/home/flasheep/...')
#2 /home/flasheep/codeigniter/app/Controllers/Script.php(119): CodeIgniter\Files\File->getMimeType()
#3 /home/flasheep/codeigniter/system/CodeIgniter.php(824): App\Controllers\Script->additionalimage(943, 16)
#4 /home/flasheep/codeigniter/system/CodeIgniter.php(410): CodeIgniter\CodeIgniter->runController(Object(App\Controllers\Script))
#5 /home/flasheep/codeigniter/system/CodeIgniter.php(318): CodeIgniter\CodeIgniter->handleRequest(NULL, Object(Config\Cache), false)
#6 /home/flasheep/public_html/index.php(37): CodeIgniter\CodeIgniter->run()
#7 {main}
CRITICAL - 2022-08-26 11:45:51 --> Argument 2 passed to App\Models\ScriptImageModel::createForScript() must be of the type string, null given, called in /home/flasheep/codeigniter/app/Controllers/Script.php on line 43
#0 /home/flasheep/codeigniter/app/Controllers/Script.php(43): App\Models\ScriptImageModel->createForScript(Object(App\Entities\Script), NULL, true)
#1 /home/flasheep/codeigniter/system/CodeIgniter.php(824): App\Controllers\Script->editTokens()
#2 /home/flasheep/codeigniter/system/CodeIgniter.php(410): CodeIgniter\CodeIgniter->runController(Object(App\Controllers\Script))
#3 /home/flasheep/codeigniter/system/CodeIgniter.php(318): CodeIgniter\CodeIgniter->handleRequest(NULL, Object(Config\Cache), false)
#4 /home/flasheep/public_html/index.php(37): CodeIgniter\CodeIgniter->run()
#5 {main}
CRITICAL - 2022-08-26 11:46:13 --> Argument 2 passed to App\Models\ScriptImageModel::createForScript() must be of the type string, null given, called in /home/flasheep/codeigniter/app/Controllers/Script.php on line 43
#0 /home/flasheep/codeigniter/app/Controllers/Script.php(43): App\Models\ScriptImageModel->createForScript(Object(App\Entities\Script), NULL, true)
#1 /home/flasheep/codeigniter/system/CodeIgniter.php(824): App\Controllers\Script->editTokens()
#2 /home/flasheep/codeigniter/system/CodeIgniter.php(410): CodeIgniter\CodeIgniter->runController(Object(App\Controllers\Script))
#3 /home/flasheep/codeigniter/system/CodeIgniter.php(318): CodeIgniter\CodeIgniter->handleRequest(NULL, Object(Config\Cache), false)
#4 /home/flasheep/public_html/index.php(37): CodeIgniter\CodeIgniter->run()
#5 {main}
CRITICAL - 2022-08-26 11:49:17 --> Argument 2 passed to App\Models\ScriptImageModel::createForScript() must be of the type string, null given, called in /home/flasheep/codeigniter/app/Controllers/Script.php on line 43
#0 /home/flasheep/codeigniter/app/Controllers/Script.php(43): App\Models\ScriptImageModel->createForScript(Object(App\Entities\Script), NULL, true)
#1 /home/flasheep/codeigniter/system/CodeIgniter.php(824): App\Controllers\Script->editTokens()
#2 /home/flasheep/codeigniter/system/CodeIgniter.php(410): CodeIgniter\CodeIgniter->runController(Object(App\Controllers\Script))
#3 /home/flasheep/codeigniter/system/CodeIgniter.php(318): CodeIgniter\CodeIgniter->handleRequest(NULL, Object(Config\Cache), false)
#4 /home/flasheep/public_html/index.php(37): CodeIgniter\CodeIgniter->run()
#5 {main}
CRITICAL - 2022-08-26 11:52:31 --> Argument 2 passed to App\Models\ScriptImageModel::createForScript() must be of the type string, null given, called in /home/flasheep/codeigniter/app/Controllers/Script.php on line 43
#0 /home/flasheep/codeigniter/app/Controllers/Script.php(43): App\Models\ScriptImageModel->createForScript(Object(App\Entities\Script), NULL, true)
#1 /home/flasheep/codeigniter/system/CodeIgniter.php(824): App\Controllers\Script->editTokens()
#2 /home/flasheep/codeigniter/system/CodeIgniter.php(410): CodeIgniter\CodeIgniter->runController(Object(App\Controllers\Script))
#3 /home/flasheep/codeigniter/system/CodeIgniter.php(318): CodeIgniter\CodeIgniter->handleRequest(NULL, Object(Config\Cache), false)
#4 /home/flasheep/public_html/index.php(37): CodeIgniter\CodeIgniter->run()
#5 {main}
CRITICAL - 2022-08-26 11:55:47 --> Argument 2 passed to App\Models\ScriptImageModel::createForScript() must be of the type string, null given, called in /home/flasheep/codeigniter/app/Controllers/Script.php on line 43
#0 /home/flasheep/codeigniter/app/Controllers/Script.php(43): App\Models\ScriptImageModel->createForScript(Object(App\Entities\Script), NULL, true)
#1 /home/flasheep/codeigniter/system/CodeIgniter.php(824): App\Controllers\Script->editTokens()
#2 /home/flasheep/codeigniter/system/CodeIgniter.php(410): CodeIgniter\CodeIgniter->runController(Object(App\Controllers\Script))
#3 /home/flasheep/codeigniter/system/CodeIgniter.php(318): CodeIgniter\CodeIgniter->handleRequest(NULL, Object(Config\Cache), false)
#4 /home/flasheep/public_html/index.php(37): CodeIgniter\CodeIgniter->run()
#5 {main}
