CRITICAL - 2023-03-02 00:54:48 --> The action you requested is not allowed.
#0 /home/flasheep/codeigniter/system/Security/Security.php(277): CodeIgniter\Security\Exceptions\SecurityException::forDisallowedAction()
#1 /home/flasheep/codeigniter/system/Filters/CSRF.php(53): CodeIgniter\Security\Security->verify(Object(CodeIgniter\HTTP\IncomingRequest))
#2 /home/flasheep/codeigniter/system/Filters/Filters.php(173): CodeIgniter\Filters\CSRF->before(Object(CodeIgniter\HTTP\IncomingRequest), NULL)
#3 /home/flasheep/codeigniter/system/CodeIgniter.php(384): CodeIgniter\Filters\Filters->run('Edx_ajax/gets_n...', 'before')
#4 /home/flasheep/codeigniter/system/CodeIgniter.php(318): CodeIgniter\CodeIgniter->handleRequest(NULL, Object(Config\Cache), false)
#5 /home/flasheep/public_html/index.php(37): CodeIgniter\CodeIgniter->run()
#6 {main}
CRITICAL - 2023-03-02 02:56:31 --> The action you requested is not allowed.
#0 /home/flasheep/codeigniter/system/Security/Security.php(277): CodeIgniter\Security\Exceptions\SecurityException::forDisallowedAction()
#1 /home/flasheep/codeigniter/system/Filters/CSRF.php(53): CodeIgniter\Security\Security->verify(Object(CodeIgniter\HTTP\IncomingRequest))
#2 /home/flasheep/codeigniter/system/Filters/Filters.php(173): CodeIgniter\Filters\CSRF->before(Object(CodeIgniter\HTTP\IncomingRequest), NULL)
#3 /home/flasheep/codeigniter/system/CodeIgniter.php(384): CodeIgniter\Filters\Filters->run('Edx_ajax/gets_n...', 'before')
#4 /home/flasheep/codeigniter/system/CodeIgniter.php(318): CodeIgniter\CodeIgniter->handleRequest(NULL, Object(Config\Cache), false)
#5 /home/flasheep/public_html/index.php(37): CodeIgniter\CodeIgniter->run()
#6 {main}
CRITICAL - 2023-03-02 05:00:03 --> The action you requested is not allowed.
#0 /home/flasheep/codeigniter/system/Security/Security.php(277): CodeIgniter\Security\Exceptions\SecurityException::forDisallowedAction()
#1 /home/flasheep/codeigniter/system/Filters/CSRF.php(53): CodeIgniter\Security\Security->verify(Object(CodeIgniter\HTTP\IncomingRequest))
#2 /home/flasheep/codeigniter/system/Filters/Filters.php(173): CodeIgniter\Filters\CSRF->before(Object(CodeIgniter\HTTP\IncomingRequest), NULL)
#3 /home/flasheep/codeigniter/system/CodeIgniter.php(384): CodeIgniter\Filters\Filters->run('Edx_ajax/gets_n...', 'before')
#4 /home/flasheep/codeigniter/system/CodeIgniter.php(318): CodeIgniter\CodeIgniter->handleRequest(NULL, Object(Config\Cache), false)
#5 /home/flasheep/public_html/index.php(37): CodeIgniter\CodeIgniter->run()
#6 {main}
CRITICAL - 2023-03-02 07:00:32 --> The action you requested is not allowed.
#0 /home/flasheep/codeigniter/system/Security/Security.php(277): CodeIgniter\Security\Exceptions\SecurityException::forDisallowedAction()
#1 /home/flasheep/codeigniter/system/Filters/CSRF.php(53): CodeIgniter\Security\Security->verify(Object(CodeIgniter\HTTP\IncomingRequest))
#2 /home/flasheep/codeigniter/system/Filters/Filters.php(173): CodeIgniter\Filters\CSRF->before(Object(CodeIgniter\HTTP\IncomingRequest), NULL)
#3 /home/flasheep/codeigniter/system/CodeIgniter.php(384): CodeIgniter\Filters\Filters->run('Edx_ajax/gets_n...', 'before')
#4 /home/flasheep/codeigniter/system/CodeIgniter.php(318): CodeIgniter\CodeIgniter->handleRequest(NULL, Object(Config\Cache), false)
#5 /home/flasheep/public_html/index.php(37): CodeIgniter\CodeIgniter->run()
#6 {main}
CRITICAL - 2023-03-02 09:01:32 --> The action you requested is not allowed.
#0 /home/flasheep/codeigniter/system/Security/Security.php(277): CodeIgniter\Security\Exceptions\SecurityException::forDisallowedAction()
#1 /home/flasheep/codeigniter/system/Filters/CSRF.php(53): CodeIgniter\Security\Security->verify(Object(CodeIgniter\HTTP\IncomingRequest))
#2 /home/flasheep/codeigniter/system/Filters/Filters.php(173): CodeIgniter\Filters\CSRF->before(Object(CodeIgniter\HTTP\IncomingRequest), NULL)
#3 /home/flasheep/codeigniter/system/CodeIgniter.php(384): CodeIgniter\Filters\Filters->run('Edx_ajax/gets_n...', 'before')
#4 /home/flasheep/codeigniter/system/CodeIgniter.php(318): CodeIgniter\CodeIgniter->handleRequest(NULL, Object(Config\Cache), false)
#5 /home/flasheep/public_html/index.php(37): CodeIgniter\CodeIgniter->run()
#6 {main}
CRITICAL - 2023-03-02 11:02:32 --> The action you requested is not allowed.
#0 /home/flasheep/codeigniter/system/Security/Security.php(277): CodeIgniter\Security\Exceptions\SecurityException::forDisallowedAction()
#1 /home/flasheep/codeigniter/system/Filters/CSRF.php(53): CodeIgniter\Security\Security->verify(Object(CodeIgniter\HTTP\IncomingRequest))
#2 /home/flasheep/codeigniter/system/Filters/Filters.php(173): CodeIgniter\Filters\CSRF->before(Object(CodeIgniter\HTTP\IncomingRequest), NULL)
#3 /home/flasheep/codeigniter/system/CodeIgniter.php(384): CodeIgniter\Filters\Filters->run('Edx_ajax/gets_n...', 'before')
#4 /home/flasheep/codeigniter/system/CodeIgniter.php(318): CodeIgniter\CodeIgniter->handleRequest(NULL, Object(Config\Cache), false)
#5 /home/flasheep/public_html/index.php(37): CodeIgniter\CodeIgniter->run()
#6 {main}
CRITICAL - 2023-03-02 13:03:33 --> The action you requested is not allowed.
#0 /home/flasheep/codeigniter/system/Security/Security.php(277): CodeIgniter\Security\Exceptions\SecurityException::forDisallowedAction()
#1 /home/flasheep/codeigniter/system/Filters/CSRF.php(53): CodeIgniter\Security\Security->verify(Object(CodeIgniter\HTTP\IncomingRequest))
#2 /home/flasheep/codeigniter/system/Filters/Filters.php(173): CodeIgniter\Filters\CSRF->before(Object(CodeIgniter\HTTP\IncomingRequest), NULL)
#3 /home/flasheep/codeigniter/system/CodeIgniter.php(384): CodeIgniter\Filters\Filters->run('Edx_ajax/gets_n...', 'before')
#4 /home/flasheep/codeigniter/system/CodeIgniter.php(318): CodeIgniter\CodeIgniter->handleRequest(NULL, Object(Config\Cache), false)
#5 /home/flasheep/public_html/index.php(37): CodeIgniter\CodeIgniter->run()
#6 {main}
CRITICAL - 2023-03-02 15:04:33 --> The action you requested is not allowed.
#0 /home/flasheep/codeigniter/system/Security/Security.php(277): CodeIgniter\Security\Exceptions\SecurityException::forDisallowedAction()
#1 /home/flasheep/codeigniter/system/Filters/CSRF.php(53): CodeIgniter\Security\Security->verify(Object(CodeIgniter\HTTP\IncomingRequest))
#2 /home/flasheep/codeigniter/system/Filters/Filters.php(173): CodeIgniter\Filters\CSRF->before(Object(CodeIgniter\HTTP\IncomingRequest), NULL)
#3 /home/flasheep/codeigniter/system/CodeIgniter.php(384): CodeIgniter\Filters\Filters->run('Edx_ajax/gets_n...', 'before')
#4 /home/flasheep/codeigniter/system/CodeIgniter.php(318): CodeIgniter\CodeIgniter->handleRequest(NULL, Object(Config\Cache), false)
#5 /home/flasheep/public_html/index.php(37): CodeIgniter\CodeIgniter->run()
#6 {main}
CRITICAL - 2023-03-02 15:58:32 --> The action you requested is not allowed.
#0 /home/flasheep/codeigniter/system/Security/Security.php(277): CodeIgniter\Security\Exceptions\SecurityException::forDisallowedAction()
#1 /home/flasheep/codeigniter/system/Filters/CSRF.php(53): CodeIgniter\Security\Security->verify(Object(CodeIgniter\HTTP\IncomingRequest))
#2 /home/flasheep/codeigniter/system/Filters/Filters.php(173): CodeIgniter\Filters\CSRF->before(Object(CodeIgniter\HTTP\IncomingRequest), NULL)
#3 /home/flasheep/codeigniter/system/CodeIgniter.php(384): CodeIgniter\Filters\Filters->run('Edx_ajax/gets_n...', 'before')
#4 /home/flasheep/codeigniter/system/CodeIgniter.php(318): CodeIgniter\CodeIgniter->handleRequest(NULL, Object(Config\Cache), false)
#5 /home/flasheep/public_html/index.php(37): CodeIgniter\CodeIgniter->run()
#6 {main}
CRITICAL - 2023-03-02 17:58:34 --> The action you requested is not allowed.
#0 /home/flasheep/codeigniter/system/Security/Security.php(277): CodeIgniter\Security\Exceptions\SecurityException::forDisallowedAction()
#1 /home/flasheep/codeigniter/system/Filters/CSRF.php(53): CodeIgniter\Security\Security->verify(Object(CodeIgniter\HTTP\IncomingRequest))
#2 /home/flasheep/codeigniter/system/Filters/Filters.php(173): CodeIgniter\Filters\CSRF->before(Object(CodeIgniter\HTTP\IncomingRequest), NULL)
#3 /home/flasheep/codeigniter/system/CodeIgniter.php(384): CodeIgniter\Filters\Filters->run('Edx_ajax/gets_n...', 'before')
#4 /home/flasheep/codeigniter/system/CodeIgniter.php(318): CodeIgniter\CodeIgniter->handleRequest(NULL, Object(Config\Cache), false)
#5 /home/flasheep/public_html/index.php(37): CodeIgniter\CodeIgniter->run()
#6 {main}
CRITICAL - 2023-03-02 19:59:48 --> The action you requested is not allowed.
#0 /home/flasheep/codeigniter/system/Security/Security.php(277): CodeIgniter\Security\Exceptions\SecurityException::forDisallowedAction()
#1 /home/flasheep/codeigniter/system/Filters/CSRF.php(53): CodeIgniter\Security\Security->verify(Object(CodeIgniter\HTTP\IncomingRequest))
#2 /home/flasheep/codeigniter/system/Filters/Filters.php(173): CodeIgniter\Filters\CSRF->before(Object(CodeIgniter\HTTP\IncomingRequest), NULL)
#3 /home/flasheep/codeigniter/system/CodeIgniter.php(384): CodeIgniter\Filters\Filters->run('Edx_ajax/gets_n...', 'before')
#4 /home/flasheep/codeigniter/system/CodeIgniter.php(318): CodeIgniter\CodeIgniter->handleRequest(NULL, Object(Config\Cache), false)
#5 /home/flasheep/public_html/index.php(37): CodeIgniter\CodeIgniter->run()
#6 {main}
CRITICAL - 2023-03-02 22:00:26 --> The action you requested is not allowed.
#0 /home/flasheep/codeigniter/system/Security/Security.php(277): CodeIgniter\Security\Exceptions\SecurityException::forDisallowedAction()
#1 /home/flasheep/codeigniter/system/Filters/CSRF.php(53): CodeIgniter\Security\Security->verify(Object(CodeIgniter\HTTP\IncomingRequest))
#2 /home/flasheep/codeigniter/system/Filters/Filters.php(173): CodeIgniter\Filters\CSRF->before(Object(CodeIgniter\HTTP\IncomingRequest), NULL)
#3 /home/flasheep/codeigniter/system/CodeIgniter.php(384): CodeIgniter\Filters\Filters->run('Edx_ajax/gets_n...', 'before')
#4 /home/flasheep/codeigniter/system/CodeIgniter.php(318): CodeIgniter\CodeIgniter->handleRequest(NULL, Object(Config\Cache), false)
#5 /home/flasheep/public_html/index.php(37): CodeIgniter\CodeIgniter->run()
#6 {main}
