CRITICAL - 2022-08-11 11:00:36 --> syntax error, unexpected ';', expecting ']'
#0 /home/flasheep/codeigniter/app/Scripts/ScriptList.php(159): App\Scripts\Script::getScript('scripts/Nissan/...', 'FFFF0F3C1E783CF...')
#1 /home/flasheep/codeigniter/app/Controllers/Script.php(288): App\Scripts\ScriptList::getScriptByPathInformation(Array, 'FFFF0F3C1E783CF...', Object(App\Entities\User))
#2 /home/flasheep/codeigniter/app/Controllers/Script.php(241): App\Controllers\Script->getScript(Array, 'FFFF0F3C1E783CF...')
#3 /home/flasheep/codeigniter/system/CodeIgniter.php(824): App\Controllers\Script->run()
#4 /home/flasheep/codeigniter/system/CodeIgniter.php(410): CodeIgniter\CodeIgniter->runController(Object(App\Controllers\Script))
#5 /home/flasheep/codeigniter/system/CodeIgniter.php(318): CodeIgniter\CodeIgniter->handleRequest(NULL, Object(Config\Cache), false)
#6 /home/flasheep/public_html/index.php(37): CodeIgniter\CodeIgniter->run()
#7 {main}
CRITICAL - 2022-08-11 11:00:51 --> syntax error, unexpected ';', expecting ']'
#0 /home/flasheep/codeigniter/app/Scripts/ScriptList.php(159): App\Scripts\Script::getScript('scripts/Nissan/...', 'FFFF0F3C1E783CF...')
#1 /home/flasheep/codeigniter/app/Controllers/Script.php(288): App\Scripts\ScriptList::getScriptByPathInformation(Array, 'FFFF0F3C1E783CF...', Object(App\Entities\User))
#2 /home/flasheep/codeigniter/app/Controllers/Script.php(241): App\Controllers\Script->getScript(Array, 'FFFF0F3C1E783CF...')
#3 /home/flasheep/codeigniter/system/CodeIgniter.php(824): App\Controllers\Script->run()
#4 /home/flasheep/codeigniter/system/CodeIgniter.php(410): CodeIgniter\CodeIgniter->runController(Object(App\Controllers\Script))
#5 /home/flasheep/codeigniter/system/CodeIgniter.php(318): CodeIgniter\CodeIgniter->handleRequest(NULL, Object(Config\Cache), false)
#6 /home/flasheep/public_html/index.php(37): CodeIgniter\CodeIgniter->run()
#7 {main}
CRITICAL - 2022-08-11 11:00:52 --> syntax error, unexpected ';', expecting ']'
#0 /home/flasheep/codeigniter/app/Scripts/ScriptList.php(159): App\Scripts\Script::getScript('scripts/Nissan/...', 'FFFF0F3C1E783CF...')
#1 /home/flasheep/codeigniter/app/Controllers/Script.php(288): App\Scripts\ScriptList::getScriptByPathInformation(Array, 'FFFF0F3C1E783CF...', Object(App\Entities\User))
#2 /home/flasheep/codeigniter/app/Controllers/Script.php(241): App\Controllers\Script->getScript(Array, 'FFFF0F3C1E783CF...')
#3 /home/flasheep/codeigniter/system/CodeIgniter.php(824): App\Controllers\Script->run()
#4 /home/flasheep/codeigniter/system/CodeIgniter.php(410): CodeIgniter\CodeIgniter->runController(Object(App\Controllers\Script))
#5 /home/flasheep/codeigniter/system/CodeIgniter.php(318): CodeIgniter\CodeIgniter->handleRequest(NULL, Object(Config\Cache), false)
#6 /home/flasheep/public_html/index.php(37): CodeIgniter\CodeIgniter->run()
#7 {main}
CRITICAL - 2022-08-11 11:00:52 --> syntax error, unexpected ';', expecting ']'
#0 /home/flasheep/codeigniter/app/Scripts/ScriptList.php(159): App\Scripts\Script::getScript('scripts/Nissan/...', 'FFFF0F3C1E783CF...')
#1 /home/flasheep/codeigniter/app/Controllers/Script.php(288): App\Scripts\ScriptList::getScriptByPathInformation(Array, 'FFFF0F3C1E783CF...', Object(App\Entities\User))
#2 /home/flasheep/codeigniter/app/Controllers/Script.php(241): App\Controllers\Script->getScript(Array, 'FFFF0F3C1E783CF...')
#3 /home/flasheep/codeigniter/system/CodeIgniter.php(824): App\Controllers\Script->run()
#4 /home/flasheep/codeigniter/system/CodeIgniter.php(410): CodeIgniter\CodeIgniter->runController(Object(App\Controllers\Script))
#5 /home/flasheep/codeigniter/system/CodeIgniter.php(318): CodeIgniter\CodeIgniter->handleRequest(NULL, Object(Config\Cache), false)
#6 /home/flasheep/public_html/index.php(37): CodeIgniter\CodeIgniter->run()
#7 {main}
CRITICAL - 2022-08-11 13:37:16 --> Argument 1 passed to App\Controllers\Script::getPathInformation() must be of the type string, null given, called in /home/flasheep/codeigniter/app/Controllers/Script.php on line 238
#0 /home/flasheep/codeigniter/app/Controllers/Script.php(238): App\Controllers\Script->getPathInformation(NULL)
#1 /home/flasheep/codeigniter/system/CodeIgniter.php(824): App\Controllers\Script->run()
#2 /home/flasheep/codeigniter/system/CodeIgniter.php(410): CodeIgniter\CodeIgniter->runController(Object(App\Controllers\Script))
#3 /home/flasheep/codeigniter/system/CodeIgniter.php(318): CodeIgniter\CodeIgniter->handleRequest(NULL, Object(Config\Cache), false)
#4 /home/flasheep/public_html/index.php(37): CodeIgniter\CodeIgniter->run()
#5 {main}
CRITICAL - 2022-08-11 21:05:56 --> The action you requested is not allowed.
#0 /home/flasheep/codeigniter/app/Controllers/User.php(176): CodeIgniter\Security\Exceptions\SecurityException::forDisallowedAction()
#1 /home/flasheep/codeigniter/system/CodeIgniter.php(824): App\Controllers\User->login()
#2 /home/flasheep/codeigniter/system/CodeIgniter.php(410): CodeIgniter\CodeIgniter->runController(Object(App\Controllers\User))
#3 /home/flasheep/codeigniter/system/CodeIgniter.php(318): CodeIgniter\CodeIgniter->handleRequest(NULL, Object(Config\Cache), false)
#4 /home/flasheep/public_html/index.php(37): CodeIgniter\CodeIgniter->run()
#5 {main}
CRITICAL - 2022-08-11 21:06:12 --> The action you requested is not allowed.
#0 /home/flasheep/codeigniter/app/Controllers/User.php(176): CodeIgniter\Security\Exceptions\SecurityException::forDisallowedAction()
#1 /home/flasheep/codeigniter/system/CodeIgniter.php(824): App\Controllers\User->login()
#2 /home/flasheep/codeigniter/system/CodeIgniter.php(410): CodeIgniter\CodeIgniter->runController(Object(App\Controllers\User))
#3 /home/flasheep/codeigniter/system/CodeIgniter.php(318): CodeIgniter\CodeIgniter->handleRequest(NULL, Object(Config\Cache), false)
#4 /home/flasheep/public_html/index.php(37): CodeIgniter\CodeIgniter->run()
#5 {main}
CRITICAL - 2022-08-11 21:06:50 --> The action you requested is not allowed.
#0 /home/flasheep/codeigniter/app/Controllers/User.php(176): CodeIgniter\Security\Exceptions\SecurityException::forDisallowedAction()
#1 /home/flasheep/codeigniter/system/CodeIgniter.php(824): App\Controllers\User->login()
#2 /home/flasheep/codeigniter/system/CodeIgniter.php(410): CodeIgniter\CodeIgniter->runController(Object(App\Controllers\User))
#3 /home/flasheep/codeigniter/system/CodeIgniter.php(318): CodeIgniter\CodeIgniter->handleRequest(NULL, Object(Config\Cache), false)
#4 /home/flasheep/public_html/index.php(37): CodeIgniter\CodeIgniter->run()
#5 {main}
