CRITICAL - 2022-04-11 00:03:50 --> Argument 2 passed to App\Scripts\LuaScript::App\Scripts\{closure}() must be of the type int, null given
#0 [internal function]: App\Scripts\LuaScript->App\Scripts\{closure}(1920, NULL, 4)
#1 /home/flasheep/codeigniter/app/Scripts/LuaScript.php(103): LuaSandboxFunction->call()
#2 /home/flasheep/codeigniter/app/Scripts/LuaScript.php(21): App\Scripts\LuaScript->runCode('km = read (0x78...')
#3 /home/flasheep/codeigniter/app/Controllers/Developer.php(494): App\Scripts\LuaScript->getResult()
#4 /home/flasheep/codeigniter/system/CodeIgniter.php(824): App\Controllers\Developer->run()
#5 /home/flasheep/codeigniter/system/CodeIgniter.php(410): CodeIgniter\CodeIgniter->runController(Object(App\Controllers\Developer))
#6 /home/flasheep/codeigniter/system/CodeIgniter.php(318): CodeIgniter\CodeIgniter->handleRequest(NULL, Object(Config\Cache), false)
#7 /home/flasheep/public_html/index.php(37): CodeIgniter\CodeIgniter->run()
#8 {main}
CRITICAL - 2022-04-11 13:16:20 --> Class '\App\Scripts\Hyundai_i10_2019_24c16_crc_v1' not found
#0 /home/flasheep/codeigniter/app/Scripts/ScriptList.php(89): App\Scripts\Script::getScript('scripts/Hyundai...', 'FF003F3F010E010...')
#1 /home/flasheep/codeigniter/app/Controllers/Script.php(123): App\Scripts\ScriptList::getScriptByPathInformation(Array, 'FF003F3F010E010...', Object(App\Entities\User))
#2 /home/flasheep/codeigniter/app/Controllers/Script.php(79): App\Controllers\Script->getScript(Array, 'FF003F3F010E010...')
#3 /home/flasheep/codeigniter/system/CodeIgniter.php(824): App\Controllers\Script->run()
#4 /home/flasheep/codeigniter/system/CodeIgniter.php(410): CodeIgniter\CodeIgniter->runController(Object(App\Controllers\Script))
#5 /home/flasheep/codeigniter/system/CodeIgniter.php(318): CodeIgniter\CodeIgniter->handleRequest(NULL, Object(Config\Cache), false)
#6 /home/flasheep/public_html/index.php(37): CodeIgniter\CodeIgniter->run()
#7 {main}
CRITICAL - 2022-04-11 13:16:23 --> Class '\App\Scripts\Hyundai_i10_2019_24c16_crc_v1' not found
#0 /home/flasheep/codeigniter/app/Scripts/ScriptList.php(89): App\Scripts\Script::getScript('scripts/Hyundai...', 'FF003F3F010E010...')
#1 /home/flasheep/codeigniter/app/Controllers/Script.php(123): App\Scripts\ScriptList::getScriptByPathInformation(Array, 'FF003F3F010E010...', Object(App\Entities\User))
#2 /home/flasheep/codeigniter/app/Controllers/Script.php(79): App\Controllers\Script->getScript(Array, 'FF003F3F010E010...')
#3 /home/flasheep/codeigniter/system/CodeIgniter.php(824): App\Controllers\Script->run()
#4 /home/flasheep/codeigniter/system/CodeIgniter.php(410): CodeIgniter\CodeIgniter->runController(Object(App\Controllers\Script))
#5 /home/flasheep/codeigniter/system/CodeIgniter.php(318): CodeIgniter\CodeIgniter->handleRequest(NULL, Object(Config\Cache), false)
#6 /home/flasheep/public_html/index.php(37): CodeIgniter\CodeIgniter->run()
#7 {main}
CRITICAL - 2022-04-11 13:16:23 --> Class '\App\Scripts\Hyundai_i10_2019_24c16_crc_v1' not found
#0 /home/flasheep/codeigniter/app/Scripts/ScriptList.php(89): App\Scripts\Script::getScript('scripts/Hyundai...', 'FF003F3F010E010...')
#1 /home/flasheep/codeigniter/app/Controllers/Script.php(123): App\Scripts\ScriptList::getScriptByPathInformation(Array, 'FF003F3F010E010...', Object(App\Entities\User))
#2 /home/flasheep/codeigniter/app/Controllers/Script.php(79): App\Controllers\Script->getScript(Array, 'FF003F3F010E010...')
#3 /home/flasheep/codeigniter/system/CodeIgniter.php(824): App\Controllers\Script->run()
#4 /home/flasheep/codeigniter/system/CodeIgniter.php(410): CodeIgniter\CodeIgniter->runController(Object(App\Controllers\Script))
#5 /home/flasheep/codeigniter/system/CodeIgniter.php(318): CodeIgniter\CodeIgniter->handleRequest(NULL, Object(Config\Cache), false)
#6 /home/flasheep/public_html/index.php(37): CodeIgniter\CodeIgniter->run()
#7 {main}
CRITICAL - 2022-04-11 13:17:17 --> Class '\App\Scripts\Hyundai_i10_2019_24c16_crc_v1' not found
#0 /home/flasheep/codeigniter/app/Scripts/ScriptList.php(89): App\Scripts\Script::getScript('scripts/Hyundai...', 'FF003F3F010E010...')
#1 /home/flasheep/codeigniter/app/Controllers/Script.php(123): App\Scripts\ScriptList::getScriptByPathInformation(Array, 'FF003F3F010E010...', Object(App\Entities\User))
#2 /home/flasheep/codeigniter/app/Controllers/Script.php(79): App\Controllers\Script->getScript(Array, 'FF003F3F010E010...')
#3 /home/flasheep/codeigniter/system/CodeIgniter.php(824): App\Controllers\Script->run()
#4 /home/flasheep/codeigniter/system/CodeIgniter.php(410): CodeIgniter\CodeIgniter->runController(Object(App\Controllers\Script))
#5 /home/flasheep/codeigniter/system/CodeIgniter.php(318): CodeIgniter\CodeIgniter->handleRequest(NULL, Object(Config\Cache), false)
#6 /home/flasheep/public_html/index.php(37): CodeIgniter\CodeIgniter->run()
#7 {main}
CRITICAL - 2022-04-11 13:17:18 --> Class '\App\Scripts\Hyundai_i10_2019_24c16_crc_v1' not found
#0 /home/flasheep/codeigniter/app/Scripts/ScriptList.php(89): App\Scripts\Script::getScript('scripts/Hyundai...', 'FF003F3F010E010...')
#1 /home/flasheep/codeigniter/app/Controllers/Script.php(123): App\Scripts\ScriptList::getScriptByPathInformation(Array, 'FF003F3F010E010...', Object(App\Entities\User))
#2 /home/flasheep/codeigniter/app/Controllers/Script.php(79): App\Controllers\Script->getScript(Array, 'FF003F3F010E010...')
#3 /home/flasheep/codeigniter/system/CodeIgniter.php(824): App\Controllers\Script->run()
#4 /home/flasheep/codeigniter/system/CodeIgniter.php(410): CodeIgniter\CodeIgniter->runController(Object(App\Controllers\Script))
#5 /home/flasheep/codeigniter/system/CodeIgniter.php(318): CodeIgniter\CodeIgniter->handleRequest(NULL, Object(Config\Cache), false)
#6 /home/flasheep/public_html/index.php(37): CodeIgniter\CodeIgniter->run()
#7 {main}
CRITICAL - 2022-04-11 13:17:18 --> Class '\App\Scripts\Hyundai_i10_2019_24c16_crc_v1' not found
#0 /home/flasheep/codeigniter/app/Scripts/ScriptList.php(89): App\Scripts\Script::getScript('scripts/Hyundai...', 'FF003F3F010E010...')
#1 /home/flasheep/codeigniter/app/Controllers/Script.php(123): App\Scripts\ScriptList::getScriptByPathInformation(Array, 'FF003F3F010E010...', Object(App\Entities\User))
#2 /home/flasheep/codeigniter/app/Controllers/Script.php(79): App\Controllers\Script->getScript(Array, 'FF003F3F010E010...')
#3 /home/flasheep/codeigniter/system/CodeIgniter.php(824): App\Controllers\Script->run()
#4 /home/flasheep/codeigniter/system/CodeIgniter.php(410): CodeIgniter\CodeIgniter->runController(Object(App\Controllers\Script))
#5 /home/flasheep/codeigniter/system/CodeIgniter.php(318): CodeIgniter\CodeIgniter->handleRequest(NULL, Object(Config\Cache), false)
#6 /home/flasheep/public_html/index.php(37): CodeIgniter\CodeIgniter->run()
#7 {main}
CRITICAL - 2022-04-11 21:26:00 --> A non-numeric value encountered
#0 /home/flasheep/codeigniter/app/Scripts/scripts/Jeep/Jeep_Cherokee_Limited_1998_99_93c56.php(13): CodeIgniter\Debug\Exceptions->errorHandler(2, 'A non-numeric v...', '/home/flasheep/...', 13, Array)
#1 /home/flasheep/codeigniter/app/Controllers/Script.php(101): App\Scripts\Jeep_Cherokee_Limited_1998_99_93c56->getResult()
#2 /home/flasheep/codeigniter/system/CodeIgniter.php(824): App\Controllers\Script->run()
#3 /home/flasheep/codeigniter/system/CodeIgniter.php(410): CodeIgniter\CodeIgniter->runController(Object(App\Controllers\Script))
#4 /home/flasheep/codeigniter/system/CodeIgniter.php(318): CodeIgniter\CodeIgniter->handleRequest(NULL, Object(Config\Cache), false)
#5 /home/flasheep/public_html/index.php(37): CodeIgniter\CodeIgniter->run()
#6 {main}
CRITICAL - 2022-04-11 21:26:06 --> A non-numeric value encountered
#0 /home/flasheep/codeigniter/app/Scripts/scripts/Jeep/Jeep_Cherokee_Limited_1998_99_93c56.php(13): CodeIgniter\Debug\Exceptions->errorHandler(2, 'A non-numeric v...', '/home/flasheep/...', 13, Array)
#1 /home/flasheep/codeigniter/app/Controllers/Script.php(101): App\Scripts\Jeep_Cherokee_Limited_1998_99_93c56->getResult()
#2 /home/flasheep/codeigniter/system/CodeIgniter.php(824): App\Controllers\Script->run()
#3 /home/flasheep/codeigniter/system/CodeIgniter.php(410): CodeIgniter\CodeIgniter->runController(Object(App\Controllers\Script))
#4 /home/flasheep/codeigniter/system/CodeIgniter.php(318): CodeIgniter\CodeIgniter->handleRequest(NULL, Object(Config\Cache), false)
#5 /home/flasheep/public_html/index.php(37): CodeIgniter\CodeIgniter->run()
#6 {main}
CRITICAL - 2022-04-11 21:26:09 --> A non-numeric value encountered
#0 /home/flasheep/codeigniter/app/Scripts/scripts/Jeep/Jeep_Cherokee_Limited_1998_99_93c56.php(13): CodeIgniter\Debug\Exceptions->errorHandler(2, 'A non-numeric v...', '/home/flasheep/...', 13, Array)
#1 /home/flasheep/codeigniter/app/Controllers/Script.php(101): App\Scripts\Jeep_Cherokee_Limited_1998_99_93c56->getResult()
#2 /home/flasheep/codeigniter/system/CodeIgniter.php(824): App\Controllers\Script->run()
#3 /home/flasheep/codeigniter/system/CodeIgniter.php(410): CodeIgniter\CodeIgniter->runController(Object(App\Controllers\Script))
#4 /home/flasheep/codeigniter/system/CodeIgniter.php(318): CodeIgniter\CodeIgniter->handleRequest(NULL, Object(Config\Cache), false)
#5 /home/flasheep/public_html/index.php(37): CodeIgniter\CodeIgniter->run()
#6 {main}
CRITICAL - 2022-04-11 21:26:09 --> A non-numeric value encountered
#0 /home/flasheep/codeigniter/app/Scripts/scripts/Jeep/Jeep_Cherokee_Limited_1998_99_93c56.php(13): CodeIgniter\Debug\Exceptions->errorHandler(2, 'A non-numeric v...', '/home/flasheep/...', 13, Array)
#1 /home/flasheep/codeigniter/app/Controllers/Script.php(101): App\Scripts\Jeep_Cherokee_Limited_1998_99_93c56->getResult()
#2 /home/flasheep/codeigniter/system/CodeIgniter.php(824): App\Controllers\Script->run()
#3 /home/flasheep/codeigniter/system/CodeIgniter.php(410): CodeIgniter\CodeIgniter->runController(Object(App\Controllers\Script))
#4 /home/flasheep/codeigniter/system/CodeIgniter.php(318): CodeIgniter\CodeIgniter->handleRequest(NULL, Object(Config\Cache), false)
#5 /home/flasheep/public_html/index.php(37): CodeIgniter\CodeIgniter->run()
#6 {main}
CRITICAL - 2022-04-11 21:26:34 --> A non-numeric value encountered
#0 /home/flasheep/codeigniter/app/Scripts/scripts/Jeep/Jeep_Cherokee_Limited_1998_99_93c56.php(13): CodeIgniter\Debug\Exceptions->errorHandler(2, 'A non-numeric v...', '/home/flasheep/...', 13, Array)
#1 /home/flasheep/codeigniter/app/Controllers/Script.php(101): App\Scripts\Jeep_Cherokee_Limited_1998_99_93c56->getResult()
#2 /home/flasheep/codeigniter/system/CodeIgniter.php(824): App\Controllers\Script->run()
#3 /home/flasheep/codeigniter/system/CodeIgniter.php(410): CodeIgniter\CodeIgniter->runController(Object(App\Controllers\Script))
#4 /home/flasheep/codeigniter/system/CodeIgniter.php(318): CodeIgniter\CodeIgniter->handleRequest(NULL, Object(Config\Cache), false)
#5 /home/flasheep/public_html/index.php(37): CodeIgniter\CodeIgniter->run()
#6 {main}
CRITICAL - 2022-04-11 21:26:36 --> A non-numeric value encountered
#0 /home/flasheep/codeigniter/app/Scripts/scripts/Jeep/Jeep_Cherokee_Limited_1998_99_93c56.php(13): CodeIgniter\Debug\Exceptions->errorHandler(2, 'A non-numeric v...', '/home/flasheep/...', 13, Array)
#1 /home/flasheep/codeigniter/app/Controllers/Script.php(101): App\Scripts\Jeep_Cherokee_Limited_1998_99_93c56->getResult()
#2 /home/flasheep/codeigniter/system/CodeIgniter.php(824): App\Controllers\Script->run()
#3 /home/flasheep/codeigniter/system/CodeIgniter.php(410): CodeIgniter\CodeIgniter->runController(Object(App\Controllers\Script))
#4 /home/flasheep/codeigniter/system/CodeIgniter.php(318): CodeIgniter\CodeIgniter->handleRequest(NULL, Object(Config\Cache), false)
#5 /home/flasheep/public_html/index.php(37): CodeIgniter\CodeIgniter->run()
#6 {main}
