CRITICAL - 2022-04-24 13:56:39 --> Class '\App\Scripts\Hyundai_i10_2017_checksum_byFisher' not found
#0 /home/flasheep/codeigniter/app/Scripts/ScriptList.php(89): App\Scripts\Script::getScript('scripts/Chevrol...', 'FFFFFFFFFFFFFFF...')
#1 /home/flasheep/codeigniter/app/Controllers/Script.php(123): App\Scripts\ScriptList::getScriptByPathInformation(Array, 'FFFFFFFFFFFFFFF...', Object(App\Entities\User))
#2 /home/flasheep/codeigniter/app/Controllers/Script.php(79): App\Controllers\Script->getScript(Array, 'FFFFFFFFFFFFFFF...')
#3 /home/flasheep/codeigniter/system/CodeIgniter.php(824): App\Controllers\Script->run()
#4 /home/flasheep/codeigniter/system/CodeIgniter.php(410): CodeIgniter\CodeIgniter->runController(Object(App\Controllers\Script))
#5 /home/flasheep/codeigniter/system/CodeIgniter.php(318): CodeIgniter\CodeIgniter->handleRequest(NULL, Object(Config\Cache), false)
#6 /home/flasheep/public_html/index.php(37): CodeIgniter\CodeIgniter->run()
#7 {main}
CRITICAL - 2022-04-24 22:12:38 --> Argument 1 passed to App\Scripts\Nissan_NP300_checksum_9s12h256::getValueForPortion() must be of the type int, null given, called in /home/flasheep/codeigniter/app/Scripts/scripts/Nissan/NP300/Nissan_NP300_checksum_9s12h256.php on line 35
#0 /home/flasheep/codeigniter/app/Scripts/scripts/Nissan/NP300/Nissan_NP300_checksum_9s12h256.php(35): App\Scripts\Nissan_NP300_checksum_9s12h256->getValueForPortion(NULL, 1)
#1 /home/flasheep/codeigniter/app/Controllers/Script.php(101): App\Scripts\Nissan_NP300_checksum_9s12h256->getResult()
#2 /home/flasheep/codeigniter/system/CodeIgniter.php(824): App\Controllers\Script->run()
#3 /home/flasheep/codeigniter/system/CodeIgniter.php(410): CodeIgniter\CodeIgniter->runController(Object(App\Controllers\Script))
#4 /home/flasheep/codeigniter/system/CodeIgniter.php(318): CodeIgniter\CodeIgniter->handleRequest(NULL, Object(Config\Cache), false)
#5 /home/flasheep/public_html/index.php(37): CodeIgniter\CodeIgniter->run()
#6 {main}
CRITICAL - 2022-04-24 22:12:39 --> Argument 1 passed to App\Scripts\Nissan_NP300_checksum_9s12h256::getValueForPortion() must be of the type int, null given, called in /home/flasheep/codeigniter/app/Scripts/scripts/Nissan/NP300/Nissan_NP300_checksum_9s12h256.php on line 35
#0 /home/flasheep/codeigniter/app/Scripts/scripts/Nissan/NP300/Nissan_NP300_checksum_9s12h256.php(35): App\Scripts\Nissan_NP300_checksum_9s12h256->getValueForPortion(NULL, 1)
#1 /home/flasheep/codeigniter/app/Controllers/Script.php(101): App\Scripts\Nissan_NP300_checksum_9s12h256->getResult()
#2 /home/flasheep/codeigniter/system/CodeIgniter.php(824): App\Controllers\Script->run()
#3 /home/flasheep/codeigniter/system/CodeIgniter.php(410): CodeIgniter\CodeIgniter->runController(Object(App\Controllers\Script))
#4 /home/flasheep/codeigniter/system/CodeIgniter.php(318): CodeIgniter\CodeIgniter->handleRequest(NULL, Object(Config\Cache), false)
#5 /home/flasheep/public_html/index.php(37): CodeIgniter\CodeIgniter->run()
#6 {main}
CRITICAL - 2022-04-24 22:13:02 --> Argument 1 passed to App\Scripts\Nissan_NP300_checksum_9s12h256::getValueForPortion() must be of the type int, null given, called in /home/flasheep/codeigniter/app/Scripts/scripts/Nissan/NP300/Nissan_NP300_checksum_9s12h256.php on line 35
#0 /home/flasheep/codeigniter/app/Scripts/scripts/Nissan/NP300/Nissan_NP300_checksum_9s12h256.php(35): App\Scripts\Nissan_NP300_checksum_9s12h256->getValueForPortion(NULL, 1)
#1 /home/flasheep/codeigniter/app/Controllers/Script.php(101): App\Scripts\Nissan_NP300_checksum_9s12h256->getResult()
#2 /home/flasheep/codeigniter/system/CodeIgniter.php(824): App\Controllers\Script->run()
#3 /home/flasheep/codeigniter/system/CodeIgniter.php(410): CodeIgniter\CodeIgniter->runController(Object(App\Controllers\Script))
#4 /home/flasheep/codeigniter/system/CodeIgniter.php(318): CodeIgniter\CodeIgniter->handleRequest(NULL, Object(Config\Cache), false)
#5 /home/flasheep/public_html/index.php(37): CodeIgniter\CodeIgniter->run()
#6 {main}
CRITICAL - 2022-04-24 22:13:03 --> Argument 1 passed to App\Scripts\Nissan_NP300_checksum_9s12h256::getValueForPortion() must be of the type int, null given, called in /home/flasheep/codeigniter/app/Scripts/scripts/Nissan/NP300/Nissan_NP300_checksum_9s12h256.php on line 35
#0 /home/flasheep/codeigniter/app/Scripts/scripts/Nissan/NP300/Nissan_NP300_checksum_9s12h256.php(35): App\Scripts\Nissan_NP300_checksum_9s12h256->getValueForPortion(NULL, 1)
#1 /home/flasheep/codeigniter/app/Controllers/Script.php(101): App\Scripts\Nissan_NP300_checksum_9s12h256->getResult()
#2 /home/flasheep/codeigniter/system/CodeIgniter.php(824): App\Controllers\Script->run()
#3 /home/flasheep/codeigniter/system/CodeIgniter.php(410): CodeIgniter\CodeIgniter->runController(Object(App\Controllers\Script))
#4 /home/flasheep/codeigniter/system/CodeIgniter.php(318): CodeIgniter\CodeIgniter->handleRequest(NULL, Object(Config\Cache), false)
#5 /home/flasheep/public_html/index.php(37): CodeIgniter\CodeIgniter->run()
#6 {main}
CRITICAL - 2022-04-24 22:13:13 --> Argument 1 passed to App\Scripts\Nissan_Navara_checksum_9s12h256::getValueForPortion() must be of the type int, null given, called in /home/flasheep/codeigniter/app/Scripts/scripts/Nissan/Navara/Nissan_Navara_checksum_9s12h256.php on line 35
#0 /home/flasheep/codeigniter/app/Scripts/scripts/Nissan/Navara/Nissan_Navara_checksum_9s12h256.php(35): App\Scripts\Nissan_Navara_checksum_9s12h256->getValueForPortion(NULL, 1)
#1 /home/flasheep/codeigniter/app/Controllers/Script.php(101): App\Scripts\Nissan_Navara_checksum_9s12h256->getResult()
#2 /home/flasheep/codeigniter/system/CodeIgniter.php(824): App\Controllers\Script->run()
#3 /home/flasheep/codeigniter/system/CodeIgniter.php(410): CodeIgniter\CodeIgniter->runController(Object(App\Controllers\Script))
#4 /home/flasheep/codeigniter/system/CodeIgniter.php(318): CodeIgniter\CodeIgniter->handleRequest(NULL, Object(Config\Cache), false)
#5 /home/flasheep/public_html/index.php(37): CodeIgniter\CodeIgniter->run()
#6 {main}
CRITICAL - 2022-04-24 22:14:10 --> Argument 1 passed to App\Scripts\Nissan_NP300_checksum_9s12h256::getValueForPortion() must be of the type int, null given, called in /home/flasheep/codeigniter/app/Scripts/scripts/Nissan/NP300/Nissan_NP300_checksum_9s12h256.php on line 35
#0 /home/flasheep/codeigniter/app/Scripts/scripts/Nissan/NP300/Nissan_NP300_checksum_9s12h256.php(35): App\Scripts\Nissan_NP300_checksum_9s12h256->getValueForPortion(NULL, 1)
#1 /home/flasheep/codeigniter/app/Controllers/Script.php(101): App\Scripts\Nissan_NP300_checksum_9s12h256->getResult()
#2 /home/flasheep/codeigniter/system/CodeIgniter.php(824): App\Controllers\Script->run()
#3 /home/flasheep/codeigniter/system/CodeIgniter.php(410): CodeIgniter\CodeIgniter->runController(Object(App\Controllers\Script))
#4 /home/flasheep/codeigniter/system/CodeIgniter.php(318): CodeIgniter\CodeIgniter->handleRequest(NULL, Object(Config\Cache), false)
#5 /home/flasheep/public_html/index.php(37): CodeIgniter\CodeIgniter->run()
#6 {main}
