CRITICAL - 2023-03-23 03:13:58 --> finfo_file(/home/flasheep/codeigniter/writable/uploads/78.jpg): failed to open stream: No such file or directory
#0 [internal function]: CodeIgniter\Debug\Exceptions->errorHandler(2, 'finfo_file(/hom...', '/home/flasheep/...', 109, Array)
#1 /home/flasheep/codeigniter/system/Files/File.php(109): finfo_file(Resource id #147, '/home/flasheep/...')
#2 /home/flasheep/codeigniter/app/Controllers/Library.php(67): CodeIgniter\Files\File->getMimeType()
#3 /home/flasheep/codeigniter/system/CodeIgniter.php(824): App\Controllers\Library->image(78)
#4 /home/flasheep/codeigniter/system/CodeIgniter.php(410): CodeIgniter\CodeIgniter->runController(Object(App\Controllers\Library))
#5 /home/flasheep/codeigniter/system/CodeIgniter.php(318): CodeIgniter\CodeIgniter->handleRequest(NULL, Object(Config\Cache), false)
#6 /home/flasheep/public_html/index.php(37): CodeIgniter\CodeIgniter->run()
#7 {main}
CRITICAL - 2023-03-23 04:08:42 --> finfo_file(/home/flasheep/codeigniter/writable/uploads/81.jpg): failed to open stream: No such file or directory
#0 [internal function]: CodeIgniter\Debug\Exceptions->errorHandler(2, 'finfo_file(/hom...', '/home/flasheep/...', 109, Array)
#1 /home/flasheep/codeigniter/system/Files/File.php(109): finfo_file(Resource id #147, '/home/flasheep/...')
#2 /home/flasheep/codeigniter/app/Controllers/Library.php(67): CodeIgniter\Files\File->getMimeType()
#3 /home/flasheep/codeigniter/system/CodeIgniter.php(824): App\Controllers\Library->image(81)
#4 /home/flasheep/codeigniter/system/CodeIgniter.php(410): CodeIgniter\CodeIgniter->runController(Object(App\Controllers\Library))
#5 /home/flasheep/codeigniter/system/CodeIgniter.php(318): CodeIgniter\CodeIgniter->handleRequest(NULL, Object(Config\Cache), false)
#6 /home/flasheep/public_html/index.php(37): CodeIgniter\CodeIgniter->run()
#7 {main}
CRITICAL - 2023-03-23 05:01:38 --> finfo_file(/home/flasheep/codeigniter/writable/uploads/79.jpg): failed to open stream: No such file or directory
#0 [internal function]: CodeIgniter\Debug\Exceptions->errorHandler(2, 'finfo_file(/hom...', '/home/flasheep/...', 109, Array)
#1 /home/flasheep/codeigniter/system/Files/File.php(109): finfo_file(Resource id #147, '/home/flasheep/...')
#2 /home/flasheep/codeigniter/app/Controllers/Library.php(67): CodeIgniter\Files\File->getMimeType()
#3 /home/flasheep/codeigniter/system/CodeIgniter.php(824): App\Controllers\Library->image(79)
#4 /home/flasheep/codeigniter/system/CodeIgniter.php(410): CodeIgniter\CodeIgniter->runController(Object(App\Controllers\Library))
#5 /home/flasheep/codeigniter/system/CodeIgniter.php(318): CodeIgniter\CodeIgniter->handleRequest(NULL, Object(Config\Cache), false)
#6 /home/flasheep/public_html/index.php(37): CodeIgniter\CodeIgniter->run()
#7 {main}
CRITICAL - 2023-03-23 09:05:55 --> finfo_file(/home/flasheep/codeigniter/writable/uploads/73.jpg): failed to open stream: No such file or directory
#0 [internal function]: CodeIgniter\Debug\Exceptions->errorHandler(2, 'finfo_file(/hom...', '/home/flasheep/...', 109, Array)
#1 /home/flasheep/codeigniter/system/Files/File.php(109): finfo_file(Resource id #147, '/home/flasheep/...')
#2 /home/flasheep/codeigniter/app/Controllers/Library.php(67): CodeIgniter\Files\File->getMimeType()
#3 /home/flasheep/codeigniter/system/CodeIgniter.php(824): App\Controllers\Library->image(73)
#4 /home/flasheep/codeigniter/system/CodeIgniter.php(410): CodeIgniter\CodeIgniter->runController(Object(App\Controllers\Library))
#5 /home/flasheep/codeigniter/system/CodeIgniter.php(318): CodeIgniter\CodeIgniter->handleRequest(NULL, Object(Config\Cache), false)
#6 /home/flasheep/public_html/index.php(37): CodeIgniter\CodeIgniter->run()
#7 {main}
CRITICAL - 2023-03-23 10:39:31 --> finfo_file(/home/flasheep/codeigniter/writable/uploads/77.jpeg): failed to open stream: No such file or directory
#0 [internal function]: CodeIgniter\Debug\Exceptions->errorHandler(2, 'finfo_file(/hom...', '/home/flasheep/...', 109, Array)
#1 /home/flasheep/codeigniter/system/Files/File.php(109): finfo_file(Resource id #147, '/home/flasheep/...')
#2 /home/flasheep/codeigniter/app/Controllers/Library.php(67): CodeIgniter\Files\File->getMimeType()
#3 /home/flasheep/codeigniter/system/CodeIgniter.php(824): App\Controllers\Library->image(77)
#4 /home/flasheep/codeigniter/system/CodeIgniter.php(410): CodeIgniter\CodeIgniter->runController(Object(App\Controllers\Library))
#5 /home/flasheep/codeigniter/system/CodeIgniter.php(318): CodeIgniter\CodeIgniter->handleRequest(NULL, Object(Config\Cache), false)
#6 /home/flasheep/public_html/index.php(37): CodeIgniter\CodeIgniter->run()
#7 {main}
CRITICAL - 2023-03-23 12:06:34 --> Class '\App\Scripts\Chevrolet_Dimax_V3_2020_93c66' not found
#0 /home/flasheep/codeigniter/app/Scripts/ScriptList.php(159): App\Scripts\Script::getScript('scripts/Chevrol...', 'FFFFFFFFFFFFFFF...')
#1 /home/flasheep/codeigniter/app/Controllers/Script.php(287): App\Scripts\ScriptList::getScriptByPathInformation(Array, 'FFFFFFFFFFFFFFF...', Object(App\Entities\User))
#2 /home/flasheep/codeigniter/app/Controllers/Script.php(235): App\Controllers\Script->getScript(Array, 'FFFFFFFFFFFFFFF...')
#3 /home/flasheep/codeigniter/system/CodeIgniter.php(824): App\Controllers\Script->run()
#4 /home/flasheep/codeigniter/system/CodeIgniter.php(410): CodeIgniter\CodeIgniter->runController(Object(App\Controllers\Script))
#5 /home/flasheep/codeigniter/system/CodeIgniter.php(318): CodeIgniter\CodeIgniter->handleRequest(NULL, Object(Config\Cache), false)
#6 /home/flasheep/public_html/index.php(37): CodeIgniter\CodeIgniter->run()
#7 {main}
CRITICAL - 2023-03-23 12:06:34 --> Class '\App\Scripts\Chevrolet_Dimax_V3_2020_93c66' not found
#0 /home/flasheep/codeigniter/app/Scripts/ScriptList.php(159): App\Scripts\Script::getScript('scripts/Chevrol...', 'FFFFFFFFFFFFFFF...')
#1 /home/flasheep/codeigniter/app/Controllers/Script.php(287): App\Scripts\ScriptList::getScriptByPathInformation(Array, 'FFFFFFFFFFFFFFF...', Object(App\Entities\User))
#2 /home/flasheep/codeigniter/app/Controllers/Script.php(235): App\Controllers\Script->getScript(Array, 'FFFFFFFFFFFFFFF...')
#3 /home/flasheep/codeigniter/system/CodeIgniter.php(824): App\Controllers\Script->run()
#4 /home/flasheep/codeigniter/system/CodeIgniter.php(410): CodeIgniter\CodeIgniter->runController(Object(App\Controllers\Script))
#5 /home/flasheep/codeigniter/system/CodeIgniter.php(318): CodeIgniter\CodeIgniter->handleRequest(NULL, Object(Config\Cache), false)
#6 /home/flasheep/public_html/index.php(37): CodeIgniter\CodeIgniter->run()
#7 {main}
CRITICAL - 2023-03-23 12:06:34 --> Class '\App\Scripts\Chevrolet_Dimax_V3_2020_93c66' not found
#0 /home/flasheep/codeigniter/app/Scripts/ScriptList.php(159): App\Scripts\Script::getScript('scripts/Chevrol...', 'FFFFFFFFFFFFFFF...')
#1 /home/flasheep/codeigniter/app/Controllers/Script.php(287): App\Scripts\ScriptList::getScriptByPathInformation(Array, 'FFFFFFFFFFFFFFF...', Object(App\Entities\User))
#2 /home/flasheep/codeigniter/app/Controllers/Script.php(235): App\Controllers\Script->getScript(Array, 'FFFFFFFFFFFFFFF...')
#3 /home/flasheep/codeigniter/system/CodeIgniter.php(824): App\Controllers\Script->run()
#4 /home/flasheep/codeigniter/system/CodeIgniter.php(410): CodeIgniter\CodeIgniter->runController(Object(App\Controllers\Script))
#5 /home/flasheep/codeigniter/system/CodeIgniter.php(318): CodeIgniter\CodeIgniter->handleRequest(NULL, Object(Config\Cache), false)
#6 /home/flasheep/public_html/index.php(37): CodeIgniter\CodeIgniter->run()
#7 {main}
CRITICAL - 2023-03-23 23:35:16 --> finfo_file(/home/flasheep/codeigniter/writable/uploads/78.jpg): failed to open stream: No such file or directory
#0 [internal function]: CodeIgniter\Debug\Exceptions->errorHandler(2, 'finfo_file(/hom...', '/home/flasheep/...', 109, Array)
#1 /home/flasheep/codeigniter/system/Files/File.php(109): finfo_file(Resource id #147, '/home/flasheep/...')
#2 /home/flasheep/codeigniter/app/Controllers/Library.php(67): CodeIgniter\Files\File->getMimeType()
#3 /home/flasheep/codeigniter/system/CodeIgniter.php(824): App\Controllers\Library->image(78)
#4 /home/flasheep/codeigniter/system/CodeIgniter.php(410): CodeIgniter\CodeIgniter->runController(Object(App\Controllers\Library))
#5 /home/flasheep/codeigniter/system/CodeIgniter.php(318): CodeIgniter\CodeIgniter->handleRequest(NULL, Object(Config\Cache), false)
#6 /home/flasheep/public_html/index.php(37): CodeIgniter\CodeIgniter->run()
#7 {main}
