CRITICAL - 2022-02-24 07:25:11 --> Argument 1 passed to App\Scripts\Script::getScript() must be of the type string, null given, called in /home2/dgmtools/codeigniter/app/Controllers/Script.php on line 53
#0 /home2/dgmtools/codeigniter/app/Controllers/Script.php(53): App\Scripts\Script::getScript(NULL, NULL)
#1 /home2/dgmtools/codeigniter/system/CodeIgniter.php(824): App\Controllers\Script->run()
#2 /home2/dgmtools/codeigniter/system/CodeIgniter.php(410): CodeIgniter\CodeIgniter->runController(Object(App\Controllers\Script))
#3 /home2/dgmtools/codeigniter/system/CodeIgniter.php(318): CodeIgniter\CodeIgniter->handleRequest(NULL, Object(Config\Cache), false)
#4 /home2/dgmtools/public_html/flasheeprom.com/index.php(37): CodeIgniter\CodeIgniter->run()
#5 {main}
CRITICAL - 2022-02-24 21:15:51 --> Return value of App\Scripts\Script::getScript() must be an instance of App\Scripts\Script, none returned
#0 /home2/dgmtools/codeigniter/app/Controllers/Script.php(53): App\Scripts\Script::getScript('scripts/Mg/MG_H...', 'B8DE77000000000...')
#1 /home2/dgmtools/codeigniter/system/CodeIgniter.php(824): App\Controllers\Script->run()
#2 /home2/dgmtools/codeigniter/system/CodeIgniter.php(410): CodeIgniter\CodeIgniter->runController(Object(App\Controllers\Script))
#3 /home2/dgmtools/codeigniter/system/CodeIgniter.php(318): CodeIgniter\CodeIgniter->handleRequest(NULL, Object(Config\Cache), false)
#4 /home2/dgmtools/public_html/flasheeprom.com/index.php(37): CodeIgniter\CodeIgniter->run()
#5 {main}
CRITICAL - 2022-02-24 21:15:52 --> Return value of App\Scripts\Script::getScript() must be an instance of App\Scripts\Script, none returned
#0 /home2/dgmtools/codeigniter/app/Controllers/Script.php(53): App\Scripts\Script::getScript('scripts/Mg/MG_H...', 'B8DE77000000000...')
#1 /home2/dgmtools/codeigniter/system/CodeIgniter.php(824): App\Controllers\Script->run()
#2 /home2/dgmtools/codeigniter/system/CodeIgniter.php(410): CodeIgniter\CodeIgniter->runController(Object(App\Controllers\Script))
#3 /home2/dgmtools/codeigniter/system/CodeIgniter.php(318): CodeIgniter\CodeIgniter->handleRequest(NULL, Object(Config\Cache), false)
#4 /home2/dgmtools/public_html/flasheeprom.com/index.php(37): CodeIgniter\CodeIgniter->run()
#5 {main}
CRITICAL - 2022-02-24 21:15:52 --> Return value of App\Scripts\Script::getScript() must be an instance of App\Scripts\Script, none returned
#0 /home2/dgmtools/codeigniter/app/Controllers/Script.php(53): App\Scripts\Script::getScript('scripts/Mg/MG_H...', 'B8DE77000000000...')
#1 /home2/dgmtools/codeigniter/system/CodeIgniter.php(824): App\Controllers\Script->run()
#2 /home2/dgmtools/codeigniter/system/CodeIgniter.php(410): CodeIgniter\CodeIgniter->runController(Object(App\Controllers\Script))
#3 /home2/dgmtools/codeigniter/system/CodeIgniter.php(318): CodeIgniter\CodeIgniter->handleRequest(NULL, Object(Config\Cache), false)
#4 /home2/dgmtools/public_html/flasheeprom.com/index.php(37): CodeIgniter\CodeIgniter->run()
#5 {main}
CRITICAL - 2022-02-24 21:30:28 --> syntax error, unexpected '$number' (T_VARIABLE)
#0 /home2/dgmtools/codeigniter/app/Controllers/Script.php(53): App\Scripts\Script::getScript('scripts/Mg/MG_3...', '000000000000000...')
#1 /home2/dgmtools/codeigniter/system/CodeIgniter.php(824): App\Controllers\Script->run()
#2 /home2/dgmtools/codeigniter/system/CodeIgniter.php(410): CodeIgniter\CodeIgniter->runController(Object(App\Controllers\Script))
#3 /home2/dgmtools/codeigniter/system/CodeIgniter.php(318): CodeIgniter\CodeIgniter->handleRequest(NULL, Object(Config\Cache), false)
#4 /home2/dgmtools/public_html/flasheeprom.com/index.php(37): CodeIgniter\CodeIgniter->run()
#5 {main}
