CRITICAL - 2022-08-02 14:01:38 --> Class '\App\Scripts\Hyundai_Genesis_2011_24c16' not found
#0 /home/flasheep/codeigniter/app/Scripts/ScriptList.php(159): App\Scripts\Script::getScript('scripts/Hyundai...', 'FF003F3F0119070...')
#1 /home/flasheep/codeigniter/app/Controllers/Script.php(288): App\Scripts\ScriptList::getScriptByPathInformation(Array, 'FF003F3F0119070...', Object(App\Entities\User))
#2 /home/flasheep/codeigniter/app/Controllers/Script.php(241): App\Controllers\Script->getScript(Array, 'FF003F3F0119070...')
#3 /home/flasheep/codeigniter/system/CodeIgniter.php(824): App\Controllers\Script->run()
#4 /home/flasheep/codeigniter/system/CodeIgniter.php(410): CodeIgniter\CodeIgniter->runController(Object(App\Controllers\Script))
#5 /home/flasheep/codeigniter/system/CodeIgniter.php(318): CodeIgniter\CodeIgniter->handleRequest(NULL, Object(Config\Cache), false)
#6 /home/flasheep/public_html/index.php(37): CodeIgniter\CodeIgniter->run()
#7 {main}
CRITICAL - 2022-08-02 22:11:35 --> Class '\App\Scripts\Hyundai_Genesis_2011_24c16' not found
#0 /home/flasheep/codeigniter/app/Scripts/ScriptList.php(159): App\Scripts\Script::getScript('scripts/Hyundai...', '0000026C3F3F3F3...')
#1 /home/flasheep/codeigniter/app/Controllers/Script.php(288): App\Scripts\ScriptList::getScriptByPathInformation(Array, '0000026C3F3F3F3...', Object(App\Entities\User))
#2 /home/flasheep/codeigniter/app/Controllers/Script.php(241): App\Controllers\Script->getScript(Array, '0000026C3F3F3F3...')
#3 /home/flasheep/codeigniter/system/CodeIgniter.php(824): App\Controllers\Script->run()
#4 /home/flasheep/codeigniter/system/CodeIgniter.php(410): CodeIgniter\CodeIgniter->runController(Object(App\Controllers\Script))
#5 /home/flasheep/codeigniter/system/CodeIgniter.php(318): CodeIgniter\CodeIgniter->handleRequest(NULL, Object(Config\Cache), false)
#6 /home/flasheep/public_html/index.php(37): CodeIgniter\CodeIgniter->run()
#7 {main}
CRITICAL - 2022-08-02 23:49:47 --> Class '\App\Scripts\Chevrolet_Niro_Hibrid_24c32_crc' not found
#0 /home/flasheep/codeigniter/app/Scripts/ScriptList.php(159): App\Scripts\Script::getScript('scripts/Chevrol...', '0000026C3F3F3F3...')
#1 /home/flasheep/codeigniter/app/Controllers/Script.php(288): App\Scripts\ScriptList::getScriptByPathInformation(Array, '0000026C3F3F3F3...', Object(App\Entities\User))
#2 /home/flasheep/codeigniter/app/Controllers/Script.php(241): App\Controllers\Script->getScript(Array, '0000026C3F3F3F3...')
#3 /home/flasheep/codeigniter/system/CodeIgniter.php(824): App\Controllers\Script->run()
#4 /home/flasheep/codeigniter/system/CodeIgniter.php(410): CodeIgniter\CodeIgniter->runController(Object(App\Controllers\Script))
#5 /home/flasheep/codeigniter/system/CodeIgniter.php(318): CodeIgniter\CodeIgniter->handleRequest(NULL, Object(Config\Cache), false)
#6 /home/flasheep/public_html/index.php(37): CodeIgniter\CodeIgniter->run()
#7 {main}
CRITICAL - 2022-08-02 23:49:48 --> Class '\App\Scripts\Chevrolet_Niro_Hibrid_24c32_crc' not found
#0 /home/flasheep/codeigniter/app/Scripts/ScriptList.php(159): App\Scripts\Script::getScript('scripts/Chevrol...', '0000026C3F3F3F3...')
#1 /home/flasheep/codeigniter/app/Controllers/Script.php(288): App\Scripts\ScriptList::getScriptByPathInformation(Array, '0000026C3F3F3F3...', Object(App\Entities\User))
#2 /home/flasheep/codeigniter/app/Controllers/Script.php(241): App\Controllers\Script->getScript(Array, '0000026C3F3F3F3...')
#3 /home/flasheep/codeigniter/system/CodeIgniter.php(824): App\Controllers\Script->run()
#4 /home/flasheep/codeigniter/system/CodeIgniter.php(410): CodeIgniter\CodeIgniter->runController(Object(App\Controllers\Script))
#5 /home/flasheep/codeigniter/system/CodeIgniter.php(318): CodeIgniter\CodeIgniter->handleRequest(NULL, Object(Config\Cache), false)
#6 /home/flasheep/public_html/index.php(37): CodeIgniter\CodeIgniter->run()
#7 {main}
CRITICAL - 2022-08-02 23:49:49 --> Class '\App\Scripts\Chevrolet_Niro_Hibrid_24c32_crc' not found
#0 /home/flasheep/codeigniter/app/Scripts/ScriptList.php(159): App\Scripts\Script::getScript('scripts/Chevrol...', '0000026C3F3F3F3...')
#1 /home/flasheep/codeigniter/app/Controllers/Script.php(288): App\Scripts\ScriptList::getScriptByPathInformation(Array, '0000026C3F3F3F3...', Object(App\Entities\User))
#2 /home/flasheep/codeigniter/app/Controllers/Script.php(241): App\Controllers\Script->getScript(Array, '0000026C3F3F3F3...')
#3 /home/flasheep/codeigniter/system/CodeIgniter.php(824): App\Controllers\Script->run()
#4 /home/flasheep/codeigniter/system/CodeIgniter.php(410): CodeIgniter\CodeIgniter->runController(Object(App\Controllers\Script))
#5 /home/flasheep/codeigniter/system/CodeIgniter.php(318): CodeIgniter\CodeIgniter->handleRequest(NULL, Object(Config\Cache), false)
#6 /home/flasheep/public_html/index.php(37): CodeIgniter\CodeIgniter->run()
#7 {main}
CRITICAL - 2022-08-02 23:49:55 --> Class '\App\Scripts\Chevrolet_Niro_Hibrid_24c32_crc' not found
#0 /home/flasheep/codeigniter/app/Scripts/ScriptList.php(159): App\Scripts\Script::getScript('scripts/Chevrol...', '0000026C3F3F3F3...')
#1 /home/flasheep/codeigniter/app/Controllers/Script.php(288): App\Scripts\ScriptList::getScriptByPathInformation(Array, '0000026C3F3F3F3...', Object(App\Entities\User))
#2 /home/flasheep/codeigniter/app/Controllers/Script.php(241): App\Controllers\Script->getScript(Array, '0000026C3F3F3F3...')
#3 /home/flasheep/codeigniter/system/CodeIgniter.php(824): App\Controllers\Script->run()
#4 /home/flasheep/codeigniter/system/CodeIgniter.php(410): CodeIgniter\CodeIgniter->runController(Object(App\Controllers\Script))
#5 /home/flasheep/codeigniter/system/CodeIgniter.php(318): CodeIgniter\CodeIgniter->handleRequest(NULL, Object(Config\Cache), false)
#6 /home/flasheep/public_html/index.php(37): CodeIgniter\CodeIgniter->run()
#7 {main}
CRITICAL - 2022-08-02 23:49:56 --> Class '\App\Scripts\Chevrolet_Niro_Hibrid_24c32_crc' not found
#0 /home/flasheep/codeigniter/app/Scripts/ScriptList.php(159): App\Scripts\Script::getScript('scripts/Chevrol...', '0000026C3F3F3F3...')
#1 /home/flasheep/codeigniter/app/Controllers/Script.php(288): App\Scripts\ScriptList::getScriptByPathInformation(Array, '0000026C3F3F3F3...', Object(App\Entities\User))
#2 /home/flasheep/codeigniter/app/Controllers/Script.php(241): App\Controllers\Script->getScript(Array, '0000026C3F3F3F3...')
#3 /home/flasheep/codeigniter/system/CodeIgniter.php(824): App\Controllers\Script->run()
#4 /home/flasheep/codeigniter/system/CodeIgniter.php(410): CodeIgniter\CodeIgniter->runController(Object(App\Controllers\Script))
#5 /home/flasheep/codeigniter/system/CodeIgniter.php(318): CodeIgniter\CodeIgniter->handleRequest(NULL, Object(Config\Cache), false)
#6 /home/flasheep/public_html/index.php(37): CodeIgniter\CodeIgniter->run()
#7 {main}
CRITICAL - 2022-08-02 23:49:56 --> Class '\App\Scripts\Chevrolet_Niro_Hibrid_24c32_crc' not found
#0 /home/flasheep/codeigniter/app/Scripts/ScriptList.php(159): App\Scripts\Script::getScript('scripts/Chevrol...', '0000026C3F3F3F3...')
#1 /home/flasheep/codeigniter/app/Controllers/Script.php(288): App\Scripts\ScriptList::getScriptByPathInformation(Array, '0000026C3F3F3F3...', Object(App\Entities\User))
#2 /home/flasheep/codeigniter/app/Controllers/Script.php(241): App\Controllers\Script->getScript(Array, '0000026C3F3F3F3...')
#3 /home/flasheep/codeigniter/system/CodeIgniter.php(824): App\Controllers\Script->run()
#4 /home/flasheep/codeigniter/system/CodeIgniter.php(410): CodeIgniter\CodeIgniter->runController(Object(App\Controllers\Script))
#5 /home/flasheep/codeigniter/system/CodeIgniter.php(318): CodeIgniter\CodeIgniter->handleRequest(NULL, Object(Config\Cache), false)
#6 /home/flasheep/public_html/index.php(37): CodeIgniter\CodeIgniter->run()
#7 {main}
CRITICAL - 2022-08-02 23:49:57 --> Class '\App\Scripts\Chevrolet_Niro_Hibrid_24c32_crc' not found
#0 /home/flasheep/codeigniter/app/Scripts/ScriptList.php(159): App\Scripts\Script::getScript('scripts/Chevrol...', '0000026C3F3F3F3...')
#1 /home/flasheep/codeigniter/app/Controllers/Script.php(288): App\Scripts\ScriptList::getScriptByPathInformation(Array, '0000026C3F3F3F3...', Object(App\Entities\User))
#2 /home/flasheep/codeigniter/app/Controllers/Script.php(241): App\Controllers\Script->getScript(Array, '0000026C3F3F3F3...')
#3 /home/flasheep/codeigniter/system/CodeIgniter.php(824): App\Controllers\Script->run()
#4 /home/flasheep/codeigniter/system/CodeIgniter.php(410): CodeIgniter\CodeIgniter->runController(Object(App\Controllers\Script))
#5 /home/flasheep/codeigniter/system/CodeIgniter.php(318): CodeIgniter\CodeIgniter->handleRequest(NULL, Object(Config\Cache), false)
#6 /home/flasheep/public_html/index.php(37): CodeIgniter\CodeIgniter->run()
#7 {main}
CRITICAL - 2022-08-02 23:49:59 --> Class '\App\Scripts\Chevrolet_Niro_Hibrid_24c32_crc' not found
#0 /home/flasheep/codeigniter/app/Scripts/ScriptList.php(159): App\Scripts\Script::getScript('scripts/Chevrol...', '0000026C3F3F3F3...')
#1 /home/flasheep/codeigniter/app/Controllers/Script.php(288): App\Scripts\ScriptList::getScriptByPathInformation(Array, '0000026C3F3F3F3...', Object(App\Entities\User))
#2 /home/flasheep/codeigniter/app/Controllers/Script.php(241): App\Controllers\Script->getScript(Array, '0000026C3F3F3F3...')
#3 /home/flasheep/codeigniter/system/CodeIgniter.php(824): App\Controllers\Script->run()
#4 /home/flasheep/codeigniter/system/CodeIgniter.php(410): CodeIgniter\CodeIgniter->runController(Object(App\Controllers\Script))
#5 /home/flasheep/codeigniter/system/CodeIgniter.php(318): CodeIgniter\CodeIgniter->handleRequest(NULL, Object(Config\Cache), false)
#6 /home/flasheep/public_html/index.php(37): CodeIgniter\CodeIgniter->run()
#7 {main}
CRITICAL - 2022-08-02 23:50:28 --> Class '\App\Scripts\Chevrolet_Niro_Hibrid_24c32_crc' not found
#0 /home/flasheep/codeigniter/app/Scripts/ScriptList.php(159): App\Scripts\Script::getScript('scripts/Chevrol...', '0000026C3F3F3F3...')
#1 /home/flasheep/codeigniter/app/Controllers/Script.php(288): App\Scripts\ScriptList::getScriptByPathInformation(Array, '0000026C3F3F3F3...', Object(App\Entities\User))
#2 /home/flasheep/codeigniter/app/Controllers/Script.php(241): App\Controllers\Script->getScript(Array, '0000026C3F3F3F3...')
#3 /home/flasheep/codeigniter/system/CodeIgniter.php(824): App\Controllers\Script->run()
#4 /home/flasheep/codeigniter/system/CodeIgniter.php(410): CodeIgniter\CodeIgniter->runController(Object(App\Controllers\Script))
#5 /home/flasheep/codeigniter/system/CodeIgniter.php(318): CodeIgniter\CodeIgniter->handleRequest(NULL, Object(Config\Cache), false)
#6 /home/flasheep/public_html/index.php(37): CodeIgniter\CodeIgniter->run()
#7 {main}
CRITICAL - 2022-08-02 23:50:40 --> Class '\App\Scripts\Chevrolet_Niro_Hibrid_24c32_crc' not found
#0 /home/flasheep/codeigniter/app/Scripts/ScriptList.php(159): App\Scripts\Script::getScript('scripts/Chevrol...', '0000026C3F3F3F3...')
#1 /home/flasheep/codeigniter/app/Controllers/Script.php(288): App\Scripts\ScriptList::getScriptByPathInformation(Array, '0000026C3F3F3F3...', Object(App\Entities\User))
#2 /home/flasheep/codeigniter/app/Controllers/Script.php(241): App\Controllers\Script->getScript(Array, '0000026C3F3F3F3...')
#3 /home/flasheep/codeigniter/system/CodeIgniter.php(824): App\Controllers\Script->run()
#4 /home/flasheep/codeigniter/system/CodeIgniter.php(410): CodeIgniter\CodeIgniter->runController(Object(App\Controllers\Script))
#5 /home/flasheep/codeigniter/system/CodeIgniter.php(318): CodeIgniter\CodeIgniter->handleRequest(NULL, Object(Config\Cache), false)
#6 /home/flasheep/public_html/index.php(37): CodeIgniter\CodeIgniter->run()
#7 {main}
CRITICAL - 2022-08-02 23:50:41 --> Class '\App\Scripts\Chevrolet_Niro_Hibrid_24c32_crc' not found
#0 /home/flasheep/codeigniter/app/Scripts/ScriptList.php(159): App\Scripts\Script::getScript('scripts/Chevrol...', '0000026C3F3F3F3...')
#1 /home/flasheep/codeigniter/app/Controllers/Script.php(288): App\Scripts\ScriptList::getScriptByPathInformation(Array, '0000026C3F3F3F3...', Object(App\Entities\User))
#2 /home/flasheep/codeigniter/app/Controllers/Script.php(241): App\Controllers\Script->getScript(Array, '0000026C3F3F3F3...')
#3 /home/flasheep/codeigniter/system/CodeIgniter.php(824): App\Controllers\Script->run()
#4 /home/flasheep/codeigniter/system/CodeIgniter.php(410): CodeIgniter\CodeIgniter->runController(Object(App\Controllers\Script))
#5 /home/flasheep/codeigniter/system/CodeIgniter.php(318): CodeIgniter\CodeIgniter->handleRequest(NULL, Object(Config\Cache), false)
#6 /home/flasheep/public_html/index.php(37): CodeIgniter\CodeIgniter->run()
#7 {main}
CRITICAL - 2022-08-02 23:50:41 --> Class '\App\Scripts\Chevrolet_Niro_Hibrid_24c32_crc' not found
#0 /home/flasheep/codeigniter/app/Scripts/ScriptList.php(159): App\Scripts\Script::getScript('scripts/Chevrol...', '0000026C3F3F3F3...')
#1 /home/flasheep/codeigniter/app/Controllers/Script.php(288): App\Scripts\ScriptList::getScriptByPathInformation(Array, '0000026C3F3F3F3...', Object(App\Entities\User))
#2 /home/flasheep/codeigniter/app/Controllers/Script.php(241): App\Controllers\Script->getScript(Array, '0000026C3F3F3F3...')
#3 /home/flasheep/codeigniter/system/CodeIgniter.php(824): App\Controllers\Script->run()
#4 /home/flasheep/codeigniter/system/CodeIgniter.php(410): CodeIgniter\CodeIgniter->runController(Object(App\Controllers\Script))
#5 /home/flasheep/codeigniter/system/CodeIgniter.php(318): CodeIgniter\CodeIgniter->handleRequest(NULL, Object(Config\Cache), false)
#6 /home/flasheep/public_html/index.php(37): CodeIgniter\CodeIgniter->run()
#7 {main}
CRITICAL - 2022-08-02 23:50:44 --> Class '\App\Scripts\Chevrolet_Niro_Hibrid_24c32_crc' not found
#0 /home/flasheep/codeigniter/app/Scripts/ScriptList.php(159): App\Scripts\Script::getScript('scripts/Chevrol...', '0000026C3F3F3F3...')
#1 /home/flasheep/codeigniter/app/Controllers/Script.php(288): App\Scripts\ScriptList::getScriptByPathInformation(Array, '0000026C3F3F3F3...', Object(App\Entities\User))
#2 /home/flasheep/codeigniter/app/Controllers/Script.php(241): App\Controllers\Script->getScript(Array, '0000026C3F3F3F3...')
#3 /home/flasheep/codeigniter/system/CodeIgniter.php(824): App\Controllers\Script->run()
#4 /home/flasheep/codeigniter/system/CodeIgniter.php(410): CodeIgniter\CodeIgniter->runController(Object(App\Controllers\Script))
#5 /home/flasheep/codeigniter/system/CodeIgniter.php(318): CodeIgniter\CodeIgniter->handleRequest(NULL, Object(Config\Cache), false)
#6 /home/flasheep/public_html/index.php(37): CodeIgniter\CodeIgniter->run()
#7 {main}
CRITICAL - 2022-08-02 23:51:04 --> Class '\App\Scripts\Chevrolet_Niro_Hibrid_24c32_crc' not found
#0 /home/flasheep/codeigniter/app/Scripts/ScriptList.php(159): App\Scripts\Script::getScript('scripts/Chevrol...', '0000026C3F3F3F3...')
#1 /home/flasheep/codeigniter/app/Controllers/Script.php(288): App\Scripts\ScriptList::getScriptByPathInformation(Array, '0000026C3F3F3F3...', Object(App\Entities\User))
#2 /home/flasheep/codeigniter/app/Controllers/Script.php(241): App\Controllers\Script->getScript(Array, '0000026C3F3F3F3...')
#3 /home/flasheep/codeigniter/system/CodeIgniter.php(824): App\Controllers\Script->run()
#4 /home/flasheep/codeigniter/system/CodeIgniter.php(410): CodeIgniter\CodeIgniter->runController(Object(App\Controllers\Script))
#5 /home/flasheep/codeigniter/system/CodeIgniter.php(318): CodeIgniter\CodeIgniter->handleRequest(NULL, Object(Config\Cache), false)
#6 /home/flasheep/public_html/index.php(37): CodeIgniter\CodeIgniter->run()
#7 {main}
CRITICAL - 2022-08-02 23:51:04 --> Class '\App\Scripts\Chevrolet_Niro_Hibrid_24c32_crc' not found
#0 /home/flasheep/codeigniter/app/Scripts/ScriptList.php(159): App\Scripts\Script::getScript('scripts/Chevrol...', '0000026C3F3F3F3...')
#1 /home/flasheep/codeigniter/app/Controllers/Script.php(288): App\Scripts\ScriptList::getScriptByPathInformation(Array, '0000026C3F3F3F3...', Object(App\Entities\User))
#2 /home/flasheep/codeigniter/app/Controllers/Script.php(241): App\Controllers\Script->getScript(Array, '0000026C3F3F3F3...')
#3 /home/flasheep/codeigniter/system/CodeIgniter.php(824): App\Controllers\Script->run()
#4 /home/flasheep/codeigniter/system/CodeIgniter.php(410): CodeIgniter\CodeIgniter->runController(Object(App\Controllers\Script))
#5 /home/flasheep/codeigniter/system/CodeIgniter.php(318): CodeIgniter\CodeIgniter->handleRequest(NULL, Object(Config\Cache), false)
#6 /home/flasheep/public_html/index.php(37): CodeIgniter\CodeIgniter->run()
#7 {main}
CRITICAL - 2022-08-02 23:51:04 --> Class '\App\Scripts\Chevrolet_Niro_Hibrid_24c32_crc' not found
#0 /home/flasheep/codeigniter/app/Scripts/ScriptList.php(159): App\Scripts\Script::getScript('scripts/Chevrol...', '0000026C3F3F3F3...')
#1 /home/flasheep/codeigniter/app/Controllers/Script.php(288): App\Scripts\ScriptList::getScriptByPathInformation(Array, '0000026C3F3F3F3...', Object(App\Entities\User))
#2 /home/flasheep/codeigniter/app/Controllers/Script.php(241): App\Controllers\Script->getScript(Array, '0000026C3F3F3F3...')
#3 /home/flasheep/codeigniter/system/CodeIgniter.php(824): App\Controllers\Script->run()
#4 /home/flasheep/codeigniter/system/CodeIgniter.php(410): CodeIgniter\CodeIgniter->runController(Object(App\Controllers\Script))
#5 /home/flasheep/codeigniter/system/CodeIgniter.php(318): CodeIgniter\CodeIgniter->handleRequest(NULL, Object(Config\Cache), false)
#6 /home/flasheep/public_html/index.php(37): CodeIgniter\CodeIgniter->run()
#7 {main}
CRITICAL - 2022-08-02 23:51:06 --> Class '\App\Scripts\Chevrolet_Niro_Hibrid_24c32_crc' not found
#0 /home/flasheep/codeigniter/app/Scripts/ScriptList.php(159): App\Scripts\Script::getScript('scripts/Chevrol...', '0000026C3F3F3F3...')
#1 /home/flasheep/codeigniter/app/Controllers/Script.php(288): App\Scripts\ScriptList::getScriptByPathInformation(Array, '0000026C3F3F3F3...', Object(App\Entities\User))
#2 /home/flasheep/codeigniter/app/Controllers/Script.php(241): App\Controllers\Script->getScript(Array, '0000026C3F3F3F3...')
#3 /home/flasheep/codeigniter/system/CodeIgniter.php(824): App\Controllers\Script->run()
#4 /home/flasheep/codeigniter/system/CodeIgniter.php(410): CodeIgniter\CodeIgniter->runController(Object(App\Controllers\Script))
#5 /home/flasheep/codeigniter/system/CodeIgniter.php(318): CodeIgniter\CodeIgniter->handleRequest(NULL, Object(Config\Cache), false)
#6 /home/flasheep/public_html/index.php(37): CodeIgniter\CodeIgniter->run()
#7 {main}
CRITICAL - 2022-08-02 23:51:12 --> Class '\App\Scripts\Chevrolet_Niro_Hibrid_24c32_crc' not found
#0 /home/flasheep/codeigniter/app/Scripts/ScriptList.php(159): App\Scripts\Script::getScript('scripts/Chevrol...', '0000026C3F3F3F3...')
#1 /home/flasheep/codeigniter/app/Controllers/Script.php(288): App\Scripts\ScriptList::getScriptByPathInformation(Array, '0000026C3F3F3F3...', Object(App\Entities\User))
#2 /home/flasheep/codeigniter/app/Controllers/Script.php(241): App\Controllers\Script->getScript(Array, '0000026C3F3F3F3...')
#3 /home/flasheep/codeigniter/system/CodeIgniter.php(824): App\Controllers\Script->run()
#4 /home/flasheep/codeigniter/system/CodeIgniter.php(410): CodeIgniter\CodeIgniter->runController(Object(App\Controllers\Script))
#5 /home/flasheep/codeigniter/system/CodeIgniter.php(318): CodeIgniter\CodeIgniter->handleRequest(NULL, Object(Config\Cache), false)
#6 /home/flasheep/public_html/index.php(37): CodeIgniter\CodeIgniter->run()
#7 {main}
CRITICAL - 2022-08-02 23:51:12 --> Class '\App\Scripts\Chevrolet_Niro_Hibrid_24c32_crc' not found
#0 /home/flasheep/codeigniter/app/Scripts/ScriptList.php(159): App\Scripts\Script::getScript('scripts/Chevrol...', '0000026C3F3F3F3...')
#1 /home/flasheep/codeigniter/app/Controllers/Script.php(288): App\Scripts\ScriptList::getScriptByPathInformation(Array, '0000026C3F3F3F3...', Object(App\Entities\User))
#2 /home/flasheep/codeigniter/app/Controllers/Script.php(241): App\Controllers\Script->getScript(Array, '0000026C3F3F3F3...')
#3 /home/flasheep/codeigniter/system/CodeIgniter.php(824): App\Controllers\Script->run()
#4 /home/flasheep/codeigniter/system/CodeIgniter.php(410): CodeIgniter\CodeIgniter->runController(Object(App\Controllers\Script))
#5 /home/flasheep/codeigniter/system/CodeIgniter.php(318): CodeIgniter\CodeIgniter->handleRequest(NULL, Object(Config\Cache), false)
#6 /home/flasheep/public_html/index.php(37): CodeIgniter\CodeIgniter->run()
#7 {main}
CRITICAL - 2022-08-02 23:51:13 --> Class '\App\Scripts\Chevrolet_Niro_Hibrid_24c32_crc' not found
#0 /home/flasheep/codeigniter/app/Scripts/ScriptList.php(159): App\Scripts\Script::getScript('scripts/Chevrol...', '0000026C3F3F3F3...')
#1 /home/flasheep/codeigniter/app/Controllers/Script.php(288): App\Scripts\ScriptList::getScriptByPathInformation(Array, '0000026C3F3F3F3...', Object(App\Entities\User))
#2 /home/flasheep/codeigniter/app/Controllers/Script.php(241): App\Controllers\Script->getScript(Array, '0000026C3F3F3F3...')
#3 /home/flasheep/codeigniter/system/CodeIgniter.php(824): App\Controllers\Script->run()
#4 /home/flasheep/codeigniter/system/CodeIgniter.php(410): CodeIgniter\CodeIgniter->runController(Object(App\Controllers\Script))
#5 /home/flasheep/codeigniter/system/CodeIgniter.php(318): CodeIgniter\CodeIgniter->handleRequest(NULL, Object(Config\Cache), false)
#6 /home/flasheep/public_html/index.php(37): CodeIgniter\CodeIgniter->run()
#7 {main}
CRITICAL - 2022-08-02 23:51:18 --> Class '\App\Scripts\Chevrolet_Niro_Hibrid_24c32_crc' not found
#0 /home/flasheep/codeigniter/app/Scripts/ScriptList.php(159): App\Scripts\Script::getScript('scripts/Chevrol...', '0000026C3F3F3F3...')
#1 /home/flasheep/codeigniter/app/Controllers/Script.php(288): App\Scripts\ScriptList::getScriptByPathInformation(Array, '0000026C3F3F3F3...', Object(App\Entities\User))
#2 /home/flasheep/codeigniter/app/Controllers/Script.php(241): App\Controllers\Script->getScript(Array, '0000026C3F3F3F3...')
#3 /home/flasheep/codeigniter/system/CodeIgniter.php(824): App\Controllers\Script->run()
#4 /home/flasheep/codeigniter/system/CodeIgniter.php(410): CodeIgniter\CodeIgniter->runController(Object(App\Controllers\Script))
#5 /home/flasheep/codeigniter/system/CodeIgniter.php(318): CodeIgniter\CodeIgniter->handleRequest(NULL, Object(Config\Cache), false)
#6 /home/flasheep/public_html/index.php(37): CodeIgniter\CodeIgniter->run()
#7 {main}
CRITICAL - 2022-08-02 23:51:19 --> Class '\App\Scripts\Chevrolet_Niro_Hibrid_24c32_crc' not found
#0 /home/flasheep/codeigniter/app/Scripts/ScriptList.php(159): App\Scripts\Script::getScript('scripts/Chevrol...', '0000026C3F3F3F3...')
#1 /home/flasheep/codeigniter/app/Controllers/Script.php(288): App\Scripts\ScriptList::getScriptByPathInformation(Array, '0000026C3F3F3F3...', Object(App\Entities\User))
#2 /home/flasheep/codeigniter/app/Controllers/Script.php(241): App\Controllers\Script->getScript(Array, '0000026C3F3F3F3...')
#3 /home/flasheep/codeigniter/system/CodeIgniter.php(824): App\Controllers\Script->run()
#4 /home/flasheep/codeigniter/system/CodeIgniter.php(410): CodeIgniter\CodeIgniter->runController(Object(App\Controllers\Script))
#5 /home/flasheep/codeigniter/system/CodeIgniter.php(318): CodeIgniter\CodeIgniter->handleRequest(NULL, Object(Config\Cache), false)
#6 /home/flasheep/public_html/index.php(37): CodeIgniter\CodeIgniter->run()
#7 {main}
CRITICAL - 2022-08-02 23:51:21 --> Class '\App\Scripts\Chevrolet_Niro_Hibrid_24c32_crc' not found
#0 /home/flasheep/codeigniter/app/Scripts/ScriptList.php(159): App\Scripts\Script::getScript('scripts/Chevrol...', '0000026C3F3F3F3...')
#1 /home/flasheep/codeigniter/app/Controllers/Script.php(288): App\Scripts\ScriptList::getScriptByPathInformation(Array, '0000026C3F3F3F3...', Object(App\Entities\User))
#2 /home/flasheep/codeigniter/app/Controllers/Script.php(241): App\Controllers\Script->getScript(Array, '0000026C3F3F3F3...')
#3 /home/flasheep/codeigniter/system/CodeIgniter.php(824): App\Controllers\Script->run()
#4 /home/flasheep/codeigniter/system/CodeIgniter.php(410): CodeIgniter\CodeIgniter->runController(Object(App\Controllers\Script))
#5 /home/flasheep/codeigniter/system/CodeIgniter.php(318): CodeIgniter\CodeIgniter->handleRequest(NULL, Object(Config\Cache), false)
#6 /home/flasheep/public_html/index.php(37): CodeIgniter\CodeIgniter->run()
#7 {main}
CRITICAL - 2022-08-02 23:51:22 --> Class '\App\Scripts\Chevrolet_Niro_Hibrid_24c32_crc' not found
#0 /home/flasheep/codeigniter/app/Scripts/ScriptList.php(159): App\Scripts\Script::getScript('scripts/Chevrol...', '0000026C3F3F3F3...')
#1 /home/flasheep/codeigniter/app/Controllers/Script.php(288): App\Scripts\ScriptList::getScriptByPathInformation(Array, '0000026C3F3F3F3...', Object(App\Entities\User))
#2 /home/flasheep/codeigniter/app/Controllers/Script.php(241): App\Controllers\Script->getScript(Array, '0000026C3F3F3F3...')
#3 /home/flasheep/codeigniter/system/CodeIgniter.php(824): App\Controllers\Script->run()
#4 /home/flasheep/codeigniter/system/CodeIgniter.php(410): CodeIgniter\CodeIgniter->runController(Object(App\Controllers\Script))
#5 /home/flasheep/codeigniter/system/CodeIgniter.php(318): CodeIgniter\CodeIgniter->handleRequest(NULL, Object(Config\Cache), false)
#6 /home/flasheep/public_html/index.php(37): CodeIgniter\CodeIgniter->run()
#7 {main}
CRITICAL - 2022-08-02 23:51:22 --> Class '\App\Scripts\Chevrolet_Niro_Hibrid_24c32_crc' not found
#0 /home/flasheep/codeigniter/app/Scripts/ScriptList.php(159): App\Scripts\Script::getScript('scripts/Chevrol...', '0000026C3F3F3F3...')
#1 /home/flasheep/codeigniter/app/Controllers/Script.php(288): App\Scripts\ScriptList::getScriptByPathInformation(Array, '0000026C3F3F3F3...', Object(App\Entities\User))
#2 /home/flasheep/codeigniter/app/Controllers/Script.php(241): App\Controllers\Script->getScript(Array, '0000026C3F3F3F3...')
#3 /home/flasheep/codeigniter/system/CodeIgniter.php(824): App\Controllers\Script->run()
#4 /home/flasheep/codeigniter/system/CodeIgniter.php(410): CodeIgniter\CodeIgniter->runController(Object(App\Controllers\Script))
#5 /home/flasheep/codeigniter/system/CodeIgniter.php(318): CodeIgniter\CodeIgniter->handleRequest(NULL, Object(Config\Cache), false)
#6 /home/flasheep/public_html/index.php(37): CodeIgniter\CodeIgniter->run()
#7 {main}
CRITICAL - 2022-08-02 23:51:26 --> Class '\App\Scripts\Chevrolet_Niro_Hibrid_24c32_crc' not found
#0 /home/flasheep/codeigniter/app/Scripts/ScriptList.php(159): App\Scripts\Script::getScript('scripts/Chevrol...', '0000026C3F3F3F3...')
#1 /home/flasheep/codeigniter/app/Controllers/Script.php(288): App\Scripts\ScriptList::getScriptByPathInformation(Array, '0000026C3F3F3F3...', Object(App\Entities\User))
#2 /home/flasheep/codeigniter/app/Controllers/Script.php(241): App\Controllers\Script->getScript(Array, '0000026C3F3F3F3...')
#3 /home/flasheep/codeigniter/system/CodeIgniter.php(824): App\Controllers\Script->run()
#4 /home/flasheep/codeigniter/system/CodeIgniter.php(410): CodeIgniter\CodeIgniter->runController(Object(App\Controllers\Script))
#5 /home/flasheep/codeigniter/system/CodeIgniter.php(318): CodeIgniter\CodeIgniter->handleRequest(NULL, Object(Config\Cache), false)
#6 /home/flasheep/public_html/index.php(37): CodeIgniter\CodeIgniter->run()
#7 {main}
