ERROR - 2022-02-12 10:11:34 --> Cannot add or update a child row: a foreign key constraint fails (`dgmtools_hexeditor`.`activity`, CONSTRAINT `activity_ibfk_3` FOREIGN KEY (`shareid`) REFERENCES `share` (`shareid`) ON DELETE CASCADE)
ERROR - 2022-02-12 10:15:58 --> Cannot add or update a child row: a foreign key constraint fails (`dgmtools_hexeditor`.`activity`, CONSTRAINT `activity_ibfk_3` FOREIGN KEY (`shareid`) REFERENCES `share` (`shareid`) ON DELETE CASCADE)
CRITICAL - 2022-02-12 10:19:47 --> Class '\App\Scripts\Suzuki_swift_93c46' not found
#0 /home2/dgmtools/codeigniter/app/Controllers/Script.php(43): App\Scripts\Script::getScript('scripts/Suzuki/...', 'FFFFFFFFFFFFFFF...')
#1 /home2/dgmtools/codeigniter/system/CodeIgniter.php(824): App\Controllers\Script->run()
#2 /home2/dgmtools/codeigniter/system/CodeIgniter.php(410): CodeIgniter\CodeIgniter->runController(Object(App\Controllers\Script))
#3 /home2/dgmtools/codeigniter/system/CodeIgniter.php(318): CodeIgniter\CodeIgniter->handleRequest(NULL, Object(Config\Cache), false)
#4 /home2/dgmtools/public_html/flasheeprom.com/index.php(37): CodeIgniter\CodeIgniter->run()
#5 {main}
CRITICAL - 2022-02-12 10:19:51 --> Class '\App\Scripts\Suzuki_swift_93c46' not found
#0 /home2/dgmtools/codeigniter/app/Controllers/Script.php(43): App\Scripts\Script::getScript('scripts/Suzuki/...', 'FFFFFFFFFFFFFFF...')
#1 /home2/dgmtools/codeigniter/system/CodeIgniter.php(824): App\Controllers\Script->run()
#2 /home2/dgmtools/codeigniter/system/CodeIgniter.php(410): CodeIgniter\CodeIgniter->runController(Object(App\Controllers\Script))
#3 /home2/dgmtools/codeigniter/system/CodeIgniter.php(318): CodeIgniter\CodeIgniter->handleRequest(NULL, Object(Config\Cache), false)
#4 /home2/dgmtools/public_html/flasheeprom.com/index.php(37): CodeIgniter\CodeIgniter->run()
#5 {main}
CRITICAL - 2022-02-12 12:09:24 --> Argument 1 passed to App\Scripts\Script::getScript() must be of the type string, null given, called in /home2/dgmtools/codeigniter/app/Controllers/Script.php on line 43
#0 /home2/dgmtools/codeigniter/app/Controllers/Script.php(43): App\Scripts\Script::getScript(NULL, NULL)
#1 /home2/dgmtools/codeigniter/system/CodeIgniter.php(824): App\Controllers\Script->run()
#2 /home2/dgmtools/codeigniter/system/CodeIgniter.php(410): CodeIgniter\CodeIgniter->runController(Object(App\Controllers\Script))
#3 /home2/dgmtools/codeigniter/system/CodeIgniter.php(318): CodeIgniter\CodeIgniter->handleRequest(NULL, Object(Config\Cache), false)
#4 /home2/dgmtools/public_html/flasheeprom.com/index.php(37): CodeIgniter\CodeIgniter->run()
#5 {main}
ERROR - 2022-02-12 12:09:29 --> Cannot add or update a child row: a foreign key constraint fails (`dgmtools_hexeditor`.`activity`, CONSTRAINT `activity_ibfk_3` FOREIGN KEY (`shareid`) REFERENCES `share` (`shareid`) ON DELETE CASCADE)
ERROR - 2022-02-12 16:12:17 --> Cannot add or update a child row: a foreign key constraint fails (`dgmtools_hexeditor`.`activity`, CONSTRAINT `activity_ibfk_3` FOREIGN KEY (`shareid`) REFERENCES `share` (`shareid`) ON DELETE CASCADE)
ERROR - 2022-02-12 17:45:18 --> Cannot add or update a child row: a foreign key constraint fails (`dgmtools_hexeditor`.`activity`, CONSTRAINT `activity_ibfk_3` FOREIGN KEY (`shareid`) REFERENCES `share` (`shareid`) ON DELETE CASCADE)
ERROR - 2022-02-12 18:08:04 --> Cannot add or update a child row: a foreign key constraint fails (`dgmtools_hexeditor`.`activity`, CONSTRAINT `activity_ibfk_3` FOREIGN KEY (`shareid`) REFERENCES `share` (`shareid`) ON DELETE CASCADE)
