CRITICAL - 2022-05-22 20:15:16 --> Class '\App\Scripts\Chevrolet_spark_2020_93c86' not found
#0 /home/flasheep/codeigniter/app/Scripts/ScriptList.php(159): App\Scripts\Script::getScript('scripts/Chevrol...', '968000989680009...')
#1 /home/flasheep/codeigniter/app/Controllers/Script.php(195): App\Scripts\ScriptList::getScriptByPathInformation(Array, '968000989680009...', Object(App\Entities\User))
#2 /home/flasheep/codeigniter/app/Controllers/Script.php(150): App\Controllers\Script->getScript(Array, '968000989680009...')
#3 /home/flasheep/codeigniter/system/CodeIgniter.php(824): App\Controllers\Script->run()
#4 /home/flasheep/codeigniter/system/CodeIgniter.php(410): CodeIgniter\CodeIgniter->runController(Object(App\Controllers\Script))
#5 /home/flasheep/codeigniter/system/CodeIgniter.php(318): CodeIgniter\CodeIgniter->handleRequest(NULL, Object(Config\Cache), false)
#6 /home/flasheep/public_html/index.php(37): CodeIgniter\CodeIgniter->run()
#7 {main}
CRITICAL - 2022-05-22 20:15:17 --> Class '\App\Scripts\Chevrolet_spark_2020_93c86' not found
#0 /home/flasheep/codeigniter/app/Scripts/ScriptList.php(159): App\Scripts\Script::getScript('scripts/Chevrol...', '968000989680009...')
#1 /home/flasheep/codeigniter/app/Controllers/Script.php(195): App\Scripts\ScriptList::getScriptByPathInformation(Array, '968000989680009...', Object(App\Entities\User))
#2 /home/flasheep/codeigniter/app/Controllers/Script.php(150): App\Controllers\Script->getScript(Array, '968000989680009...')
#3 /home/flasheep/codeigniter/system/CodeIgniter.php(824): App\Controllers\Script->run()
#4 /home/flasheep/codeigniter/system/CodeIgniter.php(410): CodeIgniter\CodeIgniter->runController(Object(App\Controllers\Script))
#5 /home/flasheep/codeigniter/system/CodeIgniter.php(318): CodeIgniter\CodeIgniter->handleRequest(NULL, Object(Config\Cache), false)
#6 /home/flasheep/public_html/index.php(37): CodeIgniter\CodeIgniter->run()
#7 {main}
CRITICAL - 2022-05-22 20:15:17 --> Class '\App\Scripts\Chevrolet_spark_2020_93c86' not found
#0 /home/flasheep/codeigniter/app/Scripts/ScriptList.php(159): App\Scripts\Script::getScript('scripts/Chevrol...', '968000989680009...')
#1 /home/flasheep/codeigniter/app/Controllers/Script.php(195): App\Scripts\ScriptList::getScriptByPathInformation(Array, '968000989680009...', Object(App\Entities\User))
#2 /home/flasheep/codeigniter/app/Controllers/Script.php(150): App\Controllers\Script->getScript(Array, '968000989680009...')
#3 /home/flasheep/codeigniter/system/CodeIgniter.php(824): App\Controllers\Script->run()
#4 /home/flasheep/codeigniter/system/CodeIgniter.php(410): CodeIgniter\CodeIgniter->runController(Object(App\Controllers\Script))
#5 /home/flasheep/codeigniter/system/CodeIgniter.php(318): CodeIgniter\CodeIgniter->handleRequest(NULL, Object(Config\Cache), false)
#6 /home/flasheep/public_html/index.php(37): CodeIgniter\CodeIgniter->run()
#7 {main}
CRITICAL - 2022-05-22 20:15:18 --> Class '\App\Scripts\Chevrolet_spark_2020_93c86' not found
#0 /home/flasheep/codeigniter/app/Scripts/ScriptList.php(159): App\Scripts\Script::getScript('scripts/Chevrol...', '968000989680009...')
#1 /home/flasheep/codeigniter/app/Controllers/Script.php(195): App\Scripts\ScriptList::getScriptByPathInformation(Array, '968000989680009...', Object(App\Entities\User))
#2 /home/flasheep/codeigniter/app/Controllers/Script.php(150): App\Controllers\Script->getScript(Array, '968000989680009...')
#3 /home/flasheep/codeigniter/system/CodeIgniter.php(824): App\Controllers\Script->run()
#4 /home/flasheep/codeigniter/system/CodeIgniter.php(410): CodeIgniter\CodeIgniter->runController(Object(App\Controllers\Script))
#5 /home/flasheep/codeigniter/system/CodeIgniter.php(318): CodeIgniter\CodeIgniter->handleRequest(NULL, Object(Config\Cache), false)
#6 /home/flasheep/public_html/index.php(37): CodeIgniter\CodeIgniter->run()
#7 {main}
CRITICAL - 2022-05-22 20:29:16 --> Class '\App\Scripts\Chevrolet_spark_2020_93c86' not found
#0 /home/flasheep/codeigniter/app/Scripts/ScriptList.php(159): App\Scripts\Script::getScript('scripts/Chevrol...', '11E7014E11E7014...')
#1 /home/flasheep/codeigniter/app/Controllers/Script.php(195): App\Scripts\ScriptList::getScriptByPathInformation(Array, '11E7014E11E7014...', Object(App\Entities\User))
#2 /home/flasheep/codeigniter/app/Controllers/Script.php(150): App\Controllers\Script->getScript(Array, '11E7014E11E7014...')
#3 /home/flasheep/codeigniter/system/CodeIgniter.php(824): App\Controllers\Script->run()
#4 /home/flasheep/codeigniter/system/CodeIgniter.php(410): CodeIgniter\CodeIgniter->runController(Object(App\Controllers\Script))
#5 /home/flasheep/codeigniter/system/CodeIgniter.php(318): CodeIgniter\CodeIgniter->handleRequest(NULL, Object(Config\Cache), false)
#6 /home/flasheep/public_html/index.php(37): CodeIgniter\CodeIgniter->run()
#7 {main}
CRITICAL - 2022-05-22 20:29:17 --> Class '\App\Scripts\Chevrolet_spark_2020_93c86' not found
#0 /home/flasheep/codeigniter/app/Scripts/ScriptList.php(159): App\Scripts\Script::getScript('scripts/Chevrol...', '11E7014E11E7014...')
#1 /home/flasheep/codeigniter/app/Controllers/Script.php(195): App\Scripts\ScriptList::getScriptByPathInformation(Array, '11E7014E11E7014...', Object(App\Entities\User))
#2 /home/flasheep/codeigniter/app/Controllers/Script.php(150): App\Controllers\Script->getScript(Array, '11E7014E11E7014...')
#3 /home/flasheep/codeigniter/system/CodeIgniter.php(824): App\Controllers\Script->run()
#4 /home/flasheep/codeigniter/system/CodeIgniter.php(410): CodeIgniter\CodeIgniter->runController(Object(App\Controllers\Script))
#5 /home/flasheep/codeigniter/system/CodeIgniter.php(318): CodeIgniter\CodeIgniter->handleRequest(NULL, Object(Config\Cache), false)
#6 /home/flasheep/public_html/index.php(37): CodeIgniter\CodeIgniter->run()
#7 {main}
CRITICAL - 2022-05-22 20:29:17 --> Class '\App\Scripts\Chevrolet_spark_2020_93c86' not found
#0 /home/flasheep/codeigniter/app/Scripts/ScriptList.php(159): App\Scripts\Script::getScript('scripts/Chevrol...', '11E7014E11E7014...')
#1 /home/flasheep/codeigniter/app/Controllers/Script.php(195): App\Scripts\ScriptList::getScriptByPathInformation(Array, '11E7014E11E7014...', Object(App\Entities\User))
#2 /home/flasheep/codeigniter/app/Controllers/Script.php(150): App\Controllers\Script->getScript(Array, '11E7014E11E7014...')
#3 /home/flasheep/codeigniter/system/CodeIgniter.php(824): App\Controllers\Script->run()
#4 /home/flasheep/codeigniter/system/CodeIgniter.php(410): CodeIgniter\CodeIgniter->runController(Object(App\Controllers\Script))
#5 /home/flasheep/codeigniter/system/CodeIgniter.php(318): CodeIgniter\CodeIgniter->handleRequest(NULL, Object(Config\Cache), false)
#6 /home/flasheep/public_html/index.php(37): CodeIgniter\CodeIgniter->run()
#7 {main}
CRITICAL - 2022-05-22 20:29:19 --> Class '\App\Scripts\Chevrolet_spark_2020_93c86' not found
#0 /home/flasheep/codeigniter/app/Scripts/ScriptList.php(159): App\Scripts\Script::getScript('scripts/Chevrol...', '11E7014E11E7014...')
#1 /home/flasheep/codeigniter/app/Controllers/Script.php(195): App\Scripts\ScriptList::getScriptByPathInformation(Array, '11E7014E11E7014...', Object(App\Entities\User))
#2 /home/flasheep/codeigniter/app/Controllers/Script.php(150): App\Controllers\Script->getScript(Array, '11E7014E11E7014...')
#3 /home/flasheep/codeigniter/system/CodeIgniter.php(824): App\Controllers\Script->run()
#4 /home/flasheep/codeigniter/system/CodeIgniter.php(410): CodeIgniter\CodeIgniter->runController(Object(App\Controllers\Script))
#5 /home/flasheep/codeigniter/system/CodeIgniter.php(318): CodeIgniter\CodeIgniter->handleRequest(NULL, Object(Config\Cache), false)
#6 /home/flasheep/public_html/index.php(37): CodeIgniter\CodeIgniter->run()
#7 {main}
CRITICAL - 2022-05-22 20:29:19 --> Class '\App\Scripts\Chevrolet_spark_2020_93c86' not found
#0 /home/flasheep/codeigniter/app/Scripts/ScriptList.php(159): App\Scripts\Script::getScript('scripts/Chevrol...', '11E7014E11E7014...')
#1 /home/flasheep/codeigniter/app/Controllers/Script.php(195): App\Scripts\ScriptList::getScriptByPathInformation(Array, '11E7014E11E7014...', Object(App\Entities\User))
#2 /home/flasheep/codeigniter/app/Controllers/Script.php(150): App\Controllers\Script->getScript(Array, '11E7014E11E7014...')
#3 /home/flasheep/codeigniter/system/CodeIgniter.php(824): App\Controllers\Script->run()
#4 /home/flasheep/codeigniter/system/CodeIgniter.php(410): CodeIgniter\CodeIgniter->runController(Object(App\Controllers\Script))
#5 /home/flasheep/codeigniter/system/CodeIgniter.php(318): CodeIgniter\CodeIgniter->handleRequest(NULL, Object(Config\Cache), false)
#6 /home/flasheep/public_html/index.php(37): CodeIgniter\CodeIgniter->run()
#7 {main}
CRITICAL - 2022-05-22 20:29:19 --> Class '\App\Scripts\Chevrolet_spark_2020_93c86' not found
#0 /home/flasheep/codeigniter/app/Scripts/ScriptList.php(159): App\Scripts\Script::getScript('scripts/Chevrol...', '11E7014E11E7014...')
#1 /home/flasheep/codeigniter/app/Controllers/Script.php(195): App\Scripts\ScriptList::getScriptByPathInformation(Array, '11E7014E11E7014...', Object(App\Entities\User))
#2 /home/flasheep/codeigniter/app/Controllers/Script.php(150): App\Controllers\Script->getScript(Array, '11E7014E11E7014...')
#3 /home/flasheep/codeigniter/system/CodeIgniter.php(824): App\Controllers\Script->run()
#4 /home/flasheep/codeigniter/system/CodeIgniter.php(410): CodeIgniter\CodeIgniter->runController(Object(App\Controllers\Script))
#5 /home/flasheep/codeigniter/system/CodeIgniter.php(318): CodeIgniter\CodeIgniter->handleRequest(NULL, Object(Config\Cache), false)
#6 /home/flasheep/public_html/index.php(37): CodeIgniter\CodeIgniter->run()
#7 {main}
