CRITICAL - 2022-01-29 21:00:10 --> Return value of App\Scripts\Script::getScript() must be an instance of App\Scripts\Script, none returned
#0 /home2/dgmtools/codeigniter/app/Controllers/Script.php(43): App\Scripts\Script::getScript('scripts/Chinos/...', '')
#1 /home2/dgmtools/codeigniter/system/CodeIgniter.php(824): App\Controllers\Script->run()
#2 /home2/dgmtools/codeigniter/system/CodeIgniter.php(410): CodeIgniter\CodeIgniter->runController(Object(App\Controllers\Script))
#3 /home2/dgmtools/codeigniter/system/CodeIgniter.php(318): CodeIgniter\CodeIgniter->handleRequest(NULL, Object(Config\Cache), false)
#4 /home2/dgmtools/public_html/flasheeprom.com/index.php(37): CodeIgniter\CodeIgniter->run()
#5 {main}
CRITICAL - 2022-01-29 21:00:15 --> Return value of App\Scripts\Script::getScript() must be an instance of App\Scripts\Script, none returned
#0 /home2/dgmtools/codeigniter/app/Controllers/Script.php(43): App\Scripts\Script::getScript('scripts/Chinos/...', '')
#1 /home2/dgmtools/codeigniter/system/CodeIgniter.php(824): App\Controllers\Script->run()
#2 /home2/dgmtools/codeigniter/system/CodeIgniter.php(410): CodeIgniter\CodeIgniter->runController(Object(App\Controllers\Script))
#3 /home2/dgmtools/codeigniter/system/CodeIgniter.php(318): CodeIgniter\CodeIgniter->handleRequest(NULL, Object(Config\Cache), false)
#4 /home2/dgmtools/public_html/flasheeprom.com/index.php(37): CodeIgniter\CodeIgniter->run()
#5 {main}
CRITICAL - 2022-01-29 21:00:16 --> Return value of App\Scripts\Script::getScript() must be an instance of App\Scripts\Script, none returned
#0 /home2/dgmtools/codeigniter/app/Controllers/Script.php(43): App\Scripts\Script::getScript('scripts/Chinos/...', '')
#1 /home2/dgmtools/codeigniter/system/CodeIgniter.php(824): App\Controllers\Script->run()
#2 /home2/dgmtools/codeigniter/system/CodeIgniter.php(410): CodeIgniter\CodeIgniter->runController(Object(App\Controllers\Script))
#3 /home2/dgmtools/codeigniter/system/CodeIgniter.php(318): CodeIgniter\CodeIgniter->handleRequest(NULL, Object(Config\Cache), false)
#4 /home2/dgmtools/public_html/flasheeprom.com/index.php(37): CodeIgniter\CodeIgniter->run()
#5 {main}
CRITICAL - 2022-01-29 21:00:16 --> Return value of App\Scripts\Script::getScript() must be an instance of App\Scripts\Script, none returned
#0 /home2/dgmtools/codeigniter/app/Controllers/Script.php(43): App\Scripts\Script::getScript('scripts/Chinos/...', '')
#1 /home2/dgmtools/codeigniter/system/CodeIgniter.php(824): App\Controllers\Script->run()
#2 /home2/dgmtools/codeigniter/system/CodeIgniter.php(410): CodeIgniter\CodeIgniter->runController(Object(App\Controllers\Script))
#3 /home2/dgmtools/codeigniter/system/CodeIgniter.php(318): CodeIgniter\CodeIgniter->handleRequest(NULL, Object(Config\Cache), false)
#4 /home2/dgmtools/public_html/flasheeprom.com/index.php(37): CodeIgniter\CodeIgniter->run()
#5 {main}
CRITICAL - 2022-01-29 22:44:33 --> syntax error, unexpected ','
#0 /home2/dgmtools/codeigniter/app/Controllers/Script.php(43): App\Scripts\Script::getScript('scripts/Asia/Ac...', '020306070E0F0E0...')
#1 /home2/dgmtools/codeigniter/system/CodeIgniter.php(824): App\Controllers\Script->run()
#2 /home2/dgmtools/codeigniter/system/CodeIgniter.php(410): CodeIgniter\CodeIgniter->runController(Object(App\Controllers\Script))
#3 /home2/dgmtools/codeigniter/system/CodeIgniter.php(318): CodeIgniter\CodeIgniter->handleRequest(NULL, Object(Config\Cache), false)
#4 /home2/dgmtools/public_html/flasheeprom.com/index.php(37): CodeIgniter\CodeIgniter->run()
#5 {main}
