CRITICAL - 2022-03-24 14:02:42 --> syntax error, unexpected 'default' (T_DEFAULT)
#0 /home/flasheep/codeigniter/app/Scripts/ScriptList.php(89): App\Scripts\Script::getScript('scripts/Toyota/...', 'FFFFFFFFFFFFFFF...')
#1 /home/flasheep/codeigniter/app/Controllers/Script.php(123): App\Scripts\ScriptList::getScriptByPathInformation(Array, 'FFFFFFFFFFFFFFF...', Object(App\Entities\User))
#2 /home/flasheep/codeigniter/app/Controllers/Script.php(79): App\Controllers\Script->getScript(Array, 'FFFFFFFFFFFFFFF...')
#3 /home/flasheep/codeigniter/system/CodeIgniter.php(824): App\Controllers\Script->run()
#4 /home/flasheep/codeigniter/system/CodeIgniter.php(410): CodeIgniter\CodeIgniter->runController(Object(App\Controllers\Script))
#5 /home/flasheep/codeigniter/system/CodeIgniter.php(318): CodeIgniter\CodeIgniter->handleRequest(NULL, Object(Config\Cache), false)
#6 /home/flasheep/public_html/index.php(37): CodeIgniter\CodeIgniter->run()
#7 {main}
CRITICAL - 2022-03-24 14:02:43 --> syntax error, unexpected 'default' (T_DEFAULT)
#0 /home/flasheep/codeigniter/app/Scripts/ScriptList.php(89): App\Scripts\Script::getScript('scripts/Toyota/...', 'FFFFFFFFFFFFFFF...')
#1 /home/flasheep/codeigniter/app/Controllers/Script.php(123): App\Scripts\ScriptList::getScriptByPathInformation(Array, 'FFFFFFFFFFFFFFF...', Object(App\Entities\User))
#2 /home/flasheep/codeigniter/app/Controllers/Script.php(79): App\Controllers\Script->getScript(Array, 'FFFFFFFFFFFFFFF...')
#3 /home/flasheep/codeigniter/system/CodeIgniter.php(824): App\Controllers\Script->run()
#4 /home/flasheep/codeigniter/system/CodeIgniter.php(410): CodeIgniter\CodeIgniter->runController(Object(App\Controllers\Script))
#5 /home/flasheep/codeigniter/system/CodeIgniter.php(318): CodeIgniter\CodeIgniter->handleRequest(NULL, Object(Config\Cache), false)
#6 /home/flasheep/public_html/index.php(37): CodeIgniter\CodeIgniter->run()
#7 {main}
CRITICAL - 2022-03-24 14:20:09 --> Cannot use empty array elements in arrays
#0 [internal function]: CodeIgniter\Debug\Exceptions->shutdownHandler()
#1 {main}
CRITICAL - 2022-03-24 14:42:36 --> [string ""]:8: attempt to call global 'rad' (a nil value)
#0 /home/flasheep/codeigniter/app/Scripts/LuaScript.php(103): LuaSandboxFunction->call()
#1 /home/flasheep/codeigniter/app/Scripts/LuaScript.php(21): App\Scripts\LuaScript->runCode('kmread = read(0...')
#2 /home/flasheep/codeigniter/app/Controllers/Developer.php(494): App\Scripts\LuaScript->getResult()
#3 /home/flasheep/codeigniter/system/CodeIgniter.php(824): App\Controllers\Developer->run()
#4 /home/flasheep/codeigniter/system/CodeIgniter.php(410): CodeIgniter\CodeIgniter->runController(Object(App\Controllers\Developer))
#5 /home/flasheep/codeigniter/system/CodeIgniter.php(318): CodeIgniter\CodeIgniter->handleRequest(NULL, Object(Config\Cache), false)
#6 /home/flasheep/public_html/index.php(37): CodeIgniter\CodeIgniter->run()
#7 {main}
CRITICAL - 2022-03-24 16:18:50 --> [string ""]:9: ')' expected near '<eof>'
#0 /home/flasheep/codeigniter/app/Scripts/LuaScript.php(103): LuaSandbox->loadString('local size = fl...')
#1 /home/flasheep/codeigniter/app/Scripts/LuaScript.php(21): App\Scripts\LuaScript->runCode('kmread = readre...')
#2 /home/flasheep/codeigniter/app/Controllers/Developer.php(494): App\Scripts\LuaScript->getResult()
#3 /home/flasheep/codeigniter/system/CodeIgniter.php(824): App\Controllers\Developer->run()
#4 /home/flasheep/codeigniter/system/CodeIgniter.php(410): CodeIgniter\CodeIgniter->runController(Object(App\Controllers\Developer))
#5 /home/flasheep/codeigniter/system/CodeIgniter.php(318): CodeIgniter\CodeIgniter->handleRequest(NULL, Object(Config\Cache), false)
#6 /home/flasheep/public_html/index.php(37): CodeIgniter\CodeIgniter->run()
#7 {main}
CRITICAL - 2022-03-24 16:20:37 --> [string ""]:9: attempt to call global 'round' (a nil value)
#0 /home/flasheep/codeigniter/app/Scripts/LuaScript.php(103): LuaSandboxFunction->call()
#1 /home/flasheep/codeigniter/app/Scripts/LuaScript.php(21): App\Scripts\LuaScript->runCode('kmread = readre...')
#2 /home/flasheep/codeigniter/app/Controllers/Developer.php(494): App\Scripts\LuaScript->getResult()
#3 /home/flasheep/codeigniter/system/CodeIgniter.php(824): App\Controllers\Developer->run()
#4 /home/flasheep/codeigniter/system/CodeIgniter.php(410): CodeIgniter\CodeIgniter->runController(Object(App\Controllers\Developer))
#5 /home/flasheep/codeigniter/system/CodeIgniter.php(318): CodeIgniter\CodeIgniter->handleRequest(NULL, Object(Config\Cache), false)
#6 /home/flasheep/public_html/index.php(37): CodeIgniter\CodeIgniter->run()
#7 {main}
CRITICAL - 2022-03-24 16:20:55 --> [string ""]:9: attempt to call global 'round' (a nil value)
#0 /home/flasheep/codeigniter/app/Scripts/LuaScript.php(103): LuaSandboxFunction->call()
#1 /home/flasheep/codeigniter/app/Scripts/LuaScript.php(21): App\Scripts\LuaScript->runCode('kmread = readre...')
#2 /home/flasheep/codeigniter/app/Controllers/Developer.php(494): App\Scripts\LuaScript->getResult()
#3 /home/flasheep/codeigniter/system/CodeIgniter.php(824): App\Controllers\Developer->run()
#4 /home/flasheep/codeigniter/system/CodeIgniter.php(410): CodeIgniter\CodeIgniter->runController(Object(App\Controllers\Developer))
#5 /home/flasheep/codeigniter/system/CodeIgniter.php(318): CodeIgniter\CodeIgniter->handleRequest(NULL, Object(Config\Cache), false)
#6 /home/flasheep/public_html/index.php(37): CodeIgniter\CodeIgniter->run()
#7 {main}
CRITICAL - 2022-03-24 16:23:31 --> [string ""]:9: attempt to call global 'kmf' (a nil value)
#0 /home/flasheep/codeigniter/app/Scripts/LuaScript.php(103): LuaSandboxFunction->call()
#1 /home/flasheep/codeigniter/app/Scripts/LuaScript.php(21): App\Scripts\LuaScript->runCode('kmread = readre...')
#2 /home/flasheep/codeigniter/app/Controllers/Developer.php(494): App\Scripts\LuaScript->getResult()
#3 /home/flasheep/codeigniter/system/CodeIgniter.php(824): App\Controllers\Developer->run()
#4 /home/flasheep/codeigniter/system/CodeIgniter.php(410): CodeIgniter\CodeIgniter->runController(Object(App\Controllers\Developer))
#5 /home/flasheep/codeigniter/system/CodeIgniter.php(318): CodeIgniter\CodeIgniter->handleRequest(NULL, Object(Config\Cache), false)
#6 /home/flasheep/public_html/index.php(37): CodeIgniter\CodeIgniter->run()
#7 {main}
CRITICAL - 2022-03-24 16:24:05 --> [string ""]:9: attempt to call global 'kmf' (a nil value)
#0 /home/flasheep/codeigniter/app/Scripts/LuaScript.php(103): LuaSandboxFunction->call()
#1 /home/flasheep/codeigniter/app/Scripts/LuaScript.php(21): App\Scripts\LuaScript->runCode('kmread = readre...')
#2 /home/flasheep/codeigniter/app/Controllers/Developer.php(494): App\Scripts\LuaScript->getResult()
#3 /home/flasheep/codeigniter/system/CodeIgniter.php(824): App\Controllers\Developer->run()
#4 /home/flasheep/codeigniter/system/CodeIgniter.php(410): CodeIgniter\CodeIgniter->runController(Object(App\Controllers\Developer))
#5 /home/flasheep/codeigniter/system/CodeIgniter.php(318): CodeIgniter\CodeIgniter->handleRequest(NULL, Object(Config\Cache), false)
#6 /home/flasheep/public_html/index.php(37): CodeIgniter\CodeIgniter->run()
#7 {main}
CRITICAL - 2022-03-24 16:25:39 --> [string ""]:9: attempt to call global 'kmf' (a nil value)
#0 /home/flasheep/codeigniter/app/Scripts/LuaScript.php(103): LuaSandboxFunction->call()
#1 /home/flasheep/codeigniter/app/Scripts/LuaScript.php(21): App\Scripts\LuaScript->runCode('kmread = readre...')
#2 /home/flasheep/codeigniter/app/Controllers/Developer.php(494): App\Scripts\LuaScript->getResult()
#3 /home/flasheep/codeigniter/system/CodeIgniter.php(824): App\Controllers\Developer->run()
#4 /home/flasheep/codeigniter/system/CodeIgniter.php(410): CodeIgniter\CodeIgniter->runController(Object(App\Controllers\Developer))
#5 /home/flasheep/codeigniter/system/CodeIgniter.php(318): CodeIgniter\CodeIgniter->handleRequest(NULL, Object(Config\Cache), false)
#6 /home/flasheep/public_html/index.php(37): CodeIgniter\CodeIgniter->run()
#7 {main}
CRITICAL - 2022-03-24 16:26:46 --> [string ""]:9: attempt to call global 'round' (a nil value)
#0 /home/flasheep/codeigniter/app/Scripts/LuaScript.php(103): LuaSandboxFunction->call()
#1 /home/flasheep/codeigniter/app/Scripts/LuaScript.php(21): App\Scripts\LuaScript->runCode('kmread = readre...')
#2 /home/flasheep/codeigniter/app/Controllers/Developer.php(494): App\Scripts\LuaScript->getResult()
#3 /home/flasheep/codeigniter/system/CodeIgniter.php(824): App\Controllers\Developer->run()
#4 /home/flasheep/codeigniter/system/CodeIgniter.php(410): CodeIgniter\CodeIgniter->runController(Object(App\Controllers\Developer))
#5 /home/flasheep/codeigniter/system/CodeIgniter.php(318): CodeIgniter\CodeIgniter->handleRequest(NULL, Object(Config\Cache), false)
#6 /home/flasheep/public_html/index.php(37): CodeIgniter\CodeIgniter->run()
#7 {main}
