CRITICAL - 2022-01-06 14:50:25 --> Class '\App\Scripts\C3' not found
#0 /home2/dgmtools/codeigniter/app/Controllers/Script.php(43): App\Scripts\Script::getScript('scripts/Europa/...', '')
#1 /home2/dgmtools/codeigniter/system/CodeIgniter.php(824): App\Controllers\Script->run()
#2 /home2/dgmtools/codeigniter/system/CodeIgniter.php(410): CodeIgniter\CodeIgniter->runController(Object(App\Controllers\Script))
#3 /home2/dgmtools/codeigniter/system/CodeIgniter.php(318): CodeIgniter\CodeIgniter->handleRequest(NULL, Object(Config\Cache), false)
#4 /home2/dgmtools/public_html/flasheeprom.com/index.php(37): CodeIgniter\CodeIgniter->run()
#5 {main}
CRITICAL - 2022-01-06 19:02:49 --> A non-numeric value encountered
#0 /home2/dgmtools/codeigniter/app/Scripts/scripts/Europa/Audi/A4/Audi_A4_UKNSV1_93C56.php(10): CodeIgniter\Debug\Exceptions->errorHandler(2, 'A non-numeric v...', '/home2/dgmtools...', 10, Array)
#1 /home2/dgmtools/codeigniter/app/Controllers/Script.php(50): App\Scripts\Audi_A4_UKNSV1_93C56->getResult()
#2 /home2/dgmtools/codeigniter/system/CodeIgniter.php(824): App\Controllers\Script->run()
#3 /home2/dgmtools/codeigniter/system/CodeIgniter.php(410): CodeIgniter\CodeIgniter->runController(Object(App\Controllers\Script))
#4 /home2/dgmtools/codeigniter/system/CodeIgniter.php(318): CodeIgniter\CodeIgniter->handleRequest(NULL, Object(Config\Cache), false)
#5 /home2/dgmtools/public_html/flasheeprom.com/index.php(37): CodeIgniter\CodeIgniter->run()
#6 {main}
CRITICAL - 2022-01-06 19:02:50 --> A non-numeric value encountered
#0 /home2/dgmtools/codeigniter/app/Scripts/scripts/Europa/Audi/A4/Audi_A4_UKNSV1_93C56.php(10): CodeIgniter\Debug\Exceptions->errorHandler(2, 'A non-numeric v...', '/home2/dgmtools...', 10, Array)
#1 /home2/dgmtools/codeigniter/app/Controllers/Script.php(50): App\Scripts\Audi_A4_UKNSV1_93C56->getResult()
#2 /home2/dgmtools/codeigniter/system/CodeIgniter.php(824): App\Controllers\Script->run()
#3 /home2/dgmtools/codeigniter/system/CodeIgniter.php(410): CodeIgniter\CodeIgniter->runController(Object(App\Controllers\Script))
#4 /home2/dgmtools/codeigniter/system/CodeIgniter.php(318): CodeIgniter\CodeIgniter->handleRequest(NULL, Object(Config\Cache), false)
#5 /home2/dgmtools/public_html/flasheeprom.com/index.php(37): CodeIgniter\CodeIgniter->run()
#6 {main}
CRITICAL - 2022-01-06 19:02:53 --> A non-numeric value encountered
#0 /home2/dgmtools/codeigniter/app/Scripts/scripts/Europa/Audi/A4/Audi_A4_UKNSV1_93C56.php(10): CodeIgniter\Debug\Exceptions->errorHandler(2, 'A non-numeric v...', '/home2/dgmtools...', 10, Array)
#1 /home2/dgmtools/codeigniter/app/Controllers/Script.php(50): App\Scripts\Audi_A4_UKNSV1_93C56->getResult()
#2 /home2/dgmtools/codeigniter/system/CodeIgniter.php(824): App\Controllers\Script->run()
#3 /home2/dgmtools/codeigniter/system/CodeIgniter.php(410): CodeIgniter\CodeIgniter->runController(Object(App\Controllers\Script))
#4 /home2/dgmtools/codeigniter/system/CodeIgniter.php(318): CodeIgniter\CodeIgniter->handleRequest(NULL, Object(Config\Cache), false)
#5 /home2/dgmtools/public_html/flasheeprom.com/index.php(37): CodeIgniter\CodeIgniter->run()
#6 {main}
