CRITICAL - 2023-06-03 03:48:21 --> Class '\App\Scripts\Hyundai_Genesis_2011_24c16' not found
#0 /home/flasheep/codeigniter/app/Scripts/ScriptList.php(159): App\Scripts\Script::getScript('scripts/Hyundai...', 'FFFFFFFFFFFFFFF...')
#1 /home/flasheep/codeigniter/app/Controllers/Script.php(287): App\Scripts\ScriptList::getScriptByPathInformation(Array, 'FFFFFFFFFFFFFFF...', NULL)
#2 /home/flasheep/codeigniter/app/Controllers/Script.php(235): App\Controllers\Script->getScript(Array, 'FFFFFFFFFFFFFFF...')
#3 /home/flasheep/codeigniter/system/CodeIgniter.php(824): App\Controllers\Script->run()
#4 /home/flasheep/codeigniter/system/CodeIgniter.php(410): CodeIgniter\CodeIgniter->runController(Object(App\Controllers\Script))
#5 /home/flasheep/codeigniter/system/CodeIgniter.php(318): CodeIgniter\CodeIgniter->handleRequest(NULL, Object(Config\Cache), false)
#6 /home/flasheep/public_html/index.php(37): CodeIgniter\CodeIgniter->run()
#7 {main}
CRITICAL - 2023-06-03 03:48:22 --> Class '\App\Scripts\Hyundai_Genesis_2011_24c16' not found
#0 /home/flasheep/codeigniter/app/Scripts/ScriptList.php(159): App\Scripts\Script::getScript('scripts/Hyundai...', 'FFFFFFFFFFFFFFF...')
#1 /home/flasheep/codeigniter/app/Controllers/Script.php(287): App\Scripts\ScriptList::getScriptByPathInformation(Array, 'FFFFFFFFFFFFFFF...', NULL)
#2 /home/flasheep/codeigniter/app/Controllers/Script.php(235): App\Controllers\Script->getScript(Array, 'FFFFFFFFFFFFFFF...')
#3 /home/flasheep/codeigniter/system/CodeIgniter.php(824): App\Controllers\Script->run()
#4 /home/flasheep/codeigniter/system/CodeIgniter.php(410): CodeIgniter\CodeIgniter->runController(Object(App\Controllers\Script))
#5 /home/flasheep/codeigniter/system/CodeIgniter.php(318): CodeIgniter\CodeIgniter->handleRequest(NULL, Object(Config\Cache), false)
#6 /home/flasheep/public_html/index.php(37): CodeIgniter\CodeIgniter->run()
#7 {main}
CRITICAL - 2023-06-03 12:47:54 --> The action you requested is not allowed.
#0 /home/flasheep/codeigniter/system/Security/Security.php(277): CodeIgniter\Security\Exceptions\SecurityException::forDisallowedAction()
#1 /home/flasheep/codeigniter/system/Filters/CSRF.php(53): CodeIgniter\Security\Security->verify(Object(CodeIgniter\HTTP\IncomingRequest))
#2 /home/flasheep/codeigniter/system/Filters/Filters.php(173): CodeIgniter\Filters\CSRF->before(Object(CodeIgniter\HTTP\IncomingRequest), NULL)
#3 /home/flasheep/codeigniter/system/CodeIgniter.php(384): CodeIgniter\Filters\Filters->run('Edx_ajax/gets_n...', 'before')
#4 /home/flasheep/codeigniter/system/CodeIgniter.php(318): CodeIgniter\CodeIgniter->handleRequest(NULL, Object(Config\Cache), false)
#5 /home/flasheep/public_html/index.php(37): CodeIgniter\CodeIgniter->run()
#6 {main}
ERROR - 2023-06-03 13:33:15 --> You have an error in your SQL syntax; check the manual that corresponds to your MySQL server version for the right syntax to use near 'ORDER BY log_type ASC' at line 1
CRITICAL - 2023-06-03 13:33:15 --> Call to a member function getResult() on bool
#0 /home/flasheep/codeigniter/app/Controllers/Edx_ajax.php(416): App\Models\FeedsSystemModel->gets_notifications(NULL)
#1 /home/flasheep/codeigniter/system/CodeIgniter.php(824): App\Controllers\Edx_ajax->show_notifications()
#2 /home/flasheep/codeigniter/system/CodeIgniter.php(410): CodeIgniter\CodeIgniter->runController(Object(App\Controllers\Edx_ajax))
#3 /home/flasheep/codeigniter/system/CodeIgniter.php(318): CodeIgniter\CodeIgniter->handleRequest(NULL, Object(Config\Cache), false)
#4 /home/flasheep/public_html/index.php(37): CodeIgniter\CodeIgniter->run()
#5 {main}
CRITICAL - 2023-06-03 13:33:15 --> Invalid argument supplied for foreach()
#0 /home/flasheep/codeigniter/app/Controllers/Edx_ajax.php(566): CodeIgniter\Debug\Exceptions->errorHandler(2, 'Invalid argumen...', '/home/flasheep/...', 566, Array)
#1 /home/flasheep/codeigniter/system/CodeIgniter.php(824): App\Controllers\Edx_ajax->update_notify()
#2 /home/flasheep/codeigniter/system/CodeIgniter.php(410): CodeIgniter\CodeIgniter->runController(Object(App\Controllers\Edx_ajax))
#3 /home/flasheep/codeigniter/system/CodeIgniter.php(318): CodeIgniter\CodeIgniter->handleRequest(NULL, Object(Config\Cache), false)
#4 /home/flasheep/public_html/index.php(37): CodeIgniter\CodeIgniter->run()
#5 {main}
