CRITICAL - 2022-04-16 00:37:52 --> Argument 1 passed to App\Controllers\Script::getPathInformation() must be of the type string, null given, called in /home/flasheep/codeigniter/app/Controllers/Script.php on line 76
#0 /home/flasheep/codeigniter/app/Controllers/Script.php(76): App\Controllers\Script->getPathInformation(NULL)
#1 /home/flasheep/codeigniter/system/CodeIgniter.php(824): App\Controllers\Script->run()
#2 /home/flasheep/codeigniter/system/CodeIgniter.php(410): CodeIgniter\CodeIgniter->runController(Object(App\Controllers\Script))
#3 /home/flasheep/codeigniter/system/CodeIgniter.php(318): CodeIgniter\CodeIgniter->handleRequest(NULL, Object(Config\Cache), false)
#4 /home/flasheep/public_html/index.php(37): CodeIgniter\CodeIgniter->run()
#5 {main}
CRITICAL - 2022-04-16 15:36:08 --> Invalid numeric literal
#0 /home/flasheep/codeigniter/app/Scripts/ScriptList.php(89): App\Scripts\Script::getScript('scripts/Chevrol...', 'FF3F3F010701054...')
#1 /home/flasheep/codeigniter/app/Controllers/Script.php(123): App\Scripts\ScriptList::getScriptByPathInformation(Array, 'FF3F3F010701054...', Object(App\Entities\User))
#2 /home/flasheep/codeigniter/app/Controllers/Script.php(79): App\Controllers\Script->getScript(Array, 'FF3F3F010701054...')
#3 /home/flasheep/codeigniter/system/CodeIgniter.php(824): App\Controllers\Script->run()
#4 /home/flasheep/codeigniter/system/CodeIgniter.php(410): CodeIgniter\CodeIgniter->runController(Object(App\Controllers\Script))
#5 /home/flasheep/codeigniter/system/CodeIgniter.php(318): CodeIgniter\CodeIgniter->handleRequest(NULL, Object(Config\Cache), false)
#6 /home/flasheep/public_html/index.php(37): CodeIgniter\CodeIgniter->run()
#7 {main}
CRITICAL - 2022-04-16 15:36:11 --> Invalid numeric literal
#0 /home/flasheep/codeigniter/app/Scripts/ScriptList.php(89): App\Scripts\Script::getScript('scripts/Chevrol...', 'FF3F3F010701054...')
#1 /home/flasheep/codeigniter/app/Controllers/Script.php(123): App\Scripts\ScriptList::getScriptByPathInformation(Array, 'FF3F3F010701054...', Object(App\Entities\User))
#2 /home/flasheep/codeigniter/app/Controllers/Script.php(79): App\Controllers\Script->getScript(Array, 'FF3F3F010701054...')
#3 /home/flasheep/codeigniter/system/CodeIgniter.php(824): App\Controllers\Script->run()
#4 /home/flasheep/codeigniter/system/CodeIgniter.php(410): CodeIgniter\CodeIgniter->runController(Object(App\Controllers\Script))
#5 /home/flasheep/codeigniter/system/CodeIgniter.php(318): CodeIgniter\CodeIgniter->handleRequest(NULL, Object(Config\Cache), false)
#6 /home/flasheep/public_html/index.php(37): CodeIgniter\CodeIgniter->run()
#7 {main}
CRITICAL - 2022-04-16 15:36:11 --> Invalid numeric literal
#0 /home/flasheep/codeigniter/app/Scripts/ScriptList.php(89): App\Scripts\Script::getScript('scripts/Chevrol...', 'FF3F3F010701054...')
#1 /home/flasheep/codeigniter/app/Controllers/Script.php(123): App\Scripts\ScriptList::getScriptByPathInformation(Array, 'FF3F3F010701054...', Object(App\Entities\User))
#2 /home/flasheep/codeigniter/app/Controllers/Script.php(79): App\Controllers\Script->getScript(Array, 'FF3F3F010701054...')
#3 /home/flasheep/codeigniter/system/CodeIgniter.php(824): App\Controllers\Script->run()
#4 /home/flasheep/codeigniter/system/CodeIgniter.php(410): CodeIgniter\CodeIgniter->runController(Object(App\Controllers\Script))
#5 /home/flasheep/codeigniter/system/CodeIgniter.php(318): CodeIgniter\CodeIgniter->handleRequest(NULL, Object(Config\Cache), false)
#6 /home/flasheep/public_html/index.php(37): CodeIgniter\CodeIgniter->run()
#7 {main}
CRITICAL - 2022-04-16 15:36:12 --> Invalid numeric literal
#0 /home/flasheep/codeigniter/app/Scripts/ScriptList.php(89): App\Scripts\Script::getScript('scripts/Chevrol...', 'FF3F3F010701054...')
#1 /home/flasheep/codeigniter/app/Controllers/Script.php(123): App\Scripts\ScriptList::getScriptByPathInformation(Array, 'FF3F3F010701054...', Object(App\Entities\User))
#2 /home/flasheep/codeigniter/app/Controllers/Script.php(79): App\Controllers\Script->getScript(Array, 'FF3F3F010701054...')
#3 /home/flasheep/codeigniter/system/CodeIgniter.php(824): App\Controllers\Script->run()
#4 /home/flasheep/codeigniter/system/CodeIgniter.php(410): CodeIgniter\CodeIgniter->runController(Object(App\Controllers\Script))
#5 /home/flasheep/codeigniter/system/CodeIgniter.php(318): CodeIgniter\CodeIgniter->handleRequest(NULL, Object(Config\Cache), false)
#6 /home/flasheep/public_html/index.php(37): CodeIgniter\CodeIgniter->run()
#7 {main}
CRITICAL - 2022-04-16 15:37:28 --> Invalid numeric literal
#0 /home/flasheep/codeigniter/app/Scripts/ScriptList.php(89): App\Scripts\Script::getScript('scripts/Chevrol...', 'FF3F3F010701054...')
#1 /home/flasheep/codeigniter/app/Controllers/Script.php(123): App\Scripts\ScriptList::getScriptByPathInformation(Array, 'FF3F3F010701054...', Object(App\Entities\User))
#2 /home/flasheep/codeigniter/app/Controllers/Script.php(79): App\Controllers\Script->getScript(Array, 'FF3F3F010701054...')
#3 /home/flasheep/codeigniter/system/CodeIgniter.php(824): App\Controllers\Script->run()
#4 /home/flasheep/codeigniter/system/CodeIgniter.php(410): CodeIgniter\CodeIgniter->runController(Object(App\Controllers\Script))
#5 /home/flasheep/codeigniter/system/CodeIgniter.php(318): CodeIgniter\CodeIgniter->handleRequest(NULL, Object(Config\Cache), false)
#6 /home/flasheep/public_html/index.php(37): CodeIgniter\CodeIgniter->run()
#7 {main}
CRITICAL - 2022-04-16 15:37:29 --> Invalid numeric literal
#0 /home/flasheep/codeigniter/app/Scripts/ScriptList.php(89): App\Scripts\Script::getScript('scripts/Chevrol...', 'FF3F3F010701054...')
#1 /home/flasheep/codeigniter/app/Controllers/Script.php(123): App\Scripts\ScriptList::getScriptByPathInformation(Array, 'FF3F3F010701054...', Object(App\Entities\User))
#2 /home/flasheep/codeigniter/app/Controllers/Script.php(79): App\Controllers\Script->getScript(Array, 'FF3F3F010701054...')
#3 /home/flasheep/codeigniter/system/CodeIgniter.php(824): App\Controllers\Script->run()
#4 /home/flasheep/codeigniter/system/CodeIgniter.php(410): CodeIgniter\CodeIgniter->runController(Object(App\Controllers\Script))
#5 /home/flasheep/codeigniter/system/CodeIgniter.php(318): CodeIgniter\CodeIgniter->handleRequest(NULL, Object(Config\Cache), false)
#6 /home/flasheep/public_html/index.php(37): CodeIgniter\CodeIgniter->run()
#7 {main}
CRITICAL - 2022-04-16 15:37:29 --> Invalid numeric literal
#0 /home/flasheep/codeigniter/app/Scripts/ScriptList.php(89): App\Scripts\Script::getScript('scripts/Chevrol...', 'FF3F3F010701054...')
#1 /home/flasheep/codeigniter/app/Controllers/Script.php(123): App\Scripts\ScriptList::getScriptByPathInformation(Array, 'FF3F3F010701054...', Object(App\Entities\User))
#2 /home/flasheep/codeigniter/app/Controllers/Script.php(79): App\Controllers\Script->getScript(Array, 'FF3F3F010701054...')
#3 /home/flasheep/codeigniter/system/CodeIgniter.php(824): App\Controllers\Script->run()
#4 /home/flasheep/codeigniter/system/CodeIgniter.php(410): CodeIgniter\CodeIgniter->runController(Object(App\Controllers\Script))
#5 /home/flasheep/codeigniter/system/CodeIgniter.php(318): CodeIgniter\CodeIgniter->handleRequest(NULL, Object(Config\Cache), false)
#6 /home/flasheep/public_html/index.php(37): CodeIgniter\CodeIgniter->run()
#7 {main}
CRITICAL - 2022-04-16 15:39:44 --> Invalid numeric literal
#0 /home/flasheep/codeigniter/app/Scripts/ScriptList.php(89): App\Scripts\Script::getScript('scripts/Chevrol...', 'FF3F3F010701054...')
#1 /home/flasheep/codeigniter/app/Controllers/Script.php(123): App\Scripts\ScriptList::getScriptByPathInformation(Array, 'FF3F3F010701054...', Object(App\Entities\User))
#2 /home/flasheep/codeigniter/app/Controllers/Script.php(79): App\Controllers\Script->getScript(Array, 'FF3F3F010701054...')
#3 /home/flasheep/codeigniter/system/CodeIgniter.php(824): App\Controllers\Script->run()
#4 /home/flasheep/codeigniter/system/CodeIgniter.php(410): CodeIgniter\CodeIgniter->runController(Object(App\Controllers\Script))
#5 /home/flasheep/codeigniter/system/CodeIgniter.php(318): CodeIgniter\CodeIgniter->handleRequest(NULL, Object(Config\Cache), false)
#6 /home/flasheep/public_html/index.php(37): CodeIgniter\CodeIgniter->run()
#7 {main}
CRITICAL - 2022-04-16 15:40:09 --> Invalid numeric literal
#0 /home/flasheep/codeigniter/app/Scripts/ScriptList.php(89): App\Scripts\Script::getScript('scripts/Chevrol...', 'FF3F3F010701054...')
#1 /home/flasheep/codeigniter/app/Controllers/Script.php(123): App\Scripts\ScriptList::getScriptByPathInformation(Array, 'FF3F3F010701054...', Object(App\Entities\User))
#2 /home/flasheep/codeigniter/app/Controllers/Script.php(79): App\Controllers\Script->getScript(Array, 'FF3F3F010701054...')
#3 /home/flasheep/codeigniter/system/CodeIgniter.php(824): App\Controllers\Script->run()
#4 /home/flasheep/codeigniter/system/CodeIgniter.php(410): CodeIgniter\CodeIgniter->runController(Object(App\Controllers\Script))
#5 /home/flasheep/codeigniter/system/CodeIgniter.php(318): CodeIgniter\CodeIgniter->handleRequest(NULL, Object(Config\Cache), false)
#6 /home/flasheep/public_html/index.php(37): CodeIgniter\CodeIgniter->run()
#7 {main}
CRITICAL - 2022-04-16 15:41:42 --> Invalid numeric literal
#0 /home/flasheep/codeigniter/app/Scripts/ScriptList.php(89): App\Scripts\Script::getScript('scripts/Chevrol...', 'FF3F3F010701054...')
#1 /home/flasheep/codeigniter/app/Controllers/Script.php(123): App\Scripts\ScriptList::getScriptByPathInformation(Array, 'FF3F3F010701054...', Object(App\Entities\User))
#2 /home/flasheep/codeigniter/app/Controllers/Script.php(79): App\Controllers\Script->getScript(Array, 'FF3F3F010701054...')
#3 /home/flasheep/codeigniter/system/CodeIgniter.php(824): App\Controllers\Script->run()
#4 /home/flasheep/codeigniter/system/CodeIgniter.php(410): CodeIgniter\CodeIgniter->runController(Object(App\Controllers\Script))
#5 /home/flasheep/codeigniter/system/CodeIgniter.php(318): CodeIgniter\CodeIgniter->handleRequest(NULL, Object(Config\Cache), false)
#6 /home/flasheep/public_html/index.php(37): CodeIgniter\CodeIgniter->run()
#7 {main}
CRITICAL - 2022-04-16 15:41:57 --> Invalid numeric literal
#0 /home/flasheep/codeigniter/app/Scripts/ScriptList.php(89): App\Scripts\Script::getScript('scripts/Chevrol...', 'FF3F3F010701054...')
#1 /home/flasheep/codeigniter/app/Controllers/Script.php(123): App\Scripts\ScriptList::getScriptByPathInformation(Array, 'FF3F3F010701054...', Object(App\Entities\User))
#2 /home/flasheep/codeigniter/app/Controllers/Script.php(79): App\Controllers\Script->getScript(Array, 'FF3F3F010701054...')
#3 /home/flasheep/codeigniter/system/CodeIgniter.php(824): App\Controllers\Script->run()
#4 /home/flasheep/codeigniter/system/CodeIgniter.php(410): CodeIgniter\CodeIgniter->runController(Object(App\Controllers\Script))
#5 /home/flasheep/codeigniter/system/CodeIgniter.php(318): CodeIgniter\CodeIgniter->handleRequest(NULL, Object(Config\Cache), false)
#6 /home/flasheep/public_html/index.php(37): CodeIgniter\CodeIgniter->run()
#7 {main}
CRITICAL - 2022-04-16 15:42:59 --> Invalid numeric literal
#0 /home/flasheep/codeigniter/app/Scripts/ScriptList.php(89): App\Scripts\Script::getScript('scripts/Chevrol...', 'FF3F3F010701054...')
#1 /home/flasheep/codeigniter/app/Controllers/Script.php(123): App\Scripts\ScriptList::getScriptByPathInformation(Array, 'FF3F3F010701054...', Object(App\Entities\User))
#2 /home/flasheep/codeigniter/app/Controllers/Script.php(79): App\Controllers\Script->getScript(Array, 'FF3F3F010701054...')
#3 /home/flasheep/codeigniter/system/CodeIgniter.php(824): App\Controllers\Script->run()
#4 /home/flasheep/codeigniter/system/CodeIgniter.php(410): CodeIgniter\CodeIgniter->runController(Object(App\Controllers\Script))
#5 /home/flasheep/codeigniter/system/CodeIgniter.php(318): CodeIgniter\CodeIgniter->handleRequest(NULL, Object(Config\Cache), false)
#6 /home/flasheep/public_html/index.php(37): CodeIgniter\CodeIgniter->run()
#7 {main}
CRITICAL - 2022-04-16 18:09:00 --> Call to undefined function App\Scripts\subste()
#0 /home/flasheep/codeigniter/app/Controllers/Script.php(91): App\Scripts\demoi10->calculate(245500)
#1 /home/flasheep/codeigniter/system/CodeIgniter.php(824): App\Controllers\Script->run()
#2 /home/flasheep/codeigniter/system/CodeIgniter.php(410): CodeIgniter\CodeIgniter->runController(Object(App\Controllers\Script))
#3 /home/flasheep/codeigniter/system/CodeIgniter.php(318): CodeIgniter\CodeIgniter->handleRequest(NULL, Object(Config\Cache), false)
#4 /home/flasheep/public_html/index.php(37): CodeIgniter\CodeIgniter->run()
#5 {main}
CRITICAL - 2022-04-16 18:15:59 --> Call to undefined function App\Scripts\dexhex()
#0 /home/flasheep/codeigniter/app/Controllers/Script.php(91): App\Scripts\demoi10->calculate(186000)
#1 /home/flasheep/codeigniter/system/CodeIgniter.php(824): App\Controllers\Script->run()
#2 /home/flasheep/codeigniter/system/CodeIgniter.php(410): CodeIgniter\CodeIgniter->runController(Object(App\Controllers\Script))
#3 /home/flasheep/codeigniter/system/CodeIgniter.php(318): CodeIgniter\CodeIgniter->handleRequest(NULL, Object(Config\Cache), false)
#4 /home/flasheep/public_html/index.php(37): CodeIgniter\CodeIgniter->run()
#5 {main}
CRITICAL - 2022-04-16 18:16:05 --> Call to undefined function App\Scripts\dexhex()
#0 /home/flasheep/codeigniter/app/Controllers/Script.php(91): App\Scripts\demoi10->calculate(186000)
#1 /home/flasheep/codeigniter/system/CodeIgniter.php(824): App\Controllers\Script->run()
#2 /home/flasheep/codeigniter/system/CodeIgniter.php(410): CodeIgniter\CodeIgniter->runController(Object(App\Controllers\Script))
#3 /home/flasheep/codeigniter/system/CodeIgniter.php(318): CodeIgniter\CodeIgniter->handleRequest(NULL, Object(Config\Cache), false)
#4 /home/flasheep/public_html/index.php(37): CodeIgniter\CodeIgniter->run()
#5 {main}
CRITICAL - 2022-04-16 23:46:54 --> Argument 1 passed to App\Scripts\Chevrolet_Aveo_checksum_24c08::getValueForPortion() must be of the type int, null given, called in /home/flasheep/codeigniter/app/Scripts/scripts/Chevrolet/Aveo/Chevrolet_Aveo_checksum_24c08.php on line 35
#0 /home/flasheep/codeigniter/app/Scripts/scripts/Chevrolet/Aveo/Chevrolet_Aveo_checksum_24c08.php(35): App\Scripts\Chevrolet_Aveo_checksum_24c08->getValueForPortion(NULL, 1)
#1 /home/flasheep/codeigniter/app/Controllers/Script.php(101): App\Scripts\Chevrolet_Aveo_checksum_24c08->getResult()
#2 /home/flasheep/codeigniter/system/CodeIgniter.php(824): App\Controllers\Script->run()
#3 /home/flasheep/codeigniter/system/CodeIgniter.php(410): CodeIgniter\CodeIgniter->runController(Object(App\Controllers\Script))
#4 /home/flasheep/codeigniter/system/CodeIgniter.php(318): CodeIgniter\CodeIgniter->handleRequest(NULL, Object(Config\Cache), false)
#5 /home/flasheep/public_html/index.php(37): CodeIgniter\CodeIgniter->run()
#6 {main}
CRITICAL - 2022-04-16 23:46:55 --> Argument 1 passed to App\Scripts\Chevrolet_Aveo_checksum_24c08::getValueForPortion() must be of the type int, null given, called in /home/flasheep/codeigniter/app/Scripts/scripts/Chevrolet/Aveo/Chevrolet_Aveo_checksum_24c08.php on line 35
#0 /home/flasheep/codeigniter/app/Scripts/scripts/Chevrolet/Aveo/Chevrolet_Aveo_checksum_24c08.php(35): App\Scripts\Chevrolet_Aveo_checksum_24c08->getValueForPortion(NULL, 1)
#1 /home/flasheep/codeigniter/app/Controllers/Script.php(101): App\Scripts\Chevrolet_Aveo_checksum_24c08->getResult()
#2 /home/flasheep/codeigniter/system/CodeIgniter.php(824): App\Controllers\Script->run()
#3 /home/flasheep/codeigniter/system/CodeIgniter.php(410): CodeIgniter\CodeIgniter->runController(Object(App\Controllers\Script))
#4 /home/flasheep/codeigniter/system/CodeIgniter.php(318): CodeIgniter\CodeIgniter->handleRequest(NULL, Object(Config\Cache), false)
#5 /home/flasheep/public_html/index.php(37): CodeIgniter\CodeIgniter->run()
#6 {main}
CRITICAL - 2022-04-16 23:46:55 --> Argument 1 passed to App\Scripts\Chevrolet_Aveo_checksum_24c08::getValueForPortion() must be of the type int, null given, called in /home/flasheep/codeigniter/app/Scripts/scripts/Chevrolet/Aveo/Chevrolet_Aveo_checksum_24c08.php on line 35
#0 /home/flasheep/codeigniter/app/Scripts/scripts/Chevrolet/Aveo/Chevrolet_Aveo_checksum_24c08.php(35): App\Scripts\Chevrolet_Aveo_checksum_24c08->getValueForPortion(NULL, 1)
#1 /home/flasheep/codeigniter/app/Controllers/Script.php(101): App\Scripts\Chevrolet_Aveo_checksum_24c08->getResult()
#2 /home/flasheep/codeigniter/system/CodeIgniter.php(824): App\Controllers\Script->run()
#3 /home/flasheep/codeigniter/system/CodeIgniter.php(410): CodeIgniter\CodeIgniter->runController(Object(App\Controllers\Script))
#4 /home/flasheep/codeigniter/system/CodeIgniter.php(318): CodeIgniter\CodeIgniter->handleRequest(NULL, Object(Config\Cache), false)
#5 /home/flasheep/public_html/index.php(37): CodeIgniter\CodeIgniter->run()
#6 {main}
