CRITICAL - 2023-03-24 01:41:36 --> finfo_file(/home/flasheep/codeigniter/writable/uploads/74.jpg): failed to open stream: No such file or directory
#0 [internal function]: CodeIgniter\Debug\Exceptions->errorHandler(2, 'finfo_file(/hom...', '/home/flasheep/...', 109, Array)
#1 /home/flasheep/codeigniter/system/Files/File.php(109): finfo_file(Resource id #147, '/home/flasheep/...')
#2 /home/flasheep/codeigniter/app/Controllers/Library.php(67): CodeIgniter\Files\File->getMimeType()
#3 /home/flasheep/codeigniter/system/CodeIgniter.php(824): App\Controllers\Library->image(74)
#4 /home/flasheep/codeigniter/system/CodeIgniter.php(410): CodeIgniter\CodeIgniter->runController(Object(App\Controllers\Library))
#5 /home/flasheep/codeigniter/system/CodeIgniter.php(318): CodeIgniter\CodeIgniter->handleRequest(NULL, Object(Config\Cache), false)
#6 /home/flasheep/public_html/index.php(37): CodeIgniter\CodeIgniter->run()
#7 {main}
ERROR - 2023-03-24 10:48:07 --> You have an error in your SQL syntax; check the manual that corresponds to your MySQL server version for the right syntax to use near 'ORDER BY log_type ASC' at line 1
CRITICAL - 2023-03-24 10:48:07 --> Call to a member function getResult() on bool
#0 /home/flasheep/codeigniter/app/Controllers/Edx_ajax.php(416): App\Models\FeedsSystemModel->gets_notifications(NULL)
#1 /home/flasheep/codeigniter/system/CodeIgniter.php(824): App\Controllers\Edx_ajax->show_notifications()
#2 /home/flasheep/codeigniter/system/CodeIgniter.php(410): CodeIgniter\CodeIgniter->runController(Object(App\Controllers\Edx_ajax))
#3 /home/flasheep/codeigniter/system/CodeIgniter.php(318): CodeIgniter\CodeIgniter->handleRequest(NULL, Object(Config\Cache), false)
#4 /home/flasheep/public_html/index.php(37): CodeIgniter\CodeIgniter->run()
#5 {main}
CRITICAL - 2023-03-24 10:48:07 --> Invalid argument supplied for foreach()
#0 /home/flasheep/codeigniter/app/Controllers/Edx_ajax.php(566): CodeIgniter\Debug\Exceptions->errorHandler(2, 'Invalid argumen...', '/home/flasheep/...', 566, Array)
#1 /home/flasheep/codeigniter/system/CodeIgniter.php(824): App\Controllers\Edx_ajax->update_notify()
#2 /home/flasheep/codeigniter/system/CodeIgniter.php(410): CodeIgniter\CodeIgniter->runController(Object(App\Controllers\Edx_ajax))
#3 /home/flasheep/codeigniter/system/CodeIgniter.php(318): CodeIgniter\CodeIgniter->handleRequest(NULL, Object(Config\Cache), false)
#4 /home/flasheep/public_html/index.php(37): CodeIgniter\CodeIgniter->run()
#5 {main}
CRITICAL - 2023-03-24 11:37:12 --> finfo_file(/home/flasheep/codeigniter/writable/uploads/75.jpg): failed to open stream: No such file or directory
#0 [internal function]: CodeIgniter\Debug\Exceptions->errorHandler(2, 'finfo_file(/hom...', '/home/flasheep/...', 109, Array)
#1 /home/flasheep/codeigniter/system/Files/File.php(109): finfo_file(Resource id #147, '/home/flasheep/...')
#2 /home/flasheep/codeigniter/app/Controllers/Library.php(67): CodeIgniter\Files\File->getMimeType()
#3 /home/flasheep/codeigniter/system/CodeIgniter.php(824): App\Controllers\Library->image(75)
#4 /home/flasheep/codeigniter/system/CodeIgniter.php(410): CodeIgniter\CodeIgniter->runController(Object(App\Controllers\Library))
#5 /home/flasheep/codeigniter/system/CodeIgniter.php(318): CodeIgniter\CodeIgniter->handleRequest(NULL, Object(Config\Cache), false)
#6 /home/flasheep/public_html/index.php(37): CodeIgniter\CodeIgniter->run()
#7 {main}
ERROR - 2023-03-24 16:05:27 --> You have an error in your SQL syntax; check the manual that corresponds to your MySQL server version for the right syntax to use near 'ORDER BY log_type ASC' at line 1
CRITICAL - 2023-03-24 16:05:27 --> Call to a member function getResult() on bool
#0 /home/flasheep/codeigniter/app/Controllers/Edx_ajax.php(416): App\Models\FeedsSystemModel->gets_notifications(NULL)
#1 /home/flasheep/codeigniter/system/CodeIgniter.php(824): App\Controllers\Edx_ajax->show_notifications()
#2 /home/flasheep/codeigniter/system/CodeIgniter.php(410): CodeIgniter\CodeIgniter->runController(Object(App\Controllers\Edx_ajax))
#3 /home/flasheep/codeigniter/system/CodeIgniter.php(318): CodeIgniter\CodeIgniter->handleRequest(NULL, Object(Config\Cache), false)
#4 /home/flasheep/public_html/index.php(37): CodeIgniter\CodeIgniter->run()
#5 {main}
CRITICAL - 2023-03-24 16:05:27 --> Invalid argument supplied for foreach()
#0 /home/flasheep/codeigniter/app/Controllers/Edx_ajax.php(566): CodeIgniter\Debug\Exceptions->errorHandler(2, 'Invalid argumen...', '/home/flasheep/...', 566, Array)
#1 /home/flasheep/codeigniter/system/CodeIgniter.php(824): App\Controllers\Edx_ajax->update_notify()
#2 /home/flasheep/codeigniter/system/CodeIgniter.php(410): CodeIgniter\CodeIgniter->runController(Object(App\Controllers\Edx_ajax))
#3 /home/flasheep/codeigniter/system/CodeIgniter.php(318): CodeIgniter\CodeIgniter->handleRequest(NULL, Object(Config\Cache), false)
#4 /home/flasheep/public_html/index.php(37): CodeIgniter\CodeIgniter->run()
#5 {main}
ERROR - 2023-03-24 16:06:31 --> You have an error in your SQL syntax; check the manual that corresponds to your MySQL server version for the right syntax to use near 'ORDER BY log_type ASC' at line 1
CRITICAL - 2023-03-24 16:06:31 --> Call to a member function getResult() on bool
#0 /home/flasheep/codeigniter/app/Controllers/Edx_ajax.php(416): App\Models\FeedsSystemModel->gets_notifications(NULL)
#1 /home/flasheep/codeigniter/system/CodeIgniter.php(824): App\Controllers\Edx_ajax->show_notifications()
#2 /home/flasheep/codeigniter/system/CodeIgniter.php(410): CodeIgniter\CodeIgniter->runController(Object(App\Controllers\Edx_ajax))
#3 /home/flasheep/codeigniter/system/CodeIgniter.php(318): CodeIgniter\CodeIgniter->handleRequest(NULL, Object(Config\Cache), false)
#4 /home/flasheep/public_html/index.php(37): CodeIgniter\CodeIgniter->run()
#5 {main}
CRITICAL - 2023-03-24 16:06:31 --> Invalid argument supplied for foreach()
#0 /home/flasheep/codeigniter/app/Controllers/Edx_ajax.php(566): CodeIgniter\Debug\Exceptions->errorHandler(2, 'Invalid argumen...', '/home/flasheep/...', 566, Array)
#1 /home/flasheep/codeigniter/system/CodeIgniter.php(824): App\Controllers\Edx_ajax->update_notify()
#2 /home/flasheep/codeigniter/system/CodeIgniter.php(410): CodeIgniter\CodeIgniter->runController(Object(App\Controllers\Edx_ajax))
#3 /home/flasheep/codeigniter/system/CodeIgniter.php(318): CodeIgniter\CodeIgniter->handleRequest(NULL, Object(Config\Cache), false)
#4 /home/flasheep/public_html/index.php(37): CodeIgniter\CodeIgniter->run()
#5 {main}
ERROR - 2023-03-24 16:18:53 --> You have an error in your SQL syntax; check the manual that corresponds to your MySQL server version for the right syntax to use near ')
            ORDER BY fe.mddate DESC
            LIMIT 10' at line 7
CRITICAL - 2023-03-24 16:18:53 --> Call to a member function getResult() on bool
#0 /home/flasheep/codeigniter/app/Controllers/Edx_ajax.php(430): App\Models\FeedsSystemModel->getNotification(NULL, false)
#1 /home/flasheep/codeigniter/system/CodeIgniter.php(824): App\Controllers\Edx_ajax->show_notifications()
#2 /home/flasheep/codeigniter/system/CodeIgniter.php(410): CodeIgniter\CodeIgniter->runController(Object(App\Controllers\Edx_ajax))
#3 /home/flasheep/codeigniter/system/CodeIgniter.php(318): CodeIgniter\CodeIgniter->handleRequest(NULL, Object(Config\Cache), false)
#4 /home/flasheep/public_html/index.php(37): CodeIgniter\CodeIgniter->run()
#5 {main}
CRITICAL - 2023-03-24 16:18:56 --> Invalid argument supplied for foreach()
#0 /home/flasheep/codeigniter/app/Controllers/Edx_ajax.php(566): CodeIgniter\Debug\Exceptions->errorHandler(2, 'Invalid argumen...', '/home/flasheep/...', 566, Array)
#1 /home/flasheep/codeigniter/system/CodeIgniter.php(824): App\Controllers\Edx_ajax->update_notify()
#2 /home/flasheep/codeigniter/system/CodeIgniter.php(410): CodeIgniter\CodeIgniter->runController(Object(App\Controllers\Edx_ajax))
#3 /home/flasheep/codeigniter/system/CodeIgniter.php(318): CodeIgniter\CodeIgniter->handleRequest(NULL, Object(Config\Cache), false)
#4 /home/flasheep/public_html/index.php(37): CodeIgniter\CodeIgniter->run()
#5 {main}
ERROR - 2023-03-24 23:32:21 --> You have an error in your SQL syntax; check the manual that corresponds to your MySQL server version for the right syntax to use near 'ORDER BY log_type ASC' at line 1
CRITICAL - 2023-03-24 23:32:21 --> Call to a member function getResult() on bool
#0 /home/flasheep/codeigniter/app/Controllers/Edx_ajax.php(416): App\Models\FeedsSystemModel->gets_notifications(NULL)
#1 /home/flasheep/codeigniter/system/CodeIgniter.php(824): App\Controllers\Edx_ajax->show_notifications()
#2 /home/flasheep/codeigniter/system/CodeIgniter.php(410): CodeIgniter\CodeIgniter->runController(Object(App\Controllers\Edx_ajax))
#3 /home/flasheep/codeigniter/system/CodeIgniter.php(318): CodeIgniter\CodeIgniter->handleRequest(NULL, Object(Config\Cache), false)
#4 /home/flasheep/public_html/index.php(37): CodeIgniter\CodeIgniter->run()
#5 {main}
CRITICAL - 2023-03-24 23:32:21 --> Invalid argument supplied for foreach()
#0 /home/flasheep/codeigniter/app/Controllers/Edx_ajax.php(566): CodeIgniter\Debug\Exceptions->errorHandler(2, 'Invalid argumen...', '/home/flasheep/...', 566, Array)
#1 /home/flasheep/codeigniter/system/CodeIgniter.php(824): App\Controllers\Edx_ajax->update_notify()
#2 /home/flasheep/codeigniter/system/CodeIgniter.php(410): CodeIgniter\CodeIgniter->runController(Object(App\Controllers\Edx_ajax))
#3 /home/flasheep/codeigniter/system/CodeIgniter.php(318): CodeIgniter\CodeIgniter->handleRequest(NULL, Object(Config\Cache), false)
#4 /home/flasheep/public_html/index.php(37): CodeIgniter\CodeIgniter->run()
#5 {main}
ERROR - 2023-03-24 23:33:57 --> You have an error in your SQL syntax; check the manual that corresponds to your MySQL server version for the right syntax to use near 'ORDER BY log_type ASC' at line 1
CRITICAL - 2023-03-24 23:33:57 --> Call to a member function getResult() on bool
#0 /home/flasheep/codeigniter/app/Controllers/Edx_ajax.php(416): App\Models\FeedsSystemModel->gets_notifications(NULL)
#1 /home/flasheep/codeigniter/system/CodeIgniter.php(824): App\Controllers\Edx_ajax->show_notifications()
#2 /home/flasheep/codeigniter/system/CodeIgniter.php(410): CodeIgniter\CodeIgniter->runController(Object(App\Controllers\Edx_ajax))
#3 /home/flasheep/codeigniter/system/CodeIgniter.php(318): CodeIgniter\CodeIgniter->handleRequest(NULL, Object(Config\Cache), false)
#4 /home/flasheep/public_html/index.php(37): CodeIgniter\CodeIgniter->run()
#5 {main}
CRITICAL - 2023-03-24 23:33:57 --> Invalid argument supplied for foreach()
#0 /home/flasheep/codeigniter/app/Controllers/Edx_ajax.php(566): CodeIgniter\Debug\Exceptions->errorHandler(2, 'Invalid argumen...', '/home/flasheep/...', 566, Array)
#1 /home/flasheep/codeigniter/system/CodeIgniter.php(824): App\Controllers\Edx_ajax->update_notify()
#2 /home/flasheep/codeigniter/system/CodeIgniter.php(410): CodeIgniter\CodeIgniter->runController(Object(App\Controllers\Edx_ajax))
#3 /home/flasheep/codeigniter/system/CodeIgniter.php(318): CodeIgniter\CodeIgniter->handleRequest(NULL, Object(Config\Cache), false)
#4 /home/flasheep/public_html/index.php(37): CodeIgniter\CodeIgniter->run()
#5 {main}
