CRITICAL - 2022-07-07 07:47:58 --> Argument 1 passed to App\Controllers\Script::getPathInformation() must be of the type string, null given, called in /home/flasheep/codeigniter/app/Controllers/Script.php on line 147
#0 /home/flasheep/codeigniter/app/Controllers/Script.php(147): App\Controllers\Script->getPathInformation(NULL)
#1 /home/flasheep/codeigniter/system/CodeIgniter.php(824): App\Controllers\Script->run()
#2 /home/flasheep/codeigniter/system/CodeIgniter.php(410): CodeIgniter\CodeIgniter->runController(Object(App\Controllers\Script))
#3 /home/flasheep/codeigniter/system/CodeIgniter.php(318): CodeIgniter\CodeIgniter->handleRequest(NULL, Object(Config\Cache), false)
#4 /home/flasheep/public_html/index.php(37): CodeIgniter\CodeIgniter->run()
#5 {main}
ERROR - 2022-07-07 10:00:26 --> Error connecting to the database: No such file or directory
CRITICAL - 2022-07-07 10:00:26 --> Unable to connect to the database.
Main connection [MySQLi]: No such file or directory
#0 /home/flasheep/codeigniter/system/Database/BaseConnection.php(577): CodeIgniter\Database\BaseConnection->initialize()
#1 /home/flasheep/codeigniter/system/Database/BaseBuilder.php(1443): CodeIgniter\Database\BaseConnection->query('SELECT *\nFROM `...', Array, false)
#2 /home/flasheep/codeigniter/system/Model.php(183): CodeIgniter\Database\BaseBuilder->get()
#3 /home/flasheep/codeigniter/system/BaseModel.php(584): CodeIgniter\Model->doFindAll(0, 0)
#4 /home/flasheep/codeigniter/app/Models/ConfigModel.php(40): CodeIgniter\BaseModel->findAll()
#5 /home/flasheep/codeigniter/app/Controllers/Home.php(37): App\Models\ConfigModel->getMultipleByName(Array)
#6 /home/flasheep/codeigniter/system/CodeIgniter.php(824): App\Controllers\Home->index()
#7 /home/flasheep/codeigniter/system/CodeIgniter.php(410): CodeIgniter\CodeIgniter->runController(Object(App\Controllers\Home))
#8 /home/flasheep/codeigniter/system/CodeIgniter.php(318): CodeIgniter\CodeIgniter->handleRequest(NULL, Object(Config\Cache), false)
#9 /home/flasheep/public_html/index.php(37): CodeIgniter\CodeIgniter->run()
#10 {main}
