CRITICAL - 2022-02-08 11:30:28 --> Class '\App\Scripts\Nissan_murano_kanzey_millas_93c66' not found
#0 /home2/dgmtools/codeigniter/app/Controllers/Script.php(43): App\Scripts\Script::getScript('scripts/Nissan/...', 'FFFFFF3FFE7FFCF...')
#1 /home2/dgmtools/codeigniter/system/CodeIgniter.php(824): App\Controllers\Script->run()
#2 /home2/dgmtools/codeigniter/system/CodeIgniter.php(410): CodeIgniter\CodeIgniter->runController(Object(App\Controllers\Script))
#3 /home2/dgmtools/codeigniter/system/CodeIgniter.php(318): CodeIgniter\CodeIgniter->handleRequest(NULL, Object(Config\Cache), false)
#4 /home2/dgmtools/public_html/flasheeprom.com/index.php(37): CodeIgniter\CodeIgniter->run()
#5 {main}
CRITICAL - 2022-02-08 11:30:29 --> Class '\App\Scripts\Nissan_murano_kanzey_millas_93c66' not found
#0 /home2/dgmtools/codeigniter/app/Controllers/Script.php(43): App\Scripts\Script::getScript('scripts/Nissan/...', 'FFFFFF3FFE7FFCF...')
#1 /home2/dgmtools/codeigniter/system/CodeIgniter.php(824): App\Controllers\Script->run()
#2 /home2/dgmtools/codeigniter/system/CodeIgniter.php(410): CodeIgniter\CodeIgniter->runController(Object(App\Controllers\Script))
#3 /home2/dgmtools/codeigniter/system/CodeIgniter.php(318): CodeIgniter\CodeIgniter->handleRequest(NULL, Object(Config\Cache), false)
#4 /home2/dgmtools/public_html/flasheeprom.com/index.php(37): CodeIgniter\CodeIgniter->run()
#5 {main}
CRITICAL - 2022-02-08 11:30:31 --> Class '\App\Scripts\Nissan_murano_kanzey_millas_93c66' not found
#0 /home2/dgmtools/codeigniter/app/Controllers/Script.php(43): App\Scripts\Script::getScript('scripts/Nissan/...', 'FFFFFF3FFE7FFCF...')
#1 /home2/dgmtools/codeigniter/system/CodeIgniter.php(824): App\Controllers\Script->run()
#2 /home2/dgmtools/codeigniter/system/CodeIgniter.php(410): CodeIgniter\CodeIgniter->runController(Object(App\Controllers\Script))
#3 /home2/dgmtools/codeigniter/system/CodeIgniter.php(318): CodeIgniter\CodeIgniter->handleRequest(NULL, Object(Config\Cache), false)
#4 /home2/dgmtools/public_html/flasheeprom.com/index.php(37): CodeIgniter\CodeIgniter->run()
#5 {main}
CRITICAL - 2022-02-08 11:30:42 --> Class '\App\Scripts\Nissan_murano_kanzey_millas_93c66' not found
#0 /home2/dgmtools/codeigniter/app/Controllers/Script.php(43): App\Scripts\Script::getScript('scripts/Nissan/...', 'FFFFFF3FFE7FFCF...')
#1 /home2/dgmtools/codeigniter/system/CodeIgniter.php(824): App\Controllers\Script->run()
#2 /home2/dgmtools/codeigniter/system/CodeIgniter.php(410): CodeIgniter\CodeIgniter->runController(Object(App\Controllers\Script))
#3 /home2/dgmtools/codeigniter/system/CodeIgniter.php(318): CodeIgniter\CodeIgniter->handleRequest(NULL, Object(Config\Cache), false)
#4 /home2/dgmtools/public_html/flasheeprom.com/index.php(37): CodeIgniter\CodeIgniter->run()
#5 {main}
CRITICAL - 2022-02-08 11:30:58 --> Class '\App\Scripts\Nissan_murano_kanzey_millas_93c66' not found
#0 /home2/dgmtools/codeigniter/app/Controllers/Script.php(43): App\Scripts\Script::getScript('scripts/Nissan/...', 'FFFFFF3FFE7FFCF...')
#1 /home2/dgmtools/codeigniter/system/CodeIgniter.php(824): App\Controllers\Script->run()
#2 /home2/dgmtools/codeigniter/system/CodeIgniter.php(410): CodeIgniter\CodeIgniter->runController(Object(App\Controllers\Script))
#3 /home2/dgmtools/codeigniter/system/CodeIgniter.php(318): CodeIgniter\CodeIgniter->handleRequest(NULL, Object(Config\Cache), false)
#4 /home2/dgmtools/public_html/flasheeprom.com/index.php(37): CodeIgniter\CodeIgniter->run()
#5 {main}
CRITICAL - 2022-02-08 11:31:03 --> Class '\App\Scripts\Nissan_murano_kanzey_millas_93c66' not found
#0 /home2/dgmtools/codeigniter/app/Controllers/Script.php(43): App\Scripts\Script::getScript('scripts/Nissan/...', 'FFFFFF3FFE7FFCF...')
#1 /home2/dgmtools/codeigniter/system/CodeIgniter.php(824): App\Controllers\Script->run()
#2 /home2/dgmtools/codeigniter/system/CodeIgniter.php(410): CodeIgniter\CodeIgniter->runController(Object(App\Controllers\Script))
#3 /home2/dgmtools/codeigniter/system/CodeIgniter.php(318): CodeIgniter\CodeIgniter->handleRequest(NULL, Object(Config\Cache), false)
#4 /home2/dgmtools/public_html/flasheeprom.com/index.php(37): CodeIgniter\CodeIgniter->run()
#5 {main}
CRITICAL - 2022-02-08 11:31:09 --> Class '\App\Scripts\Nissan_murano_kanzey_millas_93c66' not found
#0 /home2/dgmtools/codeigniter/app/Controllers/Script.php(43): App\Scripts\Script::getScript('scripts/Nissan/...', 'FFFFFF3FFE7FFCF...')
#1 /home2/dgmtools/codeigniter/system/CodeIgniter.php(824): App\Controllers\Script->run()
#2 /home2/dgmtools/codeigniter/system/CodeIgniter.php(410): CodeIgniter\CodeIgniter->runController(Object(App\Controllers\Script))
#3 /home2/dgmtools/codeigniter/system/CodeIgniter.php(318): CodeIgniter\CodeIgniter->handleRequest(NULL, Object(Config\Cache), false)
#4 /home2/dgmtools/public_html/flasheeprom.com/index.php(37): CodeIgniter\CodeIgniter->run()
#5 {main}
CRITICAL - 2022-02-08 11:31:10 --> Class '\App\Scripts\Nissan_murano_kanzey_millas_93c66' not found
#0 /home2/dgmtools/codeigniter/app/Controllers/Script.php(43): App\Scripts\Script::getScript('scripts/Nissan/...', 'FFFFFF3FFE7FFCF...')
#1 /home2/dgmtools/codeigniter/system/CodeIgniter.php(824): App\Controllers\Script->run()
#2 /home2/dgmtools/codeigniter/system/CodeIgniter.php(410): CodeIgniter\CodeIgniter->runController(Object(App\Controllers\Script))
#3 /home2/dgmtools/codeigniter/system/CodeIgniter.php(318): CodeIgniter\CodeIgniter->handleRequest(NULL, Object(Config\Cache), false)
#4 /home2/dgmtools/public_html/flasheeprom.com/index.php(37): CodeIgniter\CodeIgniter->run()
#5 {main}
CRITICAL - 2022-02-08 11:31:10 --> Class '\App\Scripts\Nissan_murano_kanzey_millas_93c66' not found
#0 /home2/dgmtools/codeigniter/app/Controllers/Script.php(43): App\Scripts\Script::getScript('scripts/Nissan/...', 'FFFFFF3FFE7FFCF...')
#1 /home2/dgmtools/codeigniter/system/CodeIgniter.php(824): App\Controllers\Script->run()
#2 /home2/dgmtools/codeigniter/system/CodeIgniter.php(410): CodeIgniter\CodeIgniter->runController(Object(App\Controllers\Script))
#3 /home2/dgmtools/codeigniter/system/CodeIgniter.php(318): CodeIgniter\CodeIgniter->handleRequest(NULL, Object(Config\Cache), false)
#4 /home2/dgmtools/public_html/flasheeprom.com/index.php(37): CodeIgniter\CodeIgniter->run()
#5 {main}
CRITICAL - 2022-02-08 11:36:19 --> Class '\App\Scripts\Nissan_murano_kanzey_millas_93c66' not found
#0 /home2/dgmtools/codeigniter/app/Controllers/Script.php(43): App\Scripts\Script::getScript('scripts/Nissan/...', 'FFFFFF3FFE7FFCF...')
#1 /home2/dgmtools/codeigniter/system/CodeIgniter.php(824): App\Controllers\Script->run()
#2 /home2/dgmtools/codeigniter/system/CodeIgniter.php(410): CodeIgniter\CodeIgniter->runController(Object(App\Controllers\Script))
#3 /home2/dgmtools/codeigniter/system/CodeIgniter.php(318): CodeIgniter\CodeIgniter->handleRequest(NULL, Object(Config\Cache), false)
#4 /home2/dgmtools/public_html/flasheeprom.com/index.php(37): CodeIgniter\CodeIgniter->run()
#5 {main}
CRITICAL - 2022-02-08 11:36:54 --> Class '\App\Scripts\Nissan_murano_kanzey_millas_93c66' not found
#0 /home2/dgmtools/codeigniter/app/Controllers/Script.php(43): App\Scripts\Script::getScript('scripts/Nissan/...', 'FFFFFF3FFE7FFCF...')
#1 /home2/dgmtools/codeigniter/system/CodeIgniter.php(824): App\Controllers\Script->run()
#2 /home2/dgmtools/codeigniter/system/CodeIgniter.php(410): CodeIgniter\CodeIgniter->runController(Object(App\Controllers\Script))
#3 /home2/dgmtools/codeigniter/system/CodeIgniter.php(318): CodeIgniter\CodeIgniter->handleRequest(NULL, Object(Config\Cache), false)
#4 /home2/dgmtools/public_html/flasheeprom.com/index.php(37): CodeIgniter\CodeIgniter->run()
#5 {main}
CRITICAL - 2022-02-08 11:36:59 --> Class '\App\Scripts\Nissan_murano_kanzey_millas_93c66' not found
#0 /home2/dgmtools/codeigniter/app/Controllers/Script.php(43): App\Scripts\Script::getScript('scripts/Nissan/...', 'FFFFFF3FFE7FFCF...')
#1 /home2/dgmtools/codeigniter/system/CodeIgniter.php(824): App\Controllers\Script->run()
#2 /home2/dgmtools/codeigniter/system/CodeIgniter.php(410): CodeIgniter\CodeIgniter->runController(Object(App\Controllers\Script))
#3 /home2/dgmtools/codeigniter/system/CodeIgniter.php(318): CodeIgniter\CodeIgniter->handleRequest(NULL, Object(Config\Cache), false)
#4 /home2/dgmtools/public_html/flasheeprom.com/index.php(37): CodeIgniter\CodeIgniter->run()
#5 {main}
CRITICAL - 2022-02-08 11:37:00 --> Class '\App\Scripts\Nissan_murano_kanzey_millas_93c66' not found
#0 /home2/dgmtools/codeigniter/app/Controllers/Script.php(43): App\Scripts\Script::getScript('scripts/Nissan/...', 'FFFFFF3FFE7FFCF...')
#1 /home2/dgmtools/codeigniter/system/CodeIgniter.php(824): App\Controllers\Script->run()
#2 /home2/dgmtools/codeigniter/system/CodeIgniter.php(410): CodeIgniter\CodeIgniter->runController(Object(App\Controllers\Script))
#3 /home2/dgmtools/codeigniter/system/CodeIgniter.php(318): CodeIgniter\CodeIgniter->handleRequest(NULL, Object(Config\Cache), false)
#4 /home2/dgmtools/public_html/flasheeprom.com/index.php(37): CodeIgniter\CodeIgniter->run()
#5 {main}
CRITICAL - 2022-02-08 11:37:07 --> Class '\App\Scripts\Nissan_murano_kanzey_millas_93c66' not found
#0 /home2/dgmtools/codeigniter/app/Controllers/Script.php(43): App\Scripts\Script::getScript('scripts/Nissan/...', 'FFFFFF3FFE7FFCF...')
#1 /home2/dgmtools/codeigniter/system/CodeIgniter.php(824): App\Controllers\Script->run()
#2 /home2/dgmtools/codeigniter/system/CodeIgniter.php(410): CodeIgniter\CodeIgniter->runController(Object(App\Controllers\Script))
#3 /home2/dgmtools/codeigniter/system/CodeIgniter.php(318): CodeIgniter\CodeIgniter->handleRequest(NULL, Object(Config\Cache), false)
#4 /home2/dgmtools/public_html/flasheeprom.com/index.php(37): CodeIgniter\CodeIgniter->run()
#5 {main}
CRITICAL - 2022-02-08 11:37:10 --> Class '\App\Scripts\Nissan_murano_kanzey_millas_93c66' not found
#0 /home2/dgmtools/codeigniter/app/Controllers/Script.php(43): App\Scripts\Script::getScript('scripts/Nissan/...', 'FFFFFF3FFE7FFCF...')
#1 /home2/dgmtools/codeigniter/system/CodeIgniter.php(824): App\Controllers\Script->run()
#2 /home2/dgmtools/codeigniter/system/CodeIgniter.php(410): CodeIgniter\CodeIgniter->runController(Object(App\Controllers\Script))
#3 /home2/dgmtools/codeigniter/system/CodeIgniter.php(318): CodeIgniter\CodeIgniter->handleRequest(NULL, Object(Config\Cache), false)
#4 /home2/dgmtools/public_html/flasheeprom.com/index.php(37): CodeIgniter\CodeIgniter->run()
#5 {main}
CRITICAL - 2022-02-08 11:37:15 --> Class '\App\Scripts\Nissan_murano_kanzey_millas_93c66' not found
#0 /home2/dgmtools/codeigniter/app/Controllers/Script.php(43): App\Scripts\Script::getScript('scripts/Nissan/...', 'FFFFFF3FFE7FFCF...')
#1 /home2/dgmtools/codeigniter/system/CodeIgniter.php(824): App\Controllers\Script->run()
#2 /home2/dgmtools/codeigniter/system/CodeIgniter.php(410): CodeIgniter\CodeIgniter->runController(Object(App\Controllers\Script))
#3 /home2/dgmtools/codeigniter/system/CodeIgniter.php(318): CodeIgniter\CodeIgniter->handleRequest(NULL, Object(Config\Cache), false)
#4 /home2/dgmtools/public_html/flasheeprom.com/index.php(37): CodeIgniter\CodeIgniter->run()
#5 {main}
CRITICAL - 2022-02-08 11:37:17 --> Class '\App\Scripts\Nissan_murano_kanzey_millas_93c66' not found
#0 /home2/dgmtools/codeigniter/app/Controllers/Script.php(43): App\Scripts\Script::getScript('scripts/Nissan/...', 'FFFFFF3FFE7FFCF...')
#1 /home2/dgmtools/codeigniter/system/CodeIgniter.php(824): App\Controllers\Script->run()
#2 /home2/dgmtools/codeigniter/system/CodeIgniter.php(410): CodeIgniter\CodeIgniter->runController(Object(App\Controllers\Script))
#3 /home2/dgmtools/codeigniter/system/CodeIgniter.php(318): CodeIgniter\CodeIgniter->handleRequest(NULL, Object(Config\Cache), false)
#4 /home2/dgmtools/public_html/flasheeprom.com/index.php(37): CodeIgniter\CodeIgniter->run()
#5 {main}
CRITICAL - 2022-02-08 11:37:20 --> Class '\App\Scripts\Nissan_murano_kanzey_millas_93c66' not found
#0 /home2/dgmtools/codeigniter/app/Controllers/Script.php(43): App\Scripts\Script::getScript('scripts/Nissan/...', 'FFFFFF3FFE7FFCF...')
#1 /home2/dgmtools/codeigniter/system/CodeIgniter.php(824): App\Controllers\Script->run()
#2 /home2/dgmtools/codeigniter/system/CodeIgniter.php(410): CodeIgniter\CodeIgniter->runController(Object(App\Controllers\Script))
#3 /home2/dgmtools/codeigniter/system/CodeIgniter.php(318): CodeIgniter\CodeIgniter->handleRequest(NULL, Object(Config\Cache), false)
#4 /home2/dgmtools/public_html/flasheeprom.com/index.php(37): CodeIgniter\CodeIgniter->run()
#5 {main}
CRITICAL - 2022-02-08 11:37:21 --> Class '\App\Scripts\Nissan_murano_kanzey_millas_93c66' not found
#0 /home2/dgmtools/codeigniter/app/Controllers/Script.php(43): App\Scripts\Script::getScript('scripts/Nissan/...', 'FFFFFF3FFE7FFCF...')
#1 /home2/dgmtools/codeigniter/system/CodeIgniter.php(824): App\Controllers\Script->run()
#2 /home2/dgmtools/codeigniter/system/CodeIgniter.php(410): CodeIgniter\CodeIgniter->runController(Object(App\Controllers\Script))
#3 /home2/dgmtools/codeigniter/system/CodeIgniter.php(318): CodeIgniter\CodeIgniter->handleRequest(NULL, Object(Config\Cache), false)
#4 /home2/dgmtools/public_html/flasheeprom.com/index.php(37): CodeIgniter\CodeIgniter->run()
#5 {main}
CRITICAL - 2022-02-08 19:30:40 --> syntax error, unexpected ','
#0 /home2/dgmtools/codeigniter/app/Controllers/Script.php(43): App\Scripts\Script::getScript('scripts/Acura/A...', '')
#1 /home2/dgmtools/codeigniter/system/CodeIgniter.php(824): App\Controllers\Script->run()
#2 /home2/dgmtools/codeigniter/system/CodeIgniter.php(410): CodeIgniter\CodeIgniter->runController(Object(App\Controllers\Script))
#3 /home2/dgmtools/codeigniter/system/CodeIgniter.php(318): CodeIgniter\CodeIgniter->handleRequest(NULL, Object(Config\Cache), false)
#4 /home2/dgmtools/public_html/flasheeprom.com/index.php(37): CodeIgniter\CodeIgniter->run()
#5 {main}
