CRITICAL - 2023-05-19 20:21:01 --> [string ""]:19: attempt to call global 'print' (a nil value)
#0 /home/flasheep/codeigniter/app/Scripts/LuaScript.php(160): LuaSandboxFunction->call()
#1 /home/flasheep/codeigniter/app/Scripts/LuaScript.php(28): App\Scripts\LuaScript->runCode('\nfunction xor (...')
#2 /home/flasheep/codeigniter/app/Controllers/Developer.php(668): App\Scripts\LuaScript->getResult()
#3 /home/flasheep/codeigniter/system/CodeIgniter.php(824): App\Controllers\Developer->run()
#4 /home/flasheep/codeigniter/system/CodeIgniter.php(410): CodeIgniter\CodeIgniter->runController(Object(App\Controllers\Developer))
#5 /home/flasheep/codeigniter/system/CodeIgniter.php(318): CodeIgniter\CodeIgniter->handleRequest(NULL, Object(Config\Cache), false)
#6 /home/flasheep/public_html/index.php(37): CodeIgniter\CodeIgniter->run()
#7 {main}
CRITICAL - 2023-05-19 20:22:56 --> Argument 3 passed to App\Scripts\LuaScript::App\Scripts\{closure}() must be of the type int, null given
#0 [internal function]: App\Scripts\LuaScript->App\Scripts\{closure}(0, 0, NULL, 2)
#1 /home/flasheep/codeigniter/app/Scripts/LuaScript.php(160): LuaSandboxFunction->call()
#2 /home/flasheep/codeigniter/app/Scripts/LuaScript.php(47): App\Scripts\LuaScript->runCode('local value = 5...')
#3 /home/flasheep/codeigniter/app/Controllers/Developer.php(666): App\Scripts\LuaScript->calculate(5)
#4 /home/flasheep/codeigniter/system/CodeIgniter.php(824): App\Controllers\Developer->run()
#5 /home/flasheep/codeigniter/system/CodeIgniter.php(410): CodeIgniter\CodeIgniter->runController(Object(App\Controllers\Developer))
#6 /home/flasheep/codeigniter/system/CodeIgniter.php(318): CodeIgniter\CodeIgniter->handleRequest(NULL, Object(Config\Cache), false)
#7 /home/flasheep/public_html/index.php(37): CodeIgniter\CodeIgniter->run()
#8 {main}
CRITICAL - 2023-05-19 22:54:49 --> finfo_file(/home/flasheep/codeigniter/writable/uploads/74.jpg): failed to open stream: No such file or directory
#0 [internal function]: CodeIgniter\Debug\Exceptions->errorHandler(2, 'finfo_file(/hom...', '/home/flasheep/...', 109, Array)
#1 /home/flasheep/codeigniter/system/Files/File.php(109): finfo_file(Resource id #147, '/home/flasheep/...')
#2 /home/flasheep/codeigniter/app/Controllers/Library.php(67): CodeIgniter\Files\File->getMimeType()
#3 /home/flasheep/codeigniter/system/CodeIgniter.php(824): App\Controllers\Library->image(74)
#4 /home/flasheep/codeigniter/system/CodeIgniter.php(410): CodeIgniter\CodeIgniter->runController(Object(App\Controllers\Library))
#5 /home/flasheep/codeigniter/system/CodeIgniter.php(318): CodeIgniter\CodeIgniter->handleRequest(NULL, Object(Config\Cache), false)
#6 /home/flasheep/public_html/index.php(37): CodeIgniter\CodeIgniter->run()
#7 {main}
